# JRE version: Java(TM) SE Runtime Environment (17.0.12+8) (build 17.0.12+8-LTS-286)
# Java VM: Java HotSpot(TM) 64-Bit Server VM (17.0.12+8-LTS-286, mixed mode, sharing, tiered, compressed oops, compressed class ptrs, g1 gc, windows-amd64)
GC Precious Log:
 CPUs: 4 total, 4 available
 Memory: 6030M
 Large Page Support: Disabled
 NUMA Support: Disabled
 Compressed Oops: Enabled (32-bit)
 Heap Region Size: 1M
 Heap Min Capacity: 8M
 Heap Initial Capacity: 96M
 Heap Max Capacity: 1508M
 Pre-touch: Disabled
 Parallel Workers: 4
 Concurrent Workers: 1
 Concurrent Refinement Workers: 4
 Periodic GC: Disabled
Heap:
 garbage-first heap   total 102400K, used 36597K [0x00000000a1c00000, 0x0000000100000000)
  region size 1024K, 17 young (17408K), 8 survivors (8192K)
 Metaspace       used 37484K, committed 37952K, reserved 1114112K
  class space    used 4426K, committed 4672K, reserved 1048576K
GC Heap History (20 events):
Event: 5.949 GC heap before
{Heap before GC invocations=2 (full 0):
 garbage-first heap   total 98304K, used 30116K [0x00000000a1c00000, 0x0000000100000000)
  region size 1024K, 16 young (16384K), 2 survivors (2048K)
 Metaspace       used 8242K, committed 8576K, reserved 1114112K
  class space    used 912K, committed 1088K, reserved 1048576K
}
Event: 5.960 GC heap after
{Heap after GC invocations=3 (full 0):
 garbage-first heap   total 98304K, used 18164K [0x00000000a1c00000, 0x0000000100000000)
  region size 1024K, 2 young (2048K), 2 survivors (2048K)
 Metaspace       used 8242K, committed 8576K, reserved 1114112K
  class space    used 912K, committed 1088K, reserved 1048576K
}
Event: 6.887 GC heap before
{Heap before GC invocations=3 (full 0):
 garbage-first heap   total 98304K, used 28404K [0x00000000a1c00000, 0x0000000100000000)
  region size 1024K, 14 young (14336K), 2 survivors (2048K)
 Metaspace       used 10696K, committed 10944K, reserved 1114112K
  class space    used 1200K, committed 1344K, reserved 1048576K
}
Event: 6.917 GC heap after
{Heap after GC invocations=4 (full 1):
 garbage-first heap   total 61440K, used 17632K [0x00000000a1c00000, 0x0000000100000000)
  region size 1024K, 0 young (0K), 0 survivors (0K)
 Metaspace       used 10694K, committed 10944K, reserved 1114112K
  class space    used 1199K, committed 1344K, reserved 1048576K
}
Event: 7.953 GC heap before
{Heap before GC invocations=4 (full 1):
 garbage-first heap   total 61440K, used 30944K [0x00000000a1c00000, 0x0000000100000000)
  region size 1024K, 14 young (14336K), 0 survivors (0K)
 Metaspace       used 14015K, committed 14272K, reserved 1114112K
  class space    used 1567K, committed 1664K, reserved 1048576K
}
Event: 7.956 GC heap after
{Heap after GC invocations=5 (full 1):
 garbage-first heap   total 61440K, used 18283K [0x00000000a1c00000, 0x0000000100000000)
  region size 1024K, 1 young (1024K), 1 survivors (1024K)
 Metaspace       used 14015K, committed 14272K, reserved 1114112K
  class space    used 1567K, committed 1664K, reserved 1048576K
}
Event: 9.312 GC heap before
{Heap before GC invocations=5 (full 1):
 garbage-first heap   total 61440K, used 35691K [0x00000000a1c00000, 0x0000000100000000)
  region size 1024K, 18 young (18432K), 1 survivors (1024K)
 Metaspace       used 18422K, committed 18688K, reserved 1114112K
  class space    used 2103K, committed 2240K, reserved 1048576K
}
Event: 9.318 GC heap after
{Heap after GC invocations=6 (full 1):
 garbage-first heap   total 61440K, used 19038K [0x00000000a1c00000, 0x0000000100000000)
  region size 1024K, 2 young (2048K), 2 survivors (2048K)
 Metaspace       used 18422K, committed 18688K, reserved 1114112K
  class space    used 2103K, committed 2240K, reserved 1048576K
}
Event: 10.014 GC heap before
{Heap before GC invocations=6 (full 1):
 garbage-first heap   total 61440K, used 41566K [0x00000000a1c00000, 0x0000000100000000)
  region size 1024K, 24 young (24576K), 2 survivors (2048K)
 Metaspace       used 20751K, committed 21056K, reserved 1114112K
  class space    used 2299K, committed 2432K, reserved 1048576K
}
Event: 10.023 GC heap after
{Heap after GC invocations=7 (full 1):
 garbage-first heap   total 61440K, used 20317K [0x00000000a1c00000, 0x0000000100000000)
  region size 1024K, 3 young (3072K), 3 survivors (3072K)
 Metaspace       used 20751K, committed 21056K, reserved 1114112K
  class space    used 2299K, committed 2432K, reserved 1048576K
}
Event: 10.105 GC heap before
{Heap before GC invocations=7 (full 1):
 garbage-first heap   total 61440K, used 22365K [0x00000000a1c00000, 0x0000000100000000)
  region size 1024K, 6 young (6144K), 3 survivors (3072K)
 Metaspace       used 21237K, committed 21504K, reserved 1114112K
  class space    used 2364K, committed 2496K, reserved 1048576K
}
Event: 10.112 GC heap after
{Heap after GC invocations=8 (full 1):
 garbage-first heap   total 61440K, used 20419K [0x00000000a1c00000, 0x0000000100000000)
  region size 1024K, 2 young (2048K), 2 survivors (2048K)
 Metaspace       used 21237K, committed 21504K, reserved 1114112K
  class space    used 2364K, committed 2496K, reserved 1048576K
}
Event: 10.527 GC heap before
{Heap before GC invocations=9 (full 1):
 garbage-first heap   total 61440K, used 42947K [0x00000000a1c00000, 0x0000000100000000)
  region size 1024K, 25 young (25600K), 2 survivors (2048K)
 Metaspace       used 22396K, committed 22784K, reserved 1114112K
  class space    used 2473K, committed 2688K, reserved 1048576K
}
Event: 10.533 GC heap after
{Heap after GC invocations=10 (full 1):
 garbage-first heap   total 61440K, used 21163K [0x00000000a1c00000, 0x0000000100000000)
  region size 1024K, 3 young (3072K), 3 survivors (3072K)
 Metaspace       used 22396K, committed 22784K, reserved 1114112K
  class space    used 2473K, committed 2688K, reserved 1048576K
}
Event: 10.546 GC heap before
{Heap before GC invocations=10 (full 1):
 garbage-first heap   total 61440K, used 22187K [0x00000000a1c00000, 0x0000000100000000)
  region size 1024K, 4 young (4096K), 3 survivors (3072K)
 Metaspace       used 22420K, committed 22848K, reserved 1114112K
  class space    used 2478K, committed 2688K, reserved 1048576K
}
Event: 10.553 GC heap after
{Heap after GC invocations=11 (full 1):
 garbage-first heap   total 61440K, used 21403K [0x00000000a1c00000, 0x0000000100000000)
  region size 1024K, 1 young (1024K), 1 survivors (1024K)
 Metaspace       used 22420K, committed 22848K, reserved 1114112K
  class space    used 2478K, committed 2688K, reserved 1048576K
}
Event: 12.393 GC heap before
{Heap before GC invocations=11 (full 1):
 garbage-first heap   total 61440K, used 43931K [0x00000000a1c00000, 0x0000000100000000)
  region size 1024K, 24 young (24576K), 1 survivors (1024K)
 Metaspace       used 25018K, committed 25472K, reserved 1114112K
  class space    used 2803K, committed 3008K, reserved 1048576K
}
Event: 12.400 GC heap after
{Heap after GC invocations=12 (full 1):
 garbage-first heap   total 122880K, used 22533K [0x00000000a1c00000, 0x0000000100000000)
  region size 1024K, 2 young (2048K), 2 survivors (2048K)
 Metaspace       used 25018K, committed 25472K, reserved 1114112K
  class space    used 2803K, committed 3008K, reserved 1048576K
}
Event: 20.141 GC heap before
{Heap before GC invocations=12 (full 1):
 garbage-first heap   total 122880K, used 71685K [0x00000000a1c00000, 0x0000000100000000)
  region size 1024K, 51 young (52224K), 2 survivors (2048K)
 Metaspace       used 35623K, committed 36096K, reserved 1114112K
  class space    used 4169K, committed 4416K, reserved 1048576K
}
Event: 20.163 GC heap after
{Heap after GC invocations=13 (full 1):
 garbage-first heap   total 122880K, used 28405K [0x00000000a1c00000, 0x0000000100000000)
  region size 1024K, 8 young (8192K), 8 survivors (8192K)
 Metaspace       used 35623K, committed 36096K, reserved 1114112K
  class space    used 4169K, committed 4416K, reserved 1048576K
}

