

<!DOCTYPE html>
<html>
<head>
<meta charset="utf-8">
<meta name="viewport" content="width=device-width, initial-scale=1, shrink-to-fit=no">
<title>TestHouse - Frameium Framework</title>
<link rel="apple-touch-icon" href="https://cdn.jsdelivr.net/gh/extent-framework/extent-github-cdn@b00a2d0486596e73dd7326beacf352c639623a0e/commons/img/logo.png">
<link rel="shortcut icon" href="https://cdn.jsdelivr.net/gh/extent-framework/extent-github-cdn@b00a2d0486596e73dd7326beacf352c639623a0e/commons/img/logo.png">
<link href="https://cdn.jsdelivr.net/gh/extent-framework/extent-github-cdn@c43b89d03a7c43dae8bb8f0f078bad1997af6b3b/spark/css/spark-style.css" rel="stylesheet" />
<link href="https://stackpath.bootstrapcdn.com/font-awesome/4.7.0/css/font-awesome.min.css" rel="stylesheet">
<script src="https://cdn.rawgit.com/extent-framework/extent-github-cdn/7cc78ce/spark/js/jsontree.js"></script>
<style type="text/css"></style></head><body class="spa bdd-report standard">
  <div class="app">
    <div class="layout">
<div class="header navbar">
<div class="vheader">
<div class="nav-logo">
<a href="#">
<div class="logo" style="background-image: url('https://cdn.jsdelivr.net/gh/extent-framework/extent-github-cdn@b00a2d0486596e73dd7326beacf352c639623a0e/commons/img/logo.png')"></div>
</a>
</div>
<ul class="nav-left">
<li class="search-box">
<a class="search-toggle" href="#">
<i class="search-icon fa fa-search"></i>
<i class="search-icon-close fa fa-close"></i>
</a>
</li>
<li class="search-input"><input id="search-tests" class="form-control" type="text" placeholder="Search..."></li>
</ul>
<ul class="nav-right">
<li class="m-r-10">
<a href="#"><span class="badge badge-primary">
<img src="https://cms.technopark.org/zcmspg/zupload/5363/cmp_detail/15291446981673385006_Testhouse%20Logo%20Transparent%202.png" width="90" height="15" />
         
</span></a>
</li>
<li class="m-r-10">
<a href="#"><span class="badge badge-primary">Feb 12, 2025 01:56:23 PM</span></a>
</li>
</ul>
</div>
</div><div class="side-nav">
<div class="side-nav-inner">
<ul class="side-nav-menu">
<li class="nav-item dropdown" onclick="toggleView('test-view')">
<a id="nav-test" class="dropdown-toggle" href="#">
<span class="ico"><i class="fa fa-list"></i></span>
</a>
</li>
<li class="nav-item dropdown" onclick="toggleView('exception-view')">
<a id="nav-exception" class="dropdown-toggle" href="#">
<span class="ico"><i class="fa fa-bug"></i></span>
</a>
</li>
<li class="nav-item dropdown" onclick="toggleView('category-view')">
<a id="nav-category" class="dropdown-toggle" href="#">
<span class="ico"><i class="fa fa-tag"></i></span>
</a>
</li>
<li class="nav-item dropdown" onclick="toggleView('dashboard-view')">
<a id="nav-dashboard" class="dropdown-toggle" href="#">
<span class="ico"><i class="fa fa-bar-chart"></i></span>
</a>
</li>
</ul>
</div>
</div>      <div class="vcontainer">
        <div class="main-content">
<div class="test-wrapper row view test-view">
  <div class="test-list">
    <div class="test-list-tools">
<ul class="tools pull-left">
<li><a href="#"><span class="font-size-14">Tests</span></a></li>
</ul>
<ul class="tools text-right">
<li class="dropdown">
<a href="#" class="dropdown-toggle" data-toggle="dropdown"><i class="fa fa-exclamation-circle"></i></a>
<ul id="status-toggle" class="dropdown-menu dropdown-md p-v-0">
<a class="dropdown-item" status="fail" href="#"><span>Fail</span><span class="status danger"></span></a>
<div class="dropdown-divider"></div>
<a status="clear" class="dropdown-item" href="#"><span>Clear</span><span class="pull-right"><i class="fa fa-close"></i></span></a>
</ul>
</li>
<li class="dropdown">
<a href="#" class="dropdown-toggle" data-toggle="dropdown"><i class="fa fa-tag"></i></a>
<ul id="tag-toggle" class="dropdown-menu dropdown-md p-v-0">
<a class="dropdown-item" href="#">@firstday1</a>
</ul>
</li>
</ul>
</div>    <div class="test-list-wrapper scrollable">
      <ul class="test-list-item">
        <li class="test-item"  status="fail" test-id="2"
          author=""
          tag=""
          device="">
          <div class="test-detail">
            <p class="name">Deposit</p>
            <p class="text-sm">
              <span>13:56:28 PM</span> / <span>31:59:149</span>
              <span class="badge fail-bg log float-right">Fail</span>
            </p>
          </div>
          <div class="test-contents d-none">
<div class="detail-head">
<div class="p-v-10">
<div class="info">
<h5 class="test-status text-fail">Deposit</h5>
<span class='badge badge-success'>02.12.2025 13:56:28</span>
<span class='badge badge-danger'>02.12.2025 13:58:27</span>
<span class='badge badge-default'>31:59:149</span>
&middot; <span class='uri-anchor badge badge-default'>#test-id=2</span>
</div>
<div class="m-t-10 m-l-5"></div>
</div>
</div>
<div class="accordion mt-4">
  <div class="card">
    <div class="card-header" role="tab">
      <div class="card-title">
        <div class="node" id="3"><span class="badge log fail-bg mr-2">Fail</span>Deposit partial withdrawal</div>
          <div class="status-avatar float-right mr-4">
            <i class="fa fa-paperclip"></i>
          </div>
      </div>
    </div>
        <div class="">
          <div class="card-body">
              <div class="step pass-bg" title="com.frameium.stepdef.Ufs.PaymentTest.closeAllTheOpenedWindows()">
                <span>When close all the other opened windows</span>
      <div>
      </div>
              </div>
              <div class="step pass-bg" title="com.frameium.stepdef.Ufs.PaymentTest.user_opens_url()">
                <span>When User opens the T24 Url</span>
      <div>
          <div class="row mb-3"><div class="col-md-3">
    <img data-featherlight='../Screenshots/embedded1.png' src="../Screenshots/embedded1.png">
    
    </div></div>
</div>
              </div>
              <div class="step pass-bg" title="com.frameium.stepdef.Ufs.PaymentTest.Login_should_be_successful()">
                <span>Then User should be able to login to T24</span>
      <div>
          <div class="row mb-3"><div class="col-md-3">
    <img data-featherlight='../Screenshots/embedded2.png' src="../Screenshots/embedded2.png">
    
    </div></div>
</div>
      <div>
          <div class="row mb-3"><div class="col-md-3">
    <img data-featherlight='../Screenshots/embedded3.png' src="../Screenshots/embedded3.png">
    
    </div></div>
</div>
      <div>
          <div class="row mb-3"><div class="col-md-3">
    <img data-featherlight='../Screenshots/embedded4.png' src="../Screenshots/embedded4.png">
    
    </div></div>
</div>
      <div>
          <div class="row mb-3"><div class="col-md-3">
    <img data-featherlight='../Screenshots/embedded5.png' src="../Screenshots/embedded5.png">
    
    </div></div>
</div>
              </div>
              <div class="step pass-bg" title="com.frameium.stepdef.Ufs.PaymentTest.fill_in_the_commandline()">
                <span>Then The user should be able to fill the commandline</span>
      <div>
      </div>
              </div>
              <div class="step pass-bg" title="com.frameium.stepdef.Ufs.PaymentTest.navigateToFindDepositOption()">
                <span>And navigate to find deposit option for partial wthdrawal</span>
      <div>
      </div>
              </div>
              <div class="step pass-bg" title="com.frameium.stepdef.Ufs.PaymentTest.openTheDeposit()">
                <span>Then open the deposit</span>
      <div>
      </div>
              </div>
              <div class="step pass-bg" title="com.frameium.stepdef.Ufs.PaymentTest.clickOnPartialWithdrawal()">
                <span>And click on Partial withdrawal</span>
      <div>
      </div>
              </div>
              <div class="step pass-bg" title="com.frameium.stepdef.Ufs.PaymentTest.enterThePartialWithdrawalAmount()">
                <span>Then Enter the partial withdrawal amount</span>
      <div>
      </div>
              </div>
              <div class="step pass-bg" title="com.frameium.stepdef.Ufs.PaymentTest.validateButton_Click()">
                <span>Then Click on validate</span>
      <div>
      </div>
              </div>
              <div class="step pass-bg" title="com.frameium.stepdef.Ufs.PaymentTest.commitButtonClick()">
                <span>And Click on commit</span>
      <div>
      </div>
              </div>
              <div class="step pass-bg" title="com.frameium.stepdef.Ufs.PaymentTest.clickOnAcceptOverride()">
                <span>Then click on accept override</span>
      <div>
          <div class="row mb-3"><div class="col-md-3">
    <img data-featherlight='../Screenshots/embedded6.png' src="../Screenshots/embedded6.png">
    
    </div></div>
</div>
              </div>
              <div class="step pass-bg" title="com.frameium.stepdef.Ufs.PaymentTest.verifyWhetherTheTransactionCompleteMessageIsDisplayed()">
                <span>Then Verify whether the transaction complete message is displayed</span>
      <div>
          <div class="row mb-3"><div class="col-md-3">
    <img data-featherlight='../Screenshots/embedded7.png' src="../Screenshots/embedded7.png">
    
    </div></div>
</div>
              </div>
              <div class="step fail-bg" title="com.frameium.stepdef.Ufs.PaymentTest.verifySimulationStatusBecomesCompletedSuccessfully()">
                <span>And verify simulation status becomes Completed - Successfully</span>
      <div>
        <textarea disabled class="code-block">java.lang.NullPointerException: Cannot invoke "org.openqa.selenium.WebElement.getText()" because "Simulationmsg" is null
	at com.frameium.pageobject.UFS.T24homepage.simulationStatus(T24homepage.java:970)
	at com.frameium.stepdef.Ufs.PaymentTest.verifySimulationStatusBecomesCompletedSuccessfully(PaymentTest.java:1306)
	at ✽.verify simulation status becomes Completed - Successfully(file:///D:/frameium/Frameium_allure/src/test/resources/Features/UFS/T24_Deposit.feature:93)
</textarea>
      
      </div>
              </div>
              <div class="step pass-bg" >
                <span>com.frameium.stepdef.Hooks.afterEveryStep(io.cucumber.java.Scenario)</span>
      <div>
          <div class="row mb-3"><div class="col-md-3">
    <img data-featherlight='../Screenshots/embedded8.png' src="../Screenshots/embedded8.png">
    
    </div></div>
</div>
              </div>
              <div class="step skip-bg" title="com.frameium.stepdef.Ufs.PaymentTest.switchBackToMainWindow()">
                <span>Then switch back to main window</span>
      <div>Step skipped
      </div>
              </div>
              <div class="step skip-bg" title="com.frameium.stepdef.Ufs.PaymentTest.fill_in_the_commandline()">
                <span>Then The user should be able to fill the commandline</span>
      <div>Step skipped
      </div>
              </div>
              <div class="step skip-bg" title="com.frameium.stepdef.Ufs.PaymentTest.navigateToFindDepositOption()">
                <span>And navigate to find deposit option for partial wthdrawal</span>
      <div>Step skipped
      </div>
              </div>
              <div class="step skip-bg" title="com.frameium.stepdef.Ufs.PaymentTest.openTheDeposit()">
                <span>Then open the deposit</span>
      <div>Step skipped
      </div>
              </div>
              <div class="step skip-bg" title="com.frameium.stepdef.Ufs.PaymentTest.clickOnTheWithdrawalStatement()">
                <span>And Click on the withdrawal statement</span>
      <div>Step skipped
      </div>
              </div>
              <div class="step skip-bg" title="com.frameium.stepdef.Ufs.PaymentTest.proceedToPartialWithdrawal()">
                <span>Then Proceed to partial withdrawal</span>
      <div>Step skipped
      </div>
              </div>
              <div class="step skip-bg" title="com.frameium.stepdef.Ufs.PaymentTest.validateButton_Click()">
                <span>Then Click on validate</span>
      <div>Step skipped
      </div>
              </div>
              <div class="step skip-bg" title="com.frameium.stepdef.Ufs.PaymentTest.commitButtonClick()">
                <span>And Click on commit</span>
      <div>Step skipped
      </div>
              </div>
              <div class="step skip-bg" title="com.frameium.stepdef.Ufs.PaymentTest.clickOnAcceptOverride()">
                <span>Then click on accept override</span>
      <div>Step skipped
      </div>
              </div>
              <div class="step skip-bg" title="com.frameium.stepdef.Ufs.PaymentTest.verifyWhetherTheTransactionCompleteMessageIsDisplayed()">
                <span>Then Verify whether the transaction complete message is displayed</span>
      <div>Step skipped
      </div>
              </div>
              <div class="step skip-bg" title="com.frameium.stepdef.Ufs.PaymentTest.switchBackToMainWindow()">
                <span>Then switch back to main window</span>
      <div>Step skipped
      </div>
              </div>
              <div class="step skip-bg" title="com.frameium.stepdef.Ufs.PaymentTest.fill_in_the_commandline()">
                <span>Then The user should be able to fill the commandline</span>
      <div>Step skipped
      </div>
              </div>
              <div class="step skip-bg" title="com.frameium.stepdef.Ufs.PaymentTest.generalEnquiriesClick()">
                <span>And The user should be able to click on general enquiries buttom</span>
      <div>Step skipped
      </div>
              </div>
              <div class="step skip-bg" title="com.frameium.stepdef.Ufs.PaymentTest.IB_view_of_Account_Entries_Click()">
                <span>And click on the IB-view of account entries</span>
      <div>Step skipped
      </div>
              </div>
              <div class="step skip-bg" title="com.frameium.stepdef.Ufs.PaymentTest.enterTheAccountNumberOfDepositInTheIBViewOfAccountEntries()">
                <span>Then Enter the account number of deposit in the IB view of account entries</span>
      <div>Step skipped
      </div>
              </div>
              <div class="step skip-bg" title="com.frameium.stepdef.Ufs.PaymentTest.enterTheDateInIbviewFormat()">
                <span>And Enter the date in ibview format</span>
      <div>Step skipped
      </div>
              </div>
              <div class="step skip-bg" title="com.frameium.stepdef.Ufs.PaymentTest.findButtonClick()">
                <span>And click on find button</span>
      <div>Step skipped
      </div>
              </div>
              <div class="step skip-bg" title="com.frameium.stepdef.Ufs.PaymentTest.checkTheNarrativesOfPartialWithdrawal()">
                <span>Then Check the narratives of Partial Withdrawal</span>
      <div>Step skipped
      </div>
              </div>
          </div>
        </div>
  </div>
</div>
          </div>
        </li>
        <li class="test-item"  status="fail" test-id="166"
          author=""
          tag=""
          device="">
          <div class="test-detail">
            <p class="name">Lending operations</p>
            <p class="text-sm">
              <span>13:58:36 PM</span> / <span>36:17:905</span>
              <span class="badge fail-bg log float-right">Fail</span>
            </p>
          </div>
          <div class="test-contents d-none">
<div class="detail-head">
<div class="p-v-10">
<div class="info">
<h5 class="test-status text-fail">Lending operations</h5>
<span class='badge badge-success'>02.12.2025 13:58:36</span>
<span class='badge badge-danger'>02.12.2025 14:04:54</span>
<span class='badge badge-default'>36:17:905</span>
&middot; <span class='uri-anchor badge badge-default'>#test-id=166</span>
</div>
<div class="m-t-10 m-l-5"></div>
</div>
</div>
<div class="accordion mt-4">
  <div class="card">
    <div class="card-header" role="tab">
      <div class="card-title">
        <div class="node" id="167"><span class="badge log fail-bg mr-2">Fail</span>Loan Creation</div>
          <div class="status-avatar float-right mr-4">
            <i class="fa fa-paperclip"></i>
          </div>
      </div>
    </div>
        <div class="">
          <div class="card-body">
              <div class="step pass-bg" title="com.frameium.stepdef.Ufs.PaymentTest.closeAllTheOpenedWindows()">
                <span>When close all the other opened windows</span>
      <div>
      </div>
              </div>
              <div class="step pass-bg" title="com.frameium.stepdef.Ufs.PaymentTest.user_opens_url()">
                <span>When User opens the T24 Url</span>
      <div>
          <div class="row mb-3"><div class="col-md-3">
    <img data-featherlight='../Screenshots/embedded9.png' src="../Screenshots/embedded9.png">
    
    </div></div>
</div>
              </div>
              <div class="step pass-bg" title="com.frameium.stepdef.Ufs.PaymentTest.Login_should_be_successful()">
                <span>Then User should be able to login to T24</span>
      <div>
          <div class="row mb-3"><div class="col-md-3">
    <img data-featherlight='../Screenshots/embedded10.png' src="../Screenshots/embedded10.png">
    
    </div></div>
</div>
      <div>
          <div class="row mb-3"><div class="col-md-3">
    <img data-featherlight='../Screenshots/embedded11.png' src="../Screenshots/embedded11.png">
    
    </div></div>
</div>
      <div>
          <div class="row mb-3"><div class="col-md-3">
    <img data-featherlight='../Screenshots/embedded12.png' src="../Screenshots/embedded12.png">
    
    </div></div>
</div>
      <div>
          <div class="row mb-3"><div class="col-md-3">
    <img data-featherlight='../Screenshots/embedded13.png' src="../Screenshots/embedded13.png">
    
    </div></div>
</div>
              </div>
              <div class="step pass-bg" title="com.frameium.stepdef.Ufs.PaymentTest.fill_in_the_commandline()">
                <span>Then The user should be able to fill the commandline</span>
      <div>
      </div>
              </div>
              <div class="step pass-bg" title="com.frameium.stepdef.Ufs.PaymentTest.navigateToProductCatalog()">
                <span>And Navigate to Product catalog</span>
      <div>
      </div>
              </div>
              <div class="step pass-bg" title="com.frameium.stepdef.Ufs.PaymentTest.clickOnCommercialLoanNewArrangement()">
                <span>Then click on commercial loan New Arrangement</span>
      <div>
      </div>
              </div>
              <div class="step pass-bg" title="com.frameium.stepdef.Ufs.PaymentTest.fillTheCustomerNumberInCustomerField()">
                <span>And fill the customer number in customer field</span>
      <div>
      </div>
              </div>
              <div class="step pass-bg" title="com.frameium.stepdef.Ufs.PaymentTest.validateButton_Click()">
                <span>Then Click on validate</span>
      <div>
      </div>
              </div>
              <div class="step pass-bg" title="com.frameium.stepdef.Ufs.PaymentTest.provideTheLoanInterestDetails()">
                <span>And Provide the loan interest details</span>
      <div>
      </div>
              </div>
              <div class="step pass-bg" title="com.frameium.stepdef.Ufs.PaymentTest.enterTheCommitmentAmountAndTerm()">
                <span>Then enter the commitment amount and term</span>
      <div>
      </div>
              </div>
              <div class="step pass-bg" title="com.frameium.stepdef.Ufs.PaymentTest.selectTheAccountMandateRecord()">
                <span>And Select the account mandate record</span>
      <div>
      </div>
              </div>
              <div class="step pass-bg" title="com.frameium.stepdef.Ufs.PaymentTest.validateButtonLoan_Click()">
                <span>Then Click on validate after entering loan details</span>
      <div>
      </div>
              </div>
              <div class="step pass-bg" title="com.frameium.stepdef.Ufs.PaymentTest.commitButtonClick()">
                <span>And Click on commit</span>
      <div>
      </div>
              </div>
              <div class="step pass-bg" title="com.frameium.stepdef.Ufs.PaymentTest.verifyWhetherTheTransactionCompleteMessageIsDisplayed()">
                <span>Then Verify whether the transaction complete message is displayed</span>
      <div>
          <div class="row mb-3"><div class="col-md-3">
    <img data-featherlight='../Screenshots/embedded14.png' src="../Screenshots/embedded14.png">
    
    </div></div>
</div>
              </div>
              <div class="step pass-bg" title="com.frameium.stepdef.Ufs.PaymentTest.switchBackToMainWindow()">
                <span>And switch back to main window</span>
      <div>
      </div>
              </div>
              <div class="step pass-bg" title="com.frameium.stepdef.Ufs.PaymentTest.signoff()">
                <span>And The User clicks on signoff</span>
      <div>
      </div>
              </div>
              <div class="step pass-bg" title="com.frameium.stepdef.Ufs.PaymentTest.closeAllTheOpenedWindows()">
                <span>When close all the other opened windows</span>
      <div>
      </div>
              </div>
              <div class="step pass-bg" title="com.frameium.stepdef.Ufs.PaymentTest.authorizer_Login_T24()">
                <span>Then Login to authoriser account</span>
      <div>
      </div>
              </div>
              <div class="step fail-bg" title="com.frameium.stepdef.Ufs.PaymentTest.fill_in_the_commandline()">
                <span>Then The user should be able to fill the commandline</span>
      <div>
        <textarea disabled class="code-block">java.lang.RuntimeException: java.lang.NullPointerException: Cannot invoke "org.openqa.selenium.WebElement.clear()" because "T24PageCommand" is null
	at com.frameium.stepdef.Ufs.PaymentTest.fill_in_the_commandline(PaymentTest.java:427)
	at ✽.The user should be able to fill the commandline(file:///D:/frameium/Frameium_allure/src/test/resources/Features/UFS/T24_Loan.feature:24)
Caused by: java.lang.NullPointerException: Cannot invoke "org.openqa.selenium.WebElement.clear()" because "T24PageCommand" is null
	at com.frameium.pageobject.UFS.T24homepage.commandline(T24homepage.java:622)
	at com.frameium.stepdef.Ufs.PaymentTest.fill_in_the_commandline(PaymentTest.java:424)
	at java.base/jdk.internal.reflect.NativeMethodAccessorImpl.invoke0(Native Method)
	at java.base/jdk.internal.reflect.NativeMethodAccessorImpl.invoke(NativeMethodAccessorImpl.java:77)
	at java.base/jdk.internal.reflect.DelegatingMethodAccessorImpl.invoke(DelegatingMethodAccessorImpl.java:43)
	at java.base/java.lang.reflect.Method.invoke(Method.java:568)
	at io.cucumber.java.Invoker.doInvoke(Invoker.java:66)
	at io.cucumber.java.Invoker.invoke(Invoker.java:24)
	at io.cucumber.java.AbstractGlueDefinition.invokeMethod(AbstractGlueDefinition.java:47)
	at io.cucumber.java.JavaStepDefinition.execute(JavaStepDefinition.java:29)
	at io.cucumber.core.runner.CoreStepDefinition.execute(CoreStepDefinition.java:66)
	at io.cucumber.core.runner.PickleStepDefinitionMatch.runStep(PickleStepDefinitionMatch.java:63)
	at io.cucumber.core.runner.ExecutionMode$1.execute(ExecutionMode.java:10)
	at io.cucumber.core.runner.TestStep.executeStep(TestStep.java:92)
	at io.cucumber.core.runner.TestStep.run(TestStep.java:64)
	at io.cucumber.core.runner.PickleStepTestStep.run(PickleStepTestStep.java:51)
	at io.cucumber.core.runner.TestCase.run(TestCase.java:104)
	at io.cucumber.core.runner.Runner.runPickle(Runner.java:73)
	at io.cucumber.testng.TestNGCucumberRunner.lambda$runScenario$0(TestNGCucumberRunner.java:117)
	at io.cucumber.core.runtime.CucumberExecutionContext.runTestCase(CucumberExecutionContext.java:117)
	at io.cucumber.testng.TestNGCucumberRunner.runScenario(TestNGCucumberRunner.java:114)
	at com.frameium.runner.TestRunnerUFSS.runScenario(TestRunnerUFSS.java:73)
	at java.base/jdk.internal.reflect.NativeMethodAccessorImpl.invoke0(Native Method)
	at java.base/jdk.internal.reflect.NativeMethodAccessorImpl.invoke(NativeMethodAccessorImpl.java:77)
	at java.base/jdk.internal.reflect.DelegatingMethodAccessorImpl.invoke(DelegatingMethodAccessorImpl.java:43)
	at java.base/java.lang.reflect.Method.invoke(Method.java:568)
	at org.testng.internal.invokers.MethodInvocationHelper.invokeMethod(MethodInvocationHelper.java:139)
	at org.testng.internal.invokers.TestInvoker.invokeMethod(TestInvoker.java:677)
	at org.testng.internal.invokers.TestInvoker.invokeTestMethod(TestInvoker.java:221)
	at org.testng.internal.invokers.MethodRunner.runInSequence(MethodRunner.java:50)
	at org.testng.internal.invokers.TestInvoker$MethodInvocationAgent.invoke(TestInvoker.java:962)
	at org.testng.internal.invokers.TestInvoker.invokeTestMethods(TestInvoker.java:194)
	at org.testng.internal.invokers.TestMethodWorker.invokeTestMethods(TestMethodWorker.java:148)
	at org.testng.internal.invokers.TestMethodWorker.run(TestMethodWorker.java:128)
	at java.base/java.util.ArrayList.forEach(ArrayList.java:1511)
	at org.testng.TestRunner.privateRun(TestRunner.java:806)
	at org.testng.TestRunner.run(TestRunner.java:601)
	at org.testng.SuiteRunner.runTest(SuiteRunner.java:433)
	at org.testng.SuiteRunner.runSequentially(SuiteRunner.java:427)
	at org.testng.SuiteRunner.privateRun(SuiteRunner.java:387)
	at org.testng.SuiteRunner.run(SuiteRunner.java:330)
	at org.testng.SuiteRunnerWorker.runSuite(SuiteRunnerWorker.java:52)
	at org.testng.SuiteRunnerWorker.run(SuiteRunnerWorker.java:95)
	at org.testng.TestNG.runSuitesSequentially(TestNG.java:1256)
	at org.testng.TestNG.runSuitesLocally(TestNG.java:1176)
	at org.testng.TestNG.runSuites(TestNG.java:1099)
	at org.testng.TestNG.run(TestNG.java:1067)
	at com.intellij.rt.testng.IDEARemoteTestNG.run(IDEARemoteTestNG.java:65)
	at com.intellij.rt.testng.RemoteTestNGStarter.main(RemoteTestNGStarter.java:105)
</textarea>
      
      </div>
              </div>
              <div class="step pass-bg" >
                <span>com.frameium.stepdef.Hooks.afterEveryStep(io.cucumber.java.Scenario)</span>
      <div>
          <div class="row mb-3"><div class="col-md-3">
    <img data-featherlight='../Screenshots/embedded15.png' src="../Screenshots/embedded15.png">
    
    </div></div>
</div>
              </div>
              <div class="step skip-bg" title="com.frameium.stepdef.Ufs.PaymentTest.userShouldBeAbleToNavigateToFindUnauthorisedLoan()">
                <span>And user should be able to navigate to find unauthorised loan</span>
      <div>Step skipped
      </div>
              </div>
              <div class="step skip-bg" title="com.frameium.stepdef.Ufs.PaymentTest.openTheNewlyCreatedLoan()">
                <span>Then open the newly created loan</span>
      <div>Step skipped
      </div>
              </div>
              <div class="step skip-bg" title="com.frameium.stepdef.Ufs.PaymentTest.authoriseTheLoan()">
                <span>And authorise the loan</span>
      <div>Step skipped
      </div>
              </div>
              <div class="step skip-bg" title="com.frameium.stepdef.Ufs.PaymentTest.verifyWhetherTheTransactionCompleteMessageIsDisplayed()">
                <span>Then Verify whether the transaction complete message is displayed</span>
      <div>Step skipped
      </div>
              </div>
              <div class="step skip-bg" title="com.frameium.stepdef.Ufs.PaymentTest.switchBackToMainWindow()">
                <span>And switch back to main window</span>
      <div>Step skipped
      </div>
              </div>
              <div class="step skip-bg" title="com.frameium.stepdef.Ufs.PaymentTest.signoff()">
                <span>And The User clicks on signoff</span>
      <div>Step skipped
      </div>
              </div>
              <div class="step skip-bg" title="com.frameium.stepdef.Ufs.PaymentTest.Login_should_be_successful()">
                <span>Then User should be able to login to T24</span>
      <div>Step skipped
      </div>
              </div>
              <div class="step skip-bg" title="com.frameium.stepdef.Ufs.PaymentTest.fill_in_the_commandline()">
                <span>Then The user should be able to fill the commandline</span>
      <div>Step skipped
      </div>
              </div>
              <div class="step skip-bg" title="com.frameium.stepdef.Ufs.PaymentTest.userShouldBeAbleToNavigateToFindLoan()">
                <span>And user should be able to navigate to find loan</span>
      <div>Step skipped
      </div>
              </div>
              <div class="step skip-bg" title="com.frameium.stepdef.Ufs.PaymentTest.openTheNewlyCreatedLoan()">
                <span>Then open the newly created loan</span>
      <div>Step skipped
      </div>
              </div>
              <div class="step skip-bg" title="com.frameium.stepdef.Ufs.PaymentTest.verifyTheNewlyCreatedLoan()">
                <span>Then verify the newly created loan</span>
      <div>Step skipped
      </div>
              </div>
              <div class="step skip-bg" title="com.frameium.stepdef.Ufs.PaymentTest.switchBackToMainWindow()">
                <span>Then switch back to main window</span>
      <div>Step skipped
      </div>
              </div>
              <div class="step skip-bg" title="com.frameium.stepdef.Ufs.PaymentTest.closeAllTheOpenedWindows()">
                <span>When close all the other opened windows</span>
      <div>Step skipped
      </div>
              </div>
              <div class="step skip-bg" title="com.frameium.stepdef.Ufs.PaymentTest.fill_in_the_commandline()">
                <span>Then The user should be able to fill the commandline</span>
      <div>Step skipped
      </div>
              </div>
              <div class="step skip-bg" title="com.frameium.stepdef.Ufs.PaymentTest.userShouldBeAbleToNavigateToFindLoan()">
                <span>And user should be able to navigate to find loan</span>
      <div>Step skipped
      </div>
              </div>
              <div class="step skip-bg" title="com.frameium.stepdef.Ufs.PaymentTest.openThenewlycreatedLoan()">
                <span>Then open the Newly created loan</span>
      <div>Step skipped
      </div>
              </div>
              <div class="step skip-bg" title="com.frameium.stepdef.Ufs.PaymentTest.clickOnDesbursement()">
                <span>And Click on desbursement</span>
      <div>Step skipped
      </div>
              </div>
              <div class="step skip-bg" title="com.frameium.stepdef.Ufs.PaymentTest.enterTheDesbursementDetailsForLoan()">
                <span>Then Enter the desbursement details for loan</span>
      <div>Step skipped
      </div>
              </div>
              <div class="step skip-bg" title="com.frameium.stepdef.Ufs.PaymentTest.validateButton_Click()">
                <span>Then Click on validate</span>
      <div>Step skipped
      </div>
              </div>
              <div class="step skip-bg" title="com.frameium.stepdef.Ufs.PaymentTest.commitButtonClick()">
                <span>And Click on commit</span>
      <div>Step skipped
      </div>
              </div>
              <div class="step skip-bg" title="com.frameium.stepdef.Ufs.PaymentTest.clickOnAcceptOverride()">
                <span>Then click on accept override</span>
      <div>Step skipped
      </div>
              </div>
              <div class="step skip-bg" title="com.frameium.stepdef.Ufs.PaymentTest.verifyWhetherTheTransactionCompleteMessageIsDisplayed()">
                <span>Then Verify whether the transaction complete message is displayed</span>
      <div>Step skipped
      </div>
              </div>
              <div class="step skip-bg" title="com.frameium.stepdef.Ufs.PaymentTest.switchBackToMainWindow()">
                <span>Then switch back to main window</span>
      <div>Step skipped
      </div>
              </div>
              <div class="step skip-bg" title="com.frameium.stepdef.Ufs.PaymentTest.closeAllTheOpenedWindows()">
                <span>When close all the other opened windows</span>
      <div>Step skipped
      </div>
              </div>
              <div class="step skip-bg" title="com.frameium.stepdef.Ufs.PaymentTest.signoff()">
                <span>And The User clicks on signoff</span>
      <div>Step skipped
      </div>
              </div>
              <div class="step skip-bg" title="com.frameium.stepdef.Ufs.PaymentTest.authorizer_Login_T24()">
                <span>Then Login to authoriser account</span>
      <div>Step skipped
      </div>
              </div>
              <div class="step skip-bg" title="com.frameium.stepdef.Ufs.PaymentTest.fill_in_the_commandline()">
                <span>Then The user should be able to fill the commandline</span>
      <div>Step skipped
      </div>
              </div>
              <div class="step skip-bg" title="com.frameium.stepdef.Ufs.PaymentTest.userShouldBeAbleToNavigateToFindLoan()">
                <span>And user should be able to navigate to find loan</span>
      <div>Step skipped
      </div>
              </div>
              <div class="step skip-bg" title="com.frameium.stepdef.Ufs.PaymentTest.openThenewlycreatedLoan()">
                <span>Then open the Newly created loan</span>
      <div>Step skipped
      </div>
              </div>
              <div class="step skip-bg" title="com.frameium.stepdef.Ufs.PaymentTest.authoriseTheDesbusementForTheLoan()">
                <span>And Authorise the desbusement for the loan</span>
      <div>Step skipped
      </div>
              </div>
              <div class="step skip-bg" title="com.frameium.stepdef.Ufs.PaymentTest.switchBackToMainWindow()">
                <span>Then switch back to main window</span>
      <div>Step skipped
      </div>
              </div>
              <div class="step skip-bg" title="com.frameium.stepdef.Ufs.PaymentTest.fill_in_the_commandline()">
                <span>Then The user should be able to fill the commandline</span>
      <div>Step skipped
      </div>
              </div>
              <div class="step skip-bg" title="com.frameium.stepdef.Ufs.PaymentTest.userShouldBeAbleToNavigateToFindLoan()">
                <span>And user should be able to navigate to find loan</span>
      <div>Step skipped
      </div>
              </div>
              <div class="step skip-bg" title="com.frameium.stepdef.Ufs.PaymentTest.openThenewlycreatedLoan()">
                <span>Then open the Newly created loan</span>
      <div>Step skipped
      </div>
              </div>
              <div class="step skip-bg" title="com.frameium.stepdef.Ufs.PaymentTest.verifyWhetherTheStatusOfTheLoanIsCurrent()">
                <span>Then Verify whether the status of the loan is current</span>
      <div>Step skipped
      </div>
              </div>
          </div>
        </div>
  </div>
  <div class="card">
    <div class="card-header" role="tab">
      <div class="card-title">
        <div class="node" id="445"><span class="badge log fail-bg mr-2">Fail</span>Loan Closure</div>
          <div class="status-avatar float-right mr-4">
            <i class="fa fa-paperclip"></i>
          </div>
      </div>
    </div>
        <div class="">
          <div class="card-body">
              <div class="step pass-bg" title="com.frameium.stepdef.Ufs.PaymentTest.closeAllTheOpenedWindows()">
                <span>When close all the other opened windows</span>
      <div>
      </div>
              </div>
              <div class="step pass-bg" title="com.frameium.stepdef.Ufs.PaymentTest.closeAllTheOpenedWindows()">
                <span>When close all the other opened windows</span>
      <div>
      </div>
              </div>
              <div class="step pass-bg" title="com.frameium.stepdef.Ufs.PaymentTest.user_opens_url()">
                <span>When User opens the T24 Url</span>
      <div>
          <div class="row mb-3"><div class="col-md-3">
    <img data-featherlight='../Screenshots/embedded16.png' src="../Screenshots/embedded16.png">
    
    </div></div>
</div>
              </div>
              <div class="step pass-bg" title="com.frameium.stepdef.Ufs.PaymentTest.Login_should_be_successful()">
                <span>Then User should be able to login to T24</span>
      <div>
          <div class="row mb-3"><div class="col-md-3">
    <img data-featherlight='../Screenshots/embedded17.png' src="../Screenshots/embedded17.png">
    
    </div></div>
</div>
      <div>
          <div class="row mb-3"><div class="col-md-3">
    <img data-featherlight='../Screenshots/embedded18.png' src="../Screenshots/embedded18.png">
    
    </div></div>
</div>
      <div>
          <div class="row mb-3"><div class="col-md-3">
    <img data-featherlight='../Screenshots/embedded19.png' src="../Screenshots/embedded19.png">
    
    </div></div>
</div>
      <div>
          <div class="row mb-3"><div class="col-md-3">
    <img data-featherlight='../Screenshots/embedded20.png' src="../Screenshots/embedded20.png">
    
    </div></div>
</div>
              </div>
              <div class="step pass-bg" title="com.frameium.stepdef.Ufs.PaymentTest.fill_in_the_commandline()">
                <span>Then The user should be able to fill the commandline</span>
      <div>
      </div>
              </div>
              <div class="step fail-bg" title="com.frameium.stepdef.Ufs.PaymentTest.userShouldBeAbleToNavigateToFindLoan()">
                <span>And user should be able to navigate to find loan</span>
      <div>
        <textarea disabled class="code-block">java.lang.NullPointerException: Cannot invoke "org.openqa.selenium.WebElement.click()" because "findLoan" is null
	at com.frameium.pageobject.UFS.T24homepage.findAuthorisedLoan(T24homepage.java:2598)
	at com.frameium.stepdef.Ufs.PaymentTest.userShouldBeAbleToNavigateToFindLoan(PaymentTest.java:1346)
	at ✽.user should be able to navigate to find loan(file:///D:/frameium/Frameium_allure/src/test/resources/Features/UFS/T24_Loan.feature:68)
</textarea>
      
      </div>
              </div>
              <div class="step pass-bg" >
                <span>com.frameium.stepdef.Hooks.afterEveryStep(io.cucumber.java.Scenario)</span>
      <div>
          <div class="row mb-3"><div class="col-md-3">
    <img data-featherlight='../Screenshots/embedded21.png' src="../Screenshots/embedded21.png">
    
    </div></div>
</div>
              </div>
              <div class="step skip-bg" title="com.frameium.stepdef.Ufs.PaymentTest.openTheLoanThatNeedToBeClosed()">
                <span>Then open the loan that need to be closed</span>
      <div>Step skipped
      </div>
              </div>
              <div class="step skip-bg" title="com.frameium.stepdef.Ufs.PaymentTest.clickOnRequestPayoff()">
                <span>And Click on request payoff</span>
      <div>Step skipped
      </div>
              </div>
              <div class="step skip-bg" title="com.frameium.stepdef.Ufs.PaymentTest.fromTheNewlyOpenedWindowSelectTheReasonForLoanClosure()">
                <span>Then from the newly opened window select the reason for loan closure</span>
      <div>Step skipped
      </div>
              </div>
              <div class="step skip-bg" title="com.frameium.stepdef.Ufs.PaymentTest.validateButton_Click()">
                <span>Then Click on validate</span>
      <div>Step skipped
      </div>
              </div>
              <div class="step skip-bg" title="com.frameium.stepdef.Ufs.PaymentTest.commitButtonClick()">
                <span>And Click on commit</span>
      <div>Step skipped
      </div>
              </div>
              <div class="step skip-bg" title="com.frameium.stepdef.Ufs.PaymentTest.clickOnAcceptOverride()">
                <span>Then click on accept override</span>
      <div>Step skipped
      </div>
              </div>
              <div class="step skip-bg" title="com.frameium.stepdef.Ufs.PaymentTest.verifySimulationStatusBecomesExecutedSuccessfully()">
                <span>And verify simulation status becomes Executed - Successfully</span>
      <div>Step skipped
      </div>
              </div>
              <div class="step skip-bg" title="com.frameium.stepdef.Ufs.PaymentTest.switchBackToMainWindow()">
                <span>Then switch back to main window</span>
      <div>Step skipped
      </div>
              </div>
              <div class="step skip-bg" title="com.frameium.stepdef.Ufs.PaymentTest.closeAllTheOpenedWindows()">
                <span>When close all the other opened windows</span>
      <div>Step skipped
      </div>
              </div>
              <div class="step skip-bg" title="com.frameium.stepdef.Ufs.PaymentTest.fill_in_the_commandline()">
                <span>Then The user should be able to fill the commandline</span>
      <div>Step skipped
      </div>
              </div>
              <div class="step skip-bg" title="com.frameium.stepdef.Ufs.PaymentTest.userShouldBeAbleToNavigateToFindLoan()">
                <span>And user should be able to navigate to find loan</span>
      <div>Step skipped
      </div>
              </div>
              <div class="step skip-bg" title="com.frameium.stepdef.Ufs.PaymentTest.openTheLoanThatNeedToBeClosed()">
                <span>Then open the loan that need to be closed</span>
      <div>Step skipped
      </div>
              </div>
              <div class="step skip-bg" title="com.frameium.stepdef.Ufs.PaymentTest.clickOnThePayoffStatementFromOverfiewScreenOfLoan()">
                <span>Then click on the payoff statement from overfiew screen of loan</span>
      <div>Step skipped
      </div>
              </div>
              <div class="step skip-bg" title="com.frameium.stepdef.Ufs.PaymentTest.switchBackToMainWindow()">
                <span>Then switch back to main window</span>
      <div>Step skipped
      </div>
              </div>
              <div class="step skip-bg" title="com.frameium.stepdef.Ufs.PaymentTest.fill_in_the_commandline()">
                <span>Then The user should be able to fill the commandline</span>
      <div>Step skipped
      </div>
              </div>
              <div class="step skip-bg" title="com.frameium.stepdef.Ufs.PaymentTest.userShouldBeAbleToNavigateToFindLoan()">
                <span>And user should be able to navigate to find loan</span>
      <div>Step skipped
      </div>
              </div>
              <div class="step skip-bg" title="com.frameium.stepdef.Ufs.PaymentTest.openTheLoanThatNeedToBeClosed()">
                <span>Then open the loan that need to be closed</span>
      <div>Step skipped
      </div>
              </div>
              <div class="step skip-bg" title="com.frameium.stepdef.Ufs.PaymentTest.clickOnLoanPayoff()">
                <span>And click on loan payoff</span>
      <div>Step skipped
      </div>
              </div>
              <div class="step skip-bg" title="com.frameium.stepdef.Ufs.PaymentTest.enterTheLoanPayoffDetails()">
                <span>Then Enter the loan payoff details</span>
      <div>Step skipped
      </div>
              </div>
              <div class="step skip-bg" title="com.frameium.stepdef.Ufs.PaymentTest.validateButton_Click()">
                <span>Then Click on validate</span>
      <div>Step skipped
      </div>
              </div>
              <div class="step skip-bg" title="com.frameium.stepdef.Ufs.PaymentTest.commitButtonClick()">
                <span>And Click on commit</span>
      <div>Step skipped
      </div>
              </div>
              <div class="step skip-bg" title="com.frameium.stepdef.Ufs.PaymentTest.clickOnAcceptOverride()">
                <span>Then click on accept override</span>
      <div>Step skipped
      </div>
              </div>
              <div class="step skip-bg" title="com.frameium.stepdef.Ufs.PaymentTest.verifyWhetherTheTransactionCompleteMessageIsDisplayed()">
                <span>Then Verify whether the transaction complete message is displayed</span>
      <div>Step skipped
      </div>
              </div>
              <div class="step skip-bg" title="com.frameium.stepdef.Ufs.PaymentTest.switchBackToMainWindow()">
                <span>Then switch back to main window</span>
      <div>Step skipped
      </div>
              </div>
              <div class="step skip-bg" title="com.frameium.stepdef.Ufs.PaymentTest.signoff()">
                <span>And The User clicks on signoff</span>
      <div>Step skipped
      </div>
              </div>
              <div class="step skip-bg" title="com.frameium.stepdef.Ufs.PaymentTest.closeAllTheOpenedWindows()">
                <span>When close all the other opened windows</span>
      <div>Step skipped
      </div>
              </div>
              <div class="step skip-bg" title="com.frameium.stepdef.Ufs.PaymentTest.authorizer_Login_T24()">
                <span>Then Login to authoriser account</span>
      <div>Step skipped
      </div>
              </div>
              <div class="step skip-bg" title="com.frameium.stepdef.Ufs.PaymentTest.fill_in_the_commandline()">
                <span>Then The user should be able to fill the commandline</span>
      <div>Step skipped
      </div>
              </div>
              <div class="step skip-bg" title="com.frameium.stepdef.Ufs.PaymentTest.userShouldBeAbleToNavigateToFindLoan()">
                <span>And user should be able to navigate to find loan</span>
      <div>Step skipped
      </div>
              </div>
              <div class="step skip-bg" title="com.frameium.stepdef.Ufs.PaymentTest.openTheLoanThatNeedToBeClosed()">
                <span>Then open the loan that need to be closed</span>
      <div>Step skipped
      </div>
              </div>
              <div class="step skip-bg" title="com.frameium.stepdef.Ufs.PaymentTest.authoriseLoanpayoff()">
                <span>Then authorise loanpayoff</span>
      <div>Step skipped
      </div>
              </div>
              <div class="step skip-bg" title="com.frameium.stepdef.Ufs.PaymentTest.switchBackToMainWindow()">
                <span>Then switch back to main window</span>
      <div>Step skipped
      </div>
              </div>
              <div class="step skip-bg" title="com.frameium.stepdef.Ufs.PaymentTest.fill_in_the_commandline()">
                <span>Then The user should be able to fill the commandline</span>
      <div>Step skipped
      </div>
              </div>
              <div class="step skip-bg" title="com.frameium.stepdef.Ufs.PaymentTest.userShouldBeAbleToNavigateToFindLoan()">
                <span>And user should be able to navigate to find loan</span>
      <div>Step skipped
      </div>
              </div>
              <div class="step skip-bg" title="com.frameium.stepdef.Ufs.PaymentTest.openTheLoanThatNeedToBeClosed()">
                <span>Then open the loan that need to be closed</span>
      <div>Step skipped
      </div>
              </div>
              <div class="step skip-bg" title="com.frameium.stepdef.Ufs.PaymentTest.verifyWhetherTheLoanStatusIsMovedToPendingClosure()">
                <span>And verify whether the loan status is moved to pending closure</span>
      <div>Step skipped
      </div>
              </div>
          </div>
        </div>
  </div>
</div>
          </div>
        </li>
        <li class="test-item"  status="fail" test-id="663"
          author=""
          tag=""
          device="">
          <div class="test-detail">
            <p class="name">Payment</p>
            <p class="text-sm">
              <span>14:05:05 PM</span> / <span>51:15:311</span>
              <span class="badge fail-bg log float-right">Fail</span>
            </p>
          </div>
          <div class="test-contents d-none">
<div class="detail-head">
<div class="p-v-10">
<div class="info">
<h5 class="test-status text-fail">Payment</h5>
<span class='badge badge-success'>02.12.2025 14:05:05</span>
<span class='badge badge-danger'>02.12.2025 14:26:20</span>
<span class='badge badge-default'>51:15:311</span>
&middot; <span class='uri-anchor badge badge-default'>#test-id=663</span>
</div>
<div class="m-t-10 m-l-5"></div>
</div>
</div>
<div class="accordion mt-4">
  <div class="card">
    <div class="card-header" role="tab">
      <div class="card-title">
        <div class="node" id="664"><span class="badge log fail-bg mr-2">Fail</span>Internal transfer</div>
          <div class="status-avatar float-right mr-4">
            <i class="fa fa-paperclip"></i>
          </div>
      </div>
    </div>
        <div class="">
          <div class="card-body">
              <div class="step pass-bg" title="com.frameium.stepdef.Ufs.PaymentTest.closeAllTheOpenedWindows()">
                <span>When close all the other opened windows</span>
      <div>
      </div>
              </div>
              <div class="step pass-bg" title="com.frameium.stepdef.Ufs.PaymentTest.user_opens_url()">
                <span>When User opens the T24 Url</span>
      <div>
          <div class="row mb-3"><div class="col-md-3">
    <img data-featherlight='../Screenshots/embedded22.png' src="../Screenshots/embedded22.png">
    
    </div></div>
</div>
              </div>
              <div class="step pass-bg" title="com.frameium.stepdef.Ufs.PaymentTest.Login_should_be_successful()">
                <span>Then User should be able to login to T24</span>
      <div>
          <div class="row mb-3"><div class="col-md-3">
    <img data-featherlight='../Screenshots/embedded23.png' src="../Screenshots/embedded23.png">
    
    </div></div>
</div>
      <div>
          <div class="row mb-3"><div class="col-md-3">
    <img data-featherlight='../Screenshots/embedded24.png' src="../Screenshots/embedded24.png">
    
    </div></div>
</div>
      <div>
          <div class="row mb-3"><div class="col-md-3">
    <img data-featherlight='../Screenshots/embedded25.png' src="../Screenshots/embedded25.png">
    
    </div></div>
</div>
      <div>
          <div class="row mb-3"><div class="col-md-3">
    <img data-featherlight='../Screenshots/embedded26.png' src="../Screenshots/embedded26.png">
    
    </div></div>
</div>
              </div>
              <div class="step pass-bg" title="com.frameium.stepdef.Ufs.PaymentTest.fill_in_the_commandline()">
                <span>Then The user should be able to fill the commandline</span>
      <div>
      </div>
              </div>
              <div class="step pass-bg" title="com.frameium.stepdef.Ufs.PaymentTest.balanceCheckAccount()">
                <span>And user should be able to see the the balance of the account before performing internal transfer</span>
      <div>
          <div class="row mb-3"><div class="col-md-3">
    <img data-featherlight='../Screenshots/embedded27.png' src="../Screenshots/embedded27.png">
    
    </div></div>
</div>
      <div>
          <div class="row mb-3"><div class="col-md-3">
    <img data-featherlight='../Screenshots/embedded28.png' src="../Screenshots/embedded28.png">
    
    </div></div>
</div>
              </div>
              <div class="step pass-bg" title="com.frameium.stepdef.Ufs.PaymentTest.Accounttransfer_click()">
                <span>Then The user should be able to navigate to Account transfer button</span>
      <div>
      </div>
              </div>
              <div class="step pass-bg" title="com.frameium.stepdef.Ufs.PaymentTest.fill_thedetails_for_Internal_Transfer_payment()">
                <span>And Enter the details in the account transfer fields</span>
      <div>
          <div class="row mb-3"><div class="col-md-3">
    <img data-featherlight='../Screenshots/embedded29.png' src="../Screenshots/embedded29.png">
    
    </div></div>
</div>
              </div>
              <div class="step pass-bg" title="com.frameium.stepdef.Ufs.PaymentTest.validateButton_Click()">
                <span>Then Click on validate</span>
      <div>
      </div>
              </div>
              <div class="step pass-bg" title="com.frameium.stepdef.Ufs.PaymentTest.commitButtonClick()">
                <span>And Click on commit</span>
      <div>
      </div>
              </div>
              <div class="step fail-bg" title="com.frameium.stepdef.Ufs.PaymentTest.txnCompleteMsg_Verify()">
                <span>Then Verify whether the transaction complete message is displayed after commiting</span>
      <div>
        <textarea disabled class="code-block">org.openqa.selenium.JavascriptException: javascript error: Cannot read properties of null (reading 'style')
  (Session info: chrome=132.0.6834.196)
Build info: version: '4.17.0', revision: 'e52b1be057*'
System info: os.name: 'Windows 11', os.arch: 'amd64', os.version: '10.0', java.version: '17.0.12'
Driver info: org.openqa.selenium.chrome.ChromeDriver
Command: [d8b0005ef3c86d906e5111f0f20d3625, executeScript {args=[null], script=arguments[0].style.border='2.5px solid red'}]
Capabilities {acceptInsecureCerts: false, browserName: chrome, browserVersion: 132.0.6834.196, chrome: {chromedriverVersion: 131.0.6778.69 (77e2244bbcda..., userDataDir: C:\Users\SONYMO~1\AppData\L...}, fedcm:accounts: true, goog:chromeOptions: {debuggerAddress: localhost:9222}, networkConnectionEnabled: false, pageLoadStrategy: normal, platformName: windows, proxy: Proxy(), se:cdp: ws://localhost:9222/devtool..., se:cdpVersion: 132.0.6834.196, setWindowRect: true, strictFileInteractability: false, timeouts: {implicit: 0, pageLoad: 300000, script: 30000}, unhandledPromptBehavior: dismiss and notify, webauthn:extension:credBlob: true, webauthn:extension:largeBlob: true, webauthn:extension:minPinLength: true, webauthn:extension:prf: true, webauthn:virtualAuthenticators: true}
Session ID: d8b0005ef3c86d906e5111f0f20d3625
	at java.base/jdk.internal.reflect.NativeConstructorAccessorImpl.newInstance0(Native Method)
	at java.base/jdk.internal.reflect.NativeConstructorAccessorImpl.newInstance(NativeConstructorAccessorImpl.java:77)
	at java.base/jdk.internal.reflect.DelegatingConstructorAccessorImpl.newInstance(DelegatingConstructorAccessorImpl.java:45)
	at java.base/java.lang.reflect.Constructor.newInstanceWithCaller(Constructor.java:499)
	at java.base/java.lang.reflect.Constructor.newInstance(Constructor.java:480)
	at org.openqa.selenium.remote.codec.w3c.W3CHttpResponseCodec.createException(W3CHttpResponseCodec.java:185)
	at org.openqa.selenium.remote.codec.w3c.W3CHttpResponseCodec.decode(W3CHttpResponseCodec.java:134)
	at org.openqa.selenium.remote.codec.w3c.W3CHttpResponseCodec.decode(W3CHttpResponseCodec.java:51)
	at org.openqa.selenium.remote.HttpCommandExecutor.execute(HttpCommandExecutor.java:190)
	at org.openqa.selenium.remote.service.DriverCommandExecutor.invokeExecute(DriverCommandExecutor.java:216)
	at org.openqa.selenium.remote.service.DriverCommandExecutor.execute(DriverCommandExecutor.java:174)
	at org.openqa.selenium.remote.RemoteWebDriver.execute(RemoteWebDriver.java:519)
	at org.openqa.selenium.remote.RemoteWebDriver.executeScript(RemoteWebDriver.java:464)
	at com.frameium.genericfunctions.GenericFunctions.highlightUsingJs(GenericFunctions.java:376)
	at com.frameium.pageobject.UFS.T24homepage.verifyInternalTransaction(T24homepage.java:890)
	at com.frameium.stepdef.Ufs.PaymentTest.txnCompleteMsg_Verify(PaymentTest.java:565)
	at ✽.Verify whether the transaction complete message is displayed after commiting(file:///D:/frameium/Frameium_allure/src/test/resources/Features/UFS/T24_Payments.feature:18)
</textarea>
      
      </div>
              </div>
              <div class="step pass-bg" >
                <span>com.frameium.stepdef.Hooks.afterEveryStep(io.cucumber.java.Scenario)</span>
      <div>
          <div class="row mb-3"><div class="col-md-3">
    <img data-featherlight='../Screenshots/embedded30.png' src="../Screenshots/embedded30.png">
    
    </div></div>
</div>
              </div>
              <div class="step skip-bg" title="com.frameium.stepdef.Ufs.PaymentTest.navigateToAccountEntries()">
                <span>And Navigate to account entries</span>
      <div>Step skipped
      </div>
              </div>
              <div class="step skip-bg" title="com.frameium.stepdef.Ufs.PaymentTest.EnterAccountNumInAccountEnties()">
                <span>Then Enter the account number and click on find button</span>
      <div>Step skipped
      </div>
              </div>
              <div class="step skip-bg" title="com.frameium.stepdef.Ufs.PaymentTest.verificationOfAccountEntries()">
                <span>And Verify whether the transaction is reflected in the accountentries</span>
      <div>Step skipped
      </div>
              </div>
          </div>
        </div>
  </div>
  <div class="card">
    <div class="card-header" role="tab">
      <div class="card-title">
        <div class="node" id="737"><span class="badge log fail-bg mr-2">Fail</span>Internal Transfer narrative</div>
          <div class="status-avatar float-right mr-4">
            <i class="fa fa-paperclip"></i>
          </div>
      </div>
    </div>
        <div class="">
          <div class="card-body">
              <div class="step pass-bg" title="com.frameium.stepdef.Ufs.PaymentTest.closeAllTheOpenedWindows()">
                <span>When close all the other opened windows</span>
      <div>
      </div>
              </div>
              <div class="step pass-bg" title="com.frameium.stepdef.Ufs.PaymentTest.user_opens_url()">
                <span>When User opens the T24 Url</span>
      <div>
          <div class="row mb-3"><div class="col-md-3">
    <img data-featherlight='../Screenshots/embedded31.png' src="../Screenshots/embedded31.png">
    
    </div></div>
</div>
              </div>
              <div class="step pass-bg" title="com.frameium.stepdef.Ufs.PaymentTest.Login_should_be_successful()">
                <span>Then User should be able to login to T24</span>
      <div>
          <div class="row mb-3"><div class="col-md-3">
    <img data-featherlight='../Screenshots/embedded32.png' src="../Screenshots/embedded32.png">
    
    </div></div>
</div>
      <div>
          <div class="row mb-3"><div class="col-md-3">
    <img data-featherlight='../Screenshots/embedded33.png' src="../Screenshots/embedded33.png">
    
    </div></div>
</div>
      <div>
          <div class="row mb-3"><div class="col-md-3">
    <img data-featherlight='../Screenshots/embedded34.png' src="../Screenshots/embedded34.png">
    
    </div></div>
</div>
      <div>
          <div class="row mb-3"><div class="col-md-3">
    <img data-featherlight='../Screenshots/embedded35.png' src="../Screenshots/embedded35.png">
    
    </div></div>
</div>
              </div>
              <div class="step pass-bg" title="com.frameium.stepdef.Ufs.PaymentTest.fill_in_the_commandline()">
                <span>Then The user should be able to fill the commandline</span>
      <div>
      </div>
              </div>
              <div class="step pass-bg" title="com.frameium.stepdef.Ufs.PaymentTest.generalEnquiriesClick()">
                <span>And The user should be able to click on general enquiries buttom</span>
      <div>
      </div>
              </div>
              <div class="step fail-bg" title="com.frameium.stepdef.Ufs.PaymentTest.IB_view_of_Account_Entries_Click()">
                <span>And click on the IB-view of account entries</span>
      <div>
        <textarea disabled class="code-block">java.lang.NullPointerException: Cannot invoke "org.openqa.selenium.WebElement.click()" because "Ibvieww" is null
	at com.frameium.pageobject.UFS.T24homepage.Ibviewclick(T24homepage.java:1119)
	at com.frameium.stepdef.Ufs.PaymentTest.IB_view_of_Account_Entries_Click(PaymentTest.java:329)
	at ✽.click on the IB-view of account entries(file:///D:/frameium/Frameium_allure/src/test/resources/Features/UFS/T24_Payments.feature:30)
</textarea>
      
      </div>
              </div>
              <div class="step pass-bg" >
                <span>com.frameium.stepdef.Hooks.afterEveryStep(io.cucumber.java.Scenario)</span>
      <div>
          <div class="row mb-3"><div class="col-md-3">
    <img data-featherlight='../Screenshots/embedded36.png' src="../Screenshots/embedded36.png">
    
    </div></div>
</div>
              </div>
              <div class="step skip-bg" title="com.frameium.stepdef.Ufs.PaymentTest.enterAccountNumInIbviewofAccounytEntries()">
                <span>Then Enter the account number</span>
      <div>Step skipped
      </div>
              </div>
              <div class="step skip-bg" title="com.frameium.stepdef.Ufs.PaymentTest.findButtonClick()">
                <span>And click on find button</span>
      <div>Step skipped
      </div>
              </div>
              <div class="step skip-bg" title="com.frameium.stepdef.Ufs.PaymentTest.transfernarrative()">
                <span>And The details of internal transfer should be reflected in the narratives</span>
      <div>Step skipped
      </div>
              </div>
          </div>
        </div>
  </div>
  <div class="card">
    <div class="card-header" role="tab">
      <div class="card-title">
        <div class="node" id="790"><span class="badge log fail-bg mr-2">Fail</span>External transfer</div>
          <div class="status-avatar float-right mr-4">
            <i class="fa fa-paperclip"></i>
          </div>
      </div>
    </div>
        <div class="">
          <div class="card-body">
              <div class="step pass-bg" title="com.frameium.stepdef.Ufs.PaymentTest.closeAllTheOpenedWindows()">
                <span>When close all the other opened windows</span>
      <div>
      </div>
              </div>
              <div class="step pass-bg" title="com.frameium.stepdef.Ufs.PaymentTest.user_opens_url()">
                <span>When User opens the T24 Url</span>
      <div>
          <div class="row mb-3"><div class="col-md-3">
    <img data-featherlight='../Screenshots/embedded37.png' src="../Screenshots/embedded37.png">
    
    </div></div>
</div>
              </div>
              <div class="step pass-bg" title="com.frameium.stepdef.Ufs.PaymentTest.Login_should_be_successful()">
                <span>Then User should be able to login to T24</span>
      <div>
          <div class="row mb-3"><div class="col-md-3">
    <img data-featherlight='../Screenshots/embedded38.png' src="../Screenshots/embedded38.png">
    
    </div></div>
</div>
      <div>
          <div class="row mb-3"><div class="col-md-3">
    <img data-featherlight='../Screenshots/embedded39.png' src="../Screenshots/embedded39.png">
    
    </div></div>
</div>
      <div>
          <div class="row mb-3"><div class="col-md-3">
    <img data-featherlight='../Screenshots/embedded40.png' src="../Screenshots/embedded40.png">
    
    </div></div>
</div>
      <div>
          <div class="row mb-3"><div class="col-md-3">
    <img data-featherlight='../Screenshots/embedded41.png' src="../Screenshots/embedded41.png">
    
    </div></div>
</div>
              </div>
              <div class="step pass-bg" title="com.frameium.stepdef.Ufs.PaymentTest.fill_in_the_commandline()">
                <span>Then The user should be able to fill the commandline</span>
      <div>
      </div>
              </div>
              <div class="step pass-bg" title="com.frameium.stepdef.Ufs.PaymentTest.balanceCheckAccountExternalTransfer()">
                <span>And user should be able to see the the balance of the account before performing External transfer</span>
      <div>
      </div>
              </div>
              <div class="step pass-bg" title="com.frameium.stepdef.Ufs.PaymentTest.Accounttransfer_click()">
                <span>Then The user should be able to navigate to Account transfer button</span>
      <div>
      </div>
              </div>
              <div class="step pass-bg" title="com.frameium.stepdef.Ufs.PaymentTest.fill_thedetails_for_External_Transfer_payment()">
                <span>And Enter the details in the account external  transfer fields</span>
      <div>
          <div class="row mb-3"><div class="col-md-3">
    <img data-featherlight='../Screenshots/embedded42.png' src="../Screenshots/embedded42.png">
    
    </div></div>
</div>
              </div>
              <div class="step pass-bg" title="com.frameium.stepdef.Ufs.PaymentTest.validateButton_Click()">
                <span>Then Click on validate</span>
      <div>
      </div>
              </div>
              <div class="step pass-bg" title="com.frameium.stepdef.Ufs.PaymentTest.commitButtonClick()">
                <span>And Click on commit</span>
      <div>
      </div>
              </div>
              <div class="step fail-bg" title="com.frameium.stepdef.Ufs.PaymentTest.txnCompleteMsg_Verify()">
                <span>Then Verify whether the transaction complete message is displayed after commiting</span>
      <div>
        <textarea disabled class="code-block">org.openqa.selenium.JavascriptException: javascript error: Cannot read properties of null (reading 'style')
  (Session info: chrome=132.0.6834.196)
Build info: version: '4.17.0', revision: 'e52b1be057*'
System info: os.name: 'Windows 11', os.arch: 'amd64', os.version: '10.0', java.version: '17.0.12'
Driver info: org.openqa.selenium.chrome.ChromeDriver
Command: [d8b0005ef3c86d906e5111f0f20d3625, executeScript {args=[null], script=arguments[0].style.border='2.5px solid red'}]
Capabilities {acceptInsecureCerts: false, browserName: chrome, browserVersion: 132.0.6834.196, chrome: {chromedriverVersion: 131.0.6778.69 (77e2244bbcda..., userDataDir: C:\Users\SONYMO~1\AppData\L...}, fedcm:accounts: true, goog:chromeOptions: {debuggerAddress: localhost:9222}, networkConnectionEnabled: false, pageLoadStrategy: normal, platformName: windows, proxy: Proxy(), se:cdp: ws://localhost:9222/devtool..., se:cdpVersion: 132.0.6834.196, setWindowRect: true, strictFileInteractability: false, timeouts: {implicit: 0, pageLoad: 300000, script: 30000}, unhandledPromptBehavior: dismiss and notify, webauthn:extension:credBlob: true, webauthn:extension:largeBlob: true, webauthn:extension:minPinLength: true, webauthn:extension:prf: true, webauthn:virtualAuthenticators: true}
Session ID: d8b0005ef3c86d906e5111f0f20d3625
	at java.base/jdk.internal.reflect.NativeConstructorAccessorImpl.newInstance0(Native Method)
	at java.base/jdk.internal.reflect.NativeConstructorAccessorImpl.newInstance(NativeConstructorAccessorImpl.java:77)
	at java.base/jdk.internal.reflect.DelegatingConstructorAccessorImpl.newInstance(DelegatingConstructorAccessorImpl.java:45)
	at java.base/java.lang.reflect.Constructor.newInstanceWithCaller(Constructor.java:499)
	at java.base/java.lang.reflect.Constructor.newInstance(Constructor.java:480)
	at org.openqa.selenium.remote.codec.w3c.W3CHttpResponseCodec.createException(W3CHttpResponseCodec.java:185)
	at org.openqa.selenium.remote.codec.w3c.W3CHttpResponseCodec.decode(W3CHttpResponseCodec.java:134)
	at org.openqa.selenium.remote.codec.w3c.W3CHttpResponseCodec.decode(W3CHttpResponseCodec.java:51)
	at org.openqa.selenium.remote.HttpCommandExecutor.execute(HttpCommandExecutor.java:190)
	at org.openqa.selenium.remote.service.DriverCommandExecutor.invokeExecute(DriverCommandExecutor.java:216)
	at org.openqa.selenium.remote.service.DriverCommandExecutor.execute(DriverCommandExecutor.java:174)
	at org.openqa.selenium.remote.RemoteWebDriver.execute(RemoteWebDriver.java:519)
	at org.openqa.selenium.remote.RemoteWebDriver.executeScript(RemoteWebDriver.java:464)
	at com.frameium.genericfunctions.GenericFunctions.highlightUsingJs(GenericFunctions.java:376)
	at com.frameium.pageobject.UFS.T24homepage.verifyInternalTransaction(T24homepage.java:890)
	at com.frameium.stepdef.Ufs.PaymentTest.txnCompleteMsg_Verify(PaymentTest.java:565)
	at ✽.Verify whether the transaction complete message is displayed after commiting(file:///D:/frameium/Frameium_allure/src/test/resources/Features/UFS/T24_Payments.feature:45)
</textarea>
      
      </div>
              </div>
              <div class="step pass-bg" >
                <span>com.frameium.stepdef.Hooks.afterEveryStep(io.cucumber.java.Scenario)</span>
      <div>
          <div class="row mb-3"><div class="col-md-3">
    <img data-featherlight='../Screenshots/embedded43.png' src="../Screenshots/embedded43.png">
    
    </div></div>
</div>
              </div>
              <div class="step skip-bg" title="com.frameium.stepdef.Ufs.PaymentTest.navigateToAccountEntries()">
                <span>And Navigate to account entries</span>
      <div>Step skipped
      </div>
              </div>
              <div class="step skip-bg" title="com.frameium.stepdef.Ufs.PaymentTest.enterAccountNumInviewAccounytEntries()">
                <span>Then Enter the account number of external transfer and click on find button</span>
      <div>Step skipped
      </div>
              </div>
              <div class="step skip-bg" title="com.frameium.stepdef.Ufs.PaymentTest.verificationOfAccountEntriesExternal()">
                <span>And Verify whether the external transaction is reflected in the accountentries</span>
      <div>Step skipped
      </div>
              </div>
          </div>
        </div>
  </div>
  <div class="card">
    <div class="card-header" role="tab">
      <div class="card-title">
        <div class="node" id="863"><span class="badge log fail-bg mr-2">Fail</span>External Transfer narrative</div>
          <div class="status-avatar float-right mr-4">
            <i class="fa fa-paperclip"></i>
          </div>
      </div>
    </div>
        <div class="">
          <div class="card-body">
              <div class="step pass-bg" title="com.frameium.stepdef.Ufs.PaymentTest.closeAllTheOpenedWindows()">
                <span>When close all the other opened windows</span>
      <div>
      </div>
              </div>
              <div class="step pass-bg" title="com.frameium.stepdef.Ufs.PaymentTest.user_opens_url()">
                <span>When User opens the T24 Url</span>
      <div>
          <div class="row mb-3"><div class="col-md-3">
    <img data-featherlight='../Screenshots/embedded44.png' src="../Screenshots/embedded44.png">
    
    </div></div>
</div>
              </div>
              <div class="step pass-bg" title="com.frameium.stepdef.Ufs.PaymentTest.Login_should_be_successful()">
                <span>Then User should be able to login to T24</span>
      <div>
          <div class="row mb-3"><div class="col-md-3">
    <img data-featherlight='../Screenshots/embedded45.png' src="../Screenshots/embedded45.png">
    
    </div></div>
</div>
      <div>
          <div class="row mb-3"><div class="col-md-3">
    <img data-featherlight='../Screenshots/embedded46.png' src="../Screenshots/embedded46.png">
    
    </div></div>
</div>
      <div>
          <div class="row mb-3"><div class="col-md-3">
    <img data-featherlight='../Screenshots/embedded47.png' src="../Screenshots/embedded47.png">
    
    </div></div>
</div>
      <div>
          <div class="row mb-3"><div class="col-md-3">
    <img data-featherlight='../Screenshots/embedded48.png' src="../Screenshots/embedded48.png">
    
    </div></div>
</div>
              </div>
              <div class="step pass-bg" title="com.frameium.stepdef.Ufs.PaymentTest.fill_in_the_commandline()">
                <span>Then The user should be able to fill the commandline</span>
      <div>
      </div>
              </div>
              <div class="step pass-bg" title="com.frameium.stepdef.Ufs.PaymentTest.generalEnquiriesClick()">
                <span>And The user should be able to click on general enquiries buttom</span>
      <div>
      </div>
              </div>
              <div class="step fail-bg" title="com.frameium.stepdef.Ufs.PaymentTest.IB_view_of_Account_Entries_Click()">
                <span>And click on the IB-view of account entries</span>
      <div>
        <textarea disabled class="code-block">java.lang.NullPointerException: Cannot invoke "org.openqa.selenium.WebElement.click()" because "Ibvieww" is null
	at com.frameium.pageobject.UFS.T24homepage.Ibviewclick(T24homepage.java:1119)
	at com.frameium.stepdef.Ufs.PaymentTest.IB_view_of_Account_Entries_Click(PaymentTest.java:329)
	at ✽.click on the IB-view of account entries(file:///D:/frameium/Frameium_allure/src/test/resources/Features/UFS/T24_Payments.feature:56)
</textarea>
      
      </div>
              </div>
              <div class="step pass-bg" >
                <span>com.frameium.stepdef.Hooks.afterEveryStep(io.cucumber.java.Scenario)</span>
      <div>
          <div class="row mb-3"><div class="col-md-3">
    <img data-featherlight='../Screenshots/embedded49.png' src="../Screenshots/embedded49.png">
    
    </div></div>
</div>
              </div>
              <div class="step skip-bg" title="com.frameium.stepdef.Ufs.PaymentTest.enterexternalAccountNumInIbviewofAccounytEntries()">
                <span>Then Enter the external account number in IbView of account entries</span>
      <div>Step skipped
      </div>
              </div>
              <div class="step skip-bg" title="com.frameium.stepdef.Ufs.PaymentTest.findButtonClick()">
                <span>And click on find button</span>
      <div>Step skipped
      </div>
              </div>
              <div class="step skip-bg" title="com.frameium.stepdef.Ufs.PaymentTest.externalTransfernarrative()">
                <span>And The details of External transfer should be reflected in the narratives</span>
      <div>Step skipped
      </div>
              </div>
          </div>
        </div>
  </div>
  <div class="card">
    <div class="card-header" role="tab">
      <div class="card-title">
        <div class="node" id="916"><span class="badge log fail-bg mr-2">Fail</span>Internal transfer over limit</div>
          <div class="status-avatar float-right mr-4">
            <i class="fa fa-paperclip"></i>
          </div>
      </div>
    </div>
        <div class="">
          <div class="card-body">
              <div class="step pass-bg" title="com.frameium.stepdef.Ufs.PaymentTest.closeAllTheOpenedWindows()">
                <span>When close all the other opened windows</span>
      <div>
      </div>
              </div>
              <div class="step pass-bg" title="com.frameium.stepdef.Ufs.PaymentTest.user_opens_url()">
                <span>When User opens the T24 Url</span>
      <div>
          <div class="row mb-3"><div class="col-md-3">
    <img data-featherlight='../Screenshots/embedded50.png' src="../Screenshots/embedded50.png">
    
    </div></div>
</div>
              </div>
              <div class="step pass-bg" title="com.frameium.stepdef.Ufs.PaymentTest.Login_should_be_successful()">
                <span>Then User should be able to login to T24</span>
      <div>
          <div class="row mb-3"><div class="col-md-3">
    <img data-featherlight='../Screenshots/embedded51.png' src="../Screenshots/embedded51.png">
    
    </div></div>
</div>
      <div>
          <div class="row mb-3"><div class="col-md-3">
    <img data-featherlight='../Screenshots/embedded52.png' src="../Screenshots/embedded52.png">
    
    </div></div>
</div>
      <div>
          <div class="row mb-3"><div class="col-md-3">
    <img data-featherlight='../Screenshots/embedded53.png' src="../Screenshots/embedded53.png">
    
    </div></div>
</div>
      <div>
          <div class="row mb-3"><div class="col-md-3">
    <img data-featherlight='../Screenshots/embedded54.png' src="../Screenshots/embedded54.png">
    
    </div></div>
</div>
              </div>
              <div class="step pass-bg" title="com.frameium.stepdef.Ufs.PaymentTest.fill_in_the_commandline()">
                <span>Then The user should be able to fill the commandline</span>
      <div>
      </div>
              </div>
              <div class="step pass-bg" title="com.frameium.stepdef.Ufs.PaymentTest.balanceCheckAccountt()">
                <span>And user should be able to see the the balance of the account before performing internal transfer over limit</span>
      <div>
      </div>
              </div>
              <div class="step pass-bg" title="com.frameium.stepdef.Ufs.PaymentTest.Accounttransfer_click()">
                <span>Then The user should be able to navigate to Account transfer button</span>
      <div>
      </div>
              </div>
              <div class="step pass-bg" title="com.frameium.stepdef.Ufs.PaymentTest.fill_thedetails_for_Internal_Transfer_payment_overlimit()">
                <span>And Enter the details in the account transfer for internal transfer overlimit</span>
      <div>
          <div class="row mb-3"><div class="col-md-3">
    <img data-featherlight='../Screenshots/embedded55.png' src="../Screenshots/embedded55.png">
    
    </div></div>
</div>
              </div>
              <div class="step pass-bg" title="com.frameium.stepdef.Ufs.PaymentTest.validateButton_Click()">
                <span>Then Click on validate</span>
      <div>
      </div>
              </div>
              <div class="step pass-bg" title="com.frameium.stepdef.Ufs.PaymentTest.commitButtonClick()">
                <span>And Click on commit</span>
      <div>
      </div>
              </div>
              <div class="step pass-bg" title="com.frameium.stepdef.Ufs.PaymentTest.checkWhetherTheOverrideAuthorisationRequiredMessageIsAppearingAndClickOnAcceptoverride()">
                <span>Then check whether the override Authorisation Required message is appearing and click on acceptoverride</span>
      <div>
          <div class="row mb-3"><div class="col-md-3">
    <img data-featherlight='../Screenshots/embedded56.png' src="../Screenshots/embedded56.png">
    
    </div></div>
</div>
              </div>
              <div class="step pass-bg" title="com.frameium.stepdef.Ufs.PaymentTest.txnCompleteMsg_Verify()">
                <span>Then Verify whether the transaction complete message is displayed after commiting</span>
      <div>
          <div class="row mb-3"><div class="col-md-3">
    <img data-featherlight='../Screenshots/embedded57.png' src="../Screenshots/embedded57.png">
    
    </div></div>
</div>
              </div>
              <div class="step pass-bg" title="com.frameium.stepdef.Ufs.PaymentTest.signoff()">
                <span>And The User clicks on signoff</span>
      <div>
      </div>
              </div>
              <div class="step pass-bg" title="com.frameium.stepdef.Ufs.PaymentTest.authorizer_Login_T24()">
                <span>Then Login to authoriser account</span>
      <div>
      </div>
              </div>
              <div class="step fail-bg" title="com.frameium.stepdef.Ufs.PaymentTest.fill_in_the_commandline()">
                <span>Then The user should be able to fill the commandline</span>
      <div>
        <textarea disabled class="code-block">java.lang.RuntimeException: java.lang.NullPointerException: Cannot invoke "org.openqa.selenium.WebElement.clear()" because "T24PageCommand" is null
	at com.frameium.stepdef.Ufs.PaymentTest.fill_in_the_commandline(PaymentTest.java:427)
	at ✽.The user should be able to fill the commandline(file:///D:/frameium/Frameium_allure/src/test/resources/Features/UFS/T24_Payments.feature:75)
Caused by: java.lang.NullPointerException: Cannot invoke "org.openqa.selenium.WebElement.clear()" because "T24PageCommand" is null
	at com.frameium.pageobject.UFS.T24homepage.commandline(T24homepage.java:622)
	at com.frameium.stepdef.Ufs.PaymentTest.fill_in_the_commandline(PaymentTest.java:424)
	at java.base/jdk.internal.reflect.NativeMethodAccessorImpl.invoke0(Native Method)
	at java.base/jdk.internal.reflect.NativeMethodAccessorImpl.invoke(NativeMethodAccessorImpl.java:77)
	at java.base/jdk.internal.reflect.DelegatingMethodAccessorImpl.invoke(DelegatingMethodAccessorImpl.java:43)
	at java.base/java.lang.reflect.Method.invoke(Method.java:568)
	at io.cucumber.java.Invoker.doInvoke(Invoker.java:66)
	at io.cucumber.java.Invoker.invoke(Invoker.java:24)
	at io.cucumber.java.AbstractGlueDefinition.invokeMethod(AbstractGlueDefinition.java:47)
	at io.cucumber.java.JavaStepDefinition.execute(JavaStepDefinition.java:29)
	at io.cucumber.core.runner.CoreStepDefinition.execute(CoreStepDefinition.java:66)
	at io.cucumber.core.runner.PickleStepDefinitionMatch.runStep(PickleStepDefinitionMatch.java:63)
	at io.cucumber.core.runner.ExecutionMode$1.execute(ExecutionMode.java:10)
	at io.cucumber.core.runner.TestStep.executeStep(TestStep.java:92)
	at io.cucumber.core.runner.TestStep.run(TestStep.java:64)
	at io.cucumber.core.runner.PickleStepTestStep.run(PickleStepTestStep.java:51)
	at io.cucumber.core.runner.TestCase.run(TestCase.java:104)
	at io.cucumber.core.runner.Runner.runPickle(Runner.java:73)
	at io.cucumber.testng.TestNGCucumberRunner.lambda$runScenario$0(TestNGCucumberRunner.java:117)
	at io.cucumber.core.runtime.CucumberExecutionContext.runTestCase(CucumberExecutionContext.java:117)
	at io.cucumber.testng.TestNGCucumberRunner.runScenario(TestNGCucumberRunner.java:114)
	at com.frameium.runner.TestRunnerUFSS.runScenario(TestRunnerUFSS.java:73)
	at java.base/jdk.internal.reflect.NativeMethodAccessorImpl.invoke0(Native Method)
	at java.base/jdk.internal.reflect.NativeMethodAccessorImpl.invoke(NativeMethodAccessorImpl.java:77)
	at java.base/jdk.internal.reflect.DelegatingMethodAccessorImpl.invoke(DelegatingMethodAccessorImpl.java:43)
	at java.base/java.lang.reflect.Method.invoke(Method.java:568)
	at org.testng.internal.invokers.MethodInvocationHelper.invokeMethod(MethodInvocationHelper.java:139)
	at org.testng.internal.invokers.TestInvoker.invokeMethod(TestInvoker.java:677)
	at org.testng.internal.invokers.TestInvoker.invokeTestMethod(TestInvoker.java:221)
	at org.testng.internal.invokers.MethodRunner.runInSequence(MethodRunner.java:50)
	at org.testng.internal.invokers.TestInvoker$MethodInvocationAgent.invoke(TestInvoker.java:962)
	at org.testng.internal.invokers.TestInvoker.invokeTestMethods(TestInvoker.java:194)
	at org.testng.internal.invokers.TestMethodWorker.invokeTestMethods(TestMethodWorker.java:148)
	at org.testng.internal.invokers.TestMethodWorker.run(TestMethodWorker.java:128)
	at java.base/java.util.ArrayList.forEach(ArrayList.java:1511)
	at org.testng.TestRunner.privateRun(TestRunner.java:806)
	at org.testng.TestRunner.run(TestRunner.java:601)
	at org.testng.SuiteRunner.runTest(SuiteRunner.java:433)
	at org.testng.SuiteRunner.runSequentially(SuiteRunner.java:427)
	at org.testng.SuiteRunner.privateRun(SuiteRunner.java:387)
	at org.testng.SuiteRunner.run(SuiteRunner.java:330)
	at org.testng.SuiteRunnerWorker.runSuite(SuiteRunnerWorker.java:52)
	at org.testng.SuiteRunnerWorker.run(SuiteRunnerWorker.java:95)
	at org.testng.TestNG.runSuitesSequentially(TestNG.java:1256)
	at org.testng.TestNG.runSuitesLocally(TestNG.java:1176)
	at org.testng.TestNG.runSuites(TestNG.java:1099)
	at org.testng.TestNG.run(TestNG.java:1067)
	at com.intellij.rt.testng.IDEARemoteTestNG.run(IDEARemoteTestNG.java:65)
	at com.intellij.rt.testng.RemoteTestNGStarter.main(RemoteTestNGStarter.java:105)
</textarea>
      
      </div>
              </div>
              <div class="step pass-bg" >
                <span>com.frameium.stepdef.Hooks.afterEveryStep(io.cucumber.java.Scenario)</span>
      <div>
          <div class="row mb-3"><div class="col-md-3">
    <img data-featherlight='../Screenshots/embedded58.png' src="../Screenshots/embedded58.png">
    
    </div></div>
</div>
              </div>
              <div class="step skip-bg" title="com.frameium.stepdef.Ufs.PaymentTest.navigateToUnauthorisedTransactionsClick()">
                <span>And Navigate to unauthorised transactions</span>
      <div>Step skipped
      </div>
              </div>
              <div class="step skip-bg" title="com.frameium.stepdef.Ufs.PaymentTest.authoriseTransaction()">
                <span>Then Authorize the transaction</span>
      <div>Step skipped
      </div>
              </div>
              <div class="step skip-bg" title="com.frameium.stepdef.Ufs.PaymentTest.txnCompleteMsg_Verify()">
                <span>Then Verify whether the transaction complete message is displayed after commiting</span>
      <div>Step skipped
      </div>
              </div>
              <div class="step skip-bg" title="com.frameium.stepdef.Ufs.PaymentTest.navigateToAccountEntries()">
                <span>And Navigate to account entries</span>
      <div>Step skipped
      </div>
              </div>
              <div class="step skip-bg" title="com.frameium.stepdef.Ufs.PaymentTest.EnterAccountNumOverlimitInAccountEnties()">
                <span>Then Enter the account number of internal transaction overlimit and click on find button</span>
      <div>Step skipped
      </div>
              </div>
              <div class="step skip-bg" title="com.frameium.stepdef.Ufs.PaymentTest.verifyWhetherTheInternalTransferOverLimittransactionIsReflectedInTheAccountentries()">
                <span>And Verify whether the internal transfer over limit transaction is reflected in the accountentries</span>
      <div>Step skipped
      </div>
              </div>
          </div>
        </div>
  </div>
  <div class="card">
    <div class="card-header" role="tab">
      <div class="card-title">
        <div class="node" id="1,024"><span class="badge log fail-bg mr-2">Fail</span>Internal Transfer overlimit narrative</div>
          <div class="status-avatar float-right mr-4">
            <i class="fa fa-paperclip"></i>
          </div>
      </div>
    </div>
        <div class="">
          <div class="card-body">
              <div class="step pass-bg" title="com.frameium.stepdef.Ufs.PaymentTest.closeAllTheOpenedWindows()">
                <span>When close all the other opened windows</span>
      <div>
      </div>
              </div>
              <div class="step pass-bg" title="com.frameium.stepdef.Ufs.PaymentTest.user_opens_url()">
                <span>When User opens the T24 Url</span>
      <div>
          <div class="row mb-3"><div class="col-md-3">
    <img data-featherlight='../Screenshots/embedded59.png' src="../Screenshots/embedded59.png">
    
    </div></div>
</div>
              </div>
              <div class="step pass-bg" title="com.frameium.stepdef.Ufs.PaymentTest.Login_should_be_successful()">
                <span>Then User should be able to login to T24</span>
      <div>
          <div class="row mb-3"><div class="col-md-3">
    <img data-featherlight='../Screenshots/embedded60.png' src="../Screenshots/embedded60.png">
    
    </div></div>
</div>
      <div>
          <div class="row mb-3"><div class="col-md-3">
    <img data-featherlight='../Screenshots/embedded61.png' src="../Screenshots/embedded61.png">
    
    </div></div>
</div>
      <div>
          <div class="row mb-3"><div class="col-md-3">
    <img data-featherlight='../Screenshots/embedded62.png' src="../Screenshots/embedded62.png">
    
    </div></div>
</div>
      <div>
          <div class="row mb-3"><div class="col-md-3">
    <img data-featherlight='../Screenshots/embedded63.png' src="../Screenshots/embedded63.png">
    
    </div></div>
</div>
              </div>
              <div class="step pass-bg" title="com.frameium.stepdef.Ufs.PaymentTest.fill_in_the_commandline()">
                <span>Then The user should be able to fill the commandline</span>
      <div>
      </div>
              </div>
              <div class="step pass-bg" title="com.frameium.stepdef.Ufs.PaymentTest.generalEnquiriesClick()">
                <span>And The user should be able to click on general enquiries buttom</span>
      <div>
      </div>
              </div>
              <div class="step fail-bg" title="com.frameium.stepdef.Ufs.PaymentTest.IB_view_of_Account_Entries_Click()">
                <span>And click on the IB-view of account entries</span>
      <div>
        <textarea disabled class="code-block">java.lang.NullPointerException: Cannot invoke "org.openqa.selenium.WebElement.click()" because "Ibvieww" is null
	at com.frameium.pageobject.UFS.T24homepage.Ibviewclick(T24homepage.java:1119)
	at com.frameium.stepdef.Ufs.PaymentTest.IB_view_of_Account_Entries_Click(PaymentTest.java:329)
	at ✽.click on the IB-view of account entries(file:///D:/frameium/Frameium_allure/src/test/resources/Features/UFS/T24_Payments.feature:89)
</textarea>
      
      </div>
              </div>
              <div class="step pass-bg" >
                <span>com.frameium.stepdef.Hooks.afterEveryStep(io.cucumber.java.Scenario)</span>
      <div>
          <div class="row mb-3"><div class="col-md-3">
    <img data-featherlight='../Screenshots/embedded64.png' src="../Screenshots/embedded64.png">
    
    </div></div>
</div>
              </div>
              <div class="step skip-bg" title="com.frameium.stepdef.Ufs.PaymentTest.enterAccountNumoverlimitInIbviewofAccounytEntries()">
                <span>Then Enter the account number of internal transfer overlimit in ibview of account entries</span>
      <div>Step skipped
      </div>
              </div>
              <div class="step skip-bg" title="com.frameium.stepdef.Ufs.PaymentTest.findButtonClick()">
                <span>And click on find button</span>
      <div>Step skipped
      </div>
              </div>
              <div class="step skip-bg" title="com.frameium.stepdef.Ufs.PaymentTest.transfernarrativeOverLimit()">
                <span>And The details of internal transfer overlimit should be reflected in the narratives</span>
      <div>Step skipped
      </div>
              </div>
          </div>
        </div>
  </div>
  <div class="card">
    <div class="card-header" role="tab">
      <div class="card-title">
        <div class="node" id="1,077"><span class="badge log fail-bg mr-2">Fail</span>External transfer over limit</div>
          <div class="status-avatar float-right mr-4">
            <i class="fa fa-paperclip"></i>
          </div>
      </div>
    </div>
        <div class="">
          <div class="card-body">
              <div class="step pass-bg" title="com.frameium.stepdef.Ufs.PaymentTest.closeAllTheOpenedWindows()">
                <span>When close all the other opened windows</span>
      <div>
      </div>
              </div>
              <div class="step pass-bg" title="com.frameium.stepdef.Ufs.PaymentTest.user_opens_url()">
                <span>When User opens the T24 Url</span>
      <div>
          <div class="row mb-3"><div class="col-md-3">
    <img data-featherlight='../Screenshots/embedded65.png' src="../Screenshots/embedded65.png">
    
    </div></div>
</div>
              </div>
              <div class="step pass-bg" title="com.frameium.stepdef.Ufs.PaymentTest.Login_should_be_successful()">
                <span>Then User should be able to login to T24</span>
      <div>
          <div class="row mb-3"><div class="col-md-3">
    <img data-featherlight='../Screenshots/embedded66.png' src="../Screenshots/embedded66.png">
    
    </div></div>
</div>
      <div>
          <div class="row mb-3"><div class="col-md-3">
    <img data-featherlight='../Screenshots/embedded67.png' src="../Screenshots/embedded67.png">
    
    </div></div>
</div>
      <div>
          <div class="row mb-3"><div class="col-md-3">
    <img data-featherlight='../Screenshots/embedded68.png' src="../Screenshots/embedded68.png">
    
    </div></div>
</div>
      <div>
          <div class="row mb-3"><div class="col-md-3">
    <img data-featherlight='../Screenshots/embedded69.png' src="../Screenshots/embedded69.png">
    
    </div></div>
</div>
              </div>
              <div class="step pass-bg" title="com.frameium.stepdef.Ufs.PaymentTest.fill_in_the_commandline()">
                <span>Then The user should be able to fill the commandline</span>
      <div>
      </div>
              </div>
              <div class="step pass-bg" title="com.frameium.stepdef.Ufs.PaymentTest.balanceCheckAccount()">
                <span>And user should be able to see the the balance of the account before performing internal transfer</span>
      <div>
          <div class="row mb-3"><div class="col-md-3">
    <img data-featherlight='../Screenshots/embedded70.png' src="../Screenshots/embedded70.png">
    
    </div></div>
</div>
      <div>
          <div class="row mb-3"><div class="col-md-3">
    <img data-featherlight='../Screenshots/embedded71.png' src="../Screenshots/embedded71.png">
    
    </div></div>
</div>
              </div>
              <div class="step pass-bg" title="com.frameium.stepdef.Ufs.PaymentTest.Accounttransfer_click()">
                <span>Then The user should be able to navigate to Account transfer button</span>
      <div>
      </div>
              </div>
              <div class="step pass-bg" title="com.frameium.stepdef.Ufs.PaymentTest.enterTheDetailsInTheAccountTransferForExternalTransferOverlimit()">
                <span>And Enter the details in the account transfer for External transfer overlimit</span>
      <div>
          <div class="row mb-3"><div class="col-md-3">
    <img data-featherlight='../Screenshots/embedded72.png' src="../Screenshots/embedded72.png">
    
    </div></div>
</div>
              </div>
              <div class="step pass-bg" title="com.frameium.stepdef.Ufs.PaymentTest.validateButton_Click()">
                <span>Then Click on validate</span>
      <div>
      </div>
              </div>
              <div class="step pass-bg" title="com.frameium.stepdef.Ufs.PaymentTest.commitButtonClick()">
                <span>And Click on commit</span>
      <div>
      </div>
              </div>
              <div class="step pass-bg" title="com.frameium.stepdef.Ufs.PaymentTest.checkWhetherTheOverrideAuthorisationRequiredMessageIsAppearingAndClickOnAcceptoverride()">
                <span>Then check whether the override Authorisation Required message is appearing and click on acceptoverride</span>
      <div>
          <div class="row mb-3"><div class="col-md-3">
    <img data-featherlight='../Screenshots/embedded73.png' src="../Screenshots/embedded73.png">
    
    </div></div>
</div>
              </div>
              <div class="step pass-bg" title="com.frameium.stepdef.Ufs.PaymentTest.txnCompleteMsg_Verify()">
                <span>Then Verify whether the transaction complete message is displayed after commiting</span>
      <div>
          <div class="row mb-3"><div class="col-md-3">
    <img data-featherlight='../Screenshots/embedded74.png' src="../Screenshots/embedded74.png">
    
    </div></div>
</div>
              </div>
              <div class="step pass-bg" title="com.frameium.stepdef.Ufs.PaymentTest.signoff()">
                <span>And The User clicks on signoff</span>
      <div>
      </div>
              </div>
              <div class="step pass-bg" title="com.frameium.stepdef.Ufs.PaymentTest.authorizer_Login_T24()">
                <span>Then Login to authoriser account</span>
      <div>
      </div>
              </div>
              <div class="step fail-bg" title="com.frameium.stepdef.Ufs.PaymentTest.fill_in_the_commandline()">
                <span>Then The user should be able to fill the commandline</span>
      <div>
        <textarea disabled class="code-block">java.lang.RuntimeException: java.lang.NullPointerException: Cannot invoke "org.openqa.selenium.WebElement.clear()" because "T24PageCommand" is null
	at com.frameium.stepdef.Ufs.PaymentTest.fill_in_the_commandline(PaymentTest.java:427)
	at ✽.The user should be able to fill the commandline(file:///D:/frameium/Frameium_allure/src/test/resources/Features/UFS/T24_Payments.feature:108)
Caused by: java.lang.NullPointerException: Cannot invoke "org.openqa.selenium.WebElement.clear()" because "T24PageCommand" is null
	at com.frameium.pageobject.UFS.T24homepage.commandline(T24homepage.java:622)
	at com.frameium.stepdef.Ufs.PaymentTest.fill_in_the_commandline(PaymentTest.java:424)
	at java.base/jdk.internal.reflect.NativeMethodAccessorImpl.invoke0(Native Method)
	at java.base/jdk.internal.reflect.NativeMethodAccessorImpl.invoke(NativeMethodAccessorImpl.java:77)
	at java.base/jdk.internal.reflect.DelegatingMethodAccessorImpl.invoke(DelegatingMethodAccessorImpl.java:43)
	at java.base/java.lang.reflect.Method.invoke(Method.java:568)
	at io.cucumber.java.Invoker.doInvoke(Invoker.java:66)
	at io.cucumber.java.Invoker.invoke(Invoker.java:24)
	at io.cucumber.java.AbstractGlueDefinition.invokeMethod(AbstractGlueDefinition.java:47)
	at io.cucumber.java.JavaStepDefinition.execute(JavaStepDefinition.java:29)
	at io.cucumber.core.runner.CoreStepDefinition.execute(CoreStepDefinition.java:66)
	at io.cucumber.core.runner.PickleStepDefinitionMatch.runStep(PickleStepDefinitionMatch.java:63)
	at io.cucumber.core.runner.ExecutionMode$1.execute(ExecutionMode.java:10)
	at io.cucumber.core.runner.TestStep.executeStep(TestStep.java:92)
	at io.cucumber.core.runner.TestStep.run(TestStep.java:64)
	at io.cucumber.core.runner.PickleStepTestStep.run(PickleStepTestStep.java:51)
	at io.cucumber.core.runner.TestCase.run(TestCase.java:104)
	at io.cucumber.core.runner.Runner.runPickle(Runner.java:73)
	at io.cucumber.testng.TestNGCucumberRunner.lambda$runScenario$0(TestNGCucumberRunner.java:117)
	at io.cucumber.core.runtime.CucumberExecutionContext.runTestCase(CucumberExecutionContext.java:117)
	at io.cucumber.testng.TestNGCucumberRunner.runScenario(TestNGCucumberRunner.java:114)
	at com.frameium.runner.TestRunnerUFSS.runScenario(TestRunnerUFSS.java:73)
	at java.base/jdk.internal.reflect.NativeMethodAccessorImpl.invoke0(Native Method)
	at java.base/jdk.internal.reflect.NativeMethodAccessorImpl.invoke(NativeMethodAccessorImpl.java:77)
	at java.base/jdk.internal.reflect.DelegatingMethodAccessorImpl.invoke(DelegatingMethodAccessorImpl.java:43)
	at java.base/java.lang.reflect.Method.invoke(Method.java:568)
	at org.testng.internal.invokers.MethodInvocationHelper.invokeMethod(MethodInvocationHelper.java:139)
	at org.testng.internal.invokers.TestInvoker.invokeMethod(TestInvoker.java:677)
	at org.testng.internal.invokers.TestInvoker.invokeTestMethod(TestInvoker.java:221)
	at org.testng.internal.invokers.MethodRunner.runInSequence(MethodRunner.java:50)
	at org.testng.internal.invokers.TestInvoker$MethodInvocationAgent.invoke(TestInvoker.java:962)
	at org.testng.internal.invokers.TestInvoker.invokeTestMethods(TestInvoker.java:194)
	at org.testng.internal.invokers.TestMethodWorker.invokeTestMethods(TestMethodWorker.java:148)
	at org.testng.internal.invokers.TestMethodWorker.run(TestMethodWorker.java:128)
	at java.base/java.util.ArrayList.forEach(ArrayList.java:1511)
	at org.testng.TestRunner.privateRun(TestRunner.java:806)
	at org.testng.TestRunner.run(TestRunner.java:601)
	at org.testng.SuiteRunner.runTest(SuiteRunner.java:433)
	at org.testng.SuiteRunner.runSequentially(SuiteRunner.java:427)
	at org.testng.SuiteRunner.privateRun(SuiteRunner.java:387)
	at org.testng.SuiteRunner.run(SuiteRunner.java:330)
	at org.testng.SuiteRunnerWorker.runSuite(SuiteRunnerWorker.java:52)
	at org.testng.SuiteRunnerWorker.run(SuiteRunnerWorker.java:95)
	at org.testng.TestNG.runSuitesSequentially(TestNG.java:1256)
	at org.testng.TestNG.runSuitesLocally(TestNG.java:1176)
	at org.testng.TestNG.runSuites(TestNG.java:1099)
	at org.testng.TestNG.run(TestNG.java:1067)
	at com.intellij.rt.testng.IDEARemoteTestNG.run(IDEARemoteTestNG.java:65)
	at com.intellij.rt.testng.RemoteTestNGStarter.main(RemoteTestNGStarter.java:105)
</textarea>
      
      </div>
              </div>
              <div class="step pass-bg" >
                <span>com.frameium.stepdef.Hooks.afterEveryStep(io.cucumber.java.Scenario)</span>
      <div>
          <div class="row mb-3"><div class="col-md-3">
    <img data-featherlight='../Screenshots/embedded75.png' src="../Screenshots/embedded75.png">
    
    </div></div>
</div>
              </div>
              <div class="step skip-bg" title="com.frameium.stepdef.Ufs.PaymentTest.navigateToUnauthorisedTransactionsClick()">
                <span>And Navigate to unauthorised transactions</span>
      <div>Step skipped
      </div>
              </div>
              <div class="step skip-bg" title="com.frameium.stepdef.Ufs.PaymentTest.authoriseTransaction()">
                <span>Then Authorize the transaction</span>
      <div>Step skipped
      </div>
              </div>
              <div class="step skip-bg" title="com.frameium.stepdef.Ufs.PaymentTest.txnCompleteMsg_Verify()">
                <span>Then Verify whether the transaction complete message is displayed after commiting</span>
      <div>Step skipped
      </div>
              </div>
              <div class="step skip-bg" title="com.frameium.stepdef.Ufs.PaymentTest.navigateToAccountEntries()">
                <span>And Navigate to account entries</span>
      <div>Step skipped
      </div>
              </div>
              <div class="step skip-bg" title="com.frameium.stepdef.Ufs.PaymentTest.EnterExternaloverlimitAccountNumInAccountEnties()">
                <span>Then Enter the external overlimit account number and click on find button</span>
      <div>Step skipped
      </div>
              </div>
              <div class="step skip-bg" title="com.frameium.stepdef.Ufs.PaymentTest.verificationOfExternaloverlimitAccountEntries()">
                <span>And Verify whether the external overlimit transaction is reflected in the accountentries</span>
      <div>Step skipped
      </div>
              </div>
          </div>
        </div>
  </div>
  <div class="card">
    <div class="card-header" role="tab">
      <div class="card-title">
        <div class="node" id="1,185"><span class="badge log fail-bg mr-2">Fail</span>External Transfer overlimit narrative</div>
          <div class="status-avatar float-right mr-4">
            <i class="fa fa-paperclip"></i>
          </div>
      </div>
    </div>
        <div class="">
          <div class="card-body">
              <div class="step pass-bg" title="com.frameium.stepdef.Ufs.PaymentTest.closeAllTheOpenedWindows()">
                <span>When close all the other opened windows</span>
      <div>
      </div>
              </div>
              <div class="step pass-bg" title="com.frameium.stepdef.Ufs.PaymentTest.user_opens_url()">
                <span>When User opens the T24 Url</span>
      <div>
          <div class="row mb-3"><div class="col-md-3">
    <img data-featherlight='../Screenshots/embedded76.png' src="../Screenshots/embedded76.png">
    
    </div></div>
</div>
              </div>
              <div class="step pass-bg" title="com.frameium.stepdef.Ufs.PaymentTest.Login_should_be_successful()">
                <span>Then User should be able to login to T24</span>
      <div>
          <div class="row mb-3"><div class="col-md-3">
    <img data-featherlight='../Screenshots/embedded77.png' src="../Screenshots/embedded77.png">
    
    </div></div>
</div>
      <div>
          <div class="row mb-3"><div class="col-md-3">
    <img data-featherlight='../Screenshots/embedded78.png' src="../Screenshots/embedded78.png">
    
    </div></div>
</div>
      <div>
          <div class="row mb-3"><div class="col-md-3">
    <img data-featherlight='../Screenshots/embedded79.png' src="../Screenshots/embedded79.png">
    
    </div></div>
</div>
      <div>
          <div class="row mb-3"><div class="col-md-3">
    <img data-featherlight='../Screenshots/embedded80.png' src="../Screenshots/embedded80.png">
    
    </div></div>
</div>
              </div>
              <div class="step pass-bg" title="com.frameium.stepdef.Ufs.PaymentTest.fill_in_the_commandline()">
                <span>Then The user should be able to fill the commandline</span>
      <div>
      </div>
              </div>
              <div class="step pass-bg" title="com.frameium.stepdef.Ufs.PaymentTest.generalEnquiriesClick()">
                <span>And The user should be able to click on general enquiries buttom</span>
      <div>
      </div>
              </div>
              <div class="step fail-bg" title="com.frameium.stepdef.Ufs.PaymentTest.IB_view_of_Account_Entries_Click()">
                <span>And click on the IB-view of account entries</span>
      <div>
        <textarea disabled class="code-block">java.lang.NullPointerException: Cannot invoke "org.openqa.selenium.WebElement.click()" because "Ibvieww" is null
	at com.frameium.pageobject.UFS.T24homepage.Ibviewclick(T24homepage.java:1119)
	at com.frameium.stepdef.Ufs.PaymentTest.IB_view_of_Account_Entries_Click(PaymentTest.java:329)
	at ✽.click on the IB-view of account entries(file:///D:/frameium/Frameium_allure/src/test/resources/Features/UFS/T24_Payments.feature:122)
</textarea>
      
      </div>
              </div>
              <div class="step pass-bg" >
                <span>com.frameium.stepdef.Hooks.afterEveryStep(io.cucumber.java.Scenario)</span>
      <div>
          <div class="row mb-3"><div class="col-md-3">
    <img data-featherlight='../Screenshots/embedded81.png' src="../Screenshots/embedded81.png">
    
    </div></div>
</div>
              </div>
              <div class="step skip-bg" title="com.frameium.stepdef.Ufs.PaymentTest.enterExtAccountNumoverlimitInIbviewofAccounytEntries()">
                <span>Then Enter the account number of external transfer overlimit</span>
      <div>Step skipped
      </div>
              </div>
              <div class="step skip-bg" title="com.frameium.stepdef.Ufs.PaymentTest.findButtonClick()">
                <span>And click on find button</span>
      <div>Step skipped
      </div>
              </div>
              <div class="step skip-bg" title="com.frameium.stepdef.Ufs.PaymentTest.ExtransfernarrativeOverLimit()">
                <span>And The details of External transfer overlimit should be reflected in the narratives</span>
      <div>Step skipped
      </div>
              </div>
          </div>
        </div>
  </div>
  <div class="card">
    <div class="card-header" role="tab">
      <div class="card-title">
        <div class="node" id="1,238"><span class="badge log fail-bg mr-2">Fail</span>Balance Maintanance sweep transfer</div>
          <div class="status-avatar float-right mr-4">
            <i class="fa fa-paperclip"></i>
          </div>
      </div>
    </div>
        <div class="">
          <div class="card-body">
              <div class="step pass-bg" title="com.frameium.stepdef.Ufs.PaymentTest.closeAllTheOpenedWindows()">
                <span>When close all the other opened windows</span>
      <div>
      </div>
              </div>
              <div class="step pass-bg" title="com.frameium.stepdef.Ufs.PaymentTest.user_opens_url()">
                <span>When User opens the T24 Url</span>
      <div>
          <div class="row mb-3"><div class="col-md-3">
    <img data-featherlight='../Screenshots/embedded82.png' src="../Screenshots/embedded82.png">
    
    </div></div>
</div>
              </div>
              <div class="step pass-bg" title="com.frameium.stepdef.Ufs.PaymentTest.Login_should_be_successful()">
                <span>Then User should be able to login to T24</span>
      <div>
          <div class="row mb-3"><div class="col-md-3">
    <img data-featherlight='../Screenshots/embedded83.png' src="../Screenshots/embedded83.png">
    
    </div></div>
</div>
      <div>
          <div class="row mb-3"><div class="col-md-3">
    <img data-featherlight='../Screenshots/embedded84.png' src="../Screenshots/embedded84.png">
    
    </div></div>
</div>
      <div>
          <div class="row mb-3"><div class="col-md-3">
    <img data-featherlight='../Screenshots/embedded85.png' src="../Screenshots/embedded85.png">
    
    </div></div>
</div>
      <div>
          <div class="row mb-3"><div class="col-md-3">
    <img data-featherlight='../Screenshots/embedded86.png' src="../Screenshots/embedded86.png">
    
    </div></div>
</div>
              </div>
              <div class="step pass-bg" title="com.frameium.stepdef.Ufs.PaymentTest.fill_in_the_commandline()">
                <span>Then The user should be able to fill the commandline</span>
      <div>
      </div>
              </div>
              <div class="step fail-bg" title="com.frameium.stepdef.Ufs.PaymentTest.findAccount()">
                <span>And navigate to find account option</span>
      <div>
        <textarea disabled class="code-block">java.lang.NullPointerException: Cannot invoke "org.openqa.selenium.WebElement.click()" because "findaccount" is null
	at com.frameium.pageobject.UFS.T24homepage.findAccount(T24homepage.java:1556)
	at com.frameium.stepdef.Ufs.PaymentTest.findAccount(PaymentTest.java:768)
	at ✽.navigate to find account option(file:///D:/frameium/Frameium_allure/src/test/resources/Features/UFS/T24_Payments.feature:132)
</textarea>
      
      </div>
              </div>
              <div class="step pass-bg" >
                <span>com.frameium.stepdef.Hooks.afterEveryStep(io.cucumber.java.Scenario)</span>
      <div>
          <div class="row mb-3"><div class="col-md-3">
    <img data-featherlight='../Screenshots/embedded87.png' src="../Screenshots/embedded87.png">
    
    </div></div>
</div>
              </div>
              <div class="step skip-bg" title="com.frameium.stepdef.Ufs.PaymentTest.openAccounttoBalanceMaintenanceSweep()">
                <span>Then open the account that balance maintenance sweep transfer need to be applied</span>
      <div>Step skipped
      </div>
              </div>
              <div class="step skip-bg" title="com.frameium.stepdef.Ufs.PaymentTest.reverseSweepTransfer()">
                <span>And reverse sweep transfer if any Sweep transfer is there and switch back to main menu</span>
      <div>Step skipped
      </div>
              </div>
              <div class="step skip-bg" title="com.frameium.stepdef.Ufs.PaymentTest.operationsMenuClick()">
                <span>Then navigate to operations menu</span>
      <div>Step skipped
      </div>
              </div>
              <div class="step skip-bg" title="com.frameium.stepdef.Ufs.PaymentTest.SweepMaintenance()">
                <span>And click on sweep maintainance</span>
      <div>Step skipped
      </div>
              </div>
              <div class="step skip-bg" title="com.frameium.stepdef.Ufs.PaymentTest.setupMaintenanceSweep()">
                <span>Then click on  setup maintenance sweep</span>
      <div>Step skipped
      </div>
              </div>
              <div class="step skip-bg" title="com.frameium.stepdef.Ufs.PaymentTest.enterBalanceMaintenanceSweepDetails()">
                <span>And Enter the details for balance maintenance sweep</span>
      <div>Step skipped
      </div>
              </div>
              <div class="step skip-bg" title="com.frameium.stepdef.Ufs.PaymentTest.validateButton_Click()">
                <span>Then Click on validate</span>
      <div>Step skipped
      </div>
              </div>
              <div class="step skip-bg" title="com.frameium.stepdef.Ufs.PaymentTest.commitButtonClick()">
                <span>And Click on commit</span>
      <div>Step skipped
      </div>
              </div>
              <div class="step skip-bg" title="com.frameium.stepdef.Ufs.PaymentTest.txnCompleteMsg_Verify()">
                <span>Then Verify whether the transaction complete message is displayed after commiting</span>
      <div>Step skipped
      </div>
              </div>
              <div class="step skip-bg" title="com.frameium.stepdef.Ufs.PaymentTest.findAccount()">
                <span>And navigate to find account option</span>
      <div>Step skipped
      </div>
              </div>
              <div class="step skip-bg" title="com.frameium.stepdef.Ufs.PaymentTest.openAccounttoBalanceMaintenanceSweep()">
                <span>Then open the account that balance maintenance sweep transfer need to be applied</span>
      <div>Step skipped
      </div>
              </div>
              <div class="step skip-bg" title="com.frameium.stepdef.Ufs.PaymentTest.verifySweepTransfer()">
                <span>And verify that balance maintenance sweep transfer is reflected in the overview page</span>
      <div>Step skipped
      </div>
              </div>
          </div>
        </div>
  </div>
</div>
          </div>
        </li>
      </ul>
    </div>
  </div>
<div class="test-content scrollable">
<div class="test-content-tools">
<ul><li><a class="back-to-test" href="#"><i class="fa fa-arrow-left"></i></a></li></ul>
</div>
<div class="test-content-detail"><div class="detail-body"></div></div>
</div></div>
<div class="test-wrapper row view exception-view attributes-view">
<div class="test-list">
<div class="test-list-tools">
<ul class="tools pull-left"><li><a href=""><span class="font-size-14">Exception</span></a></li></ul>
<ul class="tools text-right"><li><a href="#"><span class="badge badge-primary">3</span></a></li></ul>
</div>
<div class="test-list-wrapper scrollable">
<ul class="test-list-item">
<li class="test-item">
<div class="test-detail">
<span class="meta">
<span class='badge log badge-danger'>1</span>
</span>
<p class="name">java.lang.RuntimeException</p>
<p class="duration text-sm">1 tests</p>
</div>
<div class="test-contents d-none">
<div class="info">
<h4>java.lang.RuntimeException</h4>
<span status="fail" class='badge log badge-danger'>1 failed</span>
</div>
<table class='table table-sm mt-4'>
<thead>
<tr>
<th class="status-col">Status</th>
<th class="timestamp-col">Timestamp</th>
<th>TestName</th>
</tr>
</thead>
<tbody>
<tr class="tag-test-status" status="fail">
<td><span class="badge log fail-bg">Fail</span></td>
<td>14:02:42 PM</td>
<td>
<a href="#" class="linked" test-id='166' id='263'>Then The user should be able to fill the commandline</a>
<div class="">
<span class="badge badge-default">Lending operations.Loan Creation.Then The user should be able to fill the commandline</span>
</div>
</td>
</tr>
<tr class="tag-test-status" status="fail">
<td><span class="badge log fail-bg">Fail</span></td>
<td>14:16:56 PM</td>
<td>
<a href="#" class="linked" test-id='663' id='987'>Then The user should be able to fill the commandline</a>
<div class="">
<span class="badge badge-default">Payment.Internal transfer over limit.Then The user should be able to fill the commandline</span>
</div>
</td>
</tr>
<tr class="tag-test-status" status="fail">
<td><span class="badge log fail-bg">Fail</span></td>
<td>14:22:42 PM</td>
<td>
<a href="#" class="linked" test-id='663' id='1,148'>Then The user should be able to fill the commandline</a>
<div class="">
<span class="badge badge-default">Payment.External transfer over limit.Then The user should be able to fill the commandline</span>
</div>
</td>
</tr>
</tbody>
</table>
</div>
</li>
<li class="test-item">
<div class="test-detail">
<span class="meta">
<span class='badge log badge-danger'>1</span>
</span>
<p class="name">org.openqa.selenium.JavascriptException</p>
<p class="duration text-sm">1 tests</p>
</div>
<div class="test-contents d-none">
<div class="info">
<h4>org.openqa.selenium.JavascriptException</h4>
<span status="fail" class='badge log badge-danger'>1 failed</span>
</div>
<table class='table table-sm mt-4'>
<thead>
<tr>
<th class="status-col">Status</th>
<th class="timestamp-col">Timestamp</th>
<th>TestName</th>
</tr>
</thead>
<tbody>
<tr class="tag-test-status" status="fail">
<td><span class="badge log fail-bg">Fail</span></td>
<td>14:07:27 PM</td>
<td>
<a href="#" class="linked" test-id='663' id='715'>Then Verify whether the transaction complete message is displayed after commiting</a>
<div class="">
<span class="badge badge-default">Payment.Internal transfer.Then Verify whether the transaction complete message is displayed after commiting</span>
</div>
</td>
</tr>
<tr class="tag-test-status" status="fail">
<td><span class="badge log fail-bg">Fail</span></td>
<td>14:11:42 PM</td>
<td>
<a href="#" class="linked" test-id='663' id='841'>Then Verify whether the transaction complete message is displayed after commiting</a>
<div class="">
<span class="badge badge-default">Payment.External transfer.Then Verify whether the transaction complete message is displayed after commiting</span>
</div>
</td>
</tr>
</tbody>
</table>
</div>
</li>
<li class="test-item">
<div class="test-detail">
<span class="meta">
<span class='badge log badge-danger'>1</span>
</span>
<p class="name">java.lang.NullPointerException</p>
<p class="duration text-sm">1 tests</p>
</div>
<div class="test-contents d-none">
<div class="info">
<h4>java.lang.NullPointerException</h4>
<span status="fail" class='badge log badge-danger'>1 failed</span>
</div>
<table class='table table-sm mt-4'>
<thead>
<tr>
<th class="status-col">Status</th>
<th class="timestamp-col">Timestamp</th>
<th>TestName</th>
</tr>
</thead>
<tbody>
<tr class="tag-test-status" status="fail">
<td><span class="badge log fail-bg">Fail</span></td>
<td>13:57:33 PM</td>
<td>
<a href="#" class="linked" test-id='2' id='69'>And verify simulation status becomes Completed - Successfully</a>
<div class="">
<span class="badge badge-default">Deposit.Deposit partial withdrawal.And verify simulation status becomes Completed - Successfully</span>
</div>
</td>
</tr>
<tr class="tag-test-status" status="fail">
<td><span class="badge log fail-bg">Fail</span></td>
<td>14:04:24 PM</td>
<td>
<a href="#" class="linked" test-id='166' id='476'>And user should be able to navigate to find loan</a>
<div class="">
<span class="badge badge-default">Lending operations.Loan Closure.And user should be able to navigate to find loan</span>
</div>
</td>
</tr>
<tr class="tag-test-status" status="fail">
<td><span class="badge log fail-bg">Fail</span></td>
<td>14:08:51 PM</td>
<td>
<a href="#" class="linked" test-id='663' id='768'>And click on the IB-view of account entries</a>
<div class="">
<span class="badge badge-default">Payment.Internal Transfer narrative.And click on the IB-view of account entries</span>
</div>
</td>
</tr>
<tr class="tag-test-status" status="fail">
<td><span class="badge log fail-bg">Fail</span></td>
<td>14:13:00 PM</td>
<td>
<a href="#" class="linked" test-id='663' id='894'>And click on the IB-view of account entries</a>
<div class="">
<span class="badge badge-default">Payment.External Transfer narrative.And click on the IB-view of account entries</span>
</div>
</td>
</tr>
<tr class="tag-test-status" status="fail">
<td><span class="badge log fail-bg">Fail</span></td>
<td>14:18:39 PM</td>
<td>
<a href="#" class="linked" test-id='663' id='1,055'>And click on the IB-view of account entries</a>
<div class="">
<span class="badge badge-default">Payment.Internal Transfer overlimit narrative.And click on the IB-view of account entries</span>
</div>
</td>
</tr>
<tr class="tag-test-status" status="fail">
<td><span class="badge log fail-bg">Fail</span></td>
<td>14:24:33 PM</td>
<td>
<a href="#" class="linked" test-id='663' id='1,216'>And click on the IB-view of account entries</a>
<div class="">
<span class="badge badge-default">Payment.External Transfer overlimit narrative.And click on the IB-view of account entries</span>
</div>
</td>
</tr>
<tr class="tag-test-status" status="fail">
<td><span class="badge log fail-bg">Fail</span></td>
<td>14:25:52 PM</td>
<td>
<a href="#" class="linked" test-id='663' id='1,264'>And navigate to find account option</a>
<div class="">
<span class="badge badge-default">Payment.Balance Maintanance sweep transfer.And navigate to find account option</span>
</div>
</td>
</tr>
</tbody>
</table>
</div>
</li>
</ul>
</div>
</div>
<div class="test-content scrollable">
<div class="test-content-detail">
<div class="detail-body"></div>
</div>
</div>
</div><div class="test-wrapper row view category-view attributes-view">
<div class="test-list">
<div class="test-list-tools">
<ul class="tools pull-left"><li><a href=""><span class="font-size-14">Category</span></a></li></ul>
<ul class="tools text-right"><li><a href="#"><span class="badge badge-primary">1</span></a></li></ul>
</div>
<div class="test-list-wrapper scrollable">
<ul class="test-list-item">
<li class="test-item">
<div class="test-detail">
<span class="meta">
<span class='badge log badge-danger'>12</span>
</span>
<p class="name">@firstday1</p>
<p class="duration text-sm">12 tests</p>
</div>
<div class="test-contents d-none">
<div class="info">
<h4>@firstday1</h4>
<span status="fail" class='badge log badge-danger'>12 failed</span>
</div>
<table class='table table-sm mt-4'>
<thead>
<tr>
<th class="status-col">Status</th>
<th class="timestamp-col">Timestamp</th>
<th>TestName</th>
</tr>
</thead>
<tbody>
<tr class="tag-test-status" status="fail">
<td><span class="badge log fail-bg">Fail</span></td>
<td>13:56:28 PM</td>
<td>
<a href="#" class="linked" test-id='2' id='3'>Deposit partial withdrawal</a>
<div class="">
<span class="badge badge-default">Deposit.Deposit partial withdrawal</span>
</div>
</td>
</tr>
<tr class="tag-test-status" status="fail">
<td><span class="badge log fail-bg">Fail</span></td>
<td>13:58:36 PM</td>
<td>
<a href="#" class="linked" test-id='166' id='167'>Loan Creation</a>
<div class="">
<span class="badge badge-default">Lending operations.Loan Creation</span>
</div>
</td>
</tr>
<tr class="tag-test-status" status="fail">
<td><span class="badge log fail-bg">Fail</span></td>
<td>14:03:46 PM</td>
<td>
<a href="#" class="linked" test-id='166' id='445'>Loan Closure</a>
<div class="">
<span class="badge badge-default">Lending operations.Loan Closure</span>
</div>
</td>
</tr>
<tr class="tag-test-status" status="fail">
<td><span class="badge log fail-bg">Fail</span></td>
<td>14:05:05 PM</td>
<td>
<a href="#" class="linked" test-id='663' id='664'>Internal transfer</a>
<div class="">
<span class="badge badge-default">Payment.Internal transfer</span>
</div>
</td>
</tr>
<tr class="tag-test-status" status="fail">
<td><span class="badge log fail-bg">Fail</span></td>
<td>14:08:04 PM</td>
<td>
<a href="#" class="linked" test-id='663' id='737'>Internal Transfer narrative</a>
<div class="">
<span class="badge badge-default">Payment.Internal Transfer narrative</span>
</div>
</td>
</tr>
<tr class="tag-test-status" status="fail">
<td><span class="badge log fail-bg">Fail</span></td>
<td>14:09:28 PM</td>
<td>
<a href="#" class="linked" test-id='663' id='790'>External transfer</a>
<div class="">
<span class="badge badge-default">Payment.External transfer</span>
</div>
</td>
</tr>
<tr class="tag-test-status" status="fail">
<td><span class="badge log fail-bg">Fail</span></td>
<td>14:12:20 PM</td>
<td>
<a href="#" class="linked" test-id='663' id='863'>External Transfer narrative</a>
<div class="">
<span class="badge badge-default">Payment.External Transfer narrative</span>
</div>
</td>
</tr>
<tr class="tag-test-status" status="fail">
<td><span class="badge log fail-bg">Fail</span></td>
<td>14:13:35 PM</td>
<td>
<a href="#" class="linked" test-id='663' id='916'>Internal transfer over limit</a>
<div class="">
<span class="badge badge-default">Payment.Internal transfer over limit</span>
</div>
</td>
</tr>
<tr class="tag-test-status" status="fail">
<td><span class="badge log fail-bg">Fail</span></td>
<td>14:17:58 PM</td>
<td>
<a href="#" class="linked" test-id='663' id='1,024'>Internal Transfer overlimit narrative</a>
<div class="">
<span class="badge badge-default">Payment.Internal Transfer overlimit narrative</span>
</div>
</td>
</tr>
<tr class="tag-test-status" status="fail">
<td><span class="badge log fail-bg">Fail</span></td>
<td>14:19:17 PM</td>
<td>
<a href="#" class="linked" test-id='663' id='1,077'>External transfer over limit</a>
<div class="">
<span class="badge badge-default">Payment.External transfer over limit</span>
</div>
</td>
</tr>
<tr class="tag-test-status" status="fail">
<td><span class="badge log fail-bg">Fail</span></td>
<td>14:23:50 PM</td>
<td>
<a href="#" class="linked" test-id='663' id='1,185'>External Transfer overlimit narrative</a>
<div class="">
<span class="badge badge-default">Payment.External Transfer overlimit narrative</span>
</div>
</td>
</tr>
<tr class="tag-test-status" status="fail">
<td><span class="badge log fail-bg">Fail</span></td>
<td>14:25:12 PM</td>
<td>
<a href="#" class="linked" test-id='663' id='1,238'>Balance Maintanance sweep transfer</a>
<div class="">
<span class="badge badge-default">Payment.Balance Maintanance sweep transfer</span>
</div>
</td>
</tr>
</tbody>
</table>
</div>
</li>
</ul>
</div>
</div>
<div class="test-content scrollable">
<div class="test-content-detail">
<div class="detail-body"></div>
</div>
</div>
</div><div class="container-fluid p-4 view dashboard-view">
<div class="row">
<div class="col-md-3">
<div class="card"><div class="card-body">
<p class="m-b-0">Started</p>
<h3>Feb 12, 2025 01:56:23 PM</h3>
</div></div>
</div>
<div class="col-md-3">
<div class="card"><div class="card-body">
<p class="m-b-0">Ended</p>
<h3>Feb 12, 2025 02:26:36 PM</h3>
</div></div>
</div>
<div class="col-md-3">
<div class="card"><div class="card-body">
<p class="m-b-0 text-pass">Features Passed</p>
<h3>0</h3>
</div></div>
</div>
<div class="col-md-3">
<div class="card"><div class="card-body">
<p class="m-b-0 text-fail">Features Failed</p>
<h3>3</h3>
</div></div>
</div>
</div>
<div class="row">
<div class="col-md-4">
<div class="card">
<div class="card-header">
<h6 class="card-title">Features</h6>
</div>
<div class="card-body">
<div class="">
<canvas id='parent-analysis' width='115' height='90'></canvas>
</div>
</div>
<div class="card-footer">
<div><small data-tooltip='0%'>
<b>0</b> features passed
</small>
</div>
<div>
<small data-tooltip='100%'><b>3</b> features failed,
<b>0</b> skipped, <b data-tooltip='0%'>0</b> others
</small>
</div>
</div>
</div>
</div>
<div class="col-md-4">
<div class="card">
<div class="card-header">
<h6 class="card-title">Scenarios</h6>
</div>
<div class="card-body">
<div class="">
<canvas id='child-analysis' width='115' height='90'></canvas>
</div>
</div>
<div class="card-footer">
<div><small data-tooltip='0%'><b>0</b> scenarios passed</small></div>
<div>
<small data-tooltip='100%'><b>12</b> scenarios failed,
<b>0</b> skipped, <b data-tooltip='%'>0</b> others
</small>
</div>
</div>
</div>
</div>
<div class="col-md-4">
<div class="card">
<div class="card-header">
<h6 class="card-title">Steps</h6>
</div>
<div class="card-body">
<div class="">
<canvas id='grandchild-analysis' width='115' height='90'></canvas>
</div>
</div>
<div class="card-footer">
<div><small data-tooltip='44%'><b>115</b> steps passed</small></div>
<div>
<small data-tooltip='4%'><b>12</b> steps failed,
<b>131</b> skipped, <b data-tooltip='%'>0</b> others
</small>
</div>
</div>
</div>
</div>
</div>
<div class="row"><div class="col-md-12">
<div class="card"><div class="card-header"><p>Timeline</p></div>
<div class="card-body pt-0"><div>
<canvas id="timeline" height="120"></canvas>
</div></div>
</div>
</div></div>
<script>
var timeline = {
"Deposit":119.149,"Lending operations":377.905,"Payment":1275.311
};
</script>
<div class="row">
<div class="col-md-4 category-container">
<div class="card">
<div class="card-header"><p>Tags</p></div>
<div class="card-body pb-0 pt-0"><table class="table table-sm table-bordered">
<thead><tr class="bg-gray"><th>Name</th><th>Passed</th><th>Failed</th><th>Skipped</th><th>Others</th><th>Passed %</th></tr></thead><tbody>
<tr>
<td>@firstday1</td>
<td>0</td>
<td>12</td>
<td>0</td>
<td>0</td>
<td>0%</td>
</tr>
</tbody>
</table></div>
</div>
</div>
</div>
</div>
<script>
var statusGroup = {
parentCount: 5,
passParent: 0,
failParent: 3,
warningParent: 0,
skipParent: 0,
childCount: 5,
passChild: 0,
failChild: 12,
warningChild: 0,
skipChild: 0,
infoChild: 0,
grandChildCount: 5,
passGrandChild: 115,
failGrandChild: 12,
warningGrandChild: 0,
skipGrandChild: 131,
infoGrandChild: 0,
eventsCount: 5,
};
</script>        </div>
      </div>
    </div>
  </div>
<script src="https://cdn.jsdelivr.net/gh/extent-framework/extent-github-cdn@14e9bb345ef7e2ed3a102f271d84e9f0267c88e7/spark/js/spark-script.js"></script>
<script type="text/javascript"></script></body>
</html>