

<!DOCTYPE html>
<html>
<head>
<meta charset="utf-8">
<meta name="viewport" content="width=device-width, initial-scale=1, shrink-to-fit=no">
<title>TestHouse - Frameium Framework</title>
<link rel="apple-touch-icon" href="https://cdn.jsdelivr.net/gh/extent-framework/extent-github-cdn@b00a2d0486596e73dd7326beacf352c639623a0e/commons/img/logo.png">
<link rel="shortcut icon" href="https://cdn.jsdelivr.net/gh/extent-framework/extent-github-cdn@b00a2d0486596e73dd7326beacf352c639623a0e/commons/img/logo.png">
<link href="https://cdn.jsdelivr.net/gh/extent-framework/extent-github-cdn@c43b89d03a7c43dae8bb8f0f078bad1997af6b3b/spark/css/spark-style.css" rel="stylesheet" />
<link href="https://stackpath.bootstrapcdn.com/font-awesome/4.7.0/css/font-awesome.min.css" rel="stylesheet">
<script src="https://cdn.rawgit.com/extent-framework/extent-github-cdn/7cc78ce/spark/js/jsontree.js"></script>
<style type="text/css"></style></head><body class="spa bdd-report standard">
  <div class="app">
    <div class="layout">
<div class="header navbar">
<div class="vheader">
<div class="nav-logo">
<a href="#">
<div class="logo" style="background-image: url('https://cdn.jsdelivr.net/gh/extent-framework/extent-github-cdn@b00a2d0486596e73dd7326beacf352c639623a0e/commons/img/logo.png')"></div>
</a>
</div>
<ul class="nav-left">
<li class="search-box">
<a class="search-toggle" href="#">
<i class="search-icon fa fa-search"></i>
<i class="search-icon-close fa fa-close"></i>
</a>
</li>
<li class="search-input"><input id="search-tests" class="form-control" type="text" placeholder="Search..."></li>
</ul>
<ul class="nav-right">
<li class="m-r-10">
<a href="#"><span class="badge badge-primary">
<img src="https://cms.technopark.org/zcmspg/zupload/5363/cmp_detail/15291446981673385006_Testhouse%20Logo%20Transparent%202.png" width="90" height="15" />
         
</span></a>
</li>
<li class="m-r-10">
<a href="#"><span class="badge badge-primary">Oct 29, 2024 02:30:41 PM</span></a>
</li>
</ul>
</div>
</div><div class="side-nav">
<div class="side-nav-inner">
<ul class="side-nav-menu">
<li class="nav-item dropdown" onclick="toggleView('test-view')">
<a id="nav-test" class="dropdown-toggle" href="#">
<span class="ico"><i class="fa fa-list"></i></span>
</a>
</li>
<li class="nav-item dropdown" onclick="toggleView('exception-view')">
<a id="nav-exception" class="dropdown-toggle" href="#">
<span class="ico"><i class="fa fa-bug"></i></span>
</a>
</li>
<li class="nav-item dropdown" onclick="toggleView('category-view')">
<a id="nav-category" class="dropdown-toggle" href="#">
<span class="ico"><i class="fa fa-tag"></i></span>
</a>
</li>
<li class="nav-item dropdown" onclick="toggleView('dashboard-view')">
<a id="nav-dashboard" class="dropdown-toggle" href="#">
<span class="ico"><i class="fa fa-bar-chart"></i></span>
</a>
</li>
</ul>
</div>
</div>      <div class="vcontainer">
        <div class="main-content">
<div class="test-wrapper row view test-view">
  <div class="test-list">
    <div class="test-list-tools">
<ul class="tools pull-left">
<li><a href="#"><span class="font-size-14">Tests</span></a></li>
</ul>
<ul class="tools text-right">
<li class="dropdown">
<a href="#" class="dropdown-toggle" data-toggle="dropdown"><i class="fa fa-exclamation-circle"></i></a>
<ul id="status-toggle" class="dropdown-menu dropdown-md p-v-0">
<a class="dropdown-item" status="pass" href="#"><span>Pass</span><span class="status success"></span></a>
<a class="dropdown-item" status="fail" href="#"><span>Fail</span><span class="status danger"></span></a>
<div class="dropdown-divider"></div>
<a status="clear" class="dropdown-item" href="#"><span>Clear</span><span class="pull-right"><i class="fa fa-close"></i></span></a>
</ul>
</li>
<li class="dropdown">
<a href="#" class="dropdown-toggle" data-toggle="dropdown"><i class="fa fa-tag"></i></a>
<ul id="tag-toggle" class="dropdown-menu dropdown-md p-v-0">
<a class="dropdown-item" href="#">@beforeCOBScenarios</a>
</ul>
</li>
</ul>
</div>    <div class="test-list-wrapper scrollable">
      <ul class="test-list-item">
        <li class="test-item"  status="pass" test-id="2"
          author=""
          tag=""
          device="">
          <div class="test-detail">
            <p class="name">Account</p>
            <p class="text-sm">
              <span>14:30:47 PM</span> / <span>32:47:557</span>
              <span class="badge pass-bg log float-right">Pass</span>
            </p>
          </div>
          <div class="test-contents d-none">
<div class="detail-head">
<div class="p-v-10">
<div class="info">
<h5 class="test-status text-pass">Account</h5>
<span class='badge badge-success'>10.29.2024 14:30:47</span>
<span class='badge badge-danger'>10.29.2024 14:33:35</span>
<span class='badge badge-default'>32:47:557</span>
&middot; <span class='uri-anchor badge badge-default'>#test-id=2</span>
</div>
<div class="m-t-10 m-l-5"></div>
</div>
</div>
<div class="accordion mt-4">
  <div class="card">
    <div class="card-header" role="tab">
      <div class="card-title">
        <div class="node" id="3"><span class="badge log pass-bg mr-2">Pass</span>Account creation</div>
          <div class="status-avatar float-right mr-4">
            <i class="fa fa-paperclip"></i>
          </div>
      </div>
    </div>
        <div class="collapse">
          <div class="card-body">
              <div class="step pass-bg" title="com.frameium.stepdef.Ufs.PaymentTest.closeAllTheOpenedWindows()">
                <span>When close all the other opened windows</span>
      <div>
      </div>
              </div>
              <div class="step pass-bg" title="com.frameium.stepdef.Ufs.PaymentTest.user_opens_url()">
                <span>When User opens the T24 Url</span>
      <div>
          <div class="row mb-3"><div class="col-md-3">
    <img data-featherlight='../Screenshots/embedded1.png' src="../Screenshots/embedded1.png">
    
    </div></div>
</div>
              </div>
              <div class="step pass-bg" title="com.frameium.stepdef.Ufs.PaymentTest.Login_should_be_successful()">
                <span>Then User should be able to login to T24</span>
      <div>
          <div class="row mb-3"><div class="col-md-3">
    <img data-featherlight='../Screenshots/embedded2.png' src="../Screenshots/embedded2.png">
    
    </div></div>
</div>
              </div>
              <div class="step pass-bg" title="com.frameium.stepdef.Ufs.PaymentTest.fill_in_the_commandline()">
                <span>Then The user should be able to fill the commandline</span>
      <div>
      </div>
              </div>
              <div class="step pass-bg" title="com.frameium.stepdef.Ufs.PaymentTest.navigateToProductCatalog()">
                <span>And Navigate to Product catalog</span>
      <div>
      </div>
              </div>
              <div class="step pass-bg" title="com.frameium.stepdef.Ufs.PaymentTest.clickOnAtCallInvestmentChurchAccountNewArrangementButton()">
                <span>Then Click on At call investment church Account New Arrangement button</span>
      <div>
      </div>
              </div>
              <div class="step pass-bg" title="com.frameium.stepdef.Ufs.PaymentTest.enterTheCustomerNumberInTheCustomerFieldOfAtcallIn()">
                <span>And Enter the customer number for creating At call Investment church in the customer field</span>
      <div>
      </div>
              </div>
              <div class="step pass-bg" title="com.frameium.stepdef.Ufs.PaymentTest.validateButton_Click()">
                <span>Then Click on validate</span>
      <div>
      </div>
              </div>
              <div class="step pass-bg" title="com.frameium.stepdef.Ufs.PaymentTest.selectTheAccountMandateRecord()">
                <span>And Select the account mandate record</span>
      <div>
      </div>
              </div>
              <div class="step pass-bg" title="com.frameium.stepdef.Ufs.PaymentTest.clickOnCommitTheDealForCreatingAccount()">
                <span>And Click on commit the deal for creating account</span>
      <div>
      </div>
              </div>
              <div class="step pass-bg" title="com.frameium.stepdef.Ufs.PaymentTest.txnCompleteMsg_Verify()">
                <span>Then Verify whether the transaction complete message is displayed after commiting</span>
      <div>
          <div class="row mb-3"><div class="col-md-3">
    <img data-featherlight='../Screenshots/embedded3.png' src="../Screenshots/embedded3.png">
    
    </div></div>
</div>
              </div>
              <div class="step pass-bg" title="com.frameium.stepdef.Ufs.PaymentTest.switchBackToMainWindow()">
                <span>And switch back to main window</span>
      <div>
      </div>
              </div>
              <div class="step pass-bg" title="com.frameium.stepdef.Ufs.PaymentTest.fill_in_the_commandline()">
                <span>Then The user should be able to fill the commandline</span>
      <div>
      </div>
              </div>
              <div class="step pass-bg" title="com.frameium.stepdef.Ufs.PaymentTest.findAccount()">
                <span>Then navigate to find account option</span>
      <div>
      </div>
              </div>
              <div class="step pass-bg" title="com.frameium.stepdef.Ufs.PaymentTest.openTheNewlyCreatedAccount()">
                <span>And open the newly created account</span>
      <div>
      </div>
              </div>
              <div class="step pass-bg" title="com.frameium.stepdef.Ufs.PaymentTest.verifyTheNewlyCreatedAccount()">
                <span>Then Verify the newly created account</span>
      <div>
          <div class="row mb-3"><div class="col-md-3">
    <img data-featherlight='../Screenshots/embedded4.png' src="../Screenshots/embedded4.png">
    
    </div></div>
</div>
              </div>
          </div>
        </div>
  </div>
  <div class="card">
    <div class="card-header" role="tab">
      <div class="card-title">
        <div class="node" id="91"><span class="badge log pass-bg mr-2">Pass</span>Account closure</div>
          <div class="status-avatar float-right mr-4">
            <i class="fa fa-paperclip"></i>
          </div>
      </div>
    </div>
        <div class="collapse">
          <div class="card-body">
              <div class="step pass-bg" title="com.frameium.stepdef.Ufs.PaymentTest.closeAllTheOpenedWindows()">
                <span>When close all the other opened windows</span>
      <div>
      </div>
              </div>
              <div class="step pass-bg" title="com.frameium.stepdef.Ufs.PaymentTest.user_opens_url()">
                <span>When User opens the T24 Url</span>
      <div>
          <div class="row mb-3"><div class="col-md-3">
    <img data-featherlight='../Screenshots/embedded5.png' src="../Screenshots/embedded5.png">
    
    </div></div>
</div>
              </div>
              <div class="step pass-bg" title="com.frameium.stepdef.Ufs.PaymentTest.Login_should_be_successful()">
                <span>Then User should be able to login to T24</span>
      <div>
          <div class="row mb-3"><div class="col-md-3">
    <img data-featherlight='../Screenshots/embedded6.png' src="../Screenshots/embedded6.png">
    
    </div></div>
</div>
              </div>
              <div class="step pass-bg" title="com.frameium.stepdef.Ufs.PaymentTest.fill_in_the_commandline()">
                <span>Then The user should be able to fill the commandline</span>
      <div>
      </div>
              </div>
              <div class="step pass-bg" title="com.frameium.stepdef.Ufs.PaymentTest.findAccount()">
                <span>And navigate to find account option</span>
      <div>
      </div>
              </div>
              <div class="step pass-bg" title="com.frameium.stepdef.Ufs.PaymentTest.openTheAaccountForPerformingClosure()">
                <span>Then open the account for performing closure</span>
      <div>
      </div>
              </div>
              <div class="step pass-bg" title="com.frameium.stepdef.Ufs.PaymentTest.clickOnPerformClosure()">
                <span>And click on perform closure</span>
      <div>
      </div>
              </div>
              <div class="step pass-bg" title="com.frameium.stepdef.Ufs.PaymentTest.validateButton_Click()">
                <span>Then Click on validate</span>
      <div>
      </div>
              </div>
              <div class="step pass-bg" title="com.frameium.stepdef.Ufs.PaymentTest.commitButtonClick()">
                <span>And Click on commit</span>
      <div>
      </div>
              </div>
              <div class="step pass-bg" title="com.frameium.stepdef.Ufs.PaymentTest.clickOnAcceptOverride()">
                <span>Then click on accept override</span>
      <div>
          <div class="row mb-3"><div class="col-md-3">
    <img data-featherlight='../Screenshots/embedded7.png' src="../Screenshots/embedded7.png">
    
    </div></div>
</div>
              </div>
              <div class="step pass-bg" title="com.frameium.stepdef.Ufs.PaymentTest.verifyWhetherTheTransactionCompleteMessageIsDisplayed()">
                <span>Then Verify whether the transaction complete message is displayed</span>
      <div>
          <div class="row mb-3"><div class="col-md-3">
    <img data-featherlight='../Screenshots/embedded8.png' src="../Screenshots/embedded8.png">
    
    </div></div>
</div>
              </div>
              <div class="step pass-bg" title="com.frameium.stepdef.Ufs.PaymentTest.switchBackToMainWindow()">
                <span>And switch back to main window</span>
      <div>
      </div>
              </div>
              <div class="step pass-bg" title="com.frameium.stepdef.Ufs.PaymentTest.fill_in_the_commandline()">
                <span>Then The user should be able to fill the commandline</span>
      <div>
      </div>
              </div>
              <div class="step pass-bg" title="com.frameium.stepdef.Ufs.PaymentTest.findAccount()">
                <span>Then navigate to find account option</span>
      <div>
      </div>
              </div>
              <div class="step pass-bg" title="com.frameium.stepdef.Ufs.PaymentTest.openTheAaccountForPerformingClosure()">
                <span>Then open the account for performing closure</span>
      <div>
      </div>
              </div>
              <div class="step pass-bg" title="com.frameium.stepdef.Ufs.PaymentTest.verifyWhetherTheAccountStatusChangedToPendingClosure()">
                <span>And Verify whether the account status changed to Pending Closure</span>
      <div>
          <div class="row mb-3"><div class="col-md-3">
    <img data-featherlight='../Screenshots/embedded9.png' src="../Screenshots/embedded9.png">
    
    </div></div>
</div>
              </div>
          </div>
        </div>
  </div>
</div>
          </div>
        </li>
        <li class="test-item"  status="fail" test-id="179"
          author=""
          tag=""
          device="">
          <div class="test-detail">
            <p class="name">Deposit</p>
            <p class="text-sm">
              <span>14:33:43 PM</span> / <span>45:35:722</span>
              <span class="badge fail-bg log float-right">Fail</span>
            </p>
          </div>
          <div class="test-contents d-none">
<div class="detail-head">
<div class="p-v-10">
<div class="info">
<h5 class="test-status text-fail">Deposit</h5>
<span class='badge badge-success'>10.29.2024 14:33:43</span>
<span class='badge badge-danger'>10.29.2024 14:49:19</span>
<span class='badge badge-default'>45:35:722</span>
&middot; <span class='uri-anchor badge badge-default'>#test-id=179</span>
</div>
<div class="m-t-10 m-l-5"></div>
</div>
</div>
<div class="accordion mt-4">
  <div class="card">
    <div class="card-header" role="tab">
      <div class="card-title">
        <div class="node" id="180"><span class="badge log pass-bg mr-2">Pass</span>Deposit Creation</div>
          <div class="status-avatar float-right mr-4">
            <i class="fa fa-paperclip"></i>
          </div>
      </div>
    </div>
        <div class="collapse">
          <div class="card-body">
              <div class="step pass-bg" title="com.frameium.stepdef.Ufs.PaymentTest.closeAllTheOpenedWindows()">
                <span>When close all the other opened windows</span>
      <div>
      </div>
              </div>
              <div class="step pass-bg" title="com.frameium.stepdef.Ufs.PaymentTest.user_opens_url()">
                <span>When User opens the T24 Url</span>
      <div>
          <div class="row mb-3"><div class="col-md-3">
    <img data-featherlight='../Screenshots/embedded10.png' src="../Screenshots/embedded10.png">
    
    </div></div>
</div>
              </div>
              <div class="step pass-bg" title="com.frameium.stepdef.Ufs.PaymentTest.Login_should_be_successful()">
                <span>Then User should be able to login to T24</span>
      <div>
          <div class="row mb-3"><div class="col-md-3">
    <img data-featherlight='../Screenshots/embedded11.png' src="../Screenshots/embedded11.png">
    
    </div></div>
</div>
              </div>
              <div class="step pass-bg" title="com.frameium.stepdef.Ufs.PaymentTest.fill_in_the_commandline()">
                <span>Then The user should be able to fill the commandline</span>
      <div>
      </div>
              </div>
              <div class="step pass-bg" title="com.frameium.stepdef.Ufs.PaymentTest.navigateToProductCatalog()">
                <span>And Navigate to Product catalog</span>
      <div>
      </div>
              </div>
              <div class="step pass-bg" title="com.frameium.stepdef.Ufs.PaymentTest.clickOnFixedTermNonChurch()">
                <span>Then click on fixed Term non church</span>
      <div>
      </div>
              </div>
              <div class="step pass-bg" title="com.frameium.stepdef.Ufs.PaymentTest.fillTheCustomerNumberInCustomerField()">
                <span>And fill the customer number in customer field</span>
      <div>
      </div>
              </div>
              <div class="step pass-bg" title="com.frameium.stepdef.Ufs.PaymentTest.validateButton_Click()">
                <span>Then Click on validate</span>
      <div>
      </div>
              </div>
              <div class="step pass-bg" title="com.frameium.stepdef.Ufs.PaymentTest.enterTheCommitmentAmount()">
                <span>Then Enter the commitment amount</span>
      <div>
      </div>
              </div>
              <div class="step pass-bg" title="com.frameium.stepdef.Ufs.PaymentTest.provideTheRolloverPeriod()">
                <span>And provide the rollover period</span>
      <div>
      </div>
              </div>
              <div class="step pass-bg" title="com.frameium.stepdef.Ufs.PaymentTest.enterThePayoutDetails()">
                <span>Then Enter the payout details</span>
      <div>
      </div>
              </div>
              <div class="step pass-bg" title="com.frameium.stepdef.Ufs.PaymentTest.validateButton_Click()">
                <span>Then Click on validate</span>
      <div>
      </div>
              </div>
              <div class="step pass-bg" title="com.frameium.stepdef.Ufs.PaymentTest.clickOnCommitForDepositCreation()">
                <span>And Click on commit for deposit creation</span>
      <div>
      </div>
              </div>
              <div class="step pass-bg" title="com.frameium.stepdef.Ufs.PaymentTest.clickOnAcceptOverride()">
                <span>Then click on accept override</span>
      <div>
          <div class="row mb-3"><div class="col-md-3">
    <img data-featherlight='../Screenshots/embedded12.png' src="../Screenshots/embedded12.png">
    
    </div></div>
</div>
              </div>
              <div class="step pass-bg" title="com.frameium.stepdef.Ufs.PaymentTest.verifyWhetherTheTransactionCompleteMessageIsDisplayed()">
                <span>Then Verify whether the transaction complete message is displayed</span>
      <div>
          <div class="row mb-3"><div class="col-md-3">
    <img data-featherlight='../Screenshots/embedded13.png' src="../Screenshots/embedded13.png">
    
    </div></div>
</div>
              </div>
              <div class="step pass-bg" title="com.frameium.stepdef.Ufs.PaymentTest.switchBackToMainWindow()">
                <span>And switch back to main window</span>
      <div>
      </div>
              </div>
              <div class="step pass-bg" title="com.frameium.stepdef.Ufs.PaymentTest.fill_in_the_commandline()">
                <span>Then The user should be able to fill the commandline</span>
      <div>
      </div>
              </div>
              <div class="step pass-bg" title="com.frameium.stepdef.Ufs.PaymentTest.navigateToFindDepositOptionnewDeposit()">
                <span>And navigate to find deposit option</span>
      <div>
      </div>
              </div>
              <div class="step pass-bg" title="com.frameium.stepdef.Ufs.PaymentTest.openTheNewlyCreatedDeposit()">
                <span>Then open the newly created deposit</span>
      <div>
      </div>
              </div>
              <div class="step pass-bg" title="com.frameium.stepdef.Ufs.PaymentTest.verifyTheNewlyCreatedDeposit()">
                <span>Then Verify the newly created deposit</span>
      <div>
      </div>
              </div>
              <div class="step pass-bg" title="com.frameium.stepdef.Ufs.PaymentTest.switchBackToMainWindow()">
                <span>And switch back to main window</span>
      <div>
      </div>
              </div>
              <div class="step pass-bg" title="com.frameium.stepdef.Ufs.PaymentTest.fill_in_the_commandline()">
                <span>Then The user should be able to fill the commandline</span>
      <div>
      </div>
              </div>
              <div class="step pass-bg" title="com.frameium.stepdef.Ufs.PaymentTest.Accounttransfer_click()">
                <span>Then The user should be able to navigate to Account transfer button</span>
      <div>
      </div>
              </div>
              <div class="step pass-bg" title="com.frameium.stepdef.Ufs.PaymentTest.fill_thedetails_for_deposit_funding()">
                <span>And Enter the details in the account transfer fields for deposit funding</span>
      <div>
      </div>
              </div>
              <div class="step pass-bg" title="com.frameium.stepdef.Ufs.PaymentTest.validateButton_Click()">
                <span>Then Click on validate</span>
      <div>
      </div>
              </div>
              <div class="step pass-bg" title="com.frameium.stepdef.Ufs.PaymentTest.commitButtonClick()">
                <span>And Click on commit</span>
      <div>
      </div>
              </div>
              <div class="step pass-bg" title="com.frameium.stepdef.Ufs.PaymentTest.txnCompleteMsg_Verify()">
                <span>Then Verify whether the transaction complete message is displayed after commiting</span>
      <div>
          <div class="row mb-3"><div class="col-md-3">
    <img data-featherlight='../Screenshots/embedded14.png' src="../Screenshots/embedded14.png">
    
    </div></div>
</div>
              </div>
          </div>
        </div>
  </div>
  <div class="card">
    <div class="card-header" role="tab">
      <div class="card-title">
        <div class="node" id="323"><span class="badge log fail-bg mr-2">Fail</span>Deposit Closure</div>
          <div class="status-avatar float-right mr-4">
            <i class="fa fa-paperclip"></i>
          </div>
      </div>
    </div>
        <div class="">
          <div class="card-body">
              <div class="step pass-bg" title="com.frameium.stepdef.Ufs.PaymentTest.closeAllTheOpenedWindows()">
                <span>When close all the other opened windows</span>
      <div>
      </div>
              </div>
              <div class="step pass-bg" title="com.frameium.stepdef.Ufs.PaymentTest.user_opens_url()">
                <span>When User opens the T24 Url</span>
      <div>
          <div class="row mb-3"><div class="col-md-3">
    <img data-featherlight='../Screenshots/embedded15.png' src="../Screenshots/embedded15.png">
    
    </div></div>
</div>
              </div>
              <div class="step pass-bg" title="com.frameium.stepdef.Ufs.PaymentTest.Login_should_be_successful()">
                <span>Then User should be able to login to T24</span>
      <div>
          <div class="row mb-3"><div class="col-md-3">
    <img data-featherlight='../Screenshots/embedded16.png' src="../Screenshots/embedded16.png">
    
    </div></div>
</div>
              </div>
              <div class="step pass-bg" title="com.frameium.stepdef.Ufs.PaymentTest.fill_in_the_commandline()">
                <span>Then The user should be able to fill the commandline</span>
      <div>
      </div>
              </div>
              <div class="step pass-bg" title="com.frameium.stepdef.Ufs.PaymentTest.navigateToFindDepositOptionForDepositClosure()">
                <span>And navigate to find deposit for deposit closure</span>
      <div>
      </div>
              </div>
              <div class="step pass-bg" title="com.frameium.stepdef.Ufs.PaymentTest.openTheNewlyCreatedDeposit()">
                <span>Then open the newly created deposit</span>
      <div>
      </div>
              </div>
              <div class="step pass-bg" title="com.frameium.stepdef.Ufs.PaymentTest.clickOnRedeemDeposit()">
                <span>And Click on Redeem Deposit</span>
      <div>
      </div>
              </div>
              <div class="step pass-bg" title="com.frameium.stepdef.Ufs.PaymentTest.fromTheNewlyOpenedWindowSelectTheReasonForAccountClosure()">
                <span>Then from the newly opened window select the reason for account closure</span>
      <div>
      </div>
              </div>
              <div class="step pass-bg" title="com.frameium.stepdef.Ufs.PaymentTest.validateButton_Click()">
                <span>Then Click on validate</span>
      <div>
      </div>
              </div>
              <div class="step pass-bg" title="com.frameium.stepdef.Ufs.PaymentTest.enterThePayoutDetailsDeposit()">
                <span>And Enter the deposit payout details</span>
      <div>
      </div>
              </div>
              <div class="step pass-bg" title="com.frameium.stepdef.Ufs.PaymentTest.validateButton_Click()">
                <span>Then Click on validate</span>
      <div>
      </div>
              </div>
              <div class="step pass-bg" title="com.frameium.stepdef.Ufs.PaymentTest.commitButtonClick()">
                <span>And Click on commit</span>
      <div>
      </div>
              </div>
              <div class="step pass-bg" title="com.frameium.stepdef.Ufs.PaymentTest.clickOnAcceptOverride()">
                <span>Then click on accept override</span>
      <div>
          <div class="row mb-3"><div class="col-md-3">
    <img data-featherlight='../Screenshots/embedded17.png' src="../Screenshots/embedded17.png">
    
    </div></div>
</div>
              </div>
              <div class="step pass-bg" title="com.frameium.stepdef.Ufs.PaymentTest.verifyWhetherTheTransactionCompleteMessageIsDisplayedAfterRedeemDeposit()">
                <span>Then Verify whether the transaction complete message is displayed after redeem deposit</span>
      <div>
      </div>
              </div>
              <div class="step pass-bg" title="com.frameium.stepdef.Ufs.PaymentTest.verifySimulationStatusBecomesCompletedSuccessfully()">
                <span>And verify simulation status becomes Completed - Successfully</span>
      <div>
      </div>
              </div>
              <div class="step pass-bg" title="com.frameium.stepdef.Ufs.PaymentTest.switchBackToMainWindow()">
                <span>And switch back to main window</span>
      <div>
      </div>
              </div>
              <div class="step pass-bg" title="com.frameium.stepdef.Ufs.PaymentTest.fill_in_the_commandline()">
                <span>Then The user should be able to fill the commandline</span>
      <div>
      </div>
              </div>
              <div class="step pass-bg" title="com.frameium.stepdef.Ufs.PaymentTest.navigateToFindDepositOptionForDepositClosure()">
                <span>And navigate to find deposit for deposit closure</span>
      <div>
      </div>
              </div>
              <div class="step pass-bg" title="com.frameium.stepdef.Ufs.PaymentTest.openTheNewlyCreatedDeposit()">
                <span>Then open the newly created deposit</span>
      <div>
      </div>
              </div>
              <div class="step pass-bg" title="com.frameium.stepdef.Ufs.PaymentTest.clickOnRedemptionstatement()">
                <span>And click on redemptionstatement</span>
      <div>
      </div>
              </div>
              <div class="step fail-bg" title="com.frameium.stepdef.Ufs.PaymentTest.performTheDepositRedemption()">
                <span>Then perform the deposit redemption</span>
      <div>
        <textarea disabled class="code-block">java.lang.NullPointerException: Cannot invoke "org.openqa.selenium.WebElement.getText()" because the return value of "com.frameium.pageobject.UFS.T24homepage.findElement(org.openqa.selenium.By)" is null
	at com.frameium.pageobject.UFS.T24homepage.redemptionList(T24homepage.java:1010)
	at com.frameium.stepdef.Ufs.PaymentTest.performTheDepositRedemption(PaymentTest.java:1193)
	at ✽.perform the deposit redemption(file:///D:/frameium/Frameium_allure/src/test/resources/Features/UFS/T24_Deposit.feature:58)
</textarea>
      
      </div>
              </div>
              <div class="step pass-bg" >
                <span>com.frameium.stepdef.Hooks.afterEveryStep(io.cucumber.java.Scenario)</span>
      <div>
          <div class="row mb-3"><div class="col-md-3">
    <img data-featherlight='../Screenshots/embedded18.png' src="../Screenshots/embedded18.png">
    
    </div></div>
</div>
              </div>
              <div class="step skip-bg" title="com.frameium.stepdef.Ufs.PaymentTest.validateButton_Click()">
                <span>Then Click on validate</span>
      <div>Step skipped
      </div>
              </div>
              <div class="step skip-bg" title="com.frameium.stepdef.Ufs.PaymentTest.enterThePayoutDetailsDeposit()">
                <span>And Enter the deposit payout details</span>
      <div>Step skipped
      </div>
              </div>
              <div class="step skip-bg" title="com.frameium.stepdef.Ufs.PaymentTest.validateButton_Click()">
                <span>Then Click on validate</span>
      <div>Step skipped
      </div>
              </div>
              <div class="step skip-bg" title="com.frameium.stepdef.Ufs.PaymentTest.commitButtonClick()">
                <span>And Click on commit</span>
      <div>Step skipped
      </div>
              </div>
              <div class="step skip-bg" title="com.frameium.stepdef.Ufs.PaymentTest.clickOnAcceptOverride()">
                <span>Then click on accept override</span>
      <div>Step skipped
      </div>
              </div>
              <div class="step skip-bg" title="com.frameium.stepdef.Ufs.PaymentTest.verifyWhetherTheTransactionCompleteMessageIsDisplayed()">
                <span>Then Verify whether the transaction complete message is displayed</span>
      <div>Step skipped
      </div>
              </div>
              <div class="step skip-bg" title="com.frameium.stepdef.Ufs.PaymentTest.switchBackToMainWindow()">
                <span>And switch back to main window</span>
      <div>Step skipped
      </div>
              </div>
              <div class="step skip-bg" title="com.frameium.stepdef.Ufs.PaymentTest.fill_in_the_commandline()">
                <span>Then The user should be able to fill the commandline</span>
      <div>Step skipped
      </div>
              </div>
              <div class="step skip-bg" title="com.frameium.stepdef.Ufs.PaymentTest.navigateToFindDepositOptionForDepositClosure()">
                <span>And navigate to find deposit for deposit closure</span>
      <div>Step skipped
      </div>
              </div>
              <div class="step skip-bg" title="com.frameium.stepdef.Ufs.PaymentTest.openTheDeposited()">
                <span>Then open the deposit for closure</span>
      <div>Step skipped
      </div>
              </div>
              <div class="step skip-bg" title="com.frameium.stepdef.Ufs.PaymentTest.verifyTheDepositClosure()">
                <span>And verify the deposit closure</span>
      <div>Step skipped
      </div>
              </div>
          </div>
        </div>
  </div>
  <div class="card">
    <div class="card-header" role="tab">
      <div class="card-title">
        <div class="node" id="491"><span class="badge log fail-bg mr-2">Fail</span>Deposit Closure</div>
          <div class="status-avatar float-right mr-4">
            <i class="fa fa-paperclip"></i>
          </div>
      </div>
    </div>
        <div class="">
          <div class="card-body">
              <div class="step pass-bg" title="com.frameium.stepdef.Ufs.PaymentTest.closeAllTheOpenedWindows()">
                <span>When close all the other opened windows</span>
      <div>
      </div>
              </div>
              <div class="step pass-bg" title="com.frameium.stepdef.Ufs.PaymentTest.user_opens_url()">
                <span>When User opens the T24 Url</span>
      <div>
          <div class="row mb-3"><div class="col-md-3">
    <img data-featherlight='../Screenshots/embedded19.png' src="../Screenshots/embedded19.png">
    
    </div></div>
</div>
              </div>
              <div class="step pass-bg" title="com.frameium.stepdef.Ufs.PaymentTest.Login_should_be_successful()">
                <span>Then User should be able to login to T24</span>
      <div>
          <div class="row mb-3"><div class="col-md-3">
    <img data-featherlight='../Screenshots/embedded20.png' src="../Screenshots/embedded20.png">
    
    </div></div>
</div>
              </div>
              <div class="step pass-bg" title="com.frameium.stepdef.Ufs.PaymentTest.fill_in_the_commandline()">
                <span>Then The user should be able to fill the commandline</span>
      <div>
      </div>
              </div>
              <div class="step pass-bg" title="com.frameium.stepdef.Ufs.PaymentTest.navigateToFindDepositOptionForDepositClosure()">
                <span>And navigate to find deposit for deposit closure</span>
      <div>
      </div>
              </div>
              <div class="step pass-bg" title="com.frameium.stepdef.Ufs.PaymentTest.openTheNewlyCreatedDeposit()">
                <span>Then open the newly created deposit</span>
      <div>
      </div>
              </div>
              <div class="step pass-bg" title="com.frameium.stepdef.Ufs.PaymentTest.clickOnRedeemDeposit()">
                <span>And Click on Redeem Deposit</span>
      <div>
      </div>
              </div>
              <div class="step pass-bg" title="com.frameium.stepdef.Ufs.PaymentTest.fromTheNewlyOpenedWindowSelectTheReasonForAccountClosure()">
                <span>Then from the newly opened window select the reason for account closure</span>
      <div>
      </div>
              </div>
              <div class="step pass-bg" title="com.frameium.stepdef.Ufs.PaymentTest.validateButton_Click()">
                <span>Then Click on validate</span>
      <div>
      </div>
              </div>
              <div class="step pass-bg" title="com.frameium.stepdef.Ufs.PaymentTest.enterThePayoutDetailsDeposit()">
                <span>And Enter the deposit payout details</span>
      <div>
      </div>
              </div>
              <div class="step pass-bg" title="com.frameium.stepdef.Ufs.PaymentTest.validateButton_Click()">
                <span>Then Click on validate</span>
      <div>
      </div>
              </div>
              <div class="step pass-bg" title="com.frameium.stepdef.Ufs.PaymentTest.commitButtonClick()">
                <span>And Click on commit</span>
      <div>
      </div>
              </div>
              <div class="step pass-bg" title="com.frameium.stepdef.Ufs.PaymentTest.clickOnAcceptOverride()">
                <span>Then click on accept override</span>
      <div>
          <div class="row mb-3"><div class="col-md-3">
    <img data-featherlight='../Screenshots/embedded21.png' src="../Screenshots/embedded21.png">
    
    </div></div>
</div>
              </div>
              <div class="step pass-bg" title="com.frameium.stepdef.Ufs.PaymentTest.verifyWhetherTheTransactionCompleteMessageIsDisplayedAfterRedeemDeposit()">
                <span>Then Verify whether the transaction complete message is displayed after redeem deposit</span>
      <div>
      </div>
              </div>
              <div class="step fail-bg" title="com.frameium.stepdef.Ufs.PaymentTest.verifySimulationStatusBecomesCompletedSuccessfully()">
                <span>And verify simulation status becomes Completed - Successfully</span>
      <div>
        <textarea disabled class="code-block">java.lang.NullPointerException: Cannot invoke "org.openqa.selenium.WebElement.getText()" because "Simulationmsg" is null
	at com.frameium.pageobject.UFS.T24homepage.simulationStatus(T24homepage.java:910)
	at com.frameium.stepdef.Ufs.PaymentTest.verifySimulationStatusBecomesCompletedSuccessfully(PaymentTest.java:1215)
	at ✽.verify simulation status becomes Completed - Successfully(file:///D:/frameium/Frameium_allure/src/test/resources/Features/UFS/T24_Deposit.feature:52)
</textarea>
      
      </div>
              </div>
              <div class="step pass-bg" >
                <span>com.frameium.stepdef.Hooks.afterEveryStep(io.cucumber.java.Scenario)</span>
      <div>
          <div class="row mb-3"><div class="col-md-3">
    <img data-featherlight='../Screenshots/embedded22.png' src="../Screenshots/embedded22.png">
    
    </div></div>
</div>
              </div>
              <div class="step skip-bg" title="com.frameium.stepdef.Ufs.PaymentTest.switchBackToMainWindow()">
                <span>And switch back to main window</span>
      <div>Step skipped
      </div>
              </div>
              <div class="step skip-bg" title="com.frameium.stepdef.Ufs.PaymentTest.fill_in_the_commandline()">
                <span>Then The user should be able to fill the commandline</span>
      <div>Step skipped
      </div>
              </div>
              <div class="step skip-bg" title="com.frameium.stepdef.Ufs.PaymentTest.navigateToFindDepositOptionForDepositClosure()">
                <span>And navigate to find deposit for deposit closure</span>
      <div>Step skipped
      </div>
              </div>
              <div class="step skip-bg" title="com.frameium.stepdef.Ufs.PaymentTest.openTheNewlyCreatedDeposit()">
                <span>Then open the newly created deposit</span>
      <div>Step skipped
      </div>
              </div>
              <div class="step skip-bg" title="com.frameium.stepdef.Ufs.PaymentTest.clickOnRedemptionstatement()">
                <span>And click on redemptionstatement</span>
      <div>Step skipped
      </div>
              </div>
              <div class="step skip-bg" title="com.frameium.stepdef.Ufs.PaymentTest.performTheDepositRedemption()">
                <span>Then perform the deposit redemption</span>
      <div>Step skipped
      </div>
              </div>
              <div class="step skip-bg" title="com.frameium.stepdef.Ufs.PaymentTest.validateButton_Click()">
                <span>Then Click on validate</span>
      <div>Step skipped
      </div>
              </div>
              <div class="step skip-bg" title="com.frameium.stepdef.Ufs.PaymentTest.enterThePayoutDetailsDeposit()">
                <span>And Enter the deposit payout details</span>
      <div>Step skipped
      </div>
              </div>
              <div class="step skip-bg" title="com.frameium.stepdef.Ufs.PaymentTest.validateButton_Click()">
                <span>Then Click on validate</span>
      <div>Step skipped
      </div>
              </div>
              <div class="step skip-bg" title="com.frameium.stepdef.Ufs.PaymentTest.commitButtonClick()">
                <span>And Click on commit</span>
      <div>Step skipped
      </div>
              </div>
              <div class="step skip-bg" title="com.frameium.stepdef.Ufs.PaymentTest.clickOnAcceptOverride()">
                <span>Then click on accept override</span>
      <div>Step skipped
      </div>
              </div>
              <div class="step skip-bg" title="com.frameium.stepdef.Ufs.PaymentTest.verifyWhetherTheTransactionCompleteMessageIsDisplayed()">
                <span>Then Verify whether the transaction complete message is displayed</span>
      <div>Step skipped
      </div>
              </div>
              <div class="step skip-bg" title="com.frameium.stepdef.Ufs.PaymentTest.switchBackToMainWindow()">
                <span>And switch back to main window</span>
      <div>Step skipped
      </div>
              </div>
              <div class="step skip-bg" title="com.frameium.stepdef.Ufs.PaymentTest.fill_in_the_commandline()">
                <span>Then The user should be able to fill the commandline</span>
      <div>Step skipped
      </div>
              </div>
              <div class="step skip-bg" title="com.frameium.stepdef.Ufs.PaymentTest.navigateToFindDepositOptionForDepositClosure()">
                <span>And navigate to find deposit for deposit closure</span>
      <div>Step skipped
      </div>
              </div>
              <div class="step skip-bg" title="com.frameium.stepdef.Ufs.PaymentTest.openTheDeposited()">
                <span>Then open the deposit for closure</span>
      <div>Step skipped
      </div>
              </div>
              <div class="step skip-bg" title="com.frameium.stepdef.Ufs.PaymentTest.verifyTheDepositClosure()">
                <span>And verify the deposit closure</span>
      <div>Step skipped
      </div>
              </div>
          </div>
        </div>
  </div>
  <div class="card">
    <div class="card-header" role="tab">
      <div class="card-title">
        <div class="node" id="659"><span class="badge log fail-bg mr-2">Fail</span>Deposit partial withdrawal</div>
          <div class="status-avatar float-right mr-4">
            <i class="fa fa-paperclip"></i>
          </div>
      </div>
    </div>
        <div class="">
          <div class="card-body">
              <div class="step pass-bg" title="com.frameium.stepdef.Ufs.PaymentTest.closeAllTheOpenedWindows()">
                <span>When close all the other opened windows</span>
      <div>
      </div>
              </div>
              <div class="step pass-bg" title="com.frameium.stepdef.Ufs.PaymentTest.user_opens_url()">
                <span>When User opens the T24 Url</span>
      <div>
          <div class="row mb-3"><div class="col-md-3">
    <img data-featherlight='../Screenshots/embedded23.png' src="../Screenshots/embedded23.png">
    
    </div></div>
</div>
              </div>
              <div class="step pass-bg" title="com.frameium.stepdef.Ufs.PaymentTest.Login_should_be_successful()">
                <span>Then User should be able to login to T24</span>
      <div>
          <div class="row mb-3"><div class="col-md-3">
    <img data-featherlight='../Screenshots/embedded24.png' src="../Screenshots/embedded24.png">
    
    </div></div>
</div>
              </div>
              <div class="step pass-bg" title="com.frameium.stepdef.Ufs.PaymentTest.fill_in_the_commandline()">
                <span>Then The user should be able to fill the commandline</span>
      <div>
      </div>
              </div>
              <div class="step pass-bg" title="com.frameium.stepdef.Ufs.PaymentTest.navigateToFindDepositOption()">
                <span>And navigate to find deposit option for partial wthdrawal</span>
      <div>
      </div>
              </div>
              <div class="step pass-bg" title="com.frameium.stepdef.Ufs.PaymentTest.openTheDeposit()">
                <span>Then open the deposit</span>
      <div>
      </div>
              </div>
              <div class="step pass-bg" title="com.frameium.stepdef.Ufs.PaymentTest.clickOnPartialWithdrawal()">
                <span>And click on Partial withdrawal</span>
      <div>
      </div>
              </div>
              <div class="step pass-bg" title="com.frameium.stepdef.Ufs.PaymentTest.enterThePartialWithdrawalAmount()">
                <span>Then Enter the partial withdrawal amount</span>
      <div>
      </div>
              </div>
              <div class="step pass-bg" title="com.frameium.stepdef.Ufs.PaymentTest.validateButton_Click()">
                <span>Then Click on validate</span>
      <div>
      </div>
              </div>
              <div class="step pass-bg" title="com.frameium.stepdef.Ufs.PaymentTest.commitButtonClick()">
                <span>And Click on commit</span>
      <div>
      </div>
              </div>
              <div class="step pass-bg" title="com.frameium.stepdef.Ufs.PaymentTest.clickOnAcceptOverride()">
                <span>Then click on accept override</span>
      <div>
          <div class="row mb-3"><div class="col-md-3">
    <img data-featherlight='../Screenshots/embedded25.png' src="../Screenshots/embedded25.png">
    
    </div></div>
</div>
              </div>
              <div class="step pass-bg" title="com.frameium.stepdef.Ufs.PaymentTest.verifyWhetherTheTransactionCompleteMessageIsDisplayed()">
                <span>Then Verify whether the transaction complete message is displayed</span>
      <div>
          <div class="row mb-3"><div class="col-md-3">
    <img data-featherlight='../Screenshots/embedded26.png' src="../Screenshots/embedded26.png">
    
    </div></div>
</div>
              </div>
              <div class="step pass-bg" title="com.frameium.stepdef.Ufs.PaymentTest.verifySimulationStatusBecomesCompletedSuccessfully()">
                <span>And verify simulation status becomes Completed - Successfully</span>
      <div>
      </div>
              </div>
              <div class="step pass-bg" title="com.frameium.stepdef.Ufs.PaymentTest.switchBackToMainWindow()">
                <span>Then switch back to main window</span>
      <div>
      </div>
              </div>
              <div class="step pass-bg" title="com.frameium.stepdef.Ufs.PaymentTest.fill_in_the_commandline()">
                <span>Then The user should be able to fill the commandline</span>
      <div>
      </div>
              </div>
              <div class="step pass-bg" title="com.frameium.stepdef.Ufs.PaymentTest.navigateToFindDepositOption()">
                <span>And navigate to find deposit option for partial wthdrawal</span>
      <div>
      </div>
              </div>
              <div class="step pass-bg" title="com.frameium.stepdef.Ufs.PaymentTest.openTheDeposit()">
                <span>Then open the deposit</span>
      <div>
      </div>
              </div>
              <div class="step pass-bg" title="com.frameium.stepdef.Ufs.PaymentTest.clickOnTheWithdrawalStatement()">
                <span>And Click on the withdrawal statement</span>
      <div>
      </div>
              </div>
              <div class="step fail-bg" title="com.frameium.stepdef.Ufs.PaymentTest.proceedToPartialWithdrawal()">
                <span>Then Proceed to partial withdrawal</span>
      <div>
        <textarea disabled class="code-block">java.lang.NullPointerException: Cannot invoke "org.openqa.selenium.WebElement.getText()" because the return value of "com.frameium.pageobject.UFS.T24homepage.findElement(org.openqa.selenium.By)" is null
	at com.frameium.pageobject.UFS.T24homepage.withdrawalNarrative(T24homepage.java:2768)
	at com.frameium.stepdef.Ufs.PaymentTest.proceedToPartialWithdrawal(PaymentTest.java:1490)
	at ✽.Proceed to partial withdrawal(file:///D:/frameium/Frameium_allure/src/test/resources/Features/UFS/T24_Deposit.feature:99)
</textarea>
      
      </div>
              </div>
              <div class="step pass-bg" >
                <span>com.frameium.stepdef.Hooks.afterEveryStep(io.cucumber.java.Scenario)</span>
      <div>
          <div class="row mb-3"><div class="col-md-3">
    <img data-featherlight='../Screenshots/embedded27.png' src="../Screenshots/embedded27.png">
    
    </div></div>
</div>
              </div>
              <div class="step skip-bg" title="com.frameium.stepdef.Ufs.PaymentTest.validateButton_Click()">
                <span>Then Click on validate</span>
      <div>Step skipped
      </div>
              </div>
              <div class="step skip-bg" title="com.frameium.stepdef.Ufs.PaymentTest.commitButtonClick()">
                <span>And Click on commit</span>
      <div>Step skipped
      </div>
              </div>
              <div class="step skip-bg" title="com.frameium.stepdef.Ufs.PaymentTest.clickOnAcceptOverride()">
                <span>Then click on accept override</span>
      <div>Step skipped
      </div>
              </div>
              <div class="step skip-bg" title="com.frameium.stepdef.Ufs.PaymentTest.verifyWhetherTheTransactionCompleteMessageIsDisplayed()">
                <span>Then Verify whether the transaction complete message is displayed</span>
      <div>Step skipped
      </div>
              </div>
              <div class="step skip-bg" title="com.frameium.stepdef.Ufs.PaymentTest.switchBackToMainWindow()">
                <span>Then switch back to main window</span>
      <div>Step skipped
      </div>
              </div>
              <div class="step skip-bg" title="com.frameium.stepdef.Ufs.PaymentTest.fill_in_the_commandline()">
                <span>Then The user should be able to fill the commandline</span>
      <div>Step skipped
      </div>
              </div>
              <div class="step skip-bg" title="com.frameium.stepdef.Ufs.PaymentTest.IB_view_of_Account_Entries_Click()">
                <span>And click on the IB-view of account entries</span>
      <div>Step skipped
      </div>
              </div>
              <div class="step skip-bg" title="com.frameium.stepdef.Ufs.PaymentTest.enterTheAccountNumberOfDepositInTheIBViewOfAccountEntries()">
                <span>Then Enter the account number of deposit in the IB view of account entries</span>
      <div>Step skipped
      </div>
              </div>
              <div class="step skip-bg" title="com.frameium.stepdef.Ufs.PaymentTest.enterTheDateInIbviewFormat()">
                <span>And Enter the date in ibview format</span>
      <div>Step skipped
      </div>
              </div>
              <div class="step skip-bg" title="com.frameium.stepdef.Ufs.PaymentTest.findButtonClick()">
                <span>And click on find button</span>
      <div>Step skipped
      </div>
              </div>
              <div class="step skip-bg" title="com.frameium.stepdef.Ufs.PaymentTest.checkTheNarrativesOfPartialWithdrawal()">
                <span>Then Check the narratives of Partial Withdrawal</span>
      <div>Step skipped
      </div>
              </div>
          </div>
        </div>
  </div>
  <div class="card">
    <div class="card-header" role="tab">
      <div class="card-title">
        <div class="node" id="817"><span class="badge log fail-bg mr-2">Fail</span>Deposit partial withdrawal</div>
          <div class="status-avatar float-right mr-4">
            <i class="fa fa-paperclip"></i>
          </div>
      </div>
    </div>
        <div class="">
          <div class="card-body">
              <div class="step pass-bg" title="com.frameium.stepdef.Ufs.PaymentTest.closeAllTheOpenedWindows()">
                <span>When close all the other opened windows</span>
      <div>
      </div>
              </div>
              <div class="step pass-bg" title="com.frameium.stepdef.Ufs.PaymentTest.user_opens_url()">
                <span>When User opens the T24 Url</span>
      <div>
          <div class="row mb-3"><div class="col-md-3">
    <img data-featherlight='../Screenshots/embedded28.png' src="../Screenshots/embedded28.png">
    
    </div></div>
</div>
              </div>
              <div class="step pass-bg" title="com.frameium.stepdef.Ufs.PaymentTest.Login_should_be_successful()">
                <span>Then User should be able to login to T24</span>
      <div>
          <div class="row mb-3"><div class="col-md-3">
    <img data-featherlight='../Screenshots/embedded29.png' src="../Screenshots/embedded29.png">
    
    </div></div>
</div>
              </div>
              <div class="step pass-bg" title="com.frameium.stepdef.Ufs.PaymentTest.fill_in_the_commandline()">
                <span>Then The user should be able to fill the commandline</span>
      <div>
      </div>
              </div>
              <div class="step pass-bg" title="com.frameium.stepdef.Ufs.PaymentTest.navigateToFindDepositOption()">
                <span>And navigate to find deposit option for partial wthdrawal</span>
      <div>
      </div>
              </div>
              <div class="step pass-bg" title="com.frameium.stepdef.Ufs.PaymentTest.openTheDeposit()">
                <span>Then open the deposit</span>
      <div>
      </div>
              </div>
              <div class="step pass-bg" title="com.frameium.stepdef.Ufs.PaymentTest.clickOnPartialWithdrawal()">
                <span>And click on Partial withdrawal</span>
      <div>
      </div>
              </div>
              <div class="step pass-bg" title="com.frameium.stepdef.Ufs.PaymentTest.enterThePartialWithdrawalAmount()">
                <span>Then Enter the partial withdrawal amount</span>
      <div>
      </div>
              </div>
              <div class="step pass-bg" title="com.frameium.stepdef.Ufs.PaymentTest.validateButton_Click()">
                <span>Then Click on validate</span>
      <div>
      </div>
              </div>
              <div class="step pass-bg" title="com.frameium.stepdef.Ufs.PaymentTest.commitButtonClick()">
                <span>And Click on commit</span>
      <div>
      </div>
              </div>
              <div class="step pass-bg" title="com.frameium.stepdef.Ufs.PaymentTest.clickOnAcceptOverride()">
                <span>Then click on accept override</span>
      <div>
          <div class="row mb-3"><div class="col-md-3">
    <img data-featherlight='../Screenshots/embedded30.png' src="../Screenshots/embedded30.png">
    
    </div></div>
</div>
              </div>
              <div class="step pass-bg" title="com.frameium.stepdef.Ufs.PaymentTest.verifyWhetherTheTransactionCompleteMessageIsDisplayed()">
                <span>Then Verify whether the transaction complete message is displayed</span>
      <div>
          <div class="row mb-3"><div class="col-md-3">
    <img data-featherlight='../Screenshots/embedded31.png' src="../Screenshots/embedded31.png">
    
    </div></div>
</div>
              </div>
              <div class="step pass-bg" title="com.frameium.stepdef.Ufs.PaymentTest.verifySimulationStatusBecomesCompletedSuccessfully()">
                <span>And verify simulation status becomes Completed - Successfully</span>
      <div>
      </div>
              </div>
              <div class="step pass-bg" title="com.frameium.stepdef.Ufs.PaymentTest.switchBackToMainWindow()">
                <span>Then switch back to main window</span>
      <div>
      </div>
              </div>
              <div class="step pass-bg" title="com.frameium.stepdef.Ufs.PaymentTest.fill_in_the_commandline()">
                <span>Then The user should be able to fill the commandline</span>
      <div>
      </div>
              </div>
              <div class="step pass-bg" title="com.frameium.stepdef.Ufs.PaymentTest.navigateToFindDepositOption()">
                <span>And navigate to find deposit option for partial wthdrawal</span>
      <div>
      </div>
              </div>
              <div class="step pass-bg" title="com.frameium.stepdef.Ufs.PaymentTest.openTheDeposit()">
                <span>Then open the deposit</span>
      <div>
      </div>
              </div>
              <div class="step pass-bg" title="com.frameium.stepdef.Ufs.PaymentTest.clickOnTheWithdrawalStatement()">
                <span>And Click on the withdrawal statement</span>
      <div>
      </div>
              </div>
              <div class="step fail-bg" title="com.frameium.stepdef.Ufs.PaymentTest.proceedToPartialWithdrawal()">
                <span>Then Proceed to partial withdrawal</span>
      <div>
        <textarea disabled class="code-block">java.lang.NullPointerException: Cannot invoke "org.openqa.selenium.WebElement.getText()" because the return value of "com.frameium.pageobject.UFS.T24homepage.findElement(org.openqa.selenium.By)" is null
	at com.frameium.pageobject.UFS.T24homepage.withdrawalNarrative(T24homepage.java:2768)
	at com.frameium.stepdef.Ufs.PaymentTest.proceedToPartialWithdrawal(PaymentTest.java:1490)
	at ✽.Proceed to partial withdrawal(file:///D:/frameium/Frameium_allure/src/test/resources/Features/UFS/T24_Deposit.feature:99)
</textarea>
      
      </div>
              </div>
              <div class="step pass-bg" >
                <span>com.frameium.stepdef.Hooks.afterEveryStep(io.cucumber.java.Scenario)</span>
      <div>
          <div class="row mb-3"><div class="col-md-3">
    <img data-featherlight='../Screenshots/embedded32.png' src="../Screenshots/embedded32.png">
    
    </div></div>
</div>
              </div>
              <div class="step skip-bg" title="com.frameium.stepdef.Ufs.PaymentTest.validateButton_Click()">
                <span>Then Click on validate</span>
      <div>Step skipped
      </div>
              </div>
              <div class="step skip-bg" title="com.frameium.stepdef.Ufs.PaymentTest.commitButtonClick()">
                <span>And Click on commit</span>
      <div>Step skipped
      </div>
              </div>
              <div class="step skip-bg" title="com.frameium.stepdef.Ufs.PaymentTest.clickOnAcceptOverride()">
                <span>Then click on accept override</span>
      <div>Step skipped
      </div>
              </div>
              <div class="step skip-bg" title="com.frameium.stepdef.Ufs.PaymentTest.verifyWhetherTheTransactionCompleteMessageIsDisplayed()">
                <span>Then Verify whether the transaction complete message is displayed</span>
      <div>Step skipped
      </div>
              </div>
              <div class="step skip-bg" title="com.frameium.stepdef.Ufs.PaymentTest.switchBackToMainWindow()">
                <span>Then switch back to main window</span>
      <div>Step skipped
      </div>
              </div>
              <div class="step skip-bg" title="com.frameium.stepdef.Ufs.PaymentTest.fill_in_the_commandline()">
                <span>Then The user should be able to fill the commandline</span>
      <div>Step skipped
      </div>
              </div>
              <div class="step skip-bg" title="com.frameium.stepdef.Ufs.PaymentTest.IB_view_of_Account_Entries_Click()">
                <span>And click on the IB-view of account entries</span>
      <div>Step skipped
      </div>
              </div>
              <div class="step skip-bg" title="com.frameium.stepdef.Ufs.PaymentTest.enterTheAccountNumberOfDepositInTheIBViewOfAccountEntries()">
                <span>Then Enter the account number of deposit in the IB view of account entries</span>
      <div>Step skipped
      </div>
              </div>
              <div class="step skip-bg" title="com.frameium.stepdef.Ufs.PaymentTest.enterTheDateInIbviewFormat()">
                <span>And Enter the date in ibview format</span>
      <div>Step skipped
      </div>
              </div>
              <div class="step skip-bg" title="com.frameium.stepdef.Ufs.PaymentTest.findButtonClick()">
                <span>And click on find button</span>
      <div>Step skipped
      </div>
              </div>
              <div class="step skip-bg" title="com.frameium.stepdef.Ufs.PaymentTest.checkTheNarrativesOfPartialWithdrawal()">
                <span>Then Check the narratives of Partial Withdrawal</span>
      <div>Step skipped
      </div>
              </div>
          </div>
        </div>
  </div>
</div>
          </div>
        </li>
        <li class="test-item"  status="fail" test-id="975"
          author=""
          tag=""
          device="">
          <div class="test-detail">
            <p class="name">Lending operations</p>
            <p class="text-sm">
              <span>14:49:30 PM</span> / <span>39:20:323</span>
              <span class="badge fail-bg log float-right">Fail</span>
            </p>
          </div>
          <div class="test-contents d-none">
<div class="detail-head">
<div class="p-v-10">
<div class="info">
<h5 class="test-status text-fail">Lending operations</h5>
<span class='badge badge-success'>10.29.2024 14:49:30</span>
<span class='badge badge-danger'>10.29.2024 14:58:51</span>
<span class='badge badge-default'>39:20:323</span>
&middot; <span class='uri-anchor badge badge-default'>#test-id=975</span>
</div>
<div class="m-t-10 m-l-5"></div>
</div>
</div>
<div class="accordion mt-4">
  <div class="card">
    <div class="card-header" role="tab">
      <div class="card-title">
        <div class="node" id="976"><span class="badge log fail-bg mr-2">Fail</span>Loan Closure</div>
          <div class="status-avatar float-right mr-4">
            <i class="fa fa-paperclip"></i>
          </div>
      </div>
    </div>
        <div class="">
          <div class="card-body">
              <div class="step pass-bg" title="com.frameium.stepdef.Ufs.PaymentTest.closeAllTheOpenedWindows()">
                <span>When close all the other opened windows</span>
      <div>
      </div>
              </div>
              <div class="step pass-bg" title="com.frameium.stepdef.Ufs.PaymentTest.closeAllTheOpenedWindows()">
                <span>When close all the other opened windows</span>
      <div>
      </div>
              </div>
              <div class="step pass-bg" title="com.frameium.stepdef.Ufs.PaymentTest.user_opens_url()">
                <span>When User opens the T24 Url</span>
      <div>
          <div class="row mb-3"><div class="col-md-3">
    <img data-featherlight='../Screenshots/embedded33.png' src="../Screenshots/embedded33.png">
    
    </div></div>
</div>
              </div>
              <div class="step pass-bg" title="com.frameium.stepdef.Ufs.PaymentTest.Login_should_be_successful()">
                <span>Then User should be able to login to T24</span>
      <div>
          <div class="row mb-3"><div class="col-md-3">
    <img data-featherlight='../Screenshots/embedded34.png' src="../Screenshots/embedded34.png">
    
    </div></div>
</div>
              </div>
              <div class="step pass-bg" title="com.frameium.stepdef.Ufs.PaymentTest.fill_in_the_commandline()">
                <span>Then The user should be able to fill the commandline</span>
      <div>
      </div>
              </div>
              <div class="step pass-bg" title="com.frameium.stepdef.Ufs.PaymentTest.userShouldBeAbleToNavigateToFindLoan()">
                <span>And user should be able to navigate to find loan</span>
      <div>
      </div>
              </div>
              <div class="step pass-bg" title="com.frameium.stepdef.Ufs.PaymentTest.openTheLoanThatNeedToBeClosed()">
                <span>Then open the loan that need to be closed</span>
      <div>
      </div>
              </div>
              <div class="step pass-bg" title="com.frameium.stepdef.Ufs.PaymentTest.clickOnRequestPayoff()">
                <span>And Click on request payoff</span>
      <div>
      </div>
              </div>
              <div class="step pass-bg" title="com.frameium.stepdef.Ufs.PaymentTest.fromTheNewlyOpenedWindowSelectTheReasonForLoanClosure()">
                <span>Then from the newly opened window select the reason for loan closure</span>
      <div>
      </div>
              </div>
              <div class="step pass-bg" title="com.frameium.stepdef.Ufs.PaymentTest.validateButton_Click()">
                <span>Then Click on validate</span>
      <div>
      </div>
              </div>
              <div class="step pass-bg" title="com.frameium.stepdef.Ufs.PaymentTest.commitButtonClick()">
                <span>And Click on commit</span>
      <div>
      </div>
              </div>
              <div class="step pass-bg" title="com.frameium.stepdef.Ufs.PaymentTest.clickOnAcceptOverride()">
                <span>Then click on accept override</span>
      <div>
          <div class="row mb-3"><div class="col-md-3">
    <img data-featherlight='../Screenshots/embedded35.png' src="../Screenshots/embedded35.png">
    
    </div></div>
</div>
              </div>
              <div class="step pass-bg" title="com.frameium.stepdef.Ufs.PaymentTest.verifySimulationStatusBecomesExecutedSuccessfully()">
                <span>And verify simulation status becomes Executed - Successfully</span>
      <div>
      </div>
              </div>
              <div class="step pass-bg" title="com.frameium.stepdef.Ufs.PaymentTest.closeAllTheOpenedWindows()">
                <span>When close all the other opened windows</span>
      <div>
      </div>
              </div>
              <div class="step pass-bg" title="com.frameium.stepdef.Ufs.PaymentTest.switchBackToMainWindow()">
                <span>Then switch back to main window</span>
      <div>
      </div>
              </div>
              <div class="step fail-bg" title="com.frameium.stepdef.Ufs.PaymentTest.fill_in_the_commandline()">
                <span>Then The user should be able to fill the commandline</span>
      <div>
        <textarea disabled class="code-block">java.lang.RuntimeException: java.lang.NullPointerException: Cannot invoke "org.openqa.selenium.WebElement.clear()" because "T24PageCommand" is null
	at com.frameium.stepdef.Ufs.PaymentTest.fill_in_the_commandline(PaymentTest.java:361)
	at ✽.The user should be able to fill the commandline(file:///D:/frameium/Frameium_allure/src/test/resources/Features/UFS/T24_Loan.feature:78)
Caused by: java.lang.NullPointerException: Cannot invoke "org.openqa.selenium.WebElement.clear()" because "T24PageCommand" is null
	at com.frameium.pageobject.UFS.T24homepage.commandline(T24homepage.java:578)
	at com.frameium.stepdef.Ufs.PaymentTest.fill_in_the_commandline(PaymentTest.java:358)
	at java.base/jdk.internal.reflect.DirectMethodHandleAccessor.invoke(DirectMethodHandleAccessor.java:103)
	at java.base/java.lang.reflect.Method.invoke(Method.java:580)
	at io.cucumber.java.Invoker.doInvoke(Invoker.java:66)
	at io.cucumber.java.Invoker.invoke(Invoker.java:24)
	at io.cucumber.java.AbstractGlueDefinition.invokeMethod(AbstractGlueDefinition.java:47)
	at io.cucumber.java.JavaStepDefinition.execute(JavaStepDefinition.java:29)
	at io.cucumber.core.runner.CoreStepDefinition.execute(CoreStepDefinition.java:66)
	at io.cucumber.core.runner.PickleStepDefinitionMatch.runStep(PickleStepDefinitionMatch.java:63)
	at io.cucumber.core.runner.ExecutionMode$1.execute(ExecutionMode.java:10)
	at io.cucumber.core.runner.TestStep.executeStep(TestStep.java:92)
	at io.cucumber.core.runner.TestStep.run(TestStep.java:64)
	at io.cucumber.core.runner.PickleStepTestStep.run(PickleStepTestStep.java:51)
	at io.cucumber.core.runner.TestCase.run(TestCase.java:104)
	at io.cucumber.core.runner.Runner.runPickle(Runner.java:73)
	at io.cucumber.testng.TestNGCucumberRunner.lambda$runScenario$0(TestNGCucumberRunner.java:117)
	at io.cucumber.core.runtime.CucumberExecutionContext.runTestCase(CucumberExecutionContext.java:117)
	at io.cucumber.testng.TestNGCucumberRunner.runScenario(TestNGCucumberRunner.java:114)
	at com.frameium.runner.TestRunnerUFSS.runScenario(TestRunnerUFSS.java:66)
	at java.base/jdk.internal.reflect.DirectMethodHandleAccessor.invoke(DirectMethodHandleAccessor.java:103)
	at java.base/java.lang.reflect.Method.invoke(Method.java:580)
	at org.testng.internal.invokers.MethodInvocationHelper.invokeMethod(MethodInvocationHelper.java:139)
	at org.testng.internal.invokers.TestInvoker.invokeMethod(TestInvoker.java:677)
	at org.testng.internal.invokers.TestInvoker.invokeTestMethod(TestInvoker.java:221)
	at org.testng.internal.invokers.MethodRunner.runInSequence(MethodRunner.java:50)
	at org.testng.internal.invokers.TestInvoker$MethodInvocationAgent.invoke(TestInvoker.java:962)
	at org.testng.internal.invokers.TestInvoker.invokeTestMethods(TestInvoker.java:194)
	at org.testng.internal.invokers.TestMethodWorker.invokeTestMethods(TestMethodWorker.java:148)
	at org.testng.internal.invokers.TestMethodWorker.run(TestMethodWorker.java:128)
	at java.base/java.util.ArrayList.forEach(ArrayList.java:1597)
	at org.testng.TestRunner.privateRun(TestRunner.java:806)
	at org.testng.TestRunner.run(TestRunner.java:601)
	at org.testng.SuiteRunner.runTest(SuiteRunner.java:433)
	at org.testng.SuiteRunner.runSequentially(SuiteRunner.java:427)
	at org.testng.SuiteRunner.privateRun(SuiteRunner.java:387)
	at org.testng.SuiteRunner.run(SuiteRunner.java:330)
	at org.testng.SuiteRunnerWorker.runSuite(SuiteRunnerWorker.java:52)
	at org.testng.SuiteRunnerWorker.run(SuiteRunnerWorker.java:95)
	at org.testng.TestNG.runSuitesSequentially(TestNG.java:1256)
	at org.testng.TestNG.runSuitesLocally(TestNG.java:1176)
	at org.testng.TestNG.runSuites(TestNG.java:1099)
	at org.testng.TestNG.run(TestNG.java:1067)
	at com.intellij.rt.testng.IDEARemoteTestNG.run(IDEARemoteTestNG.java:65)
	at com.intellij.rt.testng.RemoteTestNGStarter.main(RemoteTestNGStarter.java:105)
</textarea>
      
      </div>
              </div>
              <div class="step pass-bg" >
                <span>com.frameium.stepdef.Hooks.afterEveryStep(io.cucumber.java.Scenario)</span>
      <div>
          <div class="row mb-3"><div class="col-md-3">
    <img data-featherlight='../Screenshots/embedded36.png' src="../Screenshots/embedded36.png">
    
    </div></div>
</div>
              </div>
              <div class="step skip-bg" title="com.frameium.stepdef.Ufs.PaymentTest.userShouldBeAbleToNavigateToFindLoan()">
                <span>And user should be able to navigate to find loan</span>
      <div>Step skipped
      </div>
              </div>
              <div class="step skip-bg" title="com.frameium.stepdef.Ufs.PaymentTest.openTheLoanThatNeedToBeClosed()">
                <span>Then open the loan that need to be closed</span>
      <div>Step skipped
      </div>
              </div>
              <div class="step skip-bg" title="com.frameium.stepdef.Ufs.PaymentTest.clickOnThePayoffStatementFromOverfiewScreenOfLoan()">
                <span>Then click on the payoff statement from overfiew screen of loan</span>
      <div>Step skipped
      </div>
              </div>
              <div class="step skip-bg" title="com.frameium.stepdef.Ufs.PaymentTest.switchBackToMainWindow()">
                <span>Then switch back to main window</span>
      <div>Step skipped
      </div>
              </div>
              <div class="step skip-bg" title="com.frameium.stepdef.Ufs.PaymentTest.fill_in_the_commandline()">
                <span>Then The user should be able to fill the commandline</span>
      <div>Step skipped
      </div>
              </div>
              <div class="step skip-bg" title="com.frameium.stepdef.Ufs.PaymentTest.userShouldBeAbleToNavigateToFindLoan()">
                <span>And user should be able to navigate to find loan</span>
      <div>Step skipped
      </div>
              </div>
              <div class="step skip-bg" title="com.frameium.stepdef.Ufs.PaymentTest.openTheLoanThatNeedToBeClosed()">
                <span>Then open the loan that need to be closed</span>
      <div>Step skipped
      </div>
              </div>
              <div class="step skip-bg" title="com.frameium.stepdef.Ufs.PaymentTest.clickOnLoanPayoff()">
                <span>And click on loan payoff</span>
      <div>Step skipped
      </div>
              </div>
              <div class="step skip-bg" title="com.frameium.stepdef.Ufs.PaymentTest.enterTheLoanPayoffDetails()">
                <span>Then Enter the loan payoff details</span>
      <div>Step skipped
      </div>
              </div>
              <div class="step skip-bg" title="com.frameium.stepdef.Ufs.PaymentTest.validateButton_Click()">
                <span>Then Click on validate</span>
      <div>Step skipped
      </div>
              </div>
              <div class="step skip-bg" title="com.frameium.stepdef.Ufs.PaymentTest.commitButtonClick()">
                <span>And Click on commit</span>
      <div>Step skipped
      </div>
              </div>
              <div class="step skip-bg" title="com.frameium.stepdef.Ufs.PaymentTest.clickOnAcceptOverride()">
                <span>Then click on accept override</span>
      <div>Step skipped
      </div>
              </div>
              <div class="step skip-bg" title="com.frameium.stepdef.Ufs.PaymentTest.verifyWhetherTheTransactionCompleteMessageIsDisplayed()">
                <span>Then Verify whether the transaction complete message is displayed</span>
      <div>Step skipped
      </div>
              </div>
              <div class="step skip-bg" title="com.frameium.stepdef.Ufs.PaymentTest.switchBackToMainWindow()">
                <span>Then switch back to main window</span>
      <div>Step skipped
      </div>
              </div>
              <div class="step skip-bg" title="com.frameium.stepdef.Ufs.PaymentTest.signoff()">
                <span>And The User clicks on signoff</span>
      <div>Step skipped
      </div>
              </div>
              <div class="step skip-bg" title="com.frameium.stepdef.Ufs.PaymentTest.closeAllTheOpenedWindows()">
                <span>When close all the other opened windows</span>
      <div>Step skipped
      </div>
              </div>
              <div class="step skip-bg" title="com.frameium.stepdef.Ufs.PaymentTest.authorizer_Login_T24()">
                <span>Then Login to authoriser account</span>
      <div>Step skipped
      </div>
              </div>
              <div class="step skip-bg" title="com.frameium.stepdef.Ufs.PaymentTest.fill_in_the_commandline()">
                <span>Then The user should be able to fill the commandline</span>
      <div>Step skipped
      </div>
              </div>
              <div class="step skip-bg" title="com.frameium.stepdef.Ufs.PaymentTest.userShouldBeAbleToNavigateToFindLoan()">
                <span>And user should be able to navigate to find loan</span>
      <div>Step skipped
      </div>
              </div>
              <div class="step skip-bg" title="com.frameium.stepdef.Ufs.PaymentTest.openTheLoanThatNeedToBeClosed()">
                <span>Then open the loan that need to be closed</span>
      <div>Step skipped
      </div>
              </div>
              <div class="step skip-bg" title="com.frameium.stepdef.Ufs.PaymentTest.authoriseLoanpayoff()">
                <span>Then authorise loanpayoff</span>
      <div>Step skipped
      </div>
              </div>
              <div class="step skip-bg" title="com.frameium.stepdef.Ufs.PaymentTest.switchBackToMainWindow()">
                <span>Then switch back to main window</span>
      <div>Step skipped
      </div>
              </div>
              <div class="step skip-bg" title="com.frameium.stepdef.Ufs.PaymentTest.fill_in_the_commandline()">
                <span>Then The user should be able to fill the commandline</span>
      <div>Step skipped
      </div>
              </div>
              <div class="step skip-bg" title="com.frameium.stepdef.Ufs.PaymentTest.userShouldBeAbleToNavigateToFindLoan()">
                <span>And user should be able to navigate to find loan</span>
      <div>Step skipped
      </div>
              </div>
              <div class="step skip-bg" title="com.frameium.stepdef.Ufs.PaymentTest.openTheLoanThatNeedToBeClosed()">
                <span>Then open the loan that need to be closed</span>
      <div>Step skipped
      </div>
              </div>
              <div class="step skip-bg" title="com.frameium.stepdef.Ufs.PaymentTest.verifyWhetherTheLoanStatusIsMovedToPendingClosure()">
                <span>And verify whether the loan status is moved to pending closure</span>
      <div>Step skipped
      </div>
              </div>
          </div>
        </div>
  </div>
  <div class="card">
    <div class="card-header" role="tab">
      <div class="card-title">
        <div class="node" id="1,194"><span class="badge log fail-bg mr-2">Fail</span>Loan Closure</div>
          <div class="status-avatar float-right mr-4">
            <i class="fa fa-paperclip"></i>
          </div>
      </div>
    </div>
        <div class="">
          <div class="card-body">
              <div class="step pass-bg" title="com.frameium.stepdef.Ufs.PaymentTest.closeAllTheOpenedWindows()">
                <span>When close all the other opened windows</span>
      <div>
      </div>
              </div>
              <div class="step pass-bg" title="com.frameium.stepdef.Ufs.PaymentTest.closeAllTheOpenedWindows()">
                <span>When close all the other opened windows</span>
      <div>
      </div>
              </div>
              <div class="step pass-bg" title="com.frameium.stepdef.Ufs.PaymentTest.user_opens_url()">
                <span>When User opens the T24 Url</span>
      <div>
          <div class="row mb-3"><div class="col-md-3">
    <img data-featherlight='../Screenshots/embedded37.png' src="../Screenshots/embedded37.png">
    
    </div></div>
</div>
              </div>
              <div class="step pass-bg" title="com.frameium.stepdef.Ufs.PaymentTest.Login_should_be_successful()">
                <span>Then User should be able to login to T24</span>
      <div>
          <div class="row mb-3"><div class="col-md-3">
    <img data-featherlight='../Screenshots/embedded38.png' src="../Screenshots/embedded38.png">
    
    </div></div>
</div>
              </div>
              <div class="step pass-bg" title="com.frameium.stepdef.Ufs.PaymentTest.fill_in_the_commandline()">
                <span>Then The user should be able to fill the commandline</span>
      <div>
      </div>
              </div>
              <div class="step pass-bg" title="com.frameium.stepdef.Ufs.PaymentTest.userShouldBeAbleToNavigateToFindLoan()">
                <span>And user should be able to navigate to find loan</span>
      <div>
      </div>
              </div>
              <div class="step pass-bg" title="com.frameium.stepdef.Ufs.PaymentTest.openTheLoanThatNeedToBeClosed()">
                <span>Then open the loan that need to be closed</span>
      <div>
      </div>
              </div>
              <div class="step pass-bg" title="com.frameium.stepdef.Ufs.PaymentTest.clickOnRequestPayoff()">
                <span>And Click on request payoff</span>
      <div>
      </div>
              </div>
              <div class="step pass-bg" title="com.frameium.stepdef.Ufs.PaymentTest.fromTheNewlyOpenedWindowSelectTheReasonForLoanClosure()">
                <span>Then from the newly opened window select the reason for loan closure</span>
      <div>
      </div>
              </div>
              <div class="step pass-bg" title="com.frameium.stepdef.Ufs.PaymentTest.validateButton_Click()">
                <span>Then Click on validate</span>
      <div>
      </div>
              </div>
              <div class="step pass-bg" title="com.frameium.stepdef.Ufs.PaymentTest.commitButtonClick()">
                <span>And Click on commit</span>
      <div>
      </div>
              </div>
              <div class="step pass-bg" title="com.frameium.stepdef.Ufs.PaymentTest.clickOnAcceptOverride()">
                <span>Then click on accept override</span>
      <div>
          <div class="row mb-3"><div class="col-md-3">
    <img data-featherlight='../Screenshots/embedded39.png' src="../Screenshots/embedded39.png">
    
    </div></div>
</div>
              </div>
              <div class="step pass-bg" title="com.frameium.stepdef.Ufs.PaymentTest.verifySimulationStatusBecomesExecutedSuccessfully()">
                <span>And verify simulation status becomes Executed - Successfully</span>
      <div>
      </div>
              </div>
              <div class="step pass-bg" title="com.frameium.stepdef.Ufs.PaymentTest.closeAllTheOpenedWindows()">
                <span>When close all the other opened windows</span>
      <div>
      </div>
              </div>
              <div class="step pass-bg" title="com.frameium.stepdef.Ufs.PaymentTest.switchBackToMainWindow()">
                <span>Then switch back to main window</span>
      <div>
      </div>
              </div>
              <div class="step fail-bg" title="com.frameium.stepdef.Ufs.PaymentTest.fill_in_the_commandline()">
                <span>Then The user should be able to fill the commandline</span>
      <div>
        <textarea disabled class="code-block">java.lang.RuntimeException: java.lang.NullPointerException: Cannot invoke "org.openqa.selenium.WebElement.clear()" because "T24PageCommand" is null
	at com.frameium.stepdef.Ufs.PaymentTest.fill_in_the_commandline(PaymentTest.java:361)
	at ✽.The user should be able to fill the commandline(file:///D:/frameium/Frameium_allure/src/test/resources/Features/UFS/T24_Loan.feature:78)
Caused by: java.lang.NullPointerException: Cannot invoke "org.openqa.selenium.WebElement.clear()" because "T24PageCommand" is null
	at com.frameium.pageobject.UFS.T24homepage.commandline(T24homepage.java:578)
	at com.frameium.stepdef.Ufs.PaymentTest.fill_in_the_commandline(PaymentTest.java:358)
	at java.base/jdk.internal.reflect.DirectMethodHandleAccessor.invoke(DirectMethodHandleAccessor.java:103)
	at java.base/java.lang.reflect.Method.invoke(Method.java:580)
	at io.cucumber.java.Invoker.doInvoke(Invoker.java:66)
	at io.cucumber.java.Invoker.invoke(Invoker.java:24)
	at io.cucumber.java.AbstractGlueDefinition.invokeMethod(AbstractGlueDefinition.java:47)
	at io.cucumber.java.JavaStepDefinition.execute(JavaStepDefinition.java:29)
	at io.cucumber.core.runner.CoreStepDefinition.execute(CoreStepDefinition.java:66)
	at io.cucumber.core.runner.PickleStepDefinitionMatch.runStep(PickleStepDefinitionMatch.java:63)
	at io.cucumber.core.runner.ExecutionMode$1.execute(ExecutionMode.java:10)
	at io.cucumber.core.runner.TestStep.executeStep(TestStep.java:92)
	at io.cucumber.core.runner.TestStep.run(TestStep.java:64)
	at io.cucumber.core.runner.PickleStepTestStep.run(PickleStepTestStep.java:51)
	at io.cucumber.core.runner.TestCase.run(TestCase.java:104)
	at io.cucumber.core.runner.Runner.runPickle(Runner.java:73)
	at io.cucumber.testng.TestNGCucumberRunner.lambda$runScenario$0(TestNGCucumberRunner.java:117)
	at io.cucumber.core.runtime.CucumberExecutionContext.runTestCase(CucumberExecutionContext.java:117)
	at io.cucumber.testng.TestNGCucumberRunner.runScenario(TestNGCucumberRunner.java:114)
	at com.frameium.runner.TestRunnerUFSS.runScenario(TestRunnerUFSS.java:66)
	at java.base/jdk.internal.reflect.DirectMethodHandleAccessor.invoke(DirectMethodHandleAccessor.java:103)
	at java.base/java.lang.reflect.Method.invoke(Method.java:580)
	at org.testng.internal.invokers.MethodInvocationHelper.invokeMethod(MethodInvocationHelper.java:139)
	at org.testng.internal.invokers.TestInvoker.invokeMethod(TestInvoker.java:677)
	at org.testng.internal.invokers.TestInvoker.retryFailed(TestInvoker.java:263)
	at org.testng.internal.invokers.MethodRunner.runInSequence(MethodRunner.java:62)
	at org.testng.internal.invokers.TestInvoker$MethodInvocationAgent.invoke(TestInvoker.java:962)
	at org.testng.internal.invokers.TestInvoker.invokeTestMethods(TestInvoker.java:194)
	at org.testng.internal.invokers.TestMethodWorker.invokeTestMethods(TestMethodWorker.java:148)
	at org.testng.internal.invokers.TestMethodWorker.run(TestMethodWorker.java:128)
	at java.base/java.util.ArrayList.forEach(ArrayList.java:1597)
	at org.testng.TestRunner.privateRun(TestRunner.java:806)
	at org.testng.TestRunner.run(TestRunner.java:601)
	at org.testng.SuiteRunner.runTest(SuiteRunner.java:433)
	at org.testng.SuiteRunner.runSequentially(SuiteRunner.java:427)
	at org.testng.SuiteRunner.privateRun(SuiteRunner.java:387)
	at org.testng.SuiteRunner.run(SuiteRunner.java:330)
	at org.testng.SuiteRunnerWorker.runSuite(SuiteRunnerWorker.java:52)
	at org.testng.SuiteRunnerWorker.run(SuiteRunnerWorker.java:95)
	at org.testng.TestNG.runSuitesSequentially(TestNG.java:1256)
	at org.testng.TestNG.runSuitesLocally(TestNG.java:1176)
	at org.testng.TestNG.runSuites(TestNG.java:1099)
	at org.testng.TestNG.run(TestNG.java:1067)
	at com.intellij.rt.testng.IDEARemoteTestNG.run(IDEARemoteTestNG.java:65)
	at com.intellij.rt.testng.RemoteTestNGStarter.main(RemoteTestNGStarter.java:105)
</textarea>
      
      </div>
              </div>
              <div class="step pass-bg" >
                <span>com.frameium.stepdef.Hooks.afterEveryStep(io.cucumber.java.Scenario)</span>
      <div>
          <div class="row mb-3"><div class="col-md-3">
    <img data-featherlight='../Screenshots/embedded40.png' src="../Screenshots/embedded40.png">
    
    </div></div>
</div>
              </div>
              <div class="step skip-bg" title="com.frameium.stepdef.Ufs.PaymentTest.userShouldBeAbleToNavigateToFindLoan()">
                <span>And user should be able to navigate to find loan</span>
      <div>Step skipped
      </div>
              </div>
              <div class="step skip-bg" title="com.frameium.stepdef.Ufs.PaymentTest.openTheLoanThatNeedToBeClosed()">
                <span>Then open the loan that need to be closed</span>
      <div>Step skipped
      </div>
              </div>
              <div class="step skip-bg" title="com.frameium.stepdef.Ufs.PaymentTest.clickOnThePayoffStatementFromOverfiewScreenOfLoan()">
                <span>Then click on the payoff statement from overfiew screen of loan</span>
      <div>Step skipped
      </div>
              </div>
              <div class="step skip-bg" title="com.frameium.stepdef.Ufs.PaymentTest.switchBackToMainWindow()">
                <span>Then switch back to main window</span>
      <div>Step skipped
      </div>
              </div>
              <div class="step skip-bg" title="com.frameium.stepdef.Ufs.PaymentTest.fill_in_the_commandline()">
                <span>Then The user should be able to fill the commandline</span>
      <div>Step skipped
      </div>
              </div>
              <div class="step skip-bg" title="com.frameium.stepdef.Ufs.PaymentTest.userShouldBeAbleToNavigateToFindLoan()">
                <span>And user should be able to navigate to find loan</span>
      <div>Step skipped
      </div>
              </div>
              <div class="step skip-bg" title="com.frameium.stepdef.Ufs.PaymentTest.openTheLoanThatNeedToBeClosed()">
                <span>Then open the loan that need to be closed</span>
      <div>Step skipped
      </div>
              </div>
              <div class="step skip-bg" title="com.frameium.stepdef.Ufs.PaymentTest.clickOnLoanPayoff()">
                <span>And click on loan payoff</span>
      <div>Step skipped
      </div>
              </div>
              <div class="step skip-bg" title="com.frameium.stepdef.Ufs.PaymentTest.enterTheLoanPayoffDetails()">
                <span>Then Enter the loan payoff details</span>
      <div>Step skipped
      </div>
              </div>
              <div class="step skip-bg" title="com.frameium.stepdef.Ufs.PaymentTest.validateButton_Click()">
                <span>Then Click on validate</span>
      <div>Step skipped
      </div>
              </div>
              <div class="step skip-bg" title="com.frameium.stepdef.Ufs.PaymentTest.commitButtonClick()">
                <span>And Click on commit</span>
      <div>Step skipped
      </div>
              </div>
              <div class="step skip-bg" title="com.frameium.stepdef.Ufs.PaymentTest.clickOnAcceptOverride()">
                <span>Then click on accept override</span>
      <div>Step skipped
      </div>
              </div>
              <div class="step skip-bg" title="com.frameium.stepdef.Ufs.PaymentTest.verifyWhetherTheTransactionCompleteMessageIsDisplayed()">
                <span>Then Verify whether the transaction complete message is displayed</span>
      <div>Step skipped
      </div>
              </div>
              <div class="step skip-bg" title="com.frameium.stepdef.Ufs.PaymentTest.switchBackToMainWindow()">
                <span>Then switch back to main window</span>
      <div>Step skipped
      </div>
              </div>
              <div class="step skip-bg" title="com.frameium.stepdef.Ufs.PaymentTest.signoff()">
                <span>And The User clicks on signoff</span>
      <div>Step skipped
      </div>
              </div>
              <div class="step skip-bg" title="com.frameium.stepdef.Ufs.PaymentTest.closeAllTheOpenedWindows()">
                <span>When close all the other opened windows</span>
      <div>Step skipped
      </div>
              </div>
              <div class="step skip-bg" title="com.frameium.stepdef.Ufs.PaymentTest.authorizer_Login_T24()">
                <span>Then Login to authoriser account</span>
      <div>Step skipped
      </div>
              </div>
              <div class="step skip-bg" title="com.frameium.stepdef.Ufs.PaymentTest.fill_in_the_commandline()">
                <span>Then The user should be able to fill the commandline</span>
      <div>Step skipped
      </div>
              </div>
              <div class="step skip-bg" title="com.frameium.stepdef.Ufs.PaymentTest.userShouldBeAbleToNavigateToFindLoan()">
                <span>And user should be able to navigate to find loan</span>
      <div>Step skipped
      </div>
              </div>
              <div class="step skip-bg" title="com.frameium.stepdef.Ufs.PaymentTest.openTheLoanThatNeedToBeClosed()">
                <span>Then open the loan that need to be closed</span>
      <div>Step skipped
      </div>
              </div>
              <div class="step skip-bg" title="com.frameium.stepdef.Ufs.PaymentTest.authoriseLoanpayoff()">
                <span>Then authorise loanpayoff</span>
      <div>Step skipped
      </div>
              </div>
              <div class="step skip-bg" title="com.frameium.stepdef.Ufs.PaymentTest.switchBackToMainWindow()">
                <span>Then switch back to main window</span>
      <div>Step skipped
      </div>
              </div>
              <div class="step skip-bg" title="com.frameium.stepdef.Ufs.PaymentTest.fill_in_the_commandline()">
                <span>Then The user should be able to fill the commandline</span>
      <div>Step skipped
      </div>
              </div>
              <div class="step skip-bg" title="com.frameium.stepdef.Ufs.PaymentTest.userShouldBeAbleToNavigateToFindLoan()">
                <span>And user should be able to navigate to find loan</span>
      <div>Step skipped
      </div>
              </div>
              <div class="step skip-bg" title="com.frameium.stepdef.Ufs.PaymentTest.openTheLoanThatNeedToBeClosed()">
                <span>Then open the loan that need to be closed</span>
      <div>Step skipped
      </div>
              </div>
              <div class="step skip-bg" title="com.frameium.stepdef.Ufs.PaymentTest.verifyWhetherTheLoanStatusIsMovedToPendingClosure()">
                <span>And verify whether the loan status is moved to pending closure</span>
      <div>Step skipped
      </div>
              </div>
          </div>
        </div>
  </div>
  <div class="card">
    <div class="card-header" role="tab">
      <div class="card-title">
        <div class="node" id="1,412"><span class="badge log pass-bg mr-2">Pass</span>Loan repayment</div>
          <div class="status-avatar float-right mr-4">
            <i class="fa fa-paperclip"></i>
          </div>
      </div>
    </div>
        <div class="collapse">
          <div class="card-body">
              <div class="step pass-bg" title="com.frameium.stepdef.Ufs.PaymentTest.closeAllTheOpenedWindows()">
                <span>When close all the other opened windows</span>
      <div>
      </div>
              </div>
              <div class="step pass-bg" title="com.frameium.stepdef.Ufs.PaymentTest.user_opens_url()">
                <span>When User opens the T24 Url</span>
      <div>
          <div class="row mb-3"><div class="col-md-3">
    <img data-featherlight='../Screenshots/embedded41.png' src="../Screenshots/embedded41.png">
    
    </div></div>
</div>
              </div>
              <div class="step pass-bg" title="com.frameium.stepdef.Ufs.PaymentTest.Login_should_be_successful()">
                <span>Then User should be able to login to T24</span>
      <div>
          <div class="row mb-3"><div class="col-md-3">
    <img data-featherlight='../Screenshots/embedded42.png' src="../Screenshots/embedded42.png">
    
    </div></div>
</div>
              </div>
              <div class="step pass-bg" title="com.frameium.stepdef.Ufs.PaymentTest.fill_in_the_commandline()">
                <span>Then The user should be able to fill the commandline</span>
      <div>
      </div>
              </div>
              <div class="step pass-bg" title="com.frameium.stepdef.Ufs.PaymentTest.userShouldBeAbleToNavigateToFindLoan()">
                <span>And user should be able to navigate to find loan</span>
      <div>
      </div>
              </div>
              <div class="step pass-bg" title="com.frameium.stepdef.Ufs.PaymentTest.openTheAccountThatNeedToPerformTheLoanRepayment()">
                <span>And open the account that need to perform the loan repayment</span>
      <div>
      </div>
              </div>
              <div class="step pass-bg" title="com.frameium.stepdef.Ufs.PaymentTest.clickOnRepaymentButton()">
                <span>Then click on repayment button</span>
      <div>
      </div>
              </div>
              <div class="step pass-bg" title="com.frameium.stepdef.Ufs.PaymentTest.enterTheRepaymentDetails()">
                <span>And enter the repayment details</span>
      <div>
      </div>
              </div>
              <div class="step pass-bg" title="com.frameium.stepdef.Ufs.PaymentTest.validateButton_Click()">
                <span>Then Click on validate</span>
      <div>
      </div>
              </div>
              <div class="step pass-bg" title="com.frameium.stepdef.Ufs.PaymentTest.commitButtonClick()">
                <span>And Click on commit</span>
      <div>
      </div>
              </div>
              <div class="step pass-bg" title="com.frameium.stepdef.Ufs.PaymentTest.clickOnAcceptOverride()">
                <span>Then click on accept override</span>
      <div>
          <div class="row mb-3"><div class="col-md-3">
    <img data-featherlight='../Screenshots/embedded43.png' src="../Screenshots/embedded43.png">
    
    </div></div>
</div>
              </div>
              <div class="step pass-bg" title="com.frameium.stepdef.Ufs.PaymentTest.verifyWhetherTheTransactionCompleteMessageIsDisplayed()">
                <span>Then Verify whether the transaction complete message is displayed</span>
      <div>
          <div class="row mb-3"><div class="col-md-3">
    <img data-featherlight='../Screenshots/embedded44.png' src="../Screenshots/embedded44.png">
    
    </div></div>
</div>
              </div>
              <div class="step pass-bg" title="com.frameium.stepdef.Ufs.PaymentTest.switchBackToMainWindow()">
                <span>Then switch back to main window</span>
      <div>
      </div>
              </div>
              <div class="step pass-bg" title="com.frameium.stepdef.Ufs.PaymentTest.fill_in_the_commandline()">
                <span>Then The user should be able to fill the commandline</span>
      <div>
      </div>
              </div>
              <div class="step pass-bg" title="com.frameium.stepdef.Ufs.PaymentTest.generalEnquiriesClick()">
                <span>And The user should be able to click on general enquiries buttom</span>
      <div>
      </div>
              </div>
              <div class="step pass-bg" title="com.frameium.stepdef.Ufs.PaymentTest.IB_view_of_Account_Entries_Click()">
                <span>And click on the IB-view of account entries</span>
      <div>
      </div>
              </div>
              <div class="step pass-bg" title="com.frameium.stepdef.Ufs.PaymentTest.enterTheAccountNumberOfLoanRepaymentInTheIBViewOfAccountEntries()">
                <span>Then Enter the account number of Loan repayment in the IB-view of account entries</span>
      <div>
      </div>
              </div>
              <div class="step pass-bg" title="com.frameium.stepdef.Ufs.PaymentTest.clickOnFindButton()">
                <span>Then Click on find Button</span>
      <div>
      </div>
              </div>
              <div class="step pass-bg" title="com.frameium.stepdef.Ufs.PaymentTest.verifyTheNarrativesOfLoanRepayment()">
                <span>Then verify the narratives of loan repayment</span>
      <div>
          <div class="row mb-3"><div class="col-md-3">
    <img data-featherlight='../Screenshots/embedded45.png' src="../Screenshots/embedded45.png">
    
    </div></div>
</div>
              </div>
          </div>
        </div>
  </div>
</div>
          </div>
        </li>
        <li class="test-item"  status="fail" test-id="1,515"
          author=""
          tag=""
          device="">
          <div class="test-detail">
            <p class="name">Payment</p>
            <p class="text-sm">
              <span>14:59:12 PM</span> / <span>09:22:352</span>
              <span class="badge fail-bg log float-right">Fail</span>
            </p>
          </div>
          <div class="test-contents d-none">
<div class="detail-head">
<div class="p-v-10">
<div class="info">
<h5 class="test-status text-fail">Payment</h5>
<span class='badge badge-success'>10.29.2024 14:59:12</span>
<span class='badge badge-danger'>10.29.2024 15:38:34</span>
<span class='badge badge-default'>09:22:352</span>
&middot; <span class='uri-anchor badge badge-default'>#test-id=1,515</span>
</div>
<div class="m-t-10 m-l-5"></div>
</div>
</div>
<div class="accordion mt-4">
  <div class="card">
    <div class="card-header" role="tab">
      <div class="card-title">
        <div class="node" id="1,516"><span class="badge log fail-bg mr-2">Fail</span>Internal transfer</div>
          <div class="status-avatar float-right mr-4">
            <i class="fa fa-paperclip"></i>
          </div>
      </div>
    </div>
        <div class="">
          <div class="card-body">
              <div class="step pass-bg" title="com.frameium.stepdef.Ufs.PaymentTest.closeAllTheOpenedWindows()">
                <span>When close all the other opened windows</span>
      <div>
      </div>
              </div>
              <div class="step pass-bg" title="com.frameium.stepdef.Ufs.PaymentTest.user_opens_url()">
                <span>When User opens the T24 Url</span>
      <div>
          <div class="row mb-3"><div class="col-md-3">
    <img data-featherlight='../Screenshots/embedded46.png' src="../Screenshots/embedded46.png">
    
    </div></div>
</div>
              </div>
              <div class="step pass-bg" title="com.frameium.stepdef.Ufs.PaymentTest.Login_should_be_successful()">
                <span>Then User should be able to login to T24</span>
      <div>
          <div class="row mb-3"><div class="col-md-3">
    <img data-featherlight='../Screenshots/embedded47.png' src="../Screenshots/embedded47.png">
    
    </div></div>
</div>
              </div>
              <div class="step pass-bg" title="com.frameium.stepdef.Ufs.PaymentTest.fill_in_the_commandline()">
                <span>Then The user should be able to fill the commandline</span>
      <div>
      </div>
              </div>
              <div class="step fail-bg" title="com.frameium.stepdef.Ufs.PaymentTest.balanceCheckAccount()">
                <span>And user should be able to see the the balance of the account before performing internal transfer</span>
      <div>
        <textarea disabled class="code-block">org.openqa.selenium.StaleElementReferenceException: stale element reference: stale element not found
  (Session info: chrome=130.0.6723.70)
For documentation on this error, please visit: https://www.selenium.dev/documentation/webdriver/troubleshooting/errors#stale-element-reference-exception
Build info: version: '4.17.0', revision: 'e52b1be057*'
System info: os.name: 'Windows 10', os.arch: 'amd64', os.version: '10.0', java.version: '22.0.2'
Driver info: org.openqa.selenium.chrome.ChromeDriver
Command: [e797c7439be37cd54901893d5f33b480, getElementText {id=f.0836E53A3B41018E609CC59FFEF56A04.d.36AE163ECAE62473D755AD5BF1E9F4BF.e.37247}]
Capabilities {acceptInsecureCerts: false, browserName: chrome, browserVersion: 130.0.6723.70, chrome: {chromedriverVersion: 130.0.6723.69 (3ec172b971b9..., userDataDir: C:\Users\THI220~1\AppData\L...}, fedcm:accounts: true, goog:chromeOptions: {debuggerAddress: localhost:9222}, networkConnectionEnabled: false, pageLoadStrategy: normal, platformName: windows, proxy: Proxy(), se:cdp: ws://localhost:9222/devtool..., se:cdpVersion: 130.0.6723.70, setWindowRect: true, strictFileInteractability: false, timeouts: {implicit: 0, pageLoad: 300000, script: 30000}, unhandledPromptBehavior: dismiss and notify, webauthn:extension:credBlob: true, webauthn:extension:largeBlob: true, webauthn:extension:minPinLength: true, webauthn:extension:prf: true, webauthn:virtualAuthenticators: true}
Element: [[ChromeDriver: chrome on windows (e797c7439be37cd54901893d5f33b480)] -> xpath: //table[@id='enquiryResponseData']//tbody/tr[last()]/td[8]]
Session ID: e797c7439be37cd54901893d5f33b480
	at java.base/jdk.internal.reflect.DirectConstructorHandleAccessor.newInstance(DirectConstructorHandleAccessor.java:62)
	at java.base/java.lang.reflect.Constructor.newInstanceWithCaller(Constructor.java:502)
	at java.base/java.lang.reflect.Constructor.newInstance(Constructor.java:486)
	at org.openqa.selenium.remote.codec.w3c.W3CHttpResponseCodec.createException(W3CHttpResponseCodec.java:185)
	at org.openqa.selenium.remote.codec.w3c.W3CHttpResponseCodec.decode(W3CHttpResponseCodec.java:134)
	at org.openqa.selenium.remote.codec.w3c.W3CHttpResponseCodec.decode(W3CHttpResponseCodec.java:51)
	at org.openqa.selenium.remote.HttpCommandExecutor.execute(HttpCommandExecutor.java:190)
	at org.openqa.selenium.remote.service.DriverCommandExecutor.invokeExecute(DriverCommandExecutor.java:216)
	at org.openqa.selenium.remote.service.DriverCommandExecutor.execute(DriverCommandExecutor.java:174)
	at org.openqa.selenium.remote.RemoteWebDriver.execute(RemoteWebDriver.java:519)
	at org.openqa.selenium.remote.RemoteWebElement.execute(RemoteWebElement.java:223)
	at org.openqa.selenium.remote.RemoteWebElement.getText(RemoteWebElement.java:191)
	at com.frameium.pageobject.UFS.T24homepage.getBalance(T24homepage.java:1179)
	at com.frameium.stepdef.Ufs.PaymentTest.balanceCheckAccount(PaymentTest.java:376)
	at ✽.user should be able to see the the balance of the account before performing internal transfer(file:///D:/frameium/Frameium_allure/src/test/resources/Features/UFS/T24_Payments.feature:13)
</textarea>
      
      </div>
              </div>
              <div class="step pass-bg" >
                <span>com.frameium.stepdef.Hooks.afterEveryStep(io.cucumber.java.Scenario)</span>
      <div>
          <div class="row mb-3"><div class="col-md-3">
    <img data-featherlight='../Screenshots/embedded48.png' src="../Screenshots/embedded48.png">
    
    </div></div>
</div>
              </div>
              <div class="step skip-bg" title="com.frameium.stepdef.Ufs.PaymentTest.Accounttransfer_click()">
                <span>Then The user should be able to navigate to Account transfer button</span>
      <div>Step skipped
      </div>
              </div>
              <div class="step skip-bg" title="com.frameium.stepdef.Ufs.PaymentTest.fill_thedetails_for_Internal_Transfer_payment()">
                <span>And Enter the details in the account transfer fields</span>
      <div>Step skipped
      </div>
              </div>
              <div class="step skip-bg" title="com.frameium.stepdef.Ufs.PaymentTest.validateButton_Click()">
                <span>Then Click on validate</span>
      <div>Step skipped
      </div>
              </div>
              <div class="step skip-bg" title="com.frameium.stepdef.Ufs.PaymentTest.commitButtonClick()">
                <span>And Click on commit</span>
      <div>Step skipped
      </div>
              </div>
              <div class="step skip-bg" title="com.frameium.stepdef.Ufs.PaymentTest.txnCompleteMsg_Verify()">
                <span>Then Verify whether the transaction complete message is displayed after commiting</span>
      <div>Step skipped
      </div>
              </div>
              <div class="step skip-bg" title="com.frameium.stepdef.Ufs.PaymentTest.navigateToAccountEntries()">
                <span>And Navigate to account entries</span>
      <div>Step skipped
      </div>
              </div>
              <div class="step skip-bg" title="com.frameium.stepdef.Ufs.PaymentTest.EnterAccountNumInAccountEnties()">
                <span>Then Enter the account number and click on find button</span>
      <div>Step skipped
      </div>
              </div>
              <div class="step skip-bg" title="com.frameium.stepdef.Ufs.PaymentTest.verificationOfAccountEntries()">
                <span>And Verify whether the transaction is reflected in the accountentries</span>
      <div>Step skipped
      </div>
              </div>
          </div>
        </div>
  </div>
  <div class="card">
    <div class="card-header" role="tab">
      <div class="card-title">
        <div class="node" id="1,589"><span class="badge log fail-bg mr-2">Fail</span>Internal transfer</div>
          <div class="status-avatar float-right mr-4">
            <i class="fa fa-paperclip"></i>
          </div>
      </div>
    </div>
        <div class="">
          <div class="card-body">
              <div class="step pass-bg" title="com.frameium.stepdef.Ufs.PaymentTest.closeAllTheOpenedWindows()">
                <span>When close all the other opened windows</span>
      <div>
      </div>
              </div>
              <div class="step pass-bg" title="com.frameium.stepdef.Ufs.PaymentTest.user_opens_url()">
                <span>When User opens the T24 Url</span>
      <div>
          <div class="row mb-3"><div class="col-md-3">
    <img data-featherlight='../Screenshots/embedded49.png' src="../Screenshots/embedded49.png">
    
    </div></div>
</div>
              </div>
              <div class="step pass-bg" title="com.frameium.stepdef.Ufs.PaymentTest.Login_should_be_successful()">
                <span>Then User should be able to login to T24</span>
      <div>
          <div class="row mb-3"><div class="col-md-3">
    <img data-featherlight='../Screenshots/embedded50.png' src="../Screenshots/embedded50.png">
    
    </div></div>
</div>
              </div>
              <div class="step pass-bg" title="com.frameium.stepdef.Ufs.PaymentTest.fill_in_the_commandline()">
                <span>Then The user should be able to fill the commandline</span>
      <div>
      </div>
              </div>
              <div class="step fail-bg" title="com.frameium.stepdef.Ufs.PaymentTest.balanceCheckAccount()">
                <span>And user should be able to see the the balance of the account before performing internal transfer</span>
      <div>
        <textarea disabled class="code-block">org.openqa.selenium.StaleElementReferenceException: stale element reference: stale element not found
  (Session info: chrome=130.0.6723.70)
For documentation on this error, please visit: https://www.selenium.dev/documentation/webdriver/troubleshooting/errors#stale-element-reference-exception
Build info: version: '4.17.0', revision: 'e52b1be057*'
System info: os.name: 'Windows 10', os.arch: 'amd64', os.version: '10.0', java.version: '22.0.2'
Driver info: org.openqa.selenium.chrome.ChromeDriver
Command: [e797c7439be37cd54901893d5f33b480, getElementText {id=f.6D44E99492355F528035645A2C1D51B8.d.83E40BD1C9303CC5BA7E33A5EAAE7EDE.e.37563}]
Capabilities {acceptInsecureCerts: false, browserName: chrome, browserVersion: 130.0.6723.70, chrome: {chromedriverVersion: 130.0.6723.69 (3ec172b971b9..., userDataDir: C:\Users\THI220~1\AppData\L...}, fedcm:accounts: true, goog:chromeOptions: {debuggerAddress: localhost:9222}, networkConnectionEnabled: false, pageLoadStrategy: normal, platformName: windows, proxy: Proxy(), se:cdp: ws://localhost:9222/devtool..., se:cdpVersion: 130.0.6723.70, setWindowRect: true, strictFileInteractability: false, timeouts: {implicit: 0, pageLoad: 300000, script: 30000}, unhandledPromptBehavior: dismiss and notify, webauthn:extension:credBlob: true, webauthn:extension:largeBlob: true, webauthn:extension:minPinLength: true, webauthn:extension:prf: true, webauthn:virtualAuthenticators: true}
Element: [[ChromeDriver: chrome on windows (e797c7439be37cd54901893d5f33b480)] -> xpath: //table[@id='enquiryResponseData']//tbody/tr[last()]/td[8]]
Session ID: e797c7439be37cd54901893d5f33b480
	at java.base/jdk.internal.reflect.DirectConstructorHandleAccessor.newInstance(DirectConstructorHandleAccessor.java:62)
	at java.base/java.lang.reflect.Constructor.newInstanceWithCaller(Constructor.java:502)
	at java.base/java.lang.reflect.Constructor.newInstance(Constructor.java:486)
	at org.openqa.selenium.remote.codec.w3c.W3CHttpResponseCodec.createException(W3CHttpResponseCodec.java:185)
	at org.openqa.selenium.remote.codec.w3c.W3CHttpResponseCodec.decode(W3CHttpResponseCodec.java:134)
	at org.openqa.selenium.remote.codec.w3c.W3CHttpResponseCodec.decode(W3CHttpResponseCodec.java:51)
	at org.openqa.selenium.remote.HttpCommandExecutor.execute(HttpCommandExecutor.java:190)
	at org.openqa.selenium.remote.service.DriverCommandExecutor.invokeExecute(DriverCommandExecutor.java:216)
	at org.openqa.selenium.remote.service.DriverCommandExecutor.execute(DriverCommandExecutor.java:174)
	at org.openqa.selenium.remote.RemoteWebDriver.execute(RemoteWebDriver.java:519)
	at org.openqa.selenium.remote.RemoteWebElement.execute(RemoteWebElement.java:223)
	at org.openqa.selenium.remote.RemoteWebElement.getText(RemoteWebElement.java:191)
	at com.frameium.pageobject.UFS.T24homepage.getBalance(T24homepage.java:1179)
	at com.frameium.stepdef.Ufs.PaymentTest.balanceCheckAccount(PaymentTest.java:376)
	at ✽.user should be able to see the the balance of the account before performing internal transfer(file:///D:/frameium/Frameium_allure/src/test/resources/Features/UFS/T24_Payments.feature:13)
</textarea>
      
      </div>
              </div>
              <div class="step pass-bg" >
                <span>com.frameium.stepdef.Hooks.afterEveryStep(io.cucumber.java.Scenario)</span>
      <div>
          <div class="row mb-3"><div class="col-md-3">
    <img data-featherlight='../Screenshots/embedded51.png' src="../Screenshots/embedded51.png">
    
    </div></div>
</div>
              </div>
              <div class="step skip-bg" title="com.frameium.stepdef.Ufs.PaymentTest.Accounttransfer_click()">
                <span>Then The user should be able to navigate to Account transfer button</span>
      <div>Step skipped
      </div>
              </div>
              <div class="step skip-bg" title="com.frameium.stepdef.Ufs.PaymentTest.fill_thedetails_for_Internal_Transfer_payment()">
                <span>And Enter the details in the account transfer fields</span>
      <div>Step skipped
      </div>
              </div>
              <div class="step skip-bg" title="com.frameium.stepdef.Ufs.PaymentTest.validateButton_Click()">
                <span>Then Click on validate</span>
      <div>Step skipped
      </div>
              </div>
              <div class="step skip-bg" title="com.frameium.stepdef.Ufs.PaymentTest.commitButtonClick()">
                <span>And Click on commit</span>
      <div>Step skipped
      </div>
              </div>
              <div class="step skip-bg" title="com.frameium.stepdef.Ufs.PaymentTest.txnCompleteMsg_Verify()">
                <span>Then Verify whether the transaction complete message is displayed after commiting</span>
      <div>Step skipped
      </div>
              </div>
              <div class="step skip-bg" title="com.frameium.stepdef.Ufs.PaymentTest.navigateToAccountEntries()">
                <span>And Navigate to account entries</span>
      <div>Step skipped
      </div>
              </div>
              <div class="step skip-bg" title="com.frameium.stepdef.Ufs.PaymentTest.EnterAccountNumInAccountEnties()">
                <span>Then Enter the account number and click on find button</span>
      <div>Step skipped
      </div>
              </div>
              <div class="step skip-bg" title="com.frameium.stepdef.Ufs.PaymentTest.verificationOfAccountEntries()">
                <span>And Verify whether the transaction is reflected in the accountentries</span>
      <div>Step skipped
      </div>
              </div>
          </div>
        </div>
  </div>
  <div class="card">
    <div class="card-header" role="tab">
      <div class="card-title">
        <div class="node" id="1,662"><span class="badge log fail-bg mr-2">Fail</span>Internal Transfer narrative</div>
          <div class="status-avatar float-right mr-4">
            <i class="fa fa-paperclip"></i>
          </div>
      </div>
    </div>
        <div class="">
          <div class="card-body">
              <div class="step pass-bg" title="com.frameium.stepdef.Ufs.PaymentTest.closeAllTheOpenedWindows()">
                <span>When close all the other opened windows</span>
      <div>
      </div>
              </div>
              <div class="step pass-bg" title="com.frameium.stepdef.Ufs.PaymentTest.user_opens_url()">
                <span>When User opens the T24 Url</span>
      <div>
          <div class="row mb-3"><div class="col-md-3">
    <img data-featherlight='../Screenshots/embedded52.png' src="../Screenshots/embedded52.png">
    
    </div></div>
</div>
              </div>
              <div class="step pass-bg" title="com.frameium.stepdef.Ufs.PaymentTest.Login_should_be_successful()">
                <span>Then User should be able to login to T24</span>
      <div>
          <div class="row mb-3"><div class="col-md-3">
    <img data-featherlight='../Screenshots/embedded53.png' src="../Screenshots/embedded53.png">
    
    </div></div>
</div>
              </div>
              <div class="step pass-bg" title="com.frameium.stepdef.Ufs.PaymentTest.fill_in_the_commandline()">
                <span>Then The user should be able to fill the commandline</span>
      <div>
      </div>
              </div>
              <div class="step pass-bg" title="com.frameium.stepdef.Ufs.PaymentTest.generalEnquiriesClick()">
                <span>And The user should be able to click on general enquiries buttom</span>
      <div>
      </div>
              </div>
              <div class="step pass-bg" title="com.frameium.stepdef.Ufs.PaymentTest.IB_view_of_Account_Entries_Click()">
                <span>And click on the IB-view of account entries</span>
      <div>
      </div>
              </div>
              <div class="step pass-bg" title="com.frameium.stepdef.Ufs.PaymentTest.enterAccountNumInIbviewofAccounytEntries()">
                <span>Then Enter the account number</span>
      <div>
          <div class="row mb-3"><div class="col-md-3">
    <img data-featherlight='../Screenshots/embedded54.png' src="../Screenshots/embedded54.png">
    
    </div></div>
</div>
              </div>
              <div class="step pass-bg" title="com.frameium.stepdef.Ufs.PaymentTest.findButtonClick()">
                <span>And click on find button</span>
      <div>
      </div>
              </div>
              <div class="step fail-bg" title="com.frameium.stepdef.Ufs.PaymentTest.transfernarrative()">
                <span>And The details of internal transfer should be reflected in the narratives</span>
      <div>
        <textarea disabled class="code-block">java.lang.AssertionError: expected [true] but found [false]
	at org.testng.Assert.fail(Assert.java:110)
	at org.testng.Assert.failNotEquals(Assert.java:1413)
	at org.testng.Assert.assertTrue(Assert.java:56)
	at org.testng.Assert.assertTrue(Assert.java:66)
	at com.frameium.pageobject.UFS.AccountEntries.debitNarratives(AccountEntries.java:107)
	at com.frameium.stepdef.Ufs.PaymentTest.transfernarrative(PaymentTest.java:566)
	at ✽.The details of internal transfer should be reflected in the narratives(file:///D:/frameium/Frameium_allure/src/test/resources/Features/UFS/T24_Payments.feature:33)
</textarea>
      
      </div>
              </div>
              <div class="step pass-bg" >
                <span>com.frameium.stepdef.Hooks.afterEveryStep(io.cucumber.java.Scenario)</span>
      <div>
          <div class="row mb-3"><div class="col-md-3">
    <img data-featherlight='../Screenshots/embedded55.png' src="../Screenshots/embedded55.png">
    
    </div></div>
</div>
              </div>
          </div>
        </div>
  </div>
  <div class="card">
    <div class="card-header" role="tab">
      <div class="card-title">
        <div class="node" id="1,715"><span class="badge log fail-bg mr-2">Fail</span>Internal Transfer narrative</div>
          <div class="status-avatar float-right mr-4">
            <i class="fa fa-paperclip"></i>
          </div>
      </div>
    </div>
        <div class="">
          <div class="card-body">
              <div class="step pass-bg" title="com.frameium.stepdef.Ufs.PaymentTest.closeAllTheOpenedWindows()">
                <span>When close all the other opened windows</span>
      <div>
      </div>
              </div>
              <div class="step pass-bg" title="com.frameium.stepdef.Ufs.PaymentTest.user_opens_url()">
                <span>When User opens the T24 Url</span>
      <div>
          <div class="row mb-3"><div class="col-md-3">
    <img data-featherlight='../Screenshots/embedded56.png' src="../Screenshots/embedded56.png">
    
    </div></div>
</div>
              </div>
              <div class="step pass-bg" title="com.frameium.stepdef.Ufs.PaymentTest.Login_should_be_successful()">
                <span>Then User should be able to login to T24</span>
      <div>
          <div class="row mb-3"><div class="col-md-3">
    <img data-featherlight='../Screenshots/embedded57.png' src="../Screenshots/embedded57.png">
    
    </div></div>
</div>
              </div>
              <div class="step pass-bg" title="com.frameium.stepdef.Ufs.PaymentTest.fill_in_the_commandline()">
                <span>Then The user should be able to fill the commandline</span>
      <div>
      </div>
              </div>
              <div class="step pass-bg" title="com.frameium.stepdef.Ufs.PaymentTest.generalEnquiriesClick()">
                <span>And The user should be able to click on general enquiries buttom</span>
      <div>
      </div>
              </div>
              <div class="step pass-bg" title="com.frameium.stepdef.Ufs.PaymentTest.IB_view_of_Account_Entries_Click()">
                <span>And click on the IB-view of account entries</span>
      <div>
      </div>
              </div>
              <div class="step pass-bg" title="com.frameium.stepdef.Ufs.PaymentTest.enterAccountNumInIbviewofAccounytEntries()">
                <span>Then Enter the account number</span>
      <div>
          <div class="row mb-3"><div class="col-md-3">
    <img data-featherlight='../Screenshots/embedded58.png' src="../Screenshots/embedded58.png">
    
    </div></div>
</div>
              </div>
              <div class="step pass-bg" title="com.frameium.stepdef.Ufs.PaymentTest.findButtonClick()">
                <span>And click on find button</span>
      <div>
      </div>
              </div>
              <div class="step fail-bg" title="com.frameium.stepdef.Ufs.PaymentTest.transfernarrative()">
                <span>And The details of internal transfer should be reflected in the narratives</span>
      <div>
        <textarea disabled class="code-block">java.lang.AssertionError: expected [true] but found [false]
	at org.testng.Assert.fail(Assert.java:110)
	at org.testng.Assert.failNotEquals(Assert.java:1413)
	at org.testng.Assert.assertTrue(Assert.java:56)
	at org.testng.Assert.assertTrue(Assert.java:66)
	at com.frameium.pageobject.UFS.AccountEntries.debitNarratives(AccountEntries.java:107)
	at com.frameium.stepdef.Ufs.PaymentTest.transfernarrative(PaymentTest.java:566)
	at ✽.The details of internal transfer should be reflected in the narratives(file:///D:/frameium/Frameium_allure/src/test/resources/Features/UFS/T24_Payments.feature:33)
</textarea>
      
      </div>
              </div>
              <div class="step pass-bg" >
                <span>com.frameium.stepdef.Hooks.afterEveryStep(io.cucumber.java.Scenario)</span>
      <div>
          <div class="row mb-3"><div class="col-md-3">
    <img data-featherlight='../Screenshots/embedded59.png' src="../Screenshots/embedded59.png">
    
    </div></div>
</div>
              </div>
          </div>
        </div>
  </div>
  <div class="card">
    <div class="card-header" role="tab">
      <div class="card-title">
        <div class="node" id="1,768"><span class="badge log pass-bg mr-2">Pass</span>External transfer</div>
          <div class="status-avatar float-right mr-4">
            <i class="fa fa-paperclip"></i>
          </div>
      </div>
    </div>
        <div class="collapse">
          <div class="card-body">
              <div class="step pass-bg" title="com.frameium.stepdef.Ufs.PaymentTest.closeAllTheOpenedWindows()">
                <span>When close all the other opened windows</span>
      <div>
      </div>
              </div>
              <div class="step pass-bg" title="com.frameium.stepdef.Ufs.PaymentTest.user_opens_url()">
                <span>When User opens the T24 Url</span>
      <div>
          <div class="row mb-3"><div class="col-md-3">
    <img data-featherlight='../Screenshots/embedded60.png' src="../Screenshots/embedded60.png">
    
    </div></div>
</div>
              </div>
              <div class="step pass-bg" title="com.frameium.stepdef.Ufs.PaymentTest.Login_should_be_successful()">
                <span>Then User should be able to login to T24</span>
      <div>
          <div class="row mb-3"><div class="col-md-3">
    <img data-featherlight='../Screenshots/embedded61.png' src="../Screenshots/embedded61.png">
    
    </div></div>
</div>
              </div>
              <div class="step pass-bg" title="com.frameium.stepdef.Ufs.PaymentTest.fill_in_the_commandline()">
                <span>Then The user should be able to fill the commandline</span>
      <div>
      </div>
              </div>
              <div class="step pass-bg" title="com.frameium.stepdef.Ufs.PaymentTest.balanceCheckAccountExternalTransfer()">
                <span>And user should be able to see the the balance of the account before performing External transfer</span>
      <div>
      </div>
              </div>
              <div class="step pass-bg" title="com.frameium.stepdef.Ufs.PaymentTest.Accounttransfer_click()">
                <span>Then The user should be able to navigate to Account transfer button</span>
      <div>
      </div>
              </div>
              <div class="step pass-bg" title="com.frameium.stepdef.Ufs.PaymentTest.fill_thedetails_for_External_Transfer_payment()">
                <span>And Enter the details in the account external  transfer fields</span>
      <div>
          <div class="row mb-3"><div class="col-md-3">
    <img data-featherlight='../Screenshots/embedded62.png' src="../Screenshots/embedded62.png">
    
    </div></div>
</div>
              </div>
              <div class="step pass-bg" title="com.frameium.stepdef.Ufs.PaymentTest.validateButton_Click()">
                <span>Then Click on validate</span>
      <div>
      </div>
              </div>
              <div class="step pass-bg" title="com.frameium.stepdef.Ufs.PaymentTest.commitButtonClick()">
                <span>And Click on commit</span>
      <div>
      </div>
              </div>
              <div class="step pass-bg" title="com.frameium.stepdef.Ufs.PaymentTest.txnCompleteMsg_Verify()">
                <span>Then Verify whether the transaction complete message is displayed after commiting</span>
      <div>
          <div class="row mb-3"><div class="col-md-3">
    <img data-featherlight='../Screenshots/embedded63.png' src="../Screenshots/embedded63.png">
    
    </div></div>
</div>
              </div>
              <div class="step pass-bg" title="com.frameium.stepdef.Ufs.PaymentTest.navigateToAccountEntries()">
                <span>And Navigate to account entries</span>
      <div>
      </div>
              </div>
              <div class="step pass-bg" title="com.frameium.stepdef.Ufs.PaymentTest.enterAccountNumInviewAccounytEntries()">
                <span>Then Enter the account number of external transfer and click on find button</span>
      <div>
      </div>
              </div>
              <div class="step pass-bg" title="com.frameium.stepdef.Ufs.PaymentTest.verificationOfAccountEntriesExternal()">
                <span>And Verify whether the external transaction is reflected in the accountentries</span>
      <div>
          <div class="row mb-3"><div class="col-md-3">
    <img data-featherlight='../Screenshots/embedded64.png' src="../Screenshots/embedded64.png">
    
    </div></div>
</div>
              </div>
          </div>
        </div>
  </div>
  <div class="card">
    <div class="card-header" role="tab">
      <div class="card-title">
        <div class="node" id="1,841"><span class="badge log pass-bg mr-2">Pass</span>External Transfer narrative</div>
          <div class="status-avatar float-right mr-4">
            <i class="fa fa-paperclip"></i>
          </div>
      </div>
    </div>
        <div class="collapse">
          <div class="card-body">
              <div class="step pass-bg" title="com.frameium.stepdef.Ufs.PaymentTest.closeAllTheOpenedWindows()">
                <span>When close all the other opened windows</span>
      <div>
      </div>
              </div>
              <div class="step pass-bg" title="com.frameium.stepdef.Ufs.PaymentTest.user_opens_url()">
                <span>When User opens the T24 Url</span>
      <div>
          <div class="row mb-3"><div class="col-md-3">
    <img data-featherlight='../Screenshots/embedded65.png' src="../Screenshots/embedded65.png">
    
    </div></div>
</div>
              </div>
              <div class="step pass-bg" title="com.frameium.stepdef.Ufs.PaymentTest.Login_should_be_successful()">
                <span>Then User should be able to login to T24</span>
      <div>
          <div class="row mb-3"><div class="col-md-3">
    <img data-featherlight='../Screenshots/embedded66.png' src="../Screenshots/embedded66.png">
    
    </div></div>
</div>
              </div>
              <div class="step pass-bg" title="com.frameium.stepdef.Ufs.PaymentTest.fill_in_the_commandline()">
                <span>Then The user should be able to fill the commandline</span>
      <div>
      </div>
              </div>
              <div class="step pass-bg" title="com.frameium.stepdef.Ufs.PaymentTest.generalEnquiriesClick()">
                <span>And The user should be able to click on general enquiries buttom</span>
      <div>
      </div>
              </div>
              <div class="step pass-bg" title="com.frameium.stepdef.Ufs.PaymentTest.IB_view_of_Account_Entries_Click()">
                <span>And click on the IB-view of account entries</span>
      <div>
      </div>
              </div>
              <div class="step pass-bg" title="com.frameium.stepdef.Ufs.PaymentTest.enterexternalAccountNumInIbviewofAccounytEntries()">
                <span>Then Enter the external account number in IbView of account entries</span>
      <div>
          <div class="row mb-3"><div class="col-md-3">
    <img data-featherlight='../Screenshots/embedded67.png' src="../Screenshots/embedded67.png">
    
    </div></div>
</div>
              </div>
              <div class="step pass-bg" title="com.frameium.stepdef.Ufs.PaymentTest.findButtonClick()">
                <span>And click on find button</span>
      <div>
      </div>
              </div>
              <div class="step pass-bg" title="com.frameium.stepdef.Ufs.PaymentTest.externalTransfernarrative()">
                <span>And The details of External transfer should be reflected in the narratives</span>
      <div>
          <div class="row mb-3"><div class="col-md-3">
    <img data-featherlight='../Screenshots/embedded68.png' src="../Screenshots/embedded68.png">
    
    </div></div>
</div>
              </div>
          </div>
        </div>
  </div>
  <div class="card">
    <div class="card-header" role="tab">
      <div class="card-title">
        <div class="node" id="1,894"><span class="badge log pass-bg mr-2">Pass</span>Internal transfer over limit</div>
          <div class="status-avatar float-right mr-4">
            <i class="fa fa-paperclip"></i>
          </div>
      </div>
    </div>
        <div class="collapse">
          <div class="card-body">
              <div class="step pass-bg" title="com.frameium.stepdef.Ufs.PaymentTest.closeAllTheOpenedWindows()">
                <span>When close all the other opened windows</span>
      <div>
      </div>
              </div>
              <div class="step pass-bg" title="com.frameium.stepdef.Ufs.PaymentTest.user_opens_url()">
                <span>When User opens the T24 Url</span>
      <div>
          <div class="row mb-3"><div class="col-md-3">
    <img data-featherlight='../Screenshots/embedded69.png' src="../Screenshots/embedded69.png">
    
    </div></div>
</div>
              </div>
              <div class="step pass-bg" title="com.frameium.stepdef.Ufs.PaymentTest.Login_should_be_successful()">
                <span>Then User should be able to login to T24</span>
      <div>
          <div class="row mb-3"><div class="col-md-3">
    <img data-featherlight='../Screenshots/embedded70.png' src="../Screenshots/embedded70.png">
    
    </div></div>
</div>
              </div>
              <div class="step pass-bg" title="com.frameium.stepdef.Ufs.PaymentTest.fill_in_the_commandline()">
                <span>Then The user should be able to fill the commandline</span>
      <div>
      </div>
              </div>
              <div class="step pass-bg" title="com.frameium.stepdef.Ufs.PaymentTest.balanceCheckAccountt()">
                <span>And user should be able to see the the balance of the account before performing internal transfer over limit</span>
      <div>
      </div>
              </div>
              <div class="step pass-bg" title="com.frameium.stepdef.Ufs.PaymentTest.Accounttransfer_click()">
                <span>Then The user should be able to navigate to Account transfer button</span>
      <div>
      </div>
              </div>
              <div class="step pass-bg" title="com.frameium.stepdef.Ufs.PaymentTest.fill_thedetails_for_Internal_Transfer_payment_overlimit()">
                <span>And Enter the details in the account transfer for internal transfer overlimit</span>
      <div>
          <div class="row mb-3"><div class="col-md-3">
    <img data-featherlight='../Screenshots/embedded71.png' src="../Screenshots/embedded71.png">
    
    </div></div>
</div>
              </div>
              <div class="step pass-bg" title="com.frameium.stepdef.Ufs.PaymentTest.validateButton_Click()">
                <span>Then Click on validate</span>
      <div>
      </div>
              </div>
              <div class="step pass-bg" title="com.frameium.stepdef.Ufs.PaymentTest.commitButtonClick()">
                <span>And Click on commit</span>
      <div>
      </div>
              </div>
              <div class="step pass-bg" title="com.frameium.stepdef.Ufs.PaymentTest.checkWhetherTheOverrideAuthorisationRequiredMessageIsAppearingAndClickOnAcceptoverride()">
                <span>Then check whether the override Authorisation Required message is appearing and click on acceptoverride</span>
      <div>
          <div class="row mb-3"><div class="col-md-3">
    <img data-featherlight='../Screenshots/embedded72.png' src="../Screenshots/embedded72.png">
    
    </div></div>
</div>
              </div>
              <div class="step pass-bg" title="com.frameium.stepdef.Ufs.PaymentTest.txnCompleteMsg_Verify()">
                <span>Then Verify whether the transaction complete message is displayed after commiting</span>
      <div>
          <div class="row mb-3"><div class="col-md-3">
    <img data-featherlight='../Screenshots/embedded73.png' src="../Screenshots/embedded73.png">
    
    </div></div>
</div>
              </div>
              <div class="step pass-bg" title="com.frameium.stepdef.Ufs.PaymentTest.signoff()">
                <span>And The User clicks on signoff</span>
      <div>
      </div>
              </div>
              <div class="step pass-bg" title="com.frameium.stepdef.Ufs.PaymentTest.authorizer_Login_T24()">
                <span>Then Login to authoriser account</span>
      <div>
      </div>
              </div>
              <div class="step pass-bg" title="com.frameium.stepdef.Ufs.PaymentTest.fill_in_the_commandline()">
                <span>Then The user should be able to fill the commandline</span>
      <div>
      </div>
              </div>
              <div class="step pass-bg" title="com.frameium.stepdef.Ufs.PaymentTest.navigateToUnauthorisedTransactionsClick()">
                <span>And Navigate to unauthorised transactions</span>
      <div>
      </div>
              </div>
              <div class="step pass-bg" title="com.frameium.stepdef.Ufs.PaymentTest.authoriseTransaction()">
                <span>Then Authorize the transaction</span>
      <div>
      </div>
              </div>
              <div class="step pass-bg" title="com.frameium.stepdef.Ufs.PaymentTest.txnCompleteMsg_Verify()">
                <span>Then Verify whether the transaction complete message is displayed after commiting</span>
      <div>
          <div class="row mb-3"><div class="col-md-3">
    <img data-featherlight='../Screenshots/embedded74.png' src="../Screenshots/embedded74.png">
    
    </div></div>
</div>
              </div>
              <div class="step pass-bg" title="com.frameium.stepdef.Ufs.PaymentTest.navigateToAccountEntries()">
                <span>And Navigate to account entries</span>
      <div>
      </div>
              </div>
              <div class="step pass-bg" title="com.frameium.stepdef.Ufs.PaymentTest.EnterAccountNumOverlimitInAccountEnties()">
                <span>Then Enter the account number of internal transaction overlimit and click on find button</span>
      <div>
      </div>
              </div>
              <div class="step pass-bg" title="com.frameium.stepdef.Ufs.PaymentTest.verifyWhetherTheInternalTransferOverLimittransactionIsReflectedInTheAccountentries()">
                <span>And Verify whether the internal transfer over limit transaction is reflected in the accountentries</span>
      <div>
          <div class="row mb-3"><div class="col-md-3">
    <img data-featherlight='../Screenshots/embedded75.png' src="../Screenshots/embedded75.png">
    
    </div></div>
</div>
              </div>
          </div>
        </div>
  </div>
  <div class="card">
    <div class="card-header" role="tab">
      <div class="card-title">
        <div class="node" id="2,002"><span class="badge log pass-bg mr-2">Pass</span>Internal Transfer overlimit narrative</div>
          <div class="status-avatar float-right mr-4">
            <i class="fa fa-paperclip"></i>
          </div>
      </div>
    </div>
        <div class="collapse">
          <div class="card-body">
              <div class="step pass-bg" title="com.frameium.stepdef.Ufs.PaymentTest.closeAllTheOpenedWindows()">
                <span>When close all the other opened windows</span>
      <div>
      </div>
              </div>
              <div class="step pass-bg" title="com.frameium.stepdef.Ufs.PaymentTest.user_opens_url()">
                <span>When User opens the T24 Url</span>
      <div>
          <div class="row mb-3"><div class="col-md-3">
    <img data-featherlight='../Screenshots/embedded76.png' src="../Screenshots/embedded76.png">
    
    </div></div>
</div>
              </div>
              <div class="step pass-bg" title="com.frameium.stepdef.Ufs.PaymentTest.Login_should_be_successful()">
                <span>Then User should be able to login to T24</span>
      <div>
          <div class="row mb-3"><div class="col-md-3">
    <img data-featherlight='../Screenshots/embedded77.png' src="../Screenshots/embedded77.png">
    
    </div></div>
</div>
              </div>
              <div class="step pass-bg" title="com.frameium.stepdef.Ufs.PaymentTest.fill_in_the_commandline()">
                <span>Then The user should be able to fill the commandline</span>
      <div>
      </div>
              </div>
              <div class="step pass-bg" title="com.frameium.stepdef.Ufs.PaymentTest.generalEnquiriesClick()">
                <span>And The user should be able to click on general enquiries buttom</span>
      <div>
      </div>
              </div>
              <div class="step pass-bg" title="com.frameium.stepdef.Ufs.PaymentTest.IB_view_of_Account_Entries_Click()">
                <span>And click on the IB-view of account entries</span>
      <div>
      </div>
              </div>
              <div class="step pass-bg" title="com.frameium.stepdef.Ufs.PaymentTest.enterAccountNumoverlimitInIbviewofAccounytEntries()">
                <span>Then Enter the account number of internal transfer overlimit in ibview of account entries</span>
      <div>
      </div>
              </div>
              <div class="step pass-bg" title="com.frameium.stepdef.Ufs.PaymentTest.findButtonClick()">
                <span>And click on find button</span>
      <div>
      </div>
              </div>
              <div class="step pass-bg" title="com.frameium.stepdef.Ufs.PaymentTest.transfernarrativeOverLimit()">
                <span>And The details of internal transfer overlimit should be reflected in the narratives</span>
      <div>
          <div class="row mb-3"><div class="col-md-3">
    <img data-featherlight='../Screenshots/embedded78.png' src="../Screenshots/embedded78.png">
    
    </div></div>
</div>
      <div>
          <div class="row mb-3"><div class="col-md-3">
    <img data-featherlight='../Screenshots/embedded79.png' src="../Screenshots/embedded79.png">
    
    </div></div>
</div>
              </div>
          </div>
        </div>
  </div>
  <div class="card">
    <div class="card-header" role="tab">
      <div class="card-title">
        <div class="node" id="2,055"><span class="badge log pass-bg mr-2">Pass</span>External transfer over limit</div>
          <div class="status-avatar float-right mr-4">
            <i class="fa fa-paperclip"></i>
          </div>
      </div>
    </div>
        <div class="collapse">
          <div class="card-body">
              <div class="step pass-bg" title="com.frameium.stepdef.Ufs.PaymentTest.closeAllTheOpenedWindows()">
                <span>When close all the other opened windows</span>
      <div>
      </div>
              </div>
              <div class="step pass-bg" title="com.frameium.stepdef.Ufs.PaymentTest.user_opens_url()">
                <span>When User opens the T24 Url</span>
      <div>
          <div class="row mb-3"><div class="col-md-3">
    <img data-featherlight='../Screenshots/embedded80.png' src="../Screenshots/embedded80.png">
    
    </div></div>
</div>
              </div>
              <div class="step pass-bg" title="com.frameium.stepdef.Ufs.PaymentTest.Login_should_be_successful()">
                <span>Then User should be able to login to T24</span>
      <div>
          <div class="row mb-3"><div class="col-md-3">
    <img data-featherlight='../Screenshots/embedded81.png' src="../Screenshots/embedded81.png">
    
    </div></div>
</div>
              </div>
              <div class="step pass-bg" title="com.frameium.stepdef.Ufs.PaymentTest.fill_in_the_commandline()">
                <span>Then The user should be able to fill the commandline</span>
      <div>
      </div>
              </div>
              <div class="step pass-bg" title="com.frameium.stepdef.Ufs.PaymentTest.balanceCheckAccount()">
                <span>And user should be able to see the the balance of the account before performing internal transfer</span>
      <div>
          <div class="row mb-3"><div class="col-md-3">
    <img data-featherlight='../Screenshots/embedded82.png' src="../Screenshots/embedded82.png">
    
    </div></div>
</div>
      <div>
          <div class="row mb-3"><div class="col-md-3">
    <img data-featherlight='../Screenshots/embedded83.png' src="../Screenshots/embedded83.png">
    
    </div></div>
</div>
              </div>
              <div class="step pass-bg" title="com.frameium.stepdef.Ufs.PaymentTest.Accounttransfer_click()">
                <span>Then The user should be able to navigate to Account transfer button</span>
      <div>
      </div>
              </div>
              <div class="step pass-bg" title="com.frameium.stepdef.Ufs.PaymentTest.enterTheDetailsInTheAccountTransferForExternalTransferOverlimit()">
                <span>And Enter the details in the account transfer for External transfer overlimit</span>
      <div>
          <div class="row mb-3"><div class="col-md-3">
    <img data-featherlight='../Screenshots/embedded84.png' src="../Screenshots/embedded84.png">
    
    </div></div>
</div>
              </div>
              <div class="step pass-bg" title="com.frameium.stepdef.Ufs.PaymentTest.validateButton_Click()">
                <span>Then Click on validate</span>
      <div>
      </div>
              </div>
              <div class="step pass-bg" title="com.frameium.stepdef.Ufs.PaymentTest.commitButtonClick()">
                <span>And Click on commit</span>
      <div>
      </div>
              </div>
              <div class="step pass-bg" title="com.frameium.stepdef.Ufs.PaymentTest.checkWhetherTheOverrideAuthorisationRequiredMessageIsAppearingAndClickOnAcceptoverride()">
                <span>Then check whether the override Authorisation Required message is appearing and click on acceptoverride</span>
      <div>
          <div class="row mb-3"><div class="col-md-3">
    <img data-featherlight='../Screenshots/embedded85.png' src="../Screenshots/embedded85.png">
    
    </div></div>
</div>
              </div>
              <div class="step pass-bg" title="com.frameium.stepdef.Ufs.PaymentTest.txnCompleteMsg_Verify()">
                <span>Then Verify whether the transaction complete message is displayed after commiting</span>
      <div>
          <div class="row mb-3"><div class="col-md-3">
    <img data-featherlight='../Screenshots/embedded86.png' src="../Screenshots/embedded86.png">
    
    </div></div>
</div>
              </div>
              <div class="step pass-bg" title="com.frameium.stepdef.Ufs.PaymentTest.signoff()">
                <span>And The User clicks on signoff</span>
      <div>
      </div>
              </div>
              <div class="step pass-bg" title="com.frameium.stepdef.Ufs.PaymentTest.authorizer_Login_T24()">
                <span>Then Login to authoriser account</span>
      <div>
      </div>
              </div>
              <div class="step pass-bg" title="com.frameium.stepdef.Ufs.PaymentTest.fill_in_the_commandline()">
                <span>Then The user should be able to fill the commandline</span>
      <div>
      </div>
              </div>
              <div class="step pass-bg" title="com.frameium.stepdef.Ufs.PaymentTest.navigateToUnauthorisedTransactionsClick()">
                <span>And Navigate to unauthorised transactions</span>
      <div>
      </div>
              </div>
              <div class="step pass-bg" title="com.frameium.stepdef.Ufs.PaymentTest.authoriseTransaction()">
                <span>Then Authorize the transaction</span>
      <div>
      </div>
              </div>
              <div class="step pass-bg" title="com.frameium.stepdef.Ufs.PaymentTest.txnCompleteMsg_Verify()">
                <span>Then Verify whether the transaction complete message is displayed after commiting</span>
      <div>
          <div class="row mb-3"><div class="col-md-3">
    <img data-featherlight='../Screenshots/embedded87.png' src="../Screenshots/embedded87.png">
    
    </div></div>
</div>
              </div>
              <div class="step pass-bg" title="com.frameium.stepdef.Ufs.PaymentTest.navigateToAccountEntries()">
                <span>And Navigate to account entries</span>
      <div>
      </div>
              </div>
              <div class="step pass-bg" title="com.frameium.stepdef.Ufs.PaymentTest.EnterExternaloverlimitAccountNumInAccountEnties()">
                <span>Then Enter the external overlimit account number and click on find button</span>
      <div>
      </div>
              </div>
              <div class="step pass-bg" title="com.frameium.stepdef.Ufs.PaymentTest.verificationOfExternaloverlimitAccountEntries()">
                <span>And Verify whether the external overlimit transaction is reflected in the accountentries</span>
      <div>
          <div class="row mb-3"><div class="col-md-3">
    <img data-featherlight='../Screenshots/embedded88.png' src="../Screenshots/embedded88.png">
    
    </div></div>
</div>
              </div>
          </div>
        </div>
  </div>
  <div class="card">
    <div class="card-header" role="tab">
      <div class="card-title">
        <div class="node" id="2,163"><span class="badge log pass-bg mr-2">Pass</span>External Transfer overlimit narrative</div>
          <div class="status-avatar float-right mr-4">
            <i class="fa fa-paperclip"></i>
          </div>
      </div>
    </div>
        <div class="collapse">
          <div class="card-body">
              <div class="step pass-bg" title="com.frameium.stepdef.Ufs.PaymentTest.closeAllTheOpenedWindows()">
                <span>When close all the other opened windows</span>
      <div>
      </div>
              </div>
              <div class="step pass-bg" title="com.frameium.stepdef.Ufs.PaymentTest.user_opens_url()">
                <span>When User opens the T24 Url</span>
      <div>
          <div class="row mb-3"><div class="col-md-3">
    <img data-featherlight='../Screenshots/embedded89.png' src="../Screenshots/embedded89.png">
    
    </div></div>
</div>
              </div>
              <div class="step pass-bg" title="com.frameium.stepdef.Ufs.PaymentTest.Login_should_be_successful()">
                <span>Then User should be able to login to T24</span>
      <div>
          <div class="row mb-3"><div class="col-md-3">
    <img data-featherlight='../Screenshots/embedded90.png' src="../Screenshots/embedded90.png">
    
    </div></div>
</div>
              </div>
              <div class="step pass-bg" title="com.frameium.stepdef.Ufs.PaymentTest.fill_in_the_commandline()">
                <span>Then The user should be able to fill the commandline</span>
      <div>
      </div>
              </div>
              <div class="step pass-bg" title="com.frameium.stepdef.Ufs.PaymentTest.generalEnquiriesClick()">
                <span>And The user should be able to click on general enquiries buttom</span>
      <div>
      </div>
              </div>
              <div class="step pass-bg" title="com.frameium.stepdef.Ufs.PaymentTest.IB_view_of_Account_Entries_Click()">
                <span>And click on the IB-view of account entries</span>
      <div>
      </div>
              </div>
              <div class="step pass-bg" title="com.frameium.stepdef.Ufs.PaymentTest.enterExtAccountNumoverlimitInIbviewofAccounytEntries()">
                <span>Then Enter the account number of external transfer overlimit</span>
      <div>
      </div>
              </div>
              <div class="step pass-bg" title="com.frameium.stepdef.Ufs.PaymentTest.findButtonClick()">
                <span>And click on find button</span>
      <div>
      </div>
              </div>
              <div class="step pass-bg" title="com.frameium.stepdef.Ufs.PaymentTest.ExtransfernarrativeOverLimit()">
                <span>And The details of External transfer overlimit should be reflected in the narratives</span>
      <div>
          <div class="row mb-3"><div class="col-md-3">
    <img data-featherlight='../Screenshots/embedded91.png' src="../Screenshots/embedded91.png">
    
    </div></div>
</div>
              </div>
          </div>
        </div>
  </div>
  <div class="card">
    <div class="card-header" role="tab">
      <div class="card-title">
        <div class="node" id="2,216"><span class="badge log fail-bg mr-2">Fail</span>Balance Maintanance sweep transfer</div>
          <div class="status-avatar float-right mr-4">
            <i class="fa fa-paperclip"></i>
          </div>
      </div>
    </div>
        <div class="">
          <div class="card-body">
              <div class="step pass-bg" title="com.frameium.stepdef.Ufs.PaymentTest.closeAllTheOpenedWindows()">
                <span>When close all the other opened windows</span>
      <div>
      </div>
              </div>
              <div class="step pass-bg" title="com.frameium.stepdef.Ufs.PaymentTest.user_opens_url()">
                <span>When User opens the T24 Url</span>
      <div>
          <div class="row mb-3"><div class="col-md-3">
    <img data-featherlight='../Screenshots/embedded92.png' src="../Screenshots/embedded92.png">
    
    </div></div>
</div>
              </div>
              <div class="step pass-bg" title="com.frameium.stepdef.Ufs.PaymentTest.Login_should_be_successful()">
                <span>Then User should be able to login to T24</span>
      <div>
          <div class="row mb-3"><div class="col-md-3">
    <img data-featherlight='../Screenshots/embedded93.png' src="../Screenshots/embedded93.png">
    
    </div></div>
</div>
              </div>
              <div class="step pass-bg" title="com.frameium.stepdef.Ufs.PaymentTest.fill_in_the_commandline()">
                <span>Then The user should be able to fill the commandline</span>
      <div>
      </div>
              </div>
              <div class="step pass-bg" title="com.frameium.stepdef.Ufs.PaymentTest.findAccount()">
                <span>And navigate to find account option</span>
      <div>
      </div>
              </div>
              <div class="step pass-bg" title="com.frameium.stepdef.Ufs.PaymentTest.openAccounttoBalanceMaintenanceSweep()">
                <span>Then open the account that balance maintenance sweep transfer need to be applied</span>
      <div>
      </div>
              </div>
              <div class="step fail-bg" title="com.frameium.stepdef.Ufs.PaymentTest.reverseSweepTransfer()">
                <span>And reverse sweep transfer if any Sweep transfer is there and switch back to main menu</span>
      <div>
        <textarea disabled class="code-block">java.lang.NullPointerException: Cannot invoke "org.openqa.selenium.WebElement.click()" because "Confirmreverse" is null
	at com.frameium.pageobject.UFS.T24homepage.reversesweepclick(T24homepage.java:1552)
	at com.frameium.stepdef.Ufs.PaymentTest.reverseSweepTransfer(PaymentTest.java:708)
	at ✽.reverse sweep transfer if any Sweep transfer is there and switch back to main menu(file:///D:/frameium/Frameium_allure/src/test/resources/Features/UFS/T24_Payments.feature:134)
</textarea>
      
      </div>
              </div>
              <div class="step pass-bg" >
                <span>com.frameium.stepdef.Hooks.afterEveryStep(io.cucumber.java.Scenario)</span>
      <div>
          <div class="row mb-3"><div class="col-md-3">
    <img data-featherlight='../Screenshots/embedded94.png' src="../Screenshots/embedded94.png">
    
    </div></div>
</div>
              </div>
              <div class="step skip-bg" title="com.frameium.stepdef.Ufs.PaymentTest.operationsMenuClick()">
                <span>Then navigate to operations menu</span>
      <div>Step skipped
      </div>
              </div>
              <div class="step skip-bg" title="com.frameium.stepdef.Ufs.PaymentTest.SweepMaintenance()">
                <span>And click on sweep maintainance</span>
      <div>Step skipped
      </div>
              </div>
              <div class="step skip-bg" title="com.frameium.stepdef.Ufs.PaymentTest.setupMaintenanceSweep()">
                <span>Then click on  setup maintenance sweep</span>
      <div>Step skipped
      </div>
              </div>
              <div class="step skip-bg" title="com.frameium.stepdef.Ufs.PaymentTest.enterBalanceMaintenanceSweepDetails()">
                <span>And Enter the details for balance maintenance sweep</span>
      <div>Step skipped
      </div>
              </div>
              <div class="step skip-bg" title="com.frameium.stepdef.Ufs.PaymentTest.validateButton_Click()">
                <span>Then Click on validate</span>
      <div>Step skipped
      </div>
              </div>
              <div class="step skip-bg" title="com.frameium.stepdef.Ufs.PaymentTest.commitButtonClick()">
                <span>And Click on commit</span>
      <div>Step skipped
      </div>
              </div>
              <div class="step skip-bg" title="com.frameium.stepdef.Ufs.PaymentTest.txnCompleteMsg_Verify()">
                <span>Then Verify whether the transaction complete message is displayed after commiting</span>
      <div>Step skipped
      </div>
              </div>
              <div class="step skip-bg" title="com.frameium.stepdef.Ufs.PaymentTest.findAccount()">
                <span>And navigate to find account option</span>
      <div>Step skipped
      </div>
              </div>
              <div class="step skip-bg" title="com.frameium.stepdef.Ufs.PaymentTest.openAccounttoBalanceMaintenanceSweep()">
                <span>Then open the account that balance maintenance sweep transfer need to be applied</span>
      <div>Step skipped
      </div>
              </div>
              <div class="step skip-bg" title="com.frameium.stepdef.Ufs.PaymentTest.verifySweepTransfer()">
                <span>And verify that balance maintenance sweep transfer is reflected in the overview page</span>
      <div>Step skipped
      </div>
              </div>
          </div>
        </div>
  </div>
  <div class="card">
    <div class="card-header" role="tab">
      <div class="card-title">
        <div class="node" id="2,309"><span class="badge log fail-bg mr-2">Fail</span>Balance Maintanance sweep transfer</div>
          <div class="status-avatar float-right mr-4">
            <i class="fa fa-paperclip"></i>
          </div>
      </div>
    </div>
        <div class="">
          <div class="card-body">
              <div class="step pass-bg" title="com.frameium.stepdef.Ufs.PaymentTest.closeAllTheOpenedWindows()">
                <span>When close all the other opened windows</span>
      <div>
      </div>
              </div>
              <div class="step pass-bg" title="com.frameium.stepdef.Ufs.PaymentTest.user_opens_url()">
                <span>When User opens the T24 Url</span>
      <div>
          <div class="row mb-3"><div class="col-md-3">
    <img data-featherlight='../Screenshots/embedded95.png' src="../Screenshots/embedded95.png">
    
    </div></div>
</div>
              </div>
              <div class="step pass-bg" title="com.frameium.stepdef.Ufs.PaymentTest.Login_should_be_successful()">
                <span>Then User should be able to login to T24</span>
      <div>
          <div class="row mb-3"><div class="col-md-3">
    <img data-featherlight='../Screenshots/embedded96.png' src="../Screenshots/embedded96.png">
    
    </div></div>
</div>
              </div>
              <div class="step pass-bg" title="com.frameium.stepdef.Ufs.PaymentTest.fill_in_the_commandline()">
                <span>Then The user should be able to fill the commandline</span>
      <div>
      </div>
              </div>
              <div class="step pass-bg" title="com.frameium.stepdef.Ufs.PaymentTest.findAccount()">
                <span>And navigate to find account option</span>
      <div>
      </div>
              </div>
              <div class="step pass-bg" title="com.frameium.stepdef.Ufs.PaymentTest.openAccounttoBalanceMaintenanceSweep()">
                <span>Then open the account that balance maintenance sweep transfer need to be applied</span>
      <div>
      </div>
              </div>
              <div class="step fail-bg" title="com.frameium.stepdef.Ufs.PaymentTest.reverseSweepTransfer()">
                <span>And reverse sweep transfer if any Sweep transfer is there and switch back to main menu</span>
      <div>
        <textarea disabled class="code-block">java.lang.NullPointerException: Cannot invoke "org.openqa.selenium.WebElement.click()" because "Confirmreverse" is null
	at com.frameium.pageobject.UFS.T24homepage.reversesweepclick(T24homepage.java:1552)
	at com.frameium.stepdef.Ufs.PaymentTest.reverseSweepTransfer(PaymentTest.java:708)
	at ✽.reverse sweep transfer if any Sweep transfer is there and switch back to main menu(file:///D:/frameium/Frameium_allure/src/test/resources/Features/UFS/T24_Payments.feature:134)
</textarea>
      
      </div>
              </div>
              <div class="step pass-bg" >
                <span>com.frameium.stepdef.Hooks.afterEveryStep(io.cucumber.java.Scenario)</span>
      <div>
          <div class="row mb-3"><div class="col-md-3">
    <img data-featherlight='../Screenshots/embedded97.png' src="../Screenshots/embedded97.png">
    
    </div></div>
</div>
              </div>
              <div class="step skip-bg" title="com.frameium.stepdef.Ufs.PaymentTest.operationsMenuClick()">
                <span>Then navigate to operations menu</span>
      <div>Step skipped
      </div>
              </div>
              <div class="step skip-bg" title="com.frameium.stepdef.Ufs.PaymentTest.SweepMaintenance()">
                <span>And click on sweep maintainance</span>
      <div>Step skipped
      </div>
              </div>
              <div class="step skip-bg" title="com.frameium.stepdef.Ufs.PaymentTest.setupMaintenanceSweep()">
                <span>Then click on  setup maintenance sweep</span>
      <div>Step skipped
      </div>
              </div>
              <div class="step skip-bg" title="com.frameium.stepdef.Ufs.PaymentTest.enterBalanceMaintenanceSweepDetails()">
                <span>And Enter the details for balance maintenance sweep</span>
      <div>Step skipped
      </div>
              </div>
              <div class="step skip-bg" title="com.frameium.stepdef.Ufs.PaymentTest.validateButton_Click()">
                <span>Then Click on validate</span>
      <div>Step skipped
      </div>
              </div>
              <div class="step skip-bg" title="com.frameium.stepdef.Ufs.PaymentTest.commitButtonClick()">
                <span>And Click on commit</span>
      <div>Step skipped
      </div>
              </div>
              <div class="step skip-bg" title="com.frameium.stepdef.Ufs.PaymentTest.txnCompleteMsg_Verify()">
                <span>Then Verify whether the transaction complete message is displayed after commiting</span>
      <div>Step skipped
      </div>
              </div>
              <div class="step skip-bg" title="com.frameium.stepdef.Ufs.PaymentTest.findAccount()">
                <span>And navigate to find account option</span>
      <div>Step skipped
      </div>
              </div>
              <div class="step skip-bg" title="com.frameium.stepdef.Ufs.PaymentTest.openAccounttoBalanceMaintenanceSweep()">
                <span>Then open the account that balance maintenance sweep transfer need to be applied</span>
      <div>Step skipped
      </div>
              </div>
              <div class="step skip-bg" title="com.frameium.stepdef.Ufs.PaymentTest.verifySweepTransfer()">
                <span>And verify that balance maintenance sweep transfer is reflected in the overview page</span>
      <div>Step skipped
      </div>
              </div>
          </div>
        </div>
  </div>
  <div class="card">
    <div class="card-header" role="tab">
      <div class="card-title">
        <div class="node" id="2,402"><span class="badge log fail-bg mr-2">Fail</span>Surplus sweep transfer</div>
          <div class="status-avatar float-right mr-4">
            <i class="fa fa-paperclip"></i>
          </div>
      </div>
    </div>
        <div class="">
          <div class="card-body">
              <div class="step pass-bg" title="com.frameium.stepdef.Ufs.PaymentTest.closeAllTheOpenedWindows()">
                <span>When close all the other opened windows</span>
      <div>
      </div>
              </div>
              <div class="step pass-bg" title="com.frameium.stepdef.Ufs.PaymentTest.user_opens_url()">
                <span>When User opens the T24 Url</span>
      <div>
          <div class="row mb-3"><div class="col-md-3">
    <img data-featherlight='../Screenshots/embedded98.png' src="../Screenshots/embedded98.png">
    
    </div></div>
</div>
              </div>
              <div class="step pass-bg" title="com.frameium.stepdef.Ufs.PaymentTest.Login_should_be_successful()">
                <span>Then User should be able to login to T24</span>
      <div>
          <div class="row mb-3"><div class="col-md-3">
    <img data-featherlight='../Screenshots/embedded99.png' src="../Screenshots/embedded99.png">
    
    </div></div>
</div>
              </div>
              <div class="step pass-bg" title="com.frameium.stepdef.Ufs.PaymentTest.fill_in_the_commandline()">
                <span>Then The user should be able to fill the commandline</span>
      <div>
      </div>
              </div>
              <div class="step pass-bg" title="com.frameium.stepdef.Ufs.PaymentTest.findAccount()">
                <span>And navigate to find account option</span>
      <div>
      </div>
              </div>
              <div class="step pass-bg" title="com.frameium.stepdef.Ufs.PaymentTest.surplussweepOverview()">
                <span>Then open the account that surplus sweep transfer need to be applied</span>
      <div>
      </div>
              </div>
              <div class="step fail-bg" title="com.frameium.stepdef.Ufs.PaymentTest.reverseSweepTransfer()">
                <span>And reverse sweep transfer if any Sweep transfer is there and switch back to main menu</span>
      <div>
        <textarea disabled class="code-block">java.lang.NullPointerException: Cannot invoke "org.openqa.selenium.WebElement.click()" because "Confirmreverse" is null
	at com.frameium.pageobject.UFS.T24homepage.reversesweepclick(T24homepage.java:1552)
	at com.frameium.stepdef.Ufs.PaymentTest.reverseSweepTransfer(PaymentTest.java:708)
	at ✽.reverse sweep transfer if any Sweep transfer is there and switch back to main menu(file:///D:/frameium/Frameium_allure/src/test/resources/Features/UFS/T24_Payments.feature:171)
</textarea>
      
      </div>
              </div>
              <div class="step pass-bg" >
                <span>com.frameium.stepdef.Hooks.afterEveryStep(io.cucumber.java.Scenario)</span>
      <div>
          <div class="row mb-3"><div class="col-md-3">
    <img data-featherlight='../Screenshots/embedded100.png' src="../Screenshots/embedded100.png">
    
    </div></div>
</div>
              </div>
              <div class="step skip-bg" title="com.frameium.stepdef.Ufs.PaymentTest.operationsMenuClick()">
                <span>Then navigate to operations menu</span>
      <div>Step skipped
      </div>
              </div>
              <div class="step skip-bg" title="com.frameium.stepdef.Ufs.PaymentTest.SweepMaintenance()">
                <span>And click on sweep maintainance</span>
      <div>Step skipped
      </div>
              </div>
              <div class="step skip-bg" title="com.frameium.stepdef.Ufs.PaymentTest.setupSurplusSweep()">
                <span>Then click on setup surplus sweep</span>
      <div>Step skipped
      </div>
              </div>
              <div class="step skip-bg" title="com.frameium.stepdef.Ufs.PaymentTest.enterBalanceSurplusSweepDetails()">
                <span>And Enter the details for surplus sweep</span>
      <div>Step skipped
      </div>
              </div>
              <div class="step skip-bg" title="com.frameium.stepdef.Ufs.PaymentTest.validateButton_Click()">
                <span>Then Click on validate</span>
      <div>Step skipped
      </div>
              </div>
              <div class="step skip-bg" title="com.frameium.stepdef.Ufs.PaymentTest.commitButtonClick()">
                <span>And Click on commit</span>
      <div>Step skipped
      </div>
              </div>
              <div class="step skip-bg" title="com.frameium.stepdef.Ufs.PaymentTest.txnCompleteMsg_Verify()">
                <span>Then Verify whether the transaction complete message is displayed after commiting</span>
      <div>Step skipped
      </div>
              </div>
              <div class="step skip-bg" title="com.frameium.stepdef.Ufs.PaymentTest.findAccount()">
                <span>And navigate to find account option</span>
      <div>Step skipped
      </div>
              </div>
              <div class="step skip-bg" title="com.frameium.stepdef.Ufs.PaymentTest.surplussweepOverview()">
                <span>Then open the account that surplus sweep transfer need to be applied</span>
      <div>Step skipped
      </div>
              </div>
              <div class="step skip-bg" title="com.frameium.stepdef.Ufs.PaymentTest.verifySurplusSweepTransfer()">
                <span>And verify that Surplus sweep transfer is reflected in the overview page</span>
      <div>Step skipped
      </div>
              </div>
          </div>
        </div>
  </div>
  <div class="card">
    <div class="card-header" role="tab">
      <div class="card-title">
        <div class="node" id="2,495"><span class="badge log fail-bg mr-2">Fail</span>Surplus sweep transfer</div>
          <div class="status-avatar float-right mr-4">
            <i class="fa fa-paperclip"></i>
          </div>
      </div>
    </div>
        <div class="">
          <div class="card-body">
              <div class="step pass-bg" title="com.frameium.stepdef.Ufs.PaymentTest.closeAllTheOpenedWindows()">
                <span>When close all the other opened windows</span>
      <div>
      </div>
              </div>
              <div class="step pass-bg" title="com.frameium.stepdef.Ufs.PaymentTest.user_opens_url()">
                <span>When User opens the T24 Url</span>
      <div>
          <div class="row mb-3"><div class="col-md-3">
    <img data-featherlight='../Screenshots/embedded101.png' src="../Screenshots/embedded101.png">
    
    </div></div>
</div>
              </div>
              <div class="step pass-bg" title="com.frameium.stepdef.Ufs.PaymentTest.Login_should_be_successful()">
                <span>Then User should be able to login to T24</span>
      <div>
          <div class="row mb-3"><div class="col-md-3">
    <img data-featherlight='../Screenshots/embedded102.png' src="../Screenshots/embedded102.png">
    
    </div></div>
</div>
              </div>
              <div class="step pass-bg" title="com.frameium.stepdef.Ufs.PaymentTest.fill_in_the_commandline()">
                <span>Then The user should be able to fill the commandline</span>
      <div>
      </div>
              </div>
              <div class="step pass-bg" title="com.frameium.stepdef.Ufs.PaymentTest.findAccount()">
                <span>And navigate to find account option</span>
      <div>
      </div>
              </div>
              <div class="step pass-bg" title="com.frameium.stepdef.Ufs.PaymentTest.surplussweepOverview()">
                <span>Then open the account that surplus sweep transfer need to be applied</span>
      <div>
      </div>
              </div>
              <div class="step fail-bg" title="com.frameium.stepdef.Ufs.PaymentTest.reverseSweepTransfer()">
                <span>And reverse sweep transfer if any Sweep transfer is there and switch back to main menu</span>
      <div>
        <textarea disabled class="code-block">java.lang.NullPointerException: Cannot invoke "org.openqa.selenium.WebElement.click()" because "Confirmreverse" is null
	at com.frameium.pageobject.UFS.T24homepage.reversesweepclick(T24homepage.java:1552)
	at com.frameium.stepdef.Ufs.PaymentTest.reverseSweepTransfer(PaymentTest.java:708)
	at ✽.reverse sweep transfer if any Sweep transfer is there and switch back to main menu(file:///D:/frameium/Frameium_allure/src/test/resources/Features/UFS/T24_Payments.feature:171)
</textarea>
      
      </div>
              </div>
              <div class="step pass-bg" >
                <span>com.frameium.stepdef.Hooks.afterEveryStep(io.cucumber.java.Scenario)</span>
      <div>
          <div class="row mb-3"><div class="col-md-3">
    <img data-featherlight='../Screenshots/embedded103.png' src="../Screenshots/embedded103.png">
    
    </div></div>
</div>
              </div>
              <div class="step skip-bg" title="com.frameium.stepdef.Ufs.PaymentTest.operationsMenuClick()">
                <span>Then navigate to operations menu</span>
      <div>Step skipped
      </div>
              </div>
              <div class="step skip-bg" title="com.frameium.stepdef.Ufs.PaymentTest.SweepMaintenance()">
                <span>And click on sweep maintainance</span>
      <div>Step skipped
      </div>
              </div>
              <div class="step skip-bg" title="com.frameium.stepdef.Ufs.PaymentTest.setupSurplusSweep()">
                <span>Then click on setup surplus sweep</span>
      <div>Step skipped
      </div>
              </div>
              <div class="step skip-bg" title="com.frameium.stepdef.Ufs.PaymentTest.enterBalanceSurplusSweepDetails()">
                <span>And Enter the details for surplus sweep</span>
      <div>Step skipped
      </div>
              </div>
              <div class="step skip-bg" title="com.frameium.stepdef.Ufs.PaymentTest.validateButton_Click()">
                <span>Then Click on validate</span>
      <div>Step skipped
      </div>
              </div>
              <div class="step skip-bg" title="com.frameium.stepdef.Ufs.PaymentTest.commitButtonClick()">
                <span>And Click on commit</span>
      <div>Step skipped
      </div>
              </div>
              <div class="step skip-bg" title="com.frameium.stepdef.Ufs.PaymentTest.txnCompleteMsg_Verify()">
                <span>Then Verify whether the transaction complete message is displayed after commiting</span>
      <div>Step skipped
      </div>
              </div>
              <div class="step skip-bg" title="com.frameium.stepdef.Ufs.PaymentTest.findAccount()">
                <span>And navigate to find account option</span>
      <div>Step skipped
      </div>
              </div>
              <div class="step skip-bg" title="com.frameium.stepdef.Ufs.PaymentTest.surplussweepOverview()">
                <span>Then open the account that surplus sweep transfer need to be applied</span>
      <div>Step skipped
      </div>
              </div>
              <div class="step skip-bg" title="com.frameium.stepdef.Ufs.PaymentTest.verifySurplusSweepTransfer()">
                <span>And verify that Surplus sweep transfer is reflected in the overview page</span>
      <div>Step skipped
      </div>
              </div>
          </div>
        </div>
  </div>
  <div class="card">
    <div class="card-header" role="tab">
      <div class="card-title">
        <div class="node" id="2,588"><span class="badge log fail-bg mr-2">Fail</span>Two way sweep transfer Surplus</div>
          <div class="status-avatar float-right mr-4">
            <i class="fa fa-paperclip"></i>
          </div>
      </div>
    </div>
        <div class="">
          <div class="card-body">
              <div class="step pass-bg" title="com.frameium.stepdef.Ufs.PaymentTest.closeAllTheOpenedWindows()">
                <span>When close all the other opened windows</span>
      <div>
      </div>
              </div>
              <div class="step pass-bg" title="com.frameium.stepdef.Ufs.PaymentTest.user_opens_url()">
                <span>When User opens the T24 Url</span>
      <div>
          <div class="row mb-3"><div class="col-md-3">
    <img data-featherlight='../Screenshots/embedded104.png' src="../Screenshots/embedded104.png">
    
    </div></div>
</div>
              </div>
              <div class="step pass-bg" title="com.frameium.stepdef.Ufs.PaymentTest.Login_should_be_successful()">
                <span>Then User should be able to login to T24</span>
      <div>
          <div class="row mb-3"><div class="col-md-3">
    <img data-featherlight='../Screenshots/embedded105.png' src="../Screenshots/embedded105.png">
    
    </div></div>
</div>
              </div>
              <div class="step pass-bg" title="com.frameium.stepdef.Ufs.PaymentTest.fill_in_the_commandline()">
                <span>Then The user should be able to fill the commandline</span>
      <div>
      </div>
              </div>
              <div class="step pass-bg" title="com.frameium.stepdef.Ufs.PaymentTest.findAccount()">
                <span>And navigate to find account option</span>
      <div>
      </div>
              </div>
              <div class="step pass-bg" title="com.frameium.stepdef.Ufs.PaymentTest.openTheAccountThatTwoWaysSweepTransferSurplusNeedToBeApplied()">
                <span>Then open the account that Two way sweep transfer-surplus need to be applied</span>
      <div>
      </div>
              </div>
              <div class="step fail-bg" title="com.frameium.stepdef.Ufs.PaymentTest.reverseSweepTransfer()">
                <span>And reverse sweep transfer if any Sweep transfer is there and switch back to main menu</span>
      <div>
        <textarea disabled class="code-block">java.lang.NullPointerException: Cannot invoke "org.openqa.selenium.WebElement.click()" because "Confirmreverse" is null
	at com.frameium.pageobject.UFS.T24homepage.reversesweepclick(T24homepage.java:1552)
	at com.frameium.stepdef.Ufs.PaymentTest.reverseSweepTransfer(PaymentTest.java:708)
	at ✽.reverse sweep transfer if any Sweep transfer is there and switch back to main menu(file:///D:/frameium/Frameium_allure/src/test/resources/Features/UFS/T24_Payments.feature:200)
</textarea>
      
      </div>
              </div>
              <div class="step pass-bg" >
                <span>com.frameium.stepdef.Hooks.afterEveryStep(io.cucumber.java.Scenario)</span>
      <div>
          <div class="row mb-3"><div class="col-md-3">
    <img data-featherlight='../Screenshots/embedded106.png' src="../Screenshots/embedded106.png">
    
    </div></div>
</div>
              </div>
              <div class="step skip-bg" title="com.frameium.stepdef.Ufs.PaymentTest.operationsMenuClick()">
                <span>Then navigate to operations menu</span>
      <div>Step skipped
      </div>
              </div>
              <div class="step skip-bg" title="com.frameium.stepdef.Ufs.PaymentTest.SweepMaintenance()">
                <span>And click on sweep maintainance</span>
      <div>Step skipped
      </div>
              </div>
              <div class="step skip-bg" title="com.frameium.stepdef.Ufs.PaymentTest.clickOnSetupTwoWaySweep()">
                <span>Then click on Setup Two Way Sweep</span>
      <div>Step skipped
      </div>
              </div>
              <div class="step skip-bg" title="com.frameium.stepdef.Ufs.PaymentTest.enterTheDetailsTwoWaySweepSurplus()">
                <span>And Enter the details Two way sweep surplus</span>
      <div>Step skipped
      </div>
              </div>
              <div class="step skip-bg" title="com.frameium.stepdef.Ufs.PaymentTest.validateButton_Click()">
                <span>Then Click on validate</span>
      <div>Step skipped
      </div>
              </div>
              <div class="step skip-bg" title="com.frameium.stepdef.Ufs.PaymentTest.commitButtonClick()">
                <span>And Click on commit</span>
      <div>Step skipped
      </div>
              </div>
              <div class="step skip-bg" title="com.frameium.stepdef.Ufs.PaymentTest.txnCompleteMsg_Verify()">
                <span>Then Verify whether the transaction complete message is displayed after commiting</span>
      <div>Step skipped
      </div>
              </div>
              <div class="step skip-bg" title="com.frameium.stepdef.Ufs.PaymentTest.findAccount()">
                <span>And navigate to find account option</span>
      <div>Step skipped
      </div>
              </div>
              <div class="step skip-bg" title="com.frameium.stepdef.Ufs.PaymentTest.openTheAccountThatTwoWaysSweepTransferSurplusNeedToBeApplied()">
                <span>Then open the account that Two way sweep transfer-surplus need to be applied</span>
      <div>Step skipped
      </div>
              </div>
              <div class="step skip-bg" title="com.frameium.stepdef.Ufs.PaymentTest.verifyThatTwoWaySweepTransferSurplusIsReflectedInTheOverviewPage()">
                <span>And verify that Two way sweep transfer-surplus is reflected in the overview page</span>
      <div>Step skipped
      </div>
              </div>
          </div>
        </div>
  </div>
  <div class="card">
    <div class="card-header" role="tab">
      <div class="card-title">
        <div class="node" id="2,681"><span class="badge log fail-bg mr-2">Fail</span>Two way sweep transfer Surplus</div>
          <div class="status-avatar float-right mr-4">
            <i class="fa fa-paperclip"></i>
          </div>
      </div>
    </div>
        <div class="">
          <div class="card-body">
              <div class="step pass-bg" title="com.frameium.stepdef.Ufs.PaymentTest.closeAllTheOpenedWindows()">
                <span>When close all the other opened windows</span>
      <div>
      </div>
              </div>
              <div class="step pass-bg" title="com.frameium.stepdef.Ufs.PaymentTest.user_opens_url()">
                <span>When User opens the T24 Url</span>
      <div>
          <div class="row mb-3"><div class="col-md-3">
    <img data-featherlight='../Screenshots/embedded107.png' src="../Screenshots/embedded107.png">
    
    </div></div>
</div>
              </div>
              <div class="step pass-bg" title="com.frameium.stepdef.Ufs.PaymentTest.Login_should_be_successful()">
                <span>Then User should be able to login to T24</span>
      <div>
          <div class="row mb-3"><div class="col-md-3">
    <img data-featherlight='../Screenshots/embedded108.png' src="../Screenshots/embedded108.png">
    
    </div></div>
</div>
              </div>
              <div class="step pass-bg" title="com.frameium.stepdef.Ufs.PaymentTest.fill_in_the_commandline()">
                <span>Then The user should be able to fill the commandline</span>
      <div>
      </div>
              </div>
              <div class="step pass-bg" title="com.frameium.stepdef.Ufs.PaymentTest.findAccount()">
                <span>And navigate to find account option</span>
      <div>
      </div>
              </div>
              <div class="step pass-bg" title="com.frameium.stepdef.Ufs.PaymentTest.openTheAccountThatTwoWaysSweepTransferSurplusNeedToBeApplied()">
                <span>Then open the account that Two way sweep transfer-surplus need to be applied</span>
      <div>
      </div>
              </div>
              <div class="step fail-bg" title="com.frameium.stepdef.Ufs.PaymentTest.reverseSweepTransfer()">
                <span>And reverse sweep transfer if any Sweep transfer is there and switch back to main menu</span>
      <div>
        <textarea disabled class="code-block">java.lang.NullPointerException: Cannot invoke "org.openqa.selenium.WebElement.click()" because "Confirmreverse" is null
	at com.frameium.pageobject.UFS.T24homepage.reversesweepclick(T24homepage.java:1552)
	at com.frameium.stepdef.Ufs.PaymentTest.reverseSweepTransfer(PaymentTest.java:708)
	at ✽.reverse sweep transfer if any Sweep transfer is there and switch back to main menu(file:///D:/frameium/Frameium_allure/src/test/resources/Features/UFS/T24_Payments.feature:200)
</textarea>
      
      </div>
              </div>
              <div class="step pass-bg" >
                <span>com.frameium.stepdef.Hooks.afterEveryStep(io.cucumber.java.Scenario)</span>
      <div>
          <div class="row mb-3"><div class="col-md-3">
    <img data-featherlight='../Screenshots/embedded109.png' src="../Screenshots/embedded109.png">
    
    </div></div>
</div>
              </div>
              <div class="step skip-bg" title="com.frameium.stepdef.Ufs.PaymentTest.operationsMenuClick()">
                <span>Then navigate to operations menu</span>
      <div>Step skipped
      </div>
              </div>
              <div class="step skip-bg" title="com.frameium.stepdef.Ufs.PaymentTest.SweepMaintenance()">
                <span>And click on sweep maintainance</span>
      <div>Step skipped
      </div>
              </div>
              <div class="step skip-bg" title="com.frameium.stepdef.Ufs.PaymentTest.clickOnSetupTwoWaySweep()">
                <span>Then click on Setup Two Way Sweep</span>
      <div>Step skipped
      </div>
              </div>
              <div class="step skip-bg" title="com.frameium.stepdef.Ufs.PaymentTest.enterTheDetailsTwoWaySweepSurplus()">
                <span>And Enter the details Two way sweep surplus</span>
      <div>Step skipped
      </div>
              </div>
              <div class="step skip-bg" title="com.frameium.stepdef.Ufs.PaymentTest.validateButton_Click()">
                <span>Then Click on validate</span>
      <div>Step skipped
      </div>
              </div>
              <div class="step skip-bg" title="com.frameium.stepdef.Ufs.PaymentTest.commitButtonClick()">
                <span>And Click on commit</span>
      <div>Step skipped
      </div>
              </div>
              <div class="step skip-bg" title="com.frameium.stepdef.Ufs.PaymentTest.txnCompleteMsg_Verify()">
                <span>Then Verify whether the transaction complete message is displayed after commiting</span>
      <div>Step skipped
      </div>
              </div>
              <div class="step skip-bg" title="com.frameium.stepdef.Ufs.PaymentTest.findAccount()">
                <span>And navigate to find account option</span>
      <div>Step skipped
      </div>
              </div>
              <div class="step skip-bg" title="com.frameium.stepdef.Ufs.PaymentTest.openTheAccountThatTwoWaysSweepTransferSurplusNeedToBeApplied()">
                <span>Then open the account that Two way sweep transfer-surplus need to be applied</span>
      <div>Step skipped
      </div>
              </div>
              <div class="step skip-bg" title="com.frameium.stepdef.Ufs.PaymentTest.verifyThatTwoWaySweepTransferSurplusIsReflectedInTheOverviewPage()">
                <span>And verify that Two way sweep transfer-surplus is reflected in the overview page</span>
      <div>Step skipped
      </div>
              </div>
          </div>
        </div>
  </div>
  <div class="card">
    <div class="card-header" role="tab">
      <div class="card-title">
        <div class="node" id="2,774"><span class="badge log fail-bg mr-2">Fail</span>Two way sweep transfer Balance maintenance</div>
          <div class="status-avatar float-right mr-4">
            <i class="fa fa-paperclip"></i>
          </div>
      </div>
    </div>
        <div class="">
          <div class="card-body">
              <div class="step pass-bg" title="com.frameium.stepdef.Ufs.PaymentTest.closeAllTheOpenedWindows()">
                <span>When close all the other opened windows</span>
      <div>
      </div>
              </div>
              <div class="step pass-bg" title="com.frameium.stepdef.Ufs.PaymentTest.user_opens_url()">
                <span>When User opens the T24 Url</span>
      <div>
          <div class="row mb-3"><div class="col-md-3">
    <img data-featherlight='../Screenshots/embedded110.png' src="../Screenshots/embedded110.png">
    
    </div></div>
</div>
              </div>
              <div class="step pass-bg" title="com.frameium.stepdef.Ufs.PaymentTest.Login_should_be_successful()">
                <span>Then User should be able to login to T24</span>
      <div>
          <div class="row mb-3"><div class="col-md-3">
    <img data-featherlight='../Screenshots/embedded111.png' src="../Screenshots/embedded111.png">
    
    </div></div>
</div>
              </div>
              <div class="step pass-bg" title="com.frameium.stepdef.Ufs.PaymentTest.fill_in_the_commandline()">
                <span>Then The user should be able to fill the commandline</span>
      <div>
      </div>
              </div>
              <div class="step pass-bg" title="com.frameium.stepdef.Ufs.PaymentTest.findAccount()">
                <span>And navigate to find account option</span>
      <div>
      </div>
              </div>
              <div class="step pass-bg" title="com.frameium.stepdef.Ufs.PaymentTest.openTheAccountThatTwoWaysSweepTransferBalanceMaintenanceNeedToBeApplied()">
                <span>Then open the account that Two way sweep transfer-BalanceMaintenance need to be applied</span>
      <div>
      </div>
              </div>
              <div class="step fail-bg" title="com.frameium.stepdef.Ufs.PaymentTest.reverseSweepTransfer()">
                <span>And reverse sweep transfer if any Sweep transfer is there and switch back to main menu</span>
      <div>
        <textarea disabled class="code-block">java.lang.NullPointerException: Cannot invoke "org.openqa.selenium.WebElement.click()" because "Confirmreverse" is null
	at com.frameium.pageobject.UFS.T24homepage.reversesweepclick(T24homepage.java:1552)
	at com.frameium.stepdef.Ufs.PaymentTest.reverseSweepTransfer(PaymentTest.java:708)
	at ✽.reverse sweep transfer if any Sweep transfer is there and switch back to main menu(file:///D:/frameium/Frameium_allure/src/test/resources/Features/UFS/T24_Payments.feature:229)
</textarea>
      
      </div>
              </div>
              <div class="step pass-bg" >
                <span>com.frameium.stepdef.Hooks.afterEveryStep(io.cucumber.java.Scenario)</span>
      <div>
          <div class="row mb-3"><div class="col-md-3">
    <img data-featherlight='../Screenshots/embedded112.png' src="../Screenshots/embedded112.png">
    
    </div></div>
</div>
              </div>
              <div class="step skip-bg" title="com.frameium.stepdef.Ufs.PaymentTest.operationsMenuClick()">
                <span>Then navigate to operations menu</span>
      <div>Step skipped
      </div>
              </div>
              <div class="step skip-bg" title="com.frameium.stepdef.Ufs.PaymentTest.SweepMaintenance()">
                <span>And click on sweep maintainance</span>
      <div>Step skipped
      </div>
              </div>
              <div class="step skip-bg" title="com.frameium.stepdef.Ufs.PaymentTest.clickOnSetupTwoWaySweep()">
                <span>Then click on Setup Two Way Sweep</span>
      <div>Step skipped
      </div>
              </div>
              <div class="step skip-bg" title="com.frameium.stepdef.Ufs.PaymentTest.enterTheDetailsTwoWaySweepBalanceMaintenance()">
                <span>And Enter the details Two way sweep BalanceMaintenance</span>
      <div>Step skipped
      </div>
              </div>
              <div class="step skip-bg" title="com.frameium.stepdef.Ufs.PaymentTest.validateButton_Click()">
                <span>Then Click on validate</span>
      <div>Step skipped
      </div>
              </div>
              <div class="step skip-bg" title="com.frameium.stepdef.Ufs.PaymentTest.commitButtonClick()">
                <span>And Click on commit</span>
      <div>Step skipped
      </div>
              </div>
              <div class="step skip-bg" title="com.frameium.stepdef.Ufs.PaymentTest.txnCompleteMsg_Verify()">
                <span>Then Verify whether the transaction complete message is displayed after commiting</span>
      <div>Step skipped
      </div>
              </div>
              <div class="step skip-bg" title="com.frameium.stepdef.Ufs.PaymentTest.findAccount()">
                <span>And navigate to find account option</span>
      <div>Step skipped
      </div>
              </div>
              <div class="step skip-bg" title="com.frameium.stepdef.Ufs.PaymentTest.openTheAccountThatTwoWaysSweepTransferBalanceMaintenanceNeedToBeApplied()">
                <span>Then open the account that Two way sweep transfer-BalanceMaintenance need to be applied</span>
      <div>Step skipped
      </div>
              </div>
              <div class="step skip-bg" title="com.frameium.stepdef.Ufs.PaymentTest.verifyThatTwoWaySweepTransferBalanceMaintenanceIsReflectedInTheOverviewPage()">
                <span>And verify that Two way sweep transfer-BalanceMaintenance is reflected in the overview page</span>
      <div>Step skipped
      </div>
              </div>
          </div>
        </div>
  </div>
  <div class="card">
    <div class="card-header" role="tab">
      <div class="card-title">
        <div class="node" id="2,867"><span class="badge log fail-bg mr-2">Fail</span>Two way sweep transfer Balance maintenance</div>
          <div class="status-avatar float-right mr-4">
            <i class="fa fa-paperclip"></i>
          </div>
      </div>
    </div>
        <div class="">
          <div class="card-body">
              <div class="step pass-bg" title="com.frameium.stepdef.Ufs.PaymentTest.closeAllTheOpenedWindows()">
                <span>When close all the other opened windows</span>
      <div>
      </div>
              </div>
              <div class="step fail-bg" title="com.frameium.stepdef.Ufs.PaymentTest.user_opens_url()">
                <span>When User opens the T24 Url</span>
      <div>
        <textarea disabled class="code-block">org.openqa.selenium.TimeoutException: timeout: Timed out receiving message from renderer: 10.000
  (Session info: chrome=130.0.6723.70)
Build info: version: '4.17.0', revision: 'e52b1be057*'
System info: os.name: 'Windows 10', os.arch: 'amd64', os.version: '10.0', java.version: '22.0.2'
Driver info: org.openqa.selenium.chrome.ChromeDriver
Command: [e797c7439be37cd54901893d5f33b480, screenshot {}]
Capabilities {acceptInsecureCerts: false, browserName: chrome, browserVersion: 130.0.6723.70, chrome: {chromedriverVersion: 130.0.6723.69 (3ec172b971b9..., userDataDir: C:\Users\THI220~1\AppData\L...}, fedcm:accounts: true, goog:chromeOptions: {debuggerAddress: localhost:9222}, networkConnectionEnabled: false, pageLoadStrategy: normal, platformName: windows, proxy: Proxy(), se:cdp: ws://localhost:9222/devtool..., se:cdpVersion: 130.0.6723.70, setWindowRect: true, strictFileInteractability: false, timeouts: {implicit: 0, pageLoad: 300000, script: 30000}, unhandledPromptBehavior: dismiss and notify, webauthn:extension:credBlob: true, webauthn:extension:largeBlob: true, webauthn:extension:minPinLength: true, webauthn:extension:prf: true, webauthn:virtualAuthenticators: true}
Session ID: e797c7439be37cd54901893d5f33b480
	at java.base/jdk.internal.reflect.DirectConstructorHandleAccessor.newInstance(DirectConstructorHandleAccessor.java:62)
	at java.base/java.lang.reflect.Constructor.newInstanceWithCaller(Constructor.java:502)
	at java.base/java.lang.reflect.Constructor.newInstance(Constructor.java:486)
	at org.openqa.selenium.remote.codec.w3c.W3CHttpResponseCodec.createException(W3CHttpResponseCodec.java:185)
	at org.openqa.selenium.remote.codec.w3c.W3CHttpResponseCodec.decode(W3CHttpResponseCodec.java:134)
	at org.openqa.selenium.remote.codec.w3c.W3CHttpResponseCodec.decode(W3CHttpResponseCodec.java:51)
	at org.openqa.selenium.remote.HttpCommandExecutor.execute(HttpCommandExecutor.java:190)
	at org.openqa.selenium.remote.service.DriverCommandExecutor.invokeExecute(DriverCommandExecutor.java:216)
	at org.openqa.selenium.remote.service.DriverCommandExecutor.execute(DriverCommandExecutor.java:174)
	at org.openqa.selenium.remote.RemoteWebDriver.execute(RemoteWebDriver.java:519)
	at org.openqa.selenium.remote.RemoteWebDriver.execute(RemoteWebDriver.java:592)
	at org.openqa.selenium.remote.RemoteWebDriver.execute(RemoteWebDriver.java:596)
	at org.openqa.selenium.remote.RemoteWebDriver.getScreenshotAs(RemoteWebDriver.java:322)
	at com.frameium.stepdef.Hooks.takeScreenshot(Hooks.java:2478)
	at com.frameium.stepdef.Ufs.PaymentTest.user_opens_url(PaymentTest.java:283)
	at ✽.User opens the T24 Url(file:///D:/frameium/Frameium_allure/src/test/resources/Features/UFS/T24_Payments.feature:224)
</textarea>
      
      </div>
              </div>
              <div class="step pass-bg" >
                <span>com.frameium.stepdef.Hooks.afterEveryStep(io.cucumber.java.Scenario)</span>
      <div>
          <div class="row mb-3"><div class="col-md-3">
    <img data-featherlight='../Screenshots/embedded113.png' src="../Screenshots/embedded113.png">
    
    </div></div>
</div>
              </div>
              <div class="step skip-bg" title="com.frameium.stepdef.Ufs.PaymentTest.Login_should_be_successful()">
                <span>Then User should be able to login to T24</span>
      <div>Step skipped
      </div>
              </div>
              <div class="step skip-bg" title="com.frameium.stepdef.Ufs.PaymentTest.fill_in_the_commandline()">
                <span>Then The user should be able to fill the commandline</span>
      <div>Step skipped
      </div>
              </div>
              <div class="step skip-bg" title="com.frameium.stepdef.Ufs.PaymentTest.findAccount()">
                <span>And navigate to find account option</span>
      <div>Step skipped
      </div>
              </div>
              <div class="step skip-bg" title="com.frameium.stepdef.Ufs.PaymentTest.openTheAccountThatTwoWaysSweepTransferBalanceMaintenanceNeedToBeApplied()">
                <span>Then open the account that Two way sweep transfer-BalanceMaintenance need to be applied</span>
      <div>Step skipped
      </div>
              </div>
              <div class="step skip-bg" title="com.frameium.stepdef.Ufs.PaymentTest.reverseSweepTransfer()">
                <span>And reverse sweep transfer if any Sweep transfer is there and switch back to main menu</span>
      <div>Step skipped
      </div>
              </div>
              <div class="step skip-bg" title="com.frameium.stepdef.Ufs.PaymentTest.operationsMenuClick()">
                <span>Then navigate to operations menu</span>
      <div>Step skipped
      </div>
              </div>
              <div class="step skip-bg" title="com.frameium.stepdef.Ufs.PaymentTest.SweepMaintenance()">
                <span>And click on sweep maintainance</span>
      <div>Step skipped
      </div>
              </div>
              <div class="step skip-bg" title="com.frameium.stepdef.Ufs.PaymentTest.clickOnSetupTwoWaySweep()">
                <span>Then click on Setup Two Way Sweep</span>
      <div>Step skipped
      </div>
              </div>
              <div class="step skip-bg" title="com.frameium.stepdef.Ufs.PaymentTest.enterTheDetailsTwoWaySweepBalanceMaintenance()">
                <span>And Enter the details Two way sweep BalanceMaintenance</span>
      <div>Step skipped
      </div>
              </div>
              <div class="step skip-bg" title="com.frameium.stepdef.Ufs.PaymentTest.validateButton_Click()">
                <span>Then Click on validate</span>
      <div>Step skipped
      </div>
              </div>
              <div class="step skip-bg" title="com.frameium.stepdef.Ufs.PaymentTest.commitButtonClick()">
                <span>And Click on commit</span>
      <div>Step skipped
      </div>
              </div>
              <div class="step skip-bg" title="com.frameium.stepdef.Ufs.PaymentTest.txnCompleteMsg_Verify()">
                <span>Then Verify whether the transaction complete message is displayed after commiting</span>
      <div>Step skipped
      </div>
              </div>
              <div class="step skip-bg" title="com.frameium.stepdef.Ufs.PaymentTest.findAccount()">
                <span>And navigate to find account option</span>
      <div>Step skipped
      </div>
              </div>
              <div class="step skip-bg" title="com.frameium.stepdef.Ufs.PaymentTest.openTheAccountThatTwoWaysSweepTransferBalanceMaintenanceNeedToBeApplied()">
                <span>Then open the account that Two way sweep transfer-BalanceMaintenance need to be applied</span>
      <div>Step skipped
      </div>
              </div>
              <div class="step skip-bg" title="com.frameium.stepdef.Ufs.PaymentTest.verifyThatTwoWaySweepTransferBalanceMaintenanceIsReflectedInTheOverviewPage()">
                <span>And verify that Two way sweep transfer-BalanceMaintenance is reflected in the overview page</span>
      <div>Step skipped
      </div>
              </div>
          </div>
        </div>
  </div>
  <div class="card">
    <div class="card-header" role="tab">
      <div class="card-title">
        <div class="node" id="2,960"><span class="badge log pass-bg mr-2">Pass</span>Direct Debit</div>
          <div class="status-avatar float-right mr-4">
            <i class="fa fa-paperclip"></i>
          </div>
      </div>
    </div>
        <div class="collapse">
          <div class="card-body">
              <div class="step pass-bg" title="com.frameium.stepdef.Ufs.PaymentTest.closeAllTheOpenedWindows()">
                <span>When close all the other opened windows</span>
      <div>
      </div>
              </div>
              <div class="step pass-bg" title="com.frameium.stepdef.Ufs.PaymentTest.user_opens_url()">
                <span>When User opens the T24 Url</span>
      <div>
          <div class="row mb-3"><div class="col-md-3">
    <img data-featherlight='../Screenshots/embedded114.png' src="../Screenshots/embedded114.png">
    
    </div></div>
</div>
              </div>
              <div class="step pass-bg" title="com.frameium.stepdef.Ufs.PaymentTest.Login_should_be_successful()">
                <span>Then User should be able to login to T24</span>
      <div>
          <div class="row mb-3"><div class="col-md-3">
    <img data-featherlight='../Screenshots/embedded115.png' src="../Screenshots/embedded115.png">
    
    </div></div>
</div>
              </div>
              <div class="step pass-bg" title="com.frameium.stepdef.Ufs.PaymentTest.fill_in_the_commandline()">
                <span>Then The user should be able to fill the commandline</span>
      <div>
      </div>
              </div>
              <div class="step pass-bg" title="com.frameium.stepdef.Ufs.PaymentTest.findAccount()">
                <span>And navigate to find account option</span>
      <div>
      </div>
              </div>
              <div class="step pass-bg" title="com.frameium.stepdef.Ufs.PaymentTest.openTheAccountForPostingDirectDebit()">
                <span>Then open the account for posting Direct Debit</span>
      <div>
      </div>
              </div>
              <div class="step pass-bg" title="com.frameium.stepdef.Ufs.PaymentTest.clickOnDirectDebit()">
                <span>And click on Direct Debit</span>
      <div>
      </div>
              </div>
              <div class="step pass-bg" title="com.frameium.stepdef.Ufs.PaymentTest.enterTheDetailsOfDirectDebit()">
                <span>Then Enter the details of direct debit</span>
      <div>
      </div>
              </div>
              <div class="step pass-bg" title="com.frameium.stepdef.Ufs.PaymentTest.validateButton_Click()">
                <span>Then Click on validate</span>
      <div>
      </div>
              </div>
              <div class="step pass-bg" title="com.frameium.stepdef.Ufs.PaymentTest.commitButtonClick()">
                <span>And Click on commit</span>
      <div>
      </div>
              </div>
              <div class="step pass-bg" title="com.frameium.stepdef.Ufs.PaymentTest.commitButtonClick()">
                <span>And Click on commit</span>
      <div>
      </div>
              </div>
              <div class="step pass-bg" title="com.frameium.stepdef.Ufs.PaymentTest.verifyWhetherTheTransactionCompleteMessageIsDisplayedDD()">
                <span>Then Verify whether the transaction complete message is displayed after committing DD</span>
      <div>
          <div class="row mb-3"><div class="col-md-3">
    <img data-featherlight='../Screenshots/embedded116.png' src="../Screenshots/embedded116.png">
    
    </div></div>
</div>
              </div>
          </div>
        </div>
  </div>
  <div class="card">
    <div class="card-header" role="tab">
      <div class="card-title">
        <div class="node" id="3,028"><span class="badge log pass-bg mr-2">Pass</span>Periodic payment internal</div>
          <div class="status-avatar float-right mr-4">
            <i class="fa fa-paperclip"></i>
          </div>
      </div>
    </div>
        <div class="collapse">
          <div class="card-body">
              <div class="step pass-bg" title="com.frameium.stepdef.Ufs.PaymentTest.closeAllTheOpenedWindows()">
                <span>When close all the other opened windows</span>
      <div>
      </div>
              </div>
              <div class="step pass-bg" title="com.frameium.stepdef.Ufs.PaymentTest.user_opens_url()">
                <span>When User opens the T24 Url</span>
      <div>
          <div class="row mb-3"><div class="col-md-3">
    <img data-featherlight='../Screenshots/embedded117.png' src="../Screenshots/embedded117.png">
    
    </div></div>
</div>
              </div>
              <div class="step pass-bg" title="com.frameium.stepdef.Ufs.PaymentTest.Login_should_be_successful()">
                <span>Then User should be able to login to T24</span>
      <div>
          <div class="row mb-3"><div class="col-md-3">
    <img data-featherlight='../Screenshots/embedded118.png' src="../Screenshots/embedded118.png">
    
    </div></div>
</div>
              </div>
              <div class="step pass-bg" title="com.frameium.stepdef.Ufs.PaymentTest.fill_in_the_commandline()">
                <span>Then The user should be able to fill the commandline</span>
      <div>
      </div>
              </div>
              <div class="step pass-bg" title="com.frameium.stepdef.Ufs.PaymentTest.findAccount()">
                <span>And navigate to find account option</span>
      <div>
      </div>
              </div>
              <div class="step pass-bg" title="com.frameium.stepdef.Ufs.PaymentTest.openAccounttoPeriodicPayment()">
                <span>Then open the account that Periodic payment need to be applied</span>
      <div>
      </div>
              </div>
              <div class="step pass-bg" title="com.frameium.stepdef.Ufs.PaymentTest.clickOnStandingOrder()">
                <span>And click on standing order</span>
      <div>
      </div>
              </div>
              <div class="step pass-bg" title="com.frameium.stepdef.Ufs.PaymentTest.enterTheDetailsOfPeriodicPayment()">
                <span>Then Enter the details of periodic payment</span>
      <div>
      </div>
              </div>
              <div class="step pass-bg" title="com.frameium.stepdef.Ufs.PaymentTest.validateButton_Click()">
                <span>Then Click on validate</span>
      <div>
      </div>
              </div>
              <div class="step pass-bg" title="com.frameium.stepdef.Ufs.PaymentTest.commitButtonClick()">
                <span>And Click on commit</span>
      <div>
      </div>
              </div>
              <div class="step pass-bg" title="com.frameium.stepdef.Ufs.PaymentTest.txnCompleteMsg_Verify()">
                <span>Then Verify whether the transaction complete message is displayed after commiting</span>
      <div>
          <div class="row mb-3"><div class="col-md-3">
    <img data-featherlight='../Screenshots/embedded119.png' src="../Screenshots/embedded119.png">
    
    </div></div>
</div>
              </div>
          </div>
        </div>
  </div>
  <div class="card">
    <div class="card-header" role="tab">
      <div class="card-title">
        <div class="node" id="3,091"><span class="badge log pass-bg mr-2">Pass</span>Periodic payment External</div>
          <div class="status-avatar float-right mr-4">
            <i class="fa fa-paperclip"></i>
          </div>
      </div>
    </div>
        <div class="collapse">
          <div class="card-body">
              <div class="step pass-bg" title="com.frameium.stepdef.Ufs.PaymentTest.closeAllTheOpenedWindows()">
                <span>When close all the other opened windows</span>
      <div>
      </div>
              </div>
              <div class="step pass-bg" title="com.frameium.stepdef.Ufs.PaymentTest.user_opens_url()">
                <span>When User opens the T24 Url</span>
      <div>
          <div class="row mb-3"><div class="col-md-3">
    <img data-featherlight='../Screenshots/embedded120.png' src="../Screenshots/embedded120.png">
    
    </div></div>
</div>
              </div>
              <div class="step pass-bg" title="com.frameium.stepdef.Ufs.PaymentTest.Login_should_be_successful()">
                <span>Then User should be able to login to T24</span>
      <div>
          <div class="row mb-3"><div class="col-md-3">
    <img data-featherlight='../Screenshots/embedded121.png' src="../Screenshots/embedded121.png">
    
    </div></div>
</div>
              </div>
              <div class="step pass-bg" title="com.frameium.stepdef.Ufs.PaymentTest.fill_in_the_commandline()">
                <span>Then The user should be able to fill the commandline</span>
      <div>
      </div>
              </div>
              <div class="step pass-bg" title="com.frameium.stepdef.Ufs.PaymentTest.findAccount()">
                <span>And navigate to find account option</span>
      <div>
      </div>
              </div>
              <div class="step pass-bg" title="com.frameium.stepdef.Ufs.PaymentTest.openAccounttoexternalPeriodicPayment()">
                <span>Then open the account that external Periodic payment need to be applied</span>
      <div>
      </div>
              </div>
              <div class="step pass-bg" title="com.frameium.stepdef.Ufs.PaymentTest.clickOnStandingOrder()">
                <span>And click on standing order</span>
      <div>
      </div>
              </div>
              <div class="step pass-bg" title="com.frameium.stepdef.Ufs.PaymentTest.enterTheDetailsOfExternalPeriodicPayment()">
                <span>Then Enter the details of external periodic payment</span>
      <div>
      </div>
              </div>
              <div class="step pass-bg" title="com.frameium.stepdef.Ufs.PaymentTest.validateButton_Click()">
                <span>Then Click on validate</span>
      <div>
      </div>
              </div>
              <div class="step pass-bg" title="com.frameium.stepdef.Ufs.PaymentTest.commitButtonClick()">
                <span>And Click on commit</span>
      <div>
      </div>
              </div>
              <div class="step pass-bg" title="com.frameium.stepdef.Ufs.PaymentTest.txnCompleteMsg_Verify()">
                <span>Then Verify whether the transaction complete message is displayed after commiting</span>
      <div>
          <div class="row mb-3"><div class="col-md-3">
    <img data-featherlight='../Screenshots/embedded122.png' src="../Screenshots/embedded122.png">
    
    </div></div>
</div>
              </div>
          </div>
        </div>
  </div>
</div>
          </div>
        </li>
      </ul>
    </div>
  </div>
<div class="test-content scrollable">
<div class="test-content-tools">
<ul><li><a class="back-to-test" href="#"><i class="fa fa-arrow-left"></i></a></li></ul>
</div>
<div class="test-content-detail"><div class="detail-body"></div></div>
</div></div>
<div class="test-wrapper row view exception-view attributes-view">
<div class="test-list">
<div class="test-list-tools">
<ul class="tools pull-left"><li><a href=""><span class="font-size-14">Exception</span></a></li></ul>
<ul class="tools text-right"><li><a href="#"><span class="badge badge-primary">5</span></a></li></ul>
</div>
<div class="test-list-wrapper scrollable">
<ul class="test-list-item">
<li class="test-item">
<div class="test-detail">
<span class="meta">
<span class='badge log badge-danger'>1</span>
</span>
<p class="name">java.lang.NullPointerException</p>
<p class="duration text-sm">1 tests</p>
</div>
<div class="test-contents d-none">
<div class="info">
<h4>java.lang.NullPointerException</h4>
<span status="fail" class='badge log badge-danger'>1 failed</span>
</div>
<table class='table table-sm mt-4'>
<thead>
<tr>
<th class="status-col">Status</th>
<th class="timestamp-col">Timestamp</th>
<th>TestName</th>
</tr>
</thead>
<tbody>
<tr class="tag-test-status" status="fail">
<td><span class="badge log fail-bg">Fail</span></td>
<td>14:39:47 PM</td>
<td>
<a href="#" class="linked" test-id='179' id='429'>Then perform the deposit redemption</a>
<div class="">
<span class="badge badge-default">Deposit.Deposit Closure.Then perform the deposit redemption</span>
</div>
</td>
</tr>
<tr class="tag-test-status" status="fail">
<td><span class="badge log fail-bg">Fail</span></td>
<td>14:41:26 PM</td>
<td>
<a href="#" class="linked" test-id='179' id='567'>And verify simulation status becomes Completed - Successfully</a>
<div class="">
<span class="badge badge-default">Deposit.Deposit Closure.And verify simulation status becomes Completed - Successfully</span>
</div>
</td>
</tr>
<tr class="tag-test-status" status="fail">
<td><span class="badge log fail-bg">Fail</span></td>
<td>14:46:35 PM</td>
<td>
<a href="#" class="linked" test-id='179' id='755'>Then Proceed to partial withdrawal</a>
<div class="">
<span class="badge badge-default">Deposit.Deposit partial withdrawal.Then Proceed to partial withdrawal</span>
</div>
</td>
</tr>
<tr class="tag-test-status" status="fail">
<td><span class="badge log fail-bg">Fail</span></td>
<td>14:48:45 PM</td>
<td>
<a href="#" class="linked" test-id='179' id='913'>Then Proceed to partial withdrawal</a>
<div class="">
<span class="badge badge-default">Deposit.Deposit partial withdrawal.Then Proceed to partial withdrawal</span>
</div>
</td>
</tr>
<tr class="tag-test-status" status="fail">
<td><span class="badge log fail-bg">Fail</span></td>
<td>15:16:26 PM</td>
<td>
<a href="#" class="linked" test-id='1,515' id='2,252'>And reverse sweep transfer if any Sweep transfer is there and switch back to main menu</a>
<div class="">
<span class="badge badge-default">Payment.Balance Maintanance sweep transfer.And reverse sweep transfer if any Sweep transfer is there and switch back to main menu</span>
</div>
</td>
</tr>
<tr class="tag-test-status" status="fail">
<td><span class="badge log fail-bg">Fail</span></td>
<td>15:19:35 PM</td>
<td>
<a href="#" class="linked" test-id='1,515' id='2,345'>And reverse sweep transfer if any Sweep transfer is there and switch back to main menu</a>
<div class="">
<span class="badge badge-default">Payment.Balance Maintanance sweep transfer.And reverse sweep transfer if any Sweep transfer is there and switch back to main menu</span>
</div>
</td>
</tr>
<tr class="tag-test-status" status="fail">
<td><span class="badge log fail-bg">Fail</span></td>
<td>15:21:18 PM</td>
<td>
<a href="#" class="linked" test-id='1,515' id='2,438'>And reverse sweep transfer if any Sweep transfer is there and switch back to main menu</a>
<div class="">
<span class="badge badge-default">Payment.Surplus sweep transfer.And reverse sweep transfer if any Sweep transfer is there and switch back to main menu</span>
</div>
</td>
</tr>
<tr class="tag-test-status" status="fail">
<td><span class="badge log fail-bg">Fail</span></td>
<td>15:23:01 PM</td>
<td>
<a href="#" class="linked" test-id='1,515' id='2,531'>And reverse sweep transfer if any Sweep transfer is there and switch back to main menu</a>
<div class="">
<span class="badge badge-default">Payment.Surplus sweep transfer.And reverse sweep transfer if any Sweep transfer is there and switch back to main menu</span>
</div>
</td>
</tr>
<tr class="tag-test-status" status="fail">
<td><span class="badge log fail-bg">Fail</span></td>
<td>15:25:20 PM</td>
<td>
<a href="#" class="linked" test-id='1,515' id='2,624'>And reverse sweep transfer if any Sweep transfer is there and switch back to main menu</a>
<div class="">
<span class="badge badge-default">Payment.Two way sweep transfer Surplus.And reverse sweep transfer if any Sweep transfer is there and switch back to main menu</span>
</div>
</td>
</tr>
<tr class="tag-test-status" status="fail">
<td><span class="badge log fail-bg">Fail</span></td>
<td>15:26:59 PM</td>
<td>
<a href="#" class="linked" test-id='1,515' id='2,717'>And reverse sweep transfer if any Sweep transfer is there and switch back to main menu</a>
<div class="">
<span class="badge badge-default">Payment.Two way sweep transfer Surplus.And reverse sweep transfer if any Sweep transfer is there and switch back to main menu</span>
</div>
</td>
</tr>
<tr class="tag-test-status" status="fail">
<td><span class="badge log fail-bg">Fail</span></td>
<td>15:28:36 PM</td>
<td>
<a href="#" class="linked" test-id='1,515' id='2,810'>And reverse sweep transfer if any Sweep transfer is there and switch back to main menu</a>
<div class="">
<span class="badge badge-default">Payment.Two way sweep transfer Balance maintenance.And reverse sweep transfer if any Sweep transfer is there and switch back to main menu</span>
</div>
</td>
</tr>
</tbody>
</table>
</div>
</li>
<li class="test-item">
<div class="test-detail">
<span class="meta">
<span class='badge log badge-danger'>1</span>
</span>
<p class="name">java.lang.AssertionError</p>
<p class="duration text-sm">1 tests</p>
</div>
<div class="test-contents d-none">
<div class="info">
<h4>java.lang.AssertionError</h4>
<span status="fail" class='badge log badge-danger'>1 failed</span>
</div>
<table class='table table-sm mt-4'>
<thead>
<tr>
<th class="status-col">Status</th>
<th class="timestamp-col">Timestamp</th>
<th>TestName</th>
</tr>
</thead>
<tbody>
<tr class="tag-test-status" status="fail">
<td><span class="badge log fail-bg">Fail</span></td>
<td>15:03:25 PM</td>
<td>
<a href="#" class="linked" test-id='1,515' id='1,708'>And The details of internal transfer should be reflected in the narratives</a>
<div class="">
<span class="badge badge-default">Payment.Internal Transfer narrative.And The details of internal transfer should be reflected in the narratives</span>
</div>
</td>
</tr>
<tr class="tag-test-status" status="fail">
<td><span class="badge log fail-bg">Fail</span></td>
<td>15:04:08 PM</td>
<td>
<a href="#" class="linked" test-id='1,515' id='1,761'>And The details of internal transfer should be reflected in the narratives</a>
<div class="">
<span class="badge badge-default">Payment.Internal Transfer narrative.And The details of internal transfer should be reflected in the narratives</span>
</div>
</td>
</tr>
</tbody>
</table>
</div>
</li>
<li class="test-item">
<div class="test-detail">
<span class="meta">
<span class='badge log badge-danger'>1</span>
</span>
<p class="name">java.lang.RuntimeException</p>
<p class="duration text-sm">1 tests</p>
</div>
<div class="test-contents d-none">
<div class="info">
<h4>java.lang.RuntimeException</h4>
<span status="fail" class='badge log badge-danger'>1 failed</span>
</div>
<table class='table table-sm mt-4'>
<thead>
<tr>
<th class="status-col">Status</th>
<th class="timestamp-col">Timestamp</th>
<th>TestName</th>
</tr>
</thead>
<tbody>
<tr class="tag-test-status" status="fail">
<td><span class="badge log fail-bg">Fail</span></td>
<td>14:50:50 PM</td>
<td>
<a href="#" class="linked" test-id='975' id='1,057'>Then The user should be able to fill the commandline</a>
<div class="">
<span class="badge badge-default">Lending operations.Loan Closure.Then The user should be able to fill the commandline</span>
</div>
</td>
</tr>
<tr class="tag-test-status" status="fail">
<td><span class="badge log fail-bg">Fail</span></td>
<td>14:54:55 PM</td>
<td>
<a href="#" class="linked" test-id='975' id='1,275'>Then The user should be able to fill the commandline</a>
<div class="">
<span class="badge badge-default">Lending operations.Loan Closure.Then The user should be able to fill the commandline</span>
</div>
</td>
</tr>
</tbody>
</table>
</div>
</li>
<li class="test-item">
<div class="test-detail">
<span class="meta">
<span class='badge log badge-danger'>1</span>
</span>
<p class="name">org.openqa.selenium.TimeoutException</p>
<p class="duration text-sm">1 tests</p>
</div>
<div class="test-contents d-none">
<div class="info">
<h4>org.openqa.selenium.TimeoutException</h4>
<span status="fail" class='badge log badge-danger'>1 failed</span>
</div>
<table class='table table-sm mt-4'>
<thead>
<tr>
<th class="status-col">Status</th>
<th class="timestamp-col">Timestamp</th>
<th>TestName</th>
</tr>
</thead>
<tbody>
<tr class="tag-test-status" status="fail">
<td><span class="badge log fail-bg">Fail</span></td>
<td>15:30:46 PM</td>
<td>
<a href="#" class="linked" test-id='1,515' id='2,878'>When User opens the T24 Url</a>
<div class="">
<span class="badge badge-default">Payment.Two way sweep transfer Balance maintenance.When User opens the T24 Url</span>
</div>
</td>
</tr>
</tbody>
</table>
</div>
</li>
<li class="test-item">
<div class="test-detail">
<span class="meta">
<span class='badge log badge-danger'>1</span>
</span>
<p class="name">org.openqa.selenium.StaleElementReferenceException</p>
<p class="duration text-sm">1 tests</p>
</div>
<div class="test-contents d-none">
<div class="info">
<h4>org.openqa.selenium.StaleElementReferenceException</h4>
<span status="fail" class='badge log badge-danger'>1 failed</span>
</div>
<table class='table table-sm mt-4'>
<thead>
<tr>
<th class="status-col">Status</th>
<th class="timestamp-col">Timestamp</th>
<th>TestName</th>
</tr>
</thead>
<tbody>
<tr class="tag-test-status" status="fail">
<td><span class="badge log fail-bg">Fail</span></td>
<td>14:59:35 PM</td>
<td>
<a href="#" class="linked" test-id='1,515' id='1,542'>And user should be able to see the the balance of the account before performing internal transfer</a>
<div class="">
<span class="badge badge-default">Payment.Internal transfer.And user should be able to see the the balance of the account before performing internal transfer</span>
</div>
</td>
</tr>
<tr class="tag-test-status" status="fail">
<td><span class="badge log fail-bg">Fail</span></td>
<td>15:01:51 PM</td>
<td>
<a href="#" class="linked" test-id='1,515' id='1,615'>And user should be able to see the the balance of the account before performing internal transfer</a>
<div class="">
<span class="badge badge-default">Payment.Internal transfer.And user should be able to see the the balance of the account before performing internal transfer</span>
</div>
</td>
</tr>
</tbody>
</table>
</div>
</li>
</ul>
</div>
</div>
<div class="test-content scrollable">
<div class="test-content-detail">
<div class="detail-body"></div>
</div>
</div>
</div><div class="test-wrapper row view category-view attributes-view">
<div class="test-list">
<div class="test-list-tools">
<ul class="tools pull-left"><li><a href=""><span class="font-size-14">Category</span></a></li></ul>
<ul class="tools text-right"><li><a href="#"><span class="badge badge-primary">1</span></a></li></ul>
</div>
<div class="test-list-wrapper scrollable">
<ul class="test-list-item">
<li class="test-item">
<div class="test-detail">
<span class="meta">
<span class='badge log pass-bg'>13</span>
<span class='badge log badge-danger'>18</span>
</span>
<p class="name">@beforeCOBScenarios</p>
<p class="duration text-sm">31 tests</p>
</div>
<div class="test-contents d-none">
<div class="info">
<h4>@beforeCOBScenarios</h4>
<span status="pass" class='badge log pass-bg'>13 passed</span>
<span status="fail" class='badge log badge-danger'>18 failed</span>
</div>
<table class='table table-sm mt-4'>
<thead>
<tr>
<th class="status-col">Status</th>
<th class="timestamp-col">Timestamp</th>
<th>TestName</th>
</tr>
</thead>
<tbody>
<tr class="tag-test-status" status="pass">
<td><span class="badge log pass-bg">Pass</span></td>
<td>14:30:47 PM</td>
<td>
<a href="#" class="linked" test-id='2' id='3'>Account creation</a>
<div class="">
<span class="badge badge-default">Account.Account creation</span>
</div>
</td>
</tr>
<tr class="tag-test-status" status="pass">
<td><span class="badge log pass-bg">Pass</span></td>
<td>14:32:22 PM</td>
<td>
<a href="#" class="linked" test-id='2' id='91'>Account closure</a>
<div class="">
<span class="badge badge-default">Account.Account closure</span>
</div>
</td>
</tr>
<tr class="tag-test-status" status="pass">
<td><span class="badge log pass-bg">Pass</span></td>
<td>14:33:43 PM</td>
<td>
<a href="#" class="linked" test-id='179' id='180'>Deposit Creation</a>
<div class="">
<span class="badge badge-default">Deposit.Deposit Creation</span>
</div>
</td>
</tr>
<tr class="tag-test-status" status="fail">
<td><span class="badge log fail-bg">Fail</span></td>
<td>14:37:36 PM</td>
<td>
<a href="#" class="linked" test-id='179' id='323'>Deposit Closure</a>
<div class="">
<span class="badge badge-default">Deposit.Deposit Closure</span>
</div>
</td>
</tr>
<tr class="tag-test-status" status="fail">
<td><span class="badge log fail-bg">Fail</span></td>
<td>14:40:36 PM</td>
<td>
<a href="#" class="linked" test-id='179' id='491'>Deposit Closure</a>
<div class="">
<span class="badge badge-default">Deposit.Deposit Closure</span>
</div>
</td>
</tr>
<tr class="tag-test-status" status="fail">
<td><span class="badge log fail-bg">Fail</span></td>
<td>14:45:02 PM</td>
<td>
<a href="#" class="linked" test-id='179' id='659'>Deposit partial withdrawal</a>
<div class="">
<span class="badge badge-default">Deposit.Deposit partial withdrawal</span>
</div>
</td>
</tr>
<tr class="tag-test-status" status="fail">
<td><span class="badge log fail-bg">Fail</span></td>
<td>14:47:29 PM</td>
<td>
<a href="#" class="linked" test-id='179' id='817'>Deposit partial withdrawal</a>
<div class="">
<span class="badge badge-default">Deposit.Deposit partial withdrawal</span>
</div>
</td>
</tr>
<tr class="tag-test-status" status="fail">
<td><span class="badge log fail-bg">Fail</span></td>
<td>14:49:30 PM</td>
<td>
<a href="#" class="linked" test-id='975' id='976'>Loan Closure</a>
<div class="">
<span class="badge badge-default">Lending operations.Loan Closure</span>
</div>
</td>
</tr>
<tr class="tag-test-status" status="fail">
<td><span class="badge log fail-bg">Fail</span></td>
<td>14:52:56 PM</td>
<td>
<a href="#" class="linked" test-id='975' id='1,194'>Loan Closure</a>
<div class="">
<span class="badge badge-default">Lending operations.Loan Closure</span>
</div>
</td>
</tr>
<tr class="tag-test-status" status="pass">
<td><span class="badge log pass-bg">Pass</span></td>
<td>14:56:12 PM</td>
<td>
<a href="#" class="linked" test-id='975' id='1,412'>Loan repayment</a>
<div class="">
<span class="badge badge-default">Lending operations.Loan repayment</span>
</div>
</td>
</tr>
<tr class="tag-test-status" status="fail">
<td><span class="badge log fail-bg">Fail</span></td>
<td>14:59:12 PM</td>
<td>
<a href="#" class="linked" test-id='1,515' id='1,516'>Internal transfer</a>
<div class="">
<span class="badge badge-default">Payment.Internal transfer</span>
</div>
</td>
</tr>
<tr class="tag-test-status" status="fail">
<td><span class="badge log fail-bg">Fail</span></td>
<td>15:00:21 PM</td>
<td>
<a href="#" class="linked" test-id='1,515' id='1,589'>Internal transfer</a>
<div class="">
<span class="badge badge-default">Payment.Internal transfer</span>
</div>
</td>
</tr>
<tr class="tag-test-status" status="fail">
<td><span class="badge log fail-bg">Fail</span></td>
<td>15:02:53 PM</td>
<td>
<a href="#" class="linked" test-id='1,515' id='1,662'>Internal Transfer narrative</a>
<div class="">
<span class="badge badge-default">Payment.Internal Transfer narrative</span>
</div>
</td>
</tr>
<tr class="tag-test-status" status="fail">
<td><span class="badge log fail-bg">Fail</span></td>
<td>15:03:44 PM</td>
<td>
<a href="#" class="linked" test-id='1,515' id='1,715'>Internal Transfer narrative</a>
<div class="">
<span class="badge badge-default">Payment.Internal Transfer narrative</span>
</div>
</td>
</tr>
<tr class="tag-test-status" status="pass">
<td><span class="badge log pass-bg">Pass</span></td>
<td>15:04:36 PM</td>
<td>
<a href="#" class="linked" test-id='1,515' id='1,768'>External transfer</a>
<div class="">
<span class="badge badge-default">Payment.External transfer</span>
</div>
</td>
</tr>
<tr class="tag-test-status" status="pass">
<td><span class="badge log pass-bg">Pass</span></td>
<td>15:05:55 PM</td>
<td>
<a href="#" class="linked" test-id='1,515' id='1,841'>External Transfer narrative</a>
<div class="">
<span class="badge badge-default">Payment.External Transfer narrative</span>
</div>
</td>
</tr>
<tr class="tag-test-status" status="pass">
<td><span class="badge log pass-bg">Pass</span></td>
<td>15:06:46 PM</td>
<td>
<a href="#" class="linked" test-id='1,515' id='1,894'>Internal transfer over limit</a>
<div class="">
<span class="badge badge-default">Payment.Internal transfer over limit</span>
</div>
</td>
</tr>
<tr class="tag-test-status" status="pass">
<td><span class="badge log pass-bg">Pass</span></td>
<td>15:10:11 PM</td>
<td>
<a href="#" class="linked" test-id='1,515' id='2,002'>Internal Transfer overlimit narrative</a>
<div class="">
<span class="badge badge-default">Payment.Internal Transfer overlimit narrative</span>
</div>
</td>
</tr>
<tr class="tag-test-status" status="pass">
<td><span class="badge log pass-bg">Pass</span></td>
<td>15:11:32 PM</td>
<td>
<a href="#" class="linked" test-id='1,515' id='2,055'>External transfer over limit</a>
<div class="">
<span class="badge badge-default">Payment.External transfer over limit</span>
</div>
</td>
</tr>
<tr class="tag-test-status" status="pass">
<td><span class="badge log pass-bg">Pass</span></td>
<td>15:14:59 PM</td>
<td>
<a href="#" class="linked" test-id='1,515' id='2,163'>External Transfer overlimit narrative</a>
<div class="">
<span class="badge badge-default">Payment.External Transfer overlimit narrative</span>
</div>
</td>
</tr>
<tr class="tag-test-status" status="fail">
<td><span class="badge log fail-bg">Fail</span></td>
<td>15:15:50 PM</td>
<td>
<a href="#" class="linked" test-id='1,515' id='2,216'>Balance Maintanance sweep transfer</a>
<div class="">
<span class="badge badge-default">Payment.Balance Maintanance sweep transfer</span>
</div>
</td>
</tr>
<tr class="tag-test-status" status="fail">
<td><span class="badge log fail-bg">Fail</span></td>
<td>15:18:19 PM</td>
<td>
<a href="#" class="linked" test-id='1,515' id='2,309'>Balance Maintanance sweep transfer</a>
<div class="">
<span class="badge badge-default">Payment.Balance Maintanance sweep transfer</span>
</div>
</td>
</tr>
<tr class="tag-test-status" status="fail">
<td><span class="badge log fail-bg">Fail</span></td>
<td>15:20:40 PM</td>
<td>
<a href="#" class="linked" test-id='1,515' id='2,402'>Surplus sweep transfer</a>
<div class="">
<span class="badge badge-default">Payment.Surplus sweep transfer</span>
</div>
</td>
</tr>
<tr class="tag-test-status" status="fail">
<td><span class="badge log fail-bg">Fail</span></td>
<td>15:22:25 PM</td>
<td>
<a href="#" class="linked" test-id='1,515' id='2,495'>Surplus sweep transfer</a>
<div class="">
<span class="badge badge-default">Payment.Surplus sweep transfer</span>
</div>
</td>
</tr>
<tr class="tag-test-status" status="fail">
<td><span class="badge log fail-bg">Fail</span></td>
<td>15:24:09 PM</td>
<td>
<a href="#" class="linked" test-id='1,515' id='2,588'>Two way sweep transfer Surplus</a>
<div class="">
<span class="badge badge-default">Payment.Two way sweep transfer Surplus</span>
</div>
</td>
</tr>
<tr class="tag-test-status" status="fail">
<td><span class="badge log fail-bg">Fail</span></td>
<td>15:26:23 PM</td>
<td>
<a href="#" class="linked" test-id='1,515' id='2,681'>Two way sweep transfer Surplus</a>
<div class="">
<span class="badge badge-default">Payment.Two way sweep transfer Surplus</span>
</div>
</td>
</tr>
<tr class="tag-test-status" status="fail">
<td><span class="badge log fail-bg">Fail</span></td>
<td>15:28:03 PM</td>
<td>
<a href="#" class="linked" test-id='1,515' id='2,774'>Two way sweep transfer Balance maintenance</a>
<div class="">
<span class="badge badge-default">Payment.Two way sweep transfer Balance maintenance</span>
</div>
</td>
</tr>
<tr class="tag-test-status" status="fail">
<td><span class="badge log fail-bg">Fail</span></td>
<td>15:30:41 PM</td>
<td>
<a href="#" class="linked" test-id='1,515' id='2,867'>Two way sweep transfer Balance maintenance</a>
<div class="">
<span class="badge badge-default">Payment.Two way sweep transfer Balance maintenance</span>
</div>
</td>
</tr>
<tr class="tag-test-status" status="pass">
<td><span class="badge log pass-bg">Pass</span></td>
<td>15:32:48 PM</td>
<td>
<a href="#" class="linked" test-id='1,515' id='2,960'>Direct Debit</a>
<div class="">
<span class="badge badge-default">Payment.Direct Debit</span>
</div>
</td>
</tr>
<tr class="tag-test-status" status="pass">
<td><span class="badge log pass-bg">Pass</span></td>
<td>15:34:44 PM</td>
<td>
<a href="#" class="linked" test-id='1,515' id='3,028'>Periodic payment internal</a>
<div class="">
<span class="badge badge-default">Payment.Periodic payment internal</span>
</div>
</td>
</tr>
<tr class="tag-test-status" status="pass">
<td><span class="badge log pass-bg">Pass</span></td>
<td>15:37:09 PM</td>
<td>
<a href="#" class="linked" test-id='1,515' id='3,091'>Periodic payment External</a>
<div class="">
<span class="badge badge-default">Payment.Periodic payment External</span>
</div>
</td>
</tr>
</tbody>
</table>
</div>
</li>
</ul>
</div>
</div>
<div class="test-content scrollable">
<div class="test-content-detail">
<div class="detail-body"></div>
</div>
</div>
</div><div class="container-fluid p-4 view dashboard-view">
<div class="row">
<div class="col-md-3">
<div class="card"><div class="card-body">
<p class="m-b-0">Started</p>
<h3>Oct 29, 2024 02:30:41 PM</h3>
</div></div>
</div>
<div class="col-md-3">
<div class="card"><div class="card-body">
<p class="m-b-0">Ended</p>
<h3>Oct 29, 2024 03:39:16 PM</h3>
</div></div>
</div>
<div class="col-md-3">
<div class="card"><div class="card-body">
<p class="m-b-0 text-pass">Features Passed</p>
<h3>1</h3>
</div></div>
</div>
<div class="col-md-3">
<div class="card"><div class="card-body">
<p class="m-b-0 text-fail">Features Failed</p>
<h3>3</h3>
</div></div>
</div>
</div>
<div class="row">
<div class="col-md-4">
<div class="card">
<div class="card-header">
<h6 class="card-title">Features</h6>
</div>
<div class="card-body">
<div class="">
<canvas id='parent-analysis' width='115' height='90'></canvas>
</div>
</div>
<div class="card-footer">
<div><small data-tooltip='25%'>
<b>1</b> features passed
</small>
</div>
<div>
<small data-tooltip='75%'><b>3</b> features failed,
<b>0</b> skipped, <b data-tooltip='0%'>0</b> others
</small>
</div>
</div>
</div>
</div>
<div class="col-md-4">
<div class="card">
<div class="card-header">
<h6 class="card-title">Scenarios</h6>
</div>
<div class="card-body">
<div class="">
<canvas id='child-analysis' width='115' height='90'></canvas>
</div>
</div>
<div class="card-footer">
<div><small data-tooltip='41%'><b>13</b> scenarios passed</small></div>
<div>
<small data-tooltip='58%'><b>18</b> scenarios failed,
<b>0</b> skipped, <b data-tooltip='%'>0</b> others
</small>
</div>
</div>
</div>
</div>
<div class="col-md-4">
<div class="card">
<div class="card-header">
<h6 class="card-title">Steps</h6>
</div>
<div class="card-body">
<div class="">
<canvas id='grandchild-analysis' width='115' height='90'></canvas>
</div>
</div>
<div class="card-footer">
<div><small data-tooltip='63%'><b>377</b> steps passed</small></div>
<div>
<small data-tooltip='3%'><b>18</b> steps failed,
<b>203</b> skipped, <b data-tooltip='%'>0</b> others
</small>
</div>
</div>
</div>
</div>
</div>
<div class="row"><div class="col-md-12">
<div class="card"><div class="card-header"><p>Timeline</p></div>
<div class="card-body pt-0"><div>
<canvas id="timeline" height="120"></canvas>
</div></div>
</div>
</div></div>
<script>
var timeline = {
"Account":167.557,"Deposit":935.722,"Lending operations":560.323,"Payment":2362.352
};
</script>
<div class="row">
<div class="col-md-4 category-container">
<div class="card">
<div class="card-header"><p>Tags</p></div>
<div class="card-body pb-0 pt-0"><table class="table table-sm table-bordered">
<thead><tr class="bg-gray"><th>Name</th><th>Passed</th><th>Failed</th><th>Skipped</th><th>Others</th><th>Passed %</th></tr></thead><tbody>
<tr>
<td>@beforeCOBScenarios</td>
<td>13</td>
<td>18</td>
<td>0</td>
<td>0</td>
<td>41.935%</td>
</tr>
</tbody>
</table></div>
</div>
</div>
</div>
</div>
<script>
var statusGroup = {
parentCount: 5,
passParent: 1,
failParent: 3,
warningParent: 0,
skipParent: 0,
childCount: 5,
passChild: 13,
failChild: 18,
warningChild: 0,
skipChild: 0,
infoChild: 0,
grandChildCount: 5,
passGrandChild: 377,
failGrandChild: 18,
warningGrandChild: 0,
skipGrandChild: 203,
infoGrandChild: 0,
eventsCount: 5,
};
</script>        </div>
      </div>
    </div>
  </div>
<script src="https://cdn.jsdelivr.net/gh/extent-framework/extent-github-cdn@14e9bb345ef7e2ed3a102f271d84e9f0267c88e7/spark/js/spark-script.js"></script>
<script type="text/javascript"></script></body>
</html>