

<!DOCTYPE html>
<html>
<head>
<meta charset="utf-8">
<meta name="viewport" content="width=device-width, initial-scale=1, shrink-to-fit=no">
<title>TestHouse - Frameium Framework</title>
<link rel="apple-touch-icon" href="https://cdn.jsdelivr.net/gh/extent-framework/extent-github-cdn@b00a2d0486596e73dd7326beacf352c639623a0e/commons/img/logo.png">
<link rel="shortcut icon" href="https://cdn.jsdelivr.net/gh/extent-framework/extent-github-cdn@b00a2d0486596e73dd7326beacf352c639623a0e/commons/img/logo.png">
<link href="https://cdn.jsdelivr.net/gh/extent-framework/extent-github-cdn@c43b89d03a7c43dae8bb8f0f078bad1997af6b3b/spark/css/spark-style.css" rel="stylesheet" />
<link href="https://stackpath.bootstrapcdn.com/font-awesome/4.7.0/css/font-awesome.min.css" rel="stylesheet">
<script src="https://cdn.rawgit.com/extent-framework/extent-github-cdn/7cc78ce/spark/js/jsontree.js"></script>
<style type="text/css"></style></head><body class="spa bdd-report standard">
  <div class="app">
    <div class="layout">
<div class="header navbar">
<div class="vheader">
<div class="nav-logo">
<a href="#">
<div class="logo" style="background-image: url('https://cdn.jsdelivr.net/gh/extent-framework/extent-github-cdn@b00a2d0486596e73dd7326beacf352c639623a0e/commons/img/logo.png')"></div>
</a>
</div>
<ul class="nav-left">
<li class="search-box">
<a class="search-toggle" href="#">
<i class="search-icon fa fa-search"></i>
<i class="search-icon-close fa fa-close"></i>
</a>
</li>
<li class="search-input"><input id="search-tests" class="form-control" type="text" placeholder="Search..."></li>
</ul>
<ul class="nav-right">
<li class="m-r-10">
<a href="#"><span class="badge badge-primary">
<img src="https://cms.technopark.org/zcmspg/zupload/5363/cmp_detail/15291446981673385006_Testhouse%20Logo%20Transparent%202.png" width="90" height="15" />
         
</span></a>
</li>
<li class="m-r-10">
<a href="#"><span class="badge badge-primary">Aug 19, 2024 12:34:43 PM</span></a>
</li>
</ul>
</div>
</div><div class="side-nav">
<div class="side-nav-inner">
<ul class="side-nav-menu">
<li class="nav-item dropdown" onclick="toggleView('test-view')">
<a id="nav-test" class="dropdown-toggle" href="#">
<span class="ico"><i class="fa fa-list"></i></span>
</a>
</li>
<li class="nav-item dropdown" onclick="toggleView('exception-view')">
<a id="nav-exception" class="dropdown-toggle" href="#">
<span class="ico"><i class="fa fa-bug"></i></span>
</a>
</li>
<li class="nav-item dropdown" onclick="toggleView('category-view')">
<a id="nav-category" class="dropdown-toggle" href="#">
<span class="ico"><i class="fa fa-tag"></i></span>
</a>
</li>
<li class="nav-item dropdown" onclick="toggleView('dashboard-view')">
<a id="nav-dashboard" class="dropdown-toggle" href="#">
<span class="ico"><i class="fa fa-bar-chart"></i></span>
</a>
</li>
</ul>
</div>
</div>      <div class="vcontainer">
        <div class="main-content">
<div class="test-wrapper row view test-view">
  <div class="test-list">
    <div class="test-list-tools">
<ul class="tools pull-left">
<li><a href="#"><span class="font-size-14">Tests</span></a></li>
</ul>
<ul class="tools text-right">
<li class="dropdown">
<a href="#" class="dropdown-toggle" data-toggle="dropdown"><i class="fa fa-exclamation-circle"></i></a>
<ul id="status-toggle" class="dropdown-menu dropdown-md p-v-0">
<a class="dropdown-item" status="fail" href="#"><span>Fail</span><span class="status danger"></span></a>
<div class="dropdown-divider"></div>
<a status="clear" class="dropdown-item" href="#"><span>Clear</span><span class="pull-right"><i class="fa fa-close"></i></span></a>
</ul>
</li>
<li class="dropdown">
<a href="#" class="dropdown-toggle" data-toggle="dropdown"><i class="fa fa-tag"></i></a>
<ul id="tag-toggle" class="dropdown-menu dropdown-md p-v-0">
<a class="dropdown-item" href="#">@beforeCOBScenarios</a>
</ul>
</li>
</ul>
</div>    <div class="test-list-wrapper scrollable">
      <ul class="test-list-item">
        <li class="test-item"  status="fail" test-id="2"
          author=""
          tag=""
          device="">
          <div class="test-detail">
            <p class="name">Payment</p>
            <p class="text-sm">
              <span>12:34:48 PM</span> / <span>42:35:057</span>
              <span class="badge fail-bg log float-right">Fail</span>
            </p>
          </div>
          <div class="test-contents d-none">
<div class="detail-head">
<div class="p-v-10">
<div class="info">
<h5 class="test-status text-fail">Payment</h5>
<span class='badge badge-success'>08.19.2024 12:34:48</span>
<span class='badge badge-danger'>08.19.2024 12:47:23</span>
<span class='badge badge-default'>42:35:057</span>
&middot; <span class='uri-anchor badge badge-default'>#test-id=2</span>
</div>
<div class="m-t-10 m-l-5"></div>
</div>
</div>
<div class="accordion mt-4">
  <div class="card">
    <div class="card-header" role="tab">
      <div class="card-title">
        <div class="node" id="3"><span class="badge log pass-bg mr-2">Pass</span>Internal transfer</div>
          <div class="status-avatar float-right mr-4">
            <i class="fa fa-paperclip"></i>
          </div>
      </div>
    </div>
        <div class="collapse">
          <div class="card-body">
              <div class="step pass-bg" title="com.frameium.stepdef.Ufs.PaymentTest.closeAllTheOpenedWindows()">
                <span>When close all the other opened windows</span>
      <div>
      </div>
              </div>
              <div class="step pass-bg" title="com.frameium.stepdef.Ufs.PaymentTest.user_opens_url()">
                <span>When User opens the T24 Url</span>
      <div>
          <div class="row mb-3"><div class="col-md-3">
    <img data-featherlight='../Screenshots/embedded1.png' src="../Screenshots/embedded1.png">
    
    </div></div>
</div>
              </div>
              <div class="step pass-bg" title="com.frameium.stepdef.Ufs.PaymentTest.Login_should_be_successful()">
                <span>Then User should be able to login to T24</span>
      <div>
      </div>
              </div>
              <div class="step pass-bg" title="com.frameium.stepdef.Ufs.PaymentTest.fill_in_the_commandline()">
                <span>Then The user should be able to fill the commandline</span>
      <div>
      </div>
              </div>
              <div class="step pass-bg" title="com.frameium.stepdef.Ufs.PaymentTest.balanceCheckAccount()">
                <span>And user should be able to see the the balance of the account before performing internal transfer</span>
      <div>
      </div>
              </div>
              <div class="step pass-bg" title="com.frameium.stepdef.Ufs.PaymentTest.Accounttransfer_click()">
                <span>Then The user should be able to navigate to Account transfer button</span>
      <div>
      </div>
              </div>
              <div class="step pass-bg" title="com.frameium.stepdef.Ufs.PaymentTest.fill_thedetails_for_Internal_Transfer_payment()">
                <span>And Enter the details in the account transfer fields</span>
      <div>
      </div>
              </div>
              <div class="step pass-bg" title="com.frameium.stepdef.Ufs.PaymentTest.validateButton_Click()">
                <span>Then Click on validate</span>
      <div>
      </div>
              </div>
              <div class="step pass-bg" title="com.frameium.stepdef.Ufs.PaymentTest.commitButtonClick()">
                <span>And Click on commit</span>
      <div>
      </div>
              </div>
              <div class="step pass-bg" title="com.frameium.stepdef.Ufs.PaymentTest.txnCompleteMsg_Verify()">
                <span>Then Verify whether the transaction complete message is displayed after commiting</span>
      <div>
          <div class="row mb-3"><div class="col-md-3">
    <img data-featherlight='../Screenshots/embedded2.png' src="../Screenshots/embedded2.png">
    
    </div></div>
</div>
              </div>
              <div class="step pass-bg" title="com.frameium.stepdef.Ufs.PaymentTest.navigateToAccountEntries()">
                <span>And Navigate to account entries</span>
      <div>
      </div>
              </div>
              <div class="step pass-bg" title="com.frameium.stepdef.Ufs.PaymentTest.EnterAccountNumInAccountEnties()">
                <span>Then Enter the account number and click on find button</span>
      <div>
      </div>
              </div>
              <div class="step pass-bg" title="com.frameium.stepdef.Ufs.PaymentTest.verificationOfAccountEntries()">
                <span>And Verify whether the transaction is reflected in the accountentries</span>
      <div>
      </div>
              </div>
          </div>
        </div>
  </div>
  <div class="card">
    <div class="card-header" role="tab">
      <div class="card-title">
        <div class="node" id="49"><span class="badge log pass-bg mr-2">Pass</span>Internal Transfer narrative</div>
          <div class="status-avatar float-right mr-4">
            <i class="fa fa-paperclip"></i>
          </div>
      </div>
    </div>
        <div class="collapse">
          <div class="card-body">
              <div class="step pass-bg" title="com.frameium.stepdef.Ufs.PaymentTest.closeAllTheOpenedWindows()">
                <span>When close all the other opened windows</span>
      <div>
      </div>
              </div>
              <div class="step pass-bg" title="com.frameium.stepdef.Ufs.PaymentTest.user_opens_url()">
                <span>When User opens the T24 Url</span>
      <div>
          <div class="row mb-3"><div class="col-md-3">
    <img data-featherlight='../Screenshots/embedded3.png' src="../Screenshots/embedded3.png">
    
    </div></div>
</div>
              </div>
              <div class="step pass-bg" title="com.frameium.stepdef.Ufs.PaymentTest.Login_should_be_successful()">
                <span>Then User should be able to login to T24</span>
      <div>
      </div>
              </div>
              <div class="step pass-bg" title="com.frameium.stepdef.Ufs.PaymentTest.fill_in_the_commandline()">
                <span>Then The user should be able to fill the commandline</span>
      <div>
      </div>
              </div>
              <div class="step pass-bg" title="com.frameium.stepdef.Ufs.PaymentTest.generalEnquiriesClick()">
                <span>And The user should be able to click on general enquiries buttom</span>
      <div>
      </div>
              </div>
              <div class="step pass-bg" title="com.frameium.stepdef.Ufs.PaymentTest.IB_view_of_Account_Entries_Click()">
                <span>And click on the IB-view of account entries</span>
      <div>
      </div>
              </div>
              <div class="step pass-bg" title="com.frameium.stepdef.Ufs.PaymentTest.enterAccountNumInIbviewofAccounytEntries()">
                <span>Then Enter the account number</span>
      <div>
      </div>
              </div>
              <div class="step pass-bg" title="com.frameium.stepdef.Ufs.PaymentTest.findButtonClick()">
                <span>And click on find button</span>
      <div>
      </div>
              </div>
              <div class="step pass-bg" title="com.frameium.stepdef.Ufs.PaymentTest.transfernarrative()">
                <span>And The details of internal transfer should be reflected in the narratives</span>
      <div>
          <div class="row mb-3"><div class="col-md-3">
    <img data-featherlight='../Screenshots/embedded4.png' src="../Screenshots/embedded4.png">
    
    </div></div>
</div>
              </div>
          </div>
        </div>
  </div>
  <div class="card">
    <div class="card-header" role="tab">
      <div class="card-title">
        <div class="node" id="83"><span class="badge log pass-bg mr-2">Pass</span>External transfer</div>
          <div class="status-avatar float-right mr-4">
            <i class="fa fa-paperclip"></i>
          </div>
      </div>
    </div>
        <div class="collapse">
          <div class="card-body">
              <div class="step pass-bg" title="com.frameium.stepdef.Ufs.PaymentTest.closeAllTheOpenedWindows()">
                <span>When close all the other opened windows</span>
      <div>
      </div>
              </div>
              <div class="step pass-bg" title="com.frameium.stepdef.Ufs.PaymentTest.user_opens_url()">
                <span>When User opens the T24 Url</span>
      <div>
          <div class="row mb-3"><div class="col-md-3">
    <img data-featherlight='../Screenshots/embedded5.png' src="../Screenshots/embedded5.png">
    
    </div></div>
</div>
              </div>
              <div class="step pass-bg" title="com.frameium.stepdef.Ufs.PaymentTest.Login_should_be_successful()">
                <span>Then User should be able to login to T24</span>
      <div>
      </div>
              </div>
              <div class="step pass-bg" title="com.frameium.stepdef.Ufs.PaymentTest.fill_in_the_commandline()">
                <span>Then The user should be able to fill the commandline</span>
      <div>
      </div>
              </div>
              <div class="step pass-bg" title="com.frameium.stepdef.Ufs.PaymentTest.balanceCheckAccountExternalTransfer()">
                <span>And user should be able to see the the balance of the account before performing External transfer</span>
      <div>
      </div>
              </div>
              <div class="step pass-bg" title="com.frameium.stepdef.Ufs.PaymentTest.Accounttransfer_click()">
                <span>Then The user should be able to navigate to Account transfer button</span>
      <div>
      </div>
              </div>
              <div class="step pass-bg" title="com.frameium.stepdef.Ufs.PaymentTest.fill_thedetails_for_External_Transfer_payment()">
                <span>And Enter the details in the account external  transfer fields</span>
      <div>
      </div>
              </div>
              <div class="step pass-bg" title="com.frameium.stepdef.Ufs.PaymentTest.validateButton_Click()">
                <span>Then Click on validate</span>
      <div>
      </div>
              </div>
              <div class="step pass-bg" title="com.frameium.stepdef.Ufs.PaymentTest.commitButtonClick()">
                <span>And Click on commit</span>
      <div>
      </div>
              </div>
              <div class="step pass-bg" title="com.frameium.stepdef.Ufs.PaymentTest.txnCompleteMsg_Verify()">
                <span>Then Verify whether the transaction complete message is displayed after commiting</span>
      <div>
          <div class="row mb-3"><div class="col-md-3">
    <img data-featherlight='../Screenshots/embedded6.png' src="../Screenshots/embedded6.png">
    
    </div></div>
</div>
              </div>
              <div class="step pass-bg" title="com.frameium.stepdef.Ufs.PaymentTest.navigateToAccountEntries()">
                <span>And Navigate to account entries</span>
      <div>
      </div>
              </div>
              <div class="step pass-bg" title="com.frameium.stepdef.Ufs.PaymentTest.EnterAccountNumInAccountEnties()">
                <span>Then Enter the account number and click on find button</span>
      <div>
      </div>
              </div>
              <div class="step pass-bg" title="com.frameium.stepdef.Ufs.PaymentTest.verificationOfAccountEntriesExternal()">
                <span>And Verify whether the external transaction is reflected in the accountentries</span>
      <div>
      </div>
              </div>
          </div>
        </div>
  </div>
  <div class="card">
    <div class="card-header" role="tab">
      <div class="card-title">
        <div class="node" id="129"><span class="badge log pass-bg mr-2">Pass</span>External Transfer narrative</div>
          <div class="status-avatar float-right mr-4">
            <i class="fa fa-paperclip"></i>
          </div>
      </div>
    </div>
        <div class="collapse">
          <div class="card-body">
              <div class="step pass-bg" title="com.frameium.stepdef.Ufs.PaymentTest.closeAllTheOpenedWindows()">
                <span>When close all the other opened windows</span>
      <div>
      </div>
              </div>
              <div class="step pass-bg" title="com.frameium.stepdef.Ufs.PaymentTest.user_opens_url()">
                <span>When User opens the T24 Url</span>
      <div>
          <div class="row mb-3"><div class="col-md-3">
    <img data-featherlight='../Screenshots/embedded7.png' src="../Screenshots/embedded7.png">
    
    </div></div>
</div>
              </div>
              <div class="step pass-bg" title="com.frameium.stepdef.Ufs.PaymentTest.Login_should_be_successful()">
                <span>Then User should be able to login to T24</span>
      <div>
      </div>
              </div>
              <div class="step pass-bg" title="com.frameium.stepdef.Ufs.PaymentTest.fill_in_the_commandline()">
                <span>Then The user should be able to fill the commandline</span>
      <div>
      </div>
              </div>
              <div class="step pass-bg" title="com.frameium.stepdef.Ufs.PaymentTest.generalEnquiriesClick()">
                <span>And The user should be able to click on general enquiries buttom</span>
      <div>
      </div>
              </div>
              <div class="step pass-bg" title="com.frameium.stepdef.Ufs.PaymentTest.IB_view_of_Account_Entries_Click()">
                <span>And click on the IB-view of account entries</span>
      <div>
      </div>
              </div>
              <div class="step pass-bg" title="com.frameium.stepdef.Ufs.PaymentTest.enterAccountNumInIbviewofAccounytEntries()">
                <span>Then Enter the account number</span>
      <div>
      </div>
              </div>
              <div class="step pass-bg" title="com.frameium.stepdef.Ufs.PaymentTest.findButtonClick()">
                <span>And click on find button</span>
      <div>
      </div>
              </div>
              <div class="step pass-bg" title="com.frameium.stepdef.Ufs.PaymentTest.externalTransfernarrative()">
                <span>And The details of External transfer should be reflected in the narratives</span>
      <div>
      </div>
              </div>
          </div>
        </div>
  </div>
  <div class="card">
    <div class="card-header" role="tab">
      <div class="card-title">
        <div class="node" id="163"><span class="badge log pass-bg mr-2">Pass</span>Internal transfer over limit</div>
          <div class="status-avatar float-right mr-4">
            <i class="fa fa-paperclip"></i>
          </div>
      </div>
    </div>
        <div class="collapse">
          <div class="card-body">
              <div class="step pass-bg" title="com.frameium.stepdef.Ufs.PaymentTest.closeAllTheOpenedWindows()">
                <span>When close all the other opened windows</span>
      <div>
      </div>
              </div>
              <div class="step pass-bg" title="com.frameium.stepdef.Ufs.PaymentTest.user_opens_url()">
                <span>When User opens the T24 Url</span>
      <div>
          <div class="row mb-3"><div class="col-md-3">
    <img data-featherlight='../Screenshots/embedded8.png' src="../Screenshots/embedded8.png">
    
    </div></div>
</div>
              </div>
              <div class="step pass-bg" title="com.frameium.stepdef.Ufs.PaymentTest.Login_should_be_successful()">
                <span>Then User should be able to login to T24</span>
      <div>
      </div>
              </div>
              <div class="step pass-bg" title="com.frameium.stepdef.Ufs.PaymentTest.fill_in_the_commandline()">
                <span>Then The user should be able to fill the commandline</span>
      <div>
      </div>
              </div>
              <div class="step pass-bg" title="com.frameium.stepdef.Ufs.PaymentTest.balanceCheckAccount()">
                <span>And user should be able to see the the balance of the account before performing internal transfer</span>
      <div>
      </div>
              </div>
              <div class="step pass-bg" title="com.frameium.stepdef.Ufs.PaymentTest.Accounttransfer_click()">
                <span>Then The user should be able to navigate to Account transfer button</span>
      <div>
      </div>
              </div>
              <div class="step pass-bg" title="com.frameium.stepdef.Ufs.PaymentTest.fill_thedetails_for_Internal_Transfer_payment_overlimit()">
                <span>And Enter the details in the account transfer for internal transfer overlimit</span>
      <div>
      </div>
              </div>
              <div class="step pass-bg" title="com.frameium.stepdef.Ufs.PaymentTest.validateButton_Click()">
                <span>Then Click on validate</span>
      <div>
      </div>
              </div>
              <div class="step pass-bg" title="com.frameium.stepdef.Ufs.PaymentTest.commitButtonClick()">
                <span>And Click on commit</span>
      <div>
      </div>
              </div>
              <div class="step pass-bg" title="com.frameium.stepdef.Ufs.PaymentTest.txnCompleteMsg_Verify()">
                <span>Then Verify whether the transaction complete message is displayed after commiting</span>
      <div>
          <div class="row mb-3"><div class="col-md-3">
    <img data-featherlight='../Screenshots/embedded9.png' src="../Screenshots/embedded9.png">
    
    </div></div>
</div>
              </div>
              <div class="step pass-bg" title="com.frameium.stepdef.Ufs.PaymentTest.signoff()">
                <span>And The User clicks on signoff</span>
      <div>
      </div>
              </div>
              <div class="step pass-bg" title="com.frameium.stepdef.Ufs.PaymentTest.authorizer_Login_T24()">
                <span>Then Login to authoriser account</span>
      <div>
      </div>
              </div>
              <div class="step pass-bg" title="com.frameium.stepdef.Ufs.PaymentTest.fill_in_the_commandline()">
                <span>Then The user should be able to fill the commandline</span>
      <div>
      </div>
              </div>
              <div class="step pass-bg" title="com.frameium.stepdef.Ufs.PaymentTest.navigateToUnauthorisedTransactionsClick()">
                <span>And Navigate to unauthorised transactions</span>
      <div>
      </div>
              </div>
              <div class="step pass-bg" title="com.frameium.stepdef.Ufs.PaymentTest.authoriseTransaction()">
                <span>Then Authorize the transaction</span>
      <div>
      </div>
              </div>
              <div class="step pass-bg" title="com.frameium.stepdef.Ufs.PaymentTest.txnCompleteMsg_Verify()">
                <span>Then Verify whether the transaction complete message is displayed after commiting</span>
      <div>
          <div class="row mb-3"><div class="col-md-3">
    <img data-featherlight='../Screenshots/embedded10.png' src="../Screenshots/embedded10.png">
    
    </div></div>
</div>
              </div>
              <div class="step pass-bg" title="com.frameium.stepdef.Ufs.PaymentTest.navigateToAccountEntries()">
                <span>And Navigate to account entries</span>
      <div>
      </div>
              </div>
              <div class="step pass-bg" title="com.frameium.stepdef.Ufs.PaymentTest.EnterAccountNumInAccountEnties()">
                <span>Then Enter the account number and click on find button</span>
      <div>
      </div>
              </div>
              <div class="step pass-bg" title="com.frameium.stepdef.Ufs.PaymentTest.verificationOfAccountEntries()">
                <span>And Verify whether the transaction is reflected in the accountentries</span>
      <div>
      </div>
              </div>
          </div>
        </div>
  </div>
  <div class="card">
    <div class="card-header" role="tab">
      <div class="card-title">
        <div class="node" id="227"><span class="badge log fail-bg mr-2">Fail</span>Internal Transfer overlimit narrative</div>
          <div class="status-avatar float-right mr-4">
            <i class="fa fa-paperclip"></i>
          </div>
      </div>
    </div>
        <div class="">
          <div class="card-body">
              <div class="step pass-bg" title="com.frameium.stepdef.Ufs.PaymentTest.closeAllTheOpenedWindows()">
                <span>When close all the other opened windows</span>
      <div>
      </div>
              </div>
              <div class="step pass-bg" title="com.frameium.stepdef.Ufs.PaymentTest.user_opens_url()">
                <span>When User opens the T24 Url</span>
      <div>
          <div class="row mb-3"><div class="col-md-3">
    <img data-featherlight='../Screenshots/embedded11.png' src="../Screenshots/embedded11.png">
    
    </div></div>
</div>
              </div>
              <div class="step pass-bg" title="com.frameium.stepdef.Ufs.PaymentTest.Login_should_be_successful()">
                <span>Then User should be able to login to T24</span>
      <div>
      </div>
              </div>
              <div class="step pass-bg" title="com.frameium.stepdef.Ufs.PaymentTest.fill_in_the_commandline()">
                <span>Then The user should be able to fill the commandline</span>
      <div>
      </div>
              </div>
              <div class="step pass-bg" title="com.frameium.stepdef.Ufs.PaymentTest.generalEnquiriesClick()">
                <span>And The user should be able to click on general enquiries buttom</span>
      <div>
      </div>
              </div>
              <div class="step pass-bg" title="com.frameium.stepdef.Ufs.PaymentTest.IB_view_of_Account_Entries_Click()">
                <span>And click on the IB-view of account entries</span>
      <div>
      </div>
              </div>
              <div class="step pass-bg" title="com.frameium.stepdef.Ufs.PaymentTest.enterAccountNumInIbviewofAccounytEntries()">
                <span>Then Enter the account number</span>
      <div>
      </div>
              </div>
              <div class="step pass-bg" title="com.frameium.stepdef.Ufs.PaymentTest.findButtonClick()">
                <span>And click on find button</span>
      <div>
      </div>
              </div>
              <div class="step fail-bg" title="com.frameium.stepdef.Ufs.PaymentTest.transfernarrativeOverLimit()">
                <span>And The details of internal transfer overlimit should be reflected in the narratives</span>
      <div>
        <textarea disabled class="code-block">org.openqa.selenium.TimeoutException: Expected condition failed: waiting for visibility of element located by By.xpath: (//table[@id='enquiryResponseData']//tbody/tr[9]/td[4]) (tried for 60 second(s) with 500 milliseconds interval)
Build info: version: '4.17.0', revision: 'e52b1be057*'
System info: os.name: 'Windows 10', os.arch: 'amd64', os.version: '10.0', java.version: '22.0.2'
Driver info: org.openqa.selenium.chrome.ChromeDriver
Capabilities {acceptInsecureCerts: false, browserName: chrome, browserVersion: 127.0.6533.120, chrome: {chromedriverVersion: 126.0.6478.126 (d36ace6122e..., userDataDir: C:\Users\THI220~1\AppData\L...}, fedcm:accounts: true, goog:chromeOptions: {debuggerAddress: localhost:9222}, networkConnectionEnabled: false, pageLoadStrategy: normal, platformName: windows, proxy: Proxy(), se:cdp: ws://localhost:9222/devtool..., se:cdpVersion: 127.0.6533.120, setWindowRect: true, strictFileInteractability: false, timeouts: {implicit: 0, pageLoad: 300000, script: 30000}, unhandledPromptBehavior: dismiss and notify, webauthn:extension:credBlob: true, webauthn:extension:largeBlob: true, webauthn:extension:minPinLength: true, webauthn:extension:prf: true, webauthn:virtualAuthenticators: true}
Session ID: 45f166ed5a8d5c84bdca8f1fb395f307
	at org.openqa.selenium.support.ui.WebDriverWait.timeoutException(WebDriverWait.java:84)
	at org.openqa.selenium.support.ui.FluentWait.until(FluentWait.java:228)
	at com.frameium.genericfunctions.GenericFunctions.findElement(GenericFunctions.java:262)
	at com.frameium.pageobject.UFS.AccountEntries.debitNarratives(AccountEntries.java:73)
	at com.frameium.stepdef.Ufs.PaymentTest.transfernarrativeOverLimit(PaymentTest.java:427)
	at ✽.The details of internal transfer overlimit should be reflected in the narratives(file:///D:/frameium/Frameium_allure/src/test/resources/Features/UFS/T24_Payments.feature:102)
</textarea>
      
      </div>
              </div>
          </div>
        </div>
  </div>
  <div class="card">
    <div class="card-header" role="tab">
      <div class="card-title">
        <div class="node" id="261"><span class="badge log fail-bg mr-2">Fail</span>External transfer over limit</div>
          <div class="status-avatar float-right mr-4">
            <i class="fa fa-paperclip"></i>
          </div>
      </div>
    </div>
        <div class="">
          <div class="card-body">
              <div class="step pass-bg" title="com.frameium.stepdef.Ufs.PaymentTest.closeAllTheOpenedWindows()">
                <span>When close all the other opened windows</span>
      <div>
      </div>
              </div>
              <div class="step pass-bg" title="com.frameium.stepdef.Ufs.PaymentTest.user_opens_url()">
                <span>When User opens the T24 Url</span>
      <div>
          <div class="row mb-3"><div class="col-md-3">
    <img data-featherlight='../Screenshots/embedded12.png' src="../Screenshots/embedded12.png">
    
    </div></div>
</div>
              </div>
              <div class="step pass-bg" title="com.frameium.stepdef.Ufs.PaymentTest.Login_should_be_successful()">
                <span>Then User should be able to login to T24</span>
      <div>
      </div>
              </div>
              <div class="step pass-bg" title="com.frameium.stepdef.Ufs.PaymentTest.fill_in_the_commandline()">
                <span>Then The user should be able to fill the commandline</span>
      <div>
      </div>
              </div>
              <div class="step pass-bg" title="com.frameium.stepdef.Ufs.PaymentTest.balanceCheckAccount()">
                <span>And user should be able to see the the balance of the account before performing internal transfer</span>
      <div>
      </div>
              </div>
              <div class="step pass-bg" title="com.frameium.stepdef.Ufs.PaymentTest.Accounttransfer_click()">
                <span>Then The user should be able to navigate to Account transfer button</span>
      <div>
      </div>
              </div>
              <div class="step pass-bg" title="com.frameium.stepdef.Ufs.PaymentTest.fill_thedetails_for_Internal_Transfer_payment_overlimit()">
                <span>And Enter the details in the account transfer for internal transfer overlimit</span>
      <div>
      </div>
              </div>
              <div class="step pass-bg" title="com.frameium.stepdef.Ufs.PaymentTest.validateButton_Click()">
                <span>Then Click on validate</span>
      <div>
      </div>
              </div>
              <div class="step pass-bg" title="com.frameium.stepdef.Ufs.PaymentTest.commitButtonClick()">
                <span>And Click on commit</span>
      <div>
      </div>
              </div>
              <div class="step pass-bg" title="com.frameium.stepdef.Ufs.PaymentTest.txnCompleteMsg_Verify()">
                <span>Then Verify whether the transaction complete message is displayed after commiting</span>
      <div>
          <div class="row mb-3"><div class="col-md-3">
    <img data-featherlight='../Screenshots/embedded13.png' src="../Screenshots/embedded13.png">
    
    </div></div>
</div>
              </div>
              <div class="step pass-bg" title="com.frameium.stepdef.Ufs.PaymentTest.signoff()">
                <span>And The User clicks on signoff</span>
      <div>
      </div>
              </div>
              <div class="step pass-bg" title="com.frameium.stepdef.Ufs.PaymentTest.authorizer_Login_T24()">
                <span>Then Login to authoriser account</span>
      <div>
      </div>
              </div>
              <div class="step pass-bg" title="com.frameium.stepdef.Ufs.PaymentTest.fill_in_the_commandline()">
                <span>Then The user should be able to fill the commandline</span>
      <div>
      </div>
              </div>
              <div class="step fail-bg" title="com.frameium.stepdef.Ufs.PaymentTest.navigateToUnauthorisedTransactionsClick()">
                <span>And Navigate to unauthorised transactions</span>
      <div>
        <textarea disabled class="code-block">org.openqa.selenium.TimeoutException: Expected condition failed: waiting for visibility of element located by By.xpath: //*[contains(@id,'LOSHOMEPAGE')] (tried for 60 second(s) with 500 milliseconds interval)
Build info: version: '4.17.0', revision: 'e52b1be057*'
System info: os.name: 'Windows 10', os.arch: 'amd64', os.version: '10.0', java.version: '22.0.2'
Driver info: org.openqa.selenium.chrome.ChromeDriver
Capabilities {acceptInsecureCerts: false, browserName: chrome, browserVersion: 127.0.6533.120, chrome: {chromedriverVersion: 126.0.6478.126 (d36ace6122e..., userDataDir: C:\Users\THI220~1\AppData\L...}, fedcm:accounts: true, goog:chromeOptions: {debuggerAddress: localhost:9222}, networkConnectionEnabled: false, pageLoadStrategy: normal, platformName: windows, proxy: Proxy(), se:cdp: ws://localhost:9222/devtool..., se:cdpVersion: 127.0.6533.120, setWindowRect: true, strictFileInteractability: false, timeouts: {implicit: 0, pageLoad: 300000, script: 30000}, unhandledPromptBehavior: dismiss and notify, webauthn:extension:credBlob: true, webauthn:extension:largeBlob: true, webauthn:extension:minPinLength: true, webauthn:extension:prf: true, webauthn:virtualAuthenticators: true}
Session ID: 45f166ed5a8d5c84bdca8f1fb395f307
	at org.openqa.selenium.support.ui.WebDriverWait.timeoutException(WebDriverWait.java:84)
	at org.openqa.selenium.support.ui.FluentWait.until(FluentWait.java:228)
	at com.frameium.genericfunctions.GenericFunctions.findElement(GenericFunctions.java:262)
	at com.frameium.pageobject.UFS.T24homepage.authoriserAuth(T24homepage.java:1272)
	at com.frameium.stepdef.Ufs.PaymentTest.navigateToUnauthorisedTransactionsClick(PaymentTest.java:463)
	at ✽.Navigate to unauthorised transactions(file:///D:/frameium/Frameium_allure/src/test/resources/Features/UFS/T24_Payments.feature:118)
</textarea>
      
      </div>
              </div>
              <div class="step skip-bg" title="com.frameium.stepdef.Ufs.PaymentTest.authoriseTransaction()">
                <span>Then Authorize the transaction</span>
      <div>Step skipped
      </div>
              </div>
              <div class="step skip-bg" title="com.frameium.stepdef.Ufs.PaymentTest.txnCompleteMsg_Verify()">
                <span>Then Verify whether the transaction complete message is displayed after commiting</span>
      <div>Step skipped
      </div>
              </div>
              <div class="step skip-bg" title="com.frameium.stepdef.Ufs.PaymentTest.navigateToAccountEntries()">
                <span>And Navigate to account entries</span>
      <div>Step skipped
      </div>
              </div>
              <div class="step skip-bg" title="com.frameium.stepdef.Ufs.PaymentTest.EnterAccountNumInAccountEnties()">
                <span>Then Enter the account number and click on find button</span>
      <div>Step skipped
      </div>
              </div>
              <div class="step skip-bg" title="com.frameium.stepdef.Ufs.PaymentTest.verificationOfAccountEntries()">
                <span>And Verify whether the transaction is reflected in the accountentries</span>
      <div>Step skipped
      </div>
              </div>
          </div>
        </div>
  </div>
  <div class="card">
    <div class="card-header" role="tab">
      <div class="card-title">
        <div class="node" id="325"><span class="badge log fail-bg mr-2">Fail</span>External Transfer overlimit narrative</div>
          <div class="status-avatar float-right mr-4">
            <i class="fa fa-paperclip"></i>
          </div>
      </div>
    </div>
        <div class="">
          <div class="card-body">
              <div class="step pass-bg" title="com.frameium.stepdef.Ufs.PaymentTest.closeAllTheOpenedWindows()">
                <span>When close all the other opened windows</span>
      <div>
      </div>
              </div>
              <div class="step pass-bg" title="com.frameium.stepdef.Ufs.PaymentTest.user_opens_url()">
                <span>When User opens the T24 Url</span>
      <div>
          <div class="row mb-3"><div class="col-md-3">
    <img data-featherlight='../Screenshots/embedded14.png' src="../Screenshots/embedded14.png">
    
    </div></div>
</div>
              </div>
              <div class="step pass-bg" title="com.frameium.stepdef.Ufs.PaymentTest.Login_should_be_successful()">
                <span>Then User should be able to login to T24</span>
      <div>
      </div>
              </div>
              <div class="step pass-bg" title="com.frameium.stepdef.Ufs.PaymentTest.fill_in_the_commandline()">
                <span>Then The user should be able to fill the commandline</span>
      <div>
      </div>
              </div>
              <div class="step pass-bg" title="com.frameium.stepdef.Ufs.PaymentTest.generalEnquiriesClick()">
                <span>And The user should be able to click on general enquiries buttom</span>
      <div>
      </div>
              </div>
              <div class="step pass-bg" title="com.frameium.stepdef.Ufs.PaymentTest.IB_view_of_Account_Entries_Click()">
                <span>And click on the IB-view of account entries</span>
      <div>
      </div>
              </div>
              <div class="step pass-bg" title="com.frameium.stepdef.Ufs.PaymentTest.enterAccountNumInIbviewofAccounytEntries()">
                <span>Then Enter the account number</span>
      <div>
      </div>
              </div>
              <div class="step pass-bg" title="com.frameium.stepdef.Ufs.PaymentTest.findButtonClick()">
                <span>And click on find button</span>
      <div>
      </div>
              </div>
              <div class="step fail-bg" title="com.frameium.stepdef.Ufs.PaymentTest.transfernarrativeOverLimit()">
                <span>And The details of internal transfer overlimit should be reflected in the narratives</span>
      <div>
        <textarea disabled class="code-block">org.openqa.selenium.TimeoutException: Expected condition failed: waiting for visibility of element located by By.xpath: (//table[@id='enquiryResponseData']//tbody/tr[9]/td[4]) (tried for 60 second(s) with 500 milliseconds interval)
Build info: version: '4.17.0', revision: 'e52b1be057*'
System info: os.name: 'Windows 10', os.arch: 'amd64', os.version: '10.0', java.version: '22.0.2'
Driver info: org.openqa.selenium.chrome.ChromeDriver
Capabilities {acceptInsecureCerts: false, browserName: chrome, browserVersion: 127.0.6533.120, chrome: {chromedriverVersion: 126.0.6478.126 (d36ace6122e..., userDataDir: C:\Users\THI220~1\AppData\L...}, fedcm:accounts: true, goog:chromeOptions: {debuggerAddress: localhost:9222}, networkConnectionEnabled: false, pageLoadStrategy: normal, platformName: windows, proxy: Proxy(), se:cdp: ws://localhost:9222/devtool..., se:cdpVersion: 127.0.6533.120, setWindowRect: true, strictFileInteractability: false, timeouts: {implicit: 0, pageLoad: 300000, script: 30000}, unhandledPromptBehavior: dismiss and notify, webauthn:extension:credBlob: true, webauthn:extension:largeBlob: true, webauthn:extension:minPinLength: true, webauthn:extension:prf: true, webauthn:virtualAuthenticators: true}
Session ID: 45f166ed5a8d5c84bdca8f1fb395f307
	at org.openqa.selenium.support.ui.WebDriverWait.timeoutException(WebDriverWait.java:84)
	at org.openqa.selenium.support.ui.FluentWait.until(FluentWait.java:228)
	at com.frameium.genericfunctions.GenericFunctions.findElement(GenericFunctions.java:262)
	at com.frameium.pageobject.UFS.AccountEntries.debitNarratives(AccountEntries.java:73)
	at com.frameium.stepdef.Ufs.PaymentTest.transfernarrativeOverLimit(PaymentTest.java:427)
	at ✽.The details of internal transfer overlimit should be reflected in the narratives(file:///D:/frameium/Frameium_allure/src/test/resources/Features/UFS/T24_Payments.feature:135)
</textarea>
      
      </div>
              </div>
          </div>
        </div>
  </div>
</div>
          </div>
        </li>
      </ul>
    </div>
  </div>
<div class="test-content scrollable">
<div class="test-content-tools">
<ul><li><a class="back-to-test" href="#"><i class="fa fa-arrow-left"></i></a></li></ul>
</div>
<div class="test-content-detail"><div class="detail-body"></div></div>
</div></div>
<div class="test-wrapper row view exception-view attributes-view">
<div class="test-list">
<div class="test-list-tools">
<ul class="tools pull-left"><li><a href=""><span class="font-size-14">Exception</span></a></li></ul>
<ul class="tools text-right"><li><a href="#"><span class="badge badge-primary">1</span></a></li></ul>
</div>
<div class="test-list-wrapper scrollable">
<ul class="test-list-item">
<li class="test-item">
<div class="test-detail">
<span class="meta">
<span class='badge log badge-danger'>1</span>
</span>
<p class="name">org.openqa.selenium.TimeoutException</p>
<p class="duration text-sm">1 tests</p>
</div>
<div class="test-contents d-none">
<div class="info">
<h4>org.openqa.selenium.TimeoutException</h4>
<span status="fail" class='badge log badge-danger'>1 failed</span>
</div>
<table class='table table-sm mt-4'>
<thead>
<tr>
<th class="status-col">Status</th>
<th class="timestamp-col">Timestamp</th>
<th>TestName</th>
</tr>
</thead>
<tbody>
<tr class="tag-test-status" status="fail">
<td><span class="badge log fail-bg">Fail</span></td>
<td>12:41:17 PM</td>
<td>
<a href="#" class="linked" test-id='2' id='256'>And The details of internal transfer overlimit should be reflected in the narratives</a>
<div class="">
<span class="badge badge-default">Payment.Internal Transfer overlimit narrative.And The details of internal transfer overlimit should be reflected in the narratives</span>
</div>
</td>
</tr>
<tr class="tag-test-status" status="fail">
<td><span class="badge log fail-bg">Fail</span></td>
<td>12:44:22 PM</td>
<td>
<a href="#" class="linked" test-id='2' id='305'>And Navigate to unauthorised transactions</a>
<div class="">
<span class="badge badge-default">Payment.External transfer over limit.And Navigate to unauthorised transactions</span>
</div>
</td>
</tr>
<tr class="tag-test-status" status="fail">
<td><span class="badge log fail-bg">Fail</span></td>
<td>12:45:55 PM</td>
<td>
<a href="#" class="linked" test-id='2' id='354'>And The details of internal transfer overlimit should be reflected in the narratives</a>
<div class="">
<span class="badge badge-default">Payment.External Transfer overlimit narrative.And The details of internal transfer overlimit should be reflected in the narratives</span>
</div>
</td>
</tr>
</tbody>
</table>
</div>
</li>
</ul>
</div>
</div>
<div class="test-content scrollable">
<div class="test-content-detail">
<div class="detail-body"></div>
</div>
</div>
</div><div class="test-wrapper row view category-view attributes-view">
<div class="test-list">
<div class="test-list-tools">
<ul class="tools pull-left"><li><a href=""><span class="font-size-14">Category</span></a></li></ul>
<ul class="tools text-right"><li><a href="#"><span class="badge badge-primary">1</span></a></li></ul>
</div>
<div class="test-list-wrapper scrollable">
<ul class="test-list-item">
<li class="test-item">
<div class="test-detail">
<span class="meta">
<span class='badge log pass-bg'>5</span>
<span class='badge log badge-danger'>3</span>
</span>
<p class="name">@beforeCOBScenarios</p>
<p class="duration text-sm">8 tests</p>
</div>
<div class="test-contents d-none">
<div class="info">
<h4>@beforeCOBScenarios</h4>
<span status="pass" class='badge log pass-bg'>5 passed</span>
<span status="fail" class='badge log badge-danger'>3 failed</span>
</div>
<table class='table table-sm mt-4'>
<thead>
<tr>
<th class="status-col">Status</th>
<th class="timestamp-col">Timestamp</th>
<th>TestName</th>
</tr>
</thead>
<tbody>
<tr class="tag-test-status" status="pass">
<td><span class="badge log pass-bg">Pass</span></td>
<td>12:34:48 PM</td>
<td>
<a href="#" class="linked" test-id='2' id='3'>Internal transfer</a>
<div class="">
<span class="badge badge-default">Payment.Internal transfer</span>
</div>
</td>
</tr>
<tr class="tag-test-status" status="pass">
<td><span class="badge log pass-bg">Pass</span></td>
<td>12:36:18 PM</td>
<td>
<a href="#" class="linked" test-id='2' id='49'>Internal Transfer narrative</a>
<div class="">
<span class="badge badge-default">Payment.Internal Transfer narrative</span>
</div>
</td>
</tr>
<tr class="tag-test-status" status="pass">
<td><span class="badge log pass-bg">Pass</span></td>
<td>12:37:19 PM</td>
<td>
<a href="#" class="linked" test-id='2' id='83'>External transfer</a>
<div class="">
<span class="badge badge-default">Payment.External transfer</span>
</div>
</td>
</tr>
<tr class="tag-test-status" status="pass">
<td><span class="badge log pass-bg">Pass</span></td>
<td>12:38:22 PM</td>
<td>
<a href="#" class="linked" test-id='2' id='129'>External Transfer narrative</a>
<div class="">
<span class="badge badge-default">Payment.External Transfer narrative</span>
</div>
</td>
</tr>
<tr class="tag-test-status" status="pass">
<td><span class="badge log pass-bg">Pass</span></td>
<td>12:39:05 PM</td>
<td>
<a href="#" class="linked" test-id='2' id='163'>Internal transfer over limit</a>
<div class="">
<span class="badge badge-default">Payment.Internal transfer over limit</span>
</div>
</td>
</tr>
<tr class="tag-test-status" status="fail">
<td><span class="badge log fail-bg">Fail</span></td>
<td>12:40:56 PM</td>
<td>
<a href="#" class="linked" test-id='2' id='227'>Internal Transfer overlimit narrative</a>
<div class="">
<span class="badge badge-default">Payment.Internal Transfer overlimit narrative</span>
</div>
</td>
</tr>
<tr class="tag-test-status" status="fail">
<td><span class="badge log fail-bg">Fail</span></td>
<td>12:42:41 PM</td>
<td>
<a href="#" class="linked" test-id='2' id='261'>External transfer over limit</a>
<div class="">
<span class="badge badge-default">Payment.External transfer over limit</span>
</div>
</td>
</tr>
<tr class="tag-test-status" status="fail">
<td><span class="badge log fail-bg">Fail</span></td>
<td>12:45:26 PM</td>
<td>
<a href="#" class="linked" test-id='2' id='325'>External Transfer overlimit narrative</a>
<div class="">
<span class="badge badge-default">Payment.External Transfer overlimit narrative</span>
</div>
</td>
</tr>
</tbody>
</table>
</div>
</li>
</ul>
</div>
</div>
<div class="test-content scrollable">
<div class="test-content-detail">
<div class="detail-body"></div>
</div>
</div>
</div><div class="container-fluid p-4 view dashboard-view">
<div class="row">
<div class="col-md-3">
<div class="card"><div class="card-body">
<p class="m-b-0">Started</p>
<h3>Aug 19, 2024 12:34:43 PM</h3>
</div></div>
</div>
<div class="col-md-3">
<div class="card"><div class="card-body">
<p class="m-b-0">Ended</p>
<h3>Aug 19, 2024 12:47:23 PM</h3>
</div></div>
</div>
<div class="col-md-3">
<div class="card"><div class="card-body">
<p class="m-b-0 text-pass">Features Passed</p>
<h3>0</h3>
</div></div>
</div>
<div class="col-md-3">
<div class="card"><div class="card-body">
<p class="m-b-0 text-fail">Features Failed</p>
<h3>1</h3>
</div></div>
</div>
</div>
<div class="row">
<div class="col-md-4">
<div class="card">
<div class="card-header">
<h6 class="card-title">Features</h6>
</div>
<div class="card-body">
<div class="">
<canvas id='parent-analysis' width='115' height='90'></canvas>
</div>
</div>
<div class="card-footer">
<div><small data-tooltip='0%'>
<b>0</b> features passed
</small>
</div>
<div>
<small data-tooltip='100%'><b>1</b> features failed,
<b>0</b> skipped, <b data-tooltip='0%'>0</b> others
</small>
</div>
</div>
</div>
</div>
<div class="col-md-4">
<div class="card">
<div class="card-header">
<h6 class="card-title">Scenarios</h6>
</div>
<div class="card-body">
<div class="">
<canvas id='child-analysis' width='115' height='90'></canvas>
</div>
</div>
<div class="card-footer">
<div><small data-tooltip='62%'><b>5</b> scenarios passed</small></div>
<div>
<small data-tooltip='37%'><b>3</b> scenarios failed,
<b>0</b> skipped, <b data-tooltip='%'>0</b> others
</small>
</div>
</div>
</div>
</div>
<div class="col-md-4">
<div class="card">
<div class="card-header">
<h6 class="card-title">Steps</h6>
</div>
<div class="card-body">
<div class="">
<canvas id='grandchild-analysis' width='115' height='90'></canvas>
</div>
</div>
<div class="card-footer">
<div><small data-tooltip='92%'><b>92</b> steps passed</small></div>
<div>
<small data-tooltip='3%'><b>3</b> steps failed,
<b>5</b> skipped, <b data-tooltip='%'>0</b> others
</small>
</div>
</div>
</div>
</div>
</div>
<div class="row"><div class="col-md-12">
<div class="card"><div class="card-header"><p>Timeline</p></div>
<div class="card-body pt-0"><div>
<canvas id="timeline" height="120"></canvas>
</div></div>
</div>
</div></div>
<script>
var timeline = {
"Payment":755.057
};
</script>
<div class="row">
<div class="col-md-4 category-container">
<div class="card">
<div class="card-header"><p>Tags</p></div>
<div class="card-body pb-0 pt-0"><table class="table table-sm table-bordered">
<thead><tr class="bg-gray"><th>Name</th><th>Passed</th><th>Failed</th><th>Skipped</th><th>Others</th><th>Passed %</th></tr></thead><tbody>
<tr>
<td>@beforeCOBScenarios</td>
<td>5</td>
<td>3</td>
<td>0</td>
<td>0</td>
<td>62.5%</td>
</tr>
</tbody>
</table></div>
</div>
</div>
</div>
</div>
<script>
var statusGroup = {
parentCount: 5,
passParent: 0,
failParent: 1,
warningParent: 0,
skipParent: 0,
childCount: 5,
passChild: 5,
failChild: 3,
warningChild: 0,
skipChild: 0,
infoChild: 0,
grandChildCount: 5,
passGrandChild: 92,
failGrandChild: 3,
warningGrandChild: 0,
skipGrandChild: 5,
infoGrandChild: 0,
eventsCount: 5,
};
</script>        </div>
      </div>
    </div>
  </div>
<script src="https://cdn.jsdelivr.net/gh/extent-framework/extent-github-cdn@14e9bb345ef7e2ed3a102f271d84e9f0267c88e7/spark/js/spark-script.js"></script>
<script type="text/javascript"></script></body>
</html>